<?xml version="1.0" encoding="UTF-8"?>
<coverage generated="1642970203570" clover="3.2.0">
  <project timestamp="1642970203571" name="All files">
    <metrics statements="3113" coveredstatements="1584" conditionals="6512" coveredconditionals="2730" methods="825" coveredmethods="347" elements="10450" coveredelements="4661" complexity="0" loc="3113" ncloc="3113" packages="20" files="85" classes="85"/>
    <package name="lib">
      <metrics statements="118" coveredstatements="66" conditionals="323" coveredconditionals="172" methods="39" coveredmethods="18"/>
      <file name="Chart.js" path="D:\React_DevFolder\nextChart\LIB - Copy\lib\Chart.js">
        <metrics statements="105" coveredstatements="60" conditionals="314" coveredconditionals="169" methods="36" coveredmethods="17"/>
        <line num="1" count="2" type="cond" truecount="2" falsecount="1"/>
        <line num="2" count="2" type="cond" truecount="1" falsecount="1"/>
        <line num="3" count="2" type="stmt"/>
        <line num="5" count="2" type="cond" truecount="2" falsecount="1"/>
        <line num="6" count="10" type="cond" truecount="1" falsecount="1"/>
        <line num="7" count="0" type="stmt"/>
        <line num="8" count="0" type="stmt"/>
        <line num="9" count="0" type="cond" truecount="0" falsecount="2"/>
        <line num="10" count="0" type="stmt"/>
        <line num="12" count="0" type="stmt"/>
        <line num="14" count="10" type="stmt"/>
        <line num="16" count="2" type="cond" truecount="2" falsecount="1"/>
        <line num="17" count="0" type="cond" truecount="0" falsecount="4"/>
        <line num="18" count="0" type="cond" truecount="0" falsecount="4"/>
        <line num="19" count="0" type="cond" truecount="0" falsecount="2"/>
        <line num="20" count="0" type="stmt"/>
        <line num="23" count="0" type="cond" truecount="0" falsecount="2"/>
        <line num="45" count="2" type="stmt"/>
        <line num="47" count="120" type="cond" truecount="1" falsecount="1"/>
        <line num="48" count="120" type="cond" truecount="1" falsecount="1"/>
        <line num="49" count="120" type="stmt"/>
        <line num="50" count="120" type="stmt"/>
        <line num="53" count="120" type="stmt"/>
        <line num="54" count="120" type="stmt"/>
        <line num="55" count="19" type="cond" truecount="1" falsecount="1"/>
        <line num="56" count="0" type="stmt"/>
        <line num="57" count="19" type="stmt"/>
        <line num="59" count="120" type="stmt"/>
        <line num="60" count="0" type="stmt"/>
        <line num="64" count="0" type="stmt"/>
        <line num="66" count="120" type="stmt"/>
        <line num="67" count="0" type="stmt"/>
        <line num="71" count="0" type="stmt"/>
        <line num="73" count="120" type="stmt"/>
        <line num="74" count="0" type="cond" truecount="0" falsecount="2"/>
        <line num="75" count="0" type="stmt"/>
        <line num="79" count="0" type="stmt"/>
        <line num="81" count="120" type="stmt"/>
        <line num="82" count="0" type="stmt"/>
        <line num="83" count="0" type="cond" truecount="0" falsecount="2"/>
        <line num="84" count="0" type="stmt"/>
        <line num="87" count="120" type="stmt"/>
        <line num="88" count="0" type="cond" truecount="0" falsecount="4"/>
        <line num="89" count="0" type="stmt"/>
        <line num="90" count="0" type="stmt"/>
        <line num="94" count="0" type="stmt"/>
        <line num="99" count="120" type="stmt"/>
        <line num="101" count="0" type="stmt"/>
        <line num="103" count="120" type="stmt"/>
        <line num="104" count="120" type="cond" truecount="22" falsecount="2"/>
        <line num="105" count="120" type="cond" truecount="6" falsecount="0"/>
        <line num="106" count="120" type="stmt"/>
        <line num="107" count="120" type="stmt"/>
        <line num="108" count="120" type="stmt"/>
        <line num="109" count="120" type="stmt"/>
        <line num="110" count="132" type="stmt"/>
        <line num="111" count="120" type="stmt"/>
        <line num="112" count="120" type="cond" truecount="2" falsecount="0"/>
        <line num="113" count="24" type="stmt"/>
        <line num="114" count="120" type="cond" truecount="4" falsecount="0"/>
        <line num="121" count="132" type="cond" truecount="1" falsecount="1"/>
        <line num="122" count="132" type="stmt"/>
        <line num="123" count="132" type="stmt"/>
        <line num="125" count="652" type="stmt"/>
        <line num="126" count="258" type="cond" truecount="5" falsecount="0"/>
        <line num="129" count="192" type="cond" truecount="18" falsecount="6"/>
        <line num="130" count="192" type="stmt"/>
        <line num="132" count="316" type="cond" truecount="11" falsecount="1"/>
        <line num="133" count="316" type="cond" truecount="1" falsecount="3"/>
        <line num="134" count="316" type="cond" truecount="1" falsecount="1"/>
        <line num="135" count="0" type="stmt"/>
        <line num="146" count="316" type="stmt"/>
        <line num="149" count="66" type="stmt"/>
        <line num="153" count="132" type="stmt"/>
        <line num="154" count="132" type="stmt"/>
        <line num="156" count="258" type="cond" truecount="2" falsecount="0"/>
        <line num="157" count="588" type="stmt"/>
        <line num="158" count="194" type="cond" truecount="0" falsecount="4"/>
        <line num="159" count="194" type="cond" truecount="1" falsecount="1"/>
        <line num="160" count="194" type="stmt"/>
        <line num="161" count="0" type="cond" truecount="0" falsecount="20"/>
        <line num="162" count="0" type="stmt"/>
        <line num="163" count="0" type="cond" truecount="0" falsecount="8"/>
        <line num="164" count="0" type="stmt"/>
        <line num="166" count="0" type="cond" truecount="0" falsecount="12"/>
        <line num="167" count="0" type="cond" truecount="0" falsecount="4"/>
        <line num="168" count="0" type="cond" truecount="0" falsecount="2"/>
        <line num="169" count="0" type="stmt"/>
        <line num="170" count="0" type="cond" truecount="0" falsecount="12"/>
        <line num="173" count="64" type="cond" truecount="1" falsecount="1"/>
        <line num="174" count="64" type="cond" truecount="2" falsecount="0"/>
        <line num="179" count="64" type="cond" truecount="1" falsecount="1"/>
        <line num="180" count="0" type="stmt"/>
        <line num="181" count="64" type="cond" truecount="9" falsecount="3"/>
        <line num="183" count="0" type="stmt"/>
        <line num="189" count="95" type="stmt"/>
        <line num="190" count="95" type="stmt"/>
        <line num="192" count="0" type="stmt"/>
        <line num="193" count="0" type="stmt"/>
        <line num="194" count="0" type="cond" truecount="0" falsecount="4"/>
        <line num="195" count="0" type="stmt"/>
        <line num="197" count="0" type="cond" truecount="0" falsecount="2"/>
        <line num="198" count="0" type="cond" truecount="0" falsecount="4"/>
        <line num="221" count="0" type="cond" truecount="0" falsecount="4"/>
        <line num="224" count="2" type="stmt"/>
      </file>
      <file name="MuiTheme.js" path="D:\React_DevFolder\nextChart\LIB - Copy\lib\MuiTheme.js">
        <metrics statements="13" coveredstatements="6" conditionals="9" coveredconditionals="3" methods="3" coveredmethods="1"/>
        <line num="1" count="2" type="cond" truecount="2" falsecount="1"/>
        <line num="2" count="0" type="cond" truecount="0" falsecount="2"/>
        <line num="3" count="0" type="stmt"/>
        <line num="4" count="0" type="stmt"/>
        <line num="5" count="0" type="cond" truecount="0" falsecount="2"/>
        <line num="6" count="0" type="stmt"/>
        <line num="8" count="0" type="stmt"/>
        <line num="10" count="0" type="stmt"/>
        <line num="17" count="2" type="stmt"/>
        <line num="18" count="120" type="stmt"/>
        <line num="19" count="120" type="cond" truecount="1" falsecount="1"/>
        <line num="21" count="2" type="stmt"/>
        <line num="78" count="2" type="stmt"/>
      </file>
      <file name="index.js" path="D:\React_DevFolder\nextChart\LIB - Copy\lib\index.js">
        <metrics statements="0" coveredstatements="0" conditionals="0" coveredconditionals="0" methods="0" coveredmethods="0"/>
      </file>
    </package>
    <package name="lib.Canvas">
      <metrics statements="73" coveredstatements="58" conditionals="369" coveredconditionals="137" methods="14" coveredmethods="11"/>
      <file name="CText.js" path="D:\React_DevFolder\nextChart\LIB - Copy\lib\Canvas\CText.js">
        <metrics statements="12" coveredstatements="12" conditionals="20" coveredconditionals="15" methods="2" coveredmethods="2"/>
        <line num="4" count="2" type="stmt"/>
        <line num="5" count="265" type="stmt"/>
        <line num="6" count="265" type="stmt"/>
        <line num="7" count="302" type="stmt"/>
        <line num="8" count="302" type="cond" truecount="6" falsecount="2"/>
        <line num="9" count="302" type="cond" truecount="3" falsecount="1"/>
        <line num="10" count="302" type="cond" truecount="3" falsecount="1"/>
        <line num="11" count="302" type="cond" truecount="3" falsecount="1"/>
        <line num="12" count="302" type="stmt"/>
        <line num="16" count="302" type="stmt"/>
        <line num="18" count="265" type="stmt"/>
        <line num="20" count="2" type="stmt"/>
      </file>
      <file name="Crosshair.js" path="D:\React_DevFolder\nextChart\LIB - Copy\lib\Canvas\Crosshair.js">
        <metrics statements="29" coveredstatements="23" conditionals="210" coveredconditionals="78" methods="5" coveredmethods="2"/>
        <line num="9" count="2" type="stmt"/>
        <line num="11" count="4" type="stmt"/>
        <line num="12" count="4" type="stmt"/>
        <line num="13" count="4" type="stmt"/>
        <line num="14" count="4" type="stmt"/>
        <line num="15" count="4" type="stmt"/>
        <line num="16" count="4" type="stmt"/>
        <line num="17" count="4" type="stmt"/>
        <line num="18" count="4" type="stmt"/>
        <line num="19" count="4" type="cond" truecount="3" falsecount="1"/>
        <line num="20" count="4" type="cond" truecount="1" falsecount="1"/>
        <line num="21" count="4" type="cond" truecount="1" falsecount="1"/>
        <line num="22" count="4" type="cond" truecount="4" falsecount="1"/>
        <line num="27" count="4" type="cond" truecount="3" falsecount="1"/>
        <line num="28" count="4" type="cond" truecount="3" falsecount="11"/>
        <line num="29" count="4" type="cond" truecount="4" falsecount="2"/>
        <line num="30" count="4" type="cond" truecount="1" falsecount="1"/>
        <line num="37" count="0" type="cond" truecount="0" falsecount="16"/>
        <line num="38" count="0" type="stmt"/>
        <line num="39" count="0" type="cond" truecount="0" falsecount="4"/>
        <line num="40" count="0" type="stmt"/>
        <line num="41" count="0" type="stmt"/>
        <line num="44" count="4" type="cond" truecount="2" falsecount="5"/>
        <line num="52" count="0" type="cond" truecount="0" falsecount="16"/>
        <line num="56" count="4" type="cond" truecount="4" falsecount="2"/>
        <line num="63" count="4" type="cond" truecount="5" falsecount="3"/>
        <line num="72" count="4" type="cond" truecount="4" falsecount="3"/>
        <line num="80" count="4" type="cond" truecount="3" falsecount="1"/>
        <line num="98" count="2" type="stmt"/>
      </file>
      <file name="Marker.js" path="D:\React_DevFolder\nextChart\LIB - Copy\lib\Canvas\Marker.js">
        <metrics statements="16" coveredstatements="7" conditionals="115" coveredconditionals="21" methods="1" coveredmethods="1"/>
        <line num="7" count="2" type="stmt"/>
        <line num="9" count="64" type="stmt"/>
        <line num="10" count="64" type="cond" truecount="9" falsecount="15"/>
        <line num="11" count="64" type="cond" truecount="9" falsecount="15"/>
        <line num="12" count="64" type="cond" truecount="3" falsecount="2"/>
        <line num="13" count="64" type="stmt"/>
        <line num="14" count="0" type="stmt"/>
        <line num="15" count="0" type="stmt"/>
        <line num="16" count="0" type="cond" truecount="0" falsecount="4"/>
        <line num="17" count="0" type="stmt"/>
        <line num="18" count="0" type="cond" truecount="0" falsecount="4"/>
        <line num="23" count="0" type="cond" truecount="0" falsecount="2"/>
        <line num="28" count="0" type="cond" truecount="0" falsecount="4"/>
        <line num="29" count="0" type="stmt"/>
        <line num="30" count="0" type="stmt"/>
        <line num="50" count="2" type="stmt"/>
      </file>
      <file name="Xaxis.js" path="D:\React_DevFolder\nextChart\LIB - Copy\lib\Canvas\Xaxis.js">
        <metrics statements="6" coveredstatements="6" conditionals="2" coveredconditionals="2" methods="2" coveredmethods="2"/>
        <line num="5" count="2" type="stmt"/>
        <line num="6" count="51" type="stmt"/>
        <line num="7" count="51" type="stmt"/>
        <line num="9" count="51" type="stmt"/>
        <line num="10" count="67" type="cond" truecount="2" falsecount="0"/>
        <line num="13" count="2" type="stmt"/>
      </file>
      <file name="Yaxis.js" path="D:\React_DevFolder\nextChart\LIB - Copy\lib\Canvas\Yaxis.js">
        <metrics statements="10" coveredstatements="10" conditionals="22" coveredconditionals="21" methods="4" coveredmethods="4"/>
        <line num="5" count="2" type="stmt"/>
        <line num="6" count="57" type="stmt"/>
        <line num="7" count="57" type="stmt"/>
        <line num="9" count="57" type="stmt"/>
        <line num="10" count="118" type="stmt"/>
        <line num="12" count="118" type="cond" truecount="11" falsecount="1"/>
        <line num="13" count="118" type="cond" truecount="8" falsecount="0"/>
        <line num="14" count="118" type="stmt"/>
        <line num="15" count="336" type="cond" truecount="2" falsecount="0"/>
        <line num="20" count="2" type="stmt"/>
      </file>
      <file name="index.js" path="D:\React_DevFolder\nextChart\LIB - Copy\lib\Canvas\index.js">
        <metrics statements="0" coveredstatements="0" conditionals="0" coveredconditionals="0" methods="0" coveredmethods="0"/>
      </file>
    </package>
    <package name="lib.Canvas.Charts">
      <metrics statements="52" coveredstatements="33" conditionals="185" coveredconditionals="102" methods="11" coveredmethods="7"/>
      <file name="CBarChart.js" path="D:\React_DevFolder\nextChart\LIB - Copy\lib\Canvas\Charts\CBarChart.js">
        <metrics statements="18" coveredstatements="2" conditionals="60" coveredconditionals="0" methods="4" coveredmethods="0"/>
        <line num="5" count="2" type="stmt"/>
        <line num="7" count="0" type="stmt"/>
        <line num="8" count="0" type="stmt"/>
        <line num="9" count="0" type="cond" truecount="0" falsecount="12"/>
        <line num="10" count="0" type="cond" truecount="0" falsecount="8"/>
        <line num="11" count="0" type="cond" truecount="0" falsecount="12"/>
        <line num="12" count="0" type="cond" truecount="0" falsecount="4"/>
        <line num="13" count="0" type="stmt"/>
        <line num="15" count="0" type="stmt"/>
        <line num="18" count="0" type="cond" truecount="0" falsecount="2"/>
        <line num="19" count="0" type="stmt"/>
        <line num="20" count="0" type="stmt"/>
        <line num="21" count="0" type="cond" truecount="0" falsecount="4"/>
        <line num="22" count="0" type="cond" truecount="0" falsecount="12"/>
        <line num="23" count="0" type="stmt"/>
        <line num="24" count="0" type="cond" truecount="0" falsecount="6"/>
        <line num="26" count="0" type="stmt"/>
        <line num="28" count="2" type="stmt"/>
      </file>
      <file name="CCandleChart.js" path="D:\React_DevFolder\nextChart\LIB - Copy\lib\Canvas\Charts\CCandleChart.js">
        <metrics statements="18" coveredstatements="16" conditionals="75" coveredconditionals="58" methods="4" coveredmethods="4"/>
        <line num="5" count="2" type="stmt"/>
        <line num="7" count="106" type="cond" truecount="3" falsecount="3"/>
        <line num="8" count="106" type="cond" truecount="9" falsecount="3"/>
        <line num="9" count="106" type="cond" truecount="3" falsecount="1"/>
        <line num="10" count="106" type="cond" truecount="19" falsecount="1"/>
        <line num="11" count="106" type="cond" truecount="11" falsecount="1"/>
        <line num="12" count="106" type="cond" truecount="4" falsecount="2"/>
        <line num="13" count="106" type="cond" truecount="4" falsecount="1"/>
        <line num="14" count="0" type="stmt"/>
        <line num="15" count="106" type="stmt"/>
        <line num="16" count="3088" type="stmt"/>
        <line num="17" count="3088" type="cond" truecount="1" falsecount="1"/>
        <line num="18" count="0" type="stmt"/>
        <line num="19" count="3088" type="stmt"/>
        <line num="20" count="3088" type="stmt"/>
        <line num="21" count="3088" type="stmt"/>
        <line num="22" count="3088" type="stmt"/>
        <line num="29" count="2" type="stmt"/>
      </file>
      <file name="CLineChart.js" path="D:\React_DevFolder\nextChart\LIB - Copy\lib\Canvas\Charts\CLineChart.js">
        <metrics statements="15" coveredstatements="14" conditionals="50" coveredconditionals="44" methods="3" coveredmethods="3"/>
        <line num="6" count="2" type="stmt"/>
        <line num="8" count="275" type="cond" truecount="2" falsecount="0"/>
        <line num="9" count="275" type="stmt"/>
        <line num="10" count="275" type="cond" truecount="19" falsecount="1"/>
        <line num="11" count="275" type="cond" truecount="5" falsecount="1"/>
        <line num="12" count="275" type="cond" truecount="2" falsecount="0"/>
        <line num="16" count="8002" type="cond" truecount="1" falsecount="1"/>
        <line num="17" count="0" type="stmt"/>
        <line num="18" count="8002" type="cond" truecount="2" falsecount="0"/>
        <line num="23" count="8002" type="cond" truecount="2" falsecount="0"/>
        <line num="24" count="3141" type="stmt"/>
        <line num="25" count="4861" type="stmt"/>
        <line num="28" count="12863" type="stmt"/>
        <line num="106" count="275" type="cond" truecount="7" falsecount="1"/>
        <line num="108" count="2" type="stmt"/>
      </file>
      <file name="DefaultCharts.js" path="D:\React_DevFolder\nextChart\LIB - Copy\lib\Canvas\Charts\DefaultCharts.js">
        <metrics statements="1" coveredstatements="1" conditionals="0" coveredconditionals="0" methods="0" coveredmethods="0"/>
        <line num="4" count="2" type="stmt"/>
      </file>
    </package>
    <package name="lib.ChartState">
      <metrics statements="324" coveredstatements="249" conditionals="589" coveredconditionals="400" methods="59" coveredmethods="48"/>
      <file name="Defaults.js" path="D:\React_DevFolder\nextChart\LIB - Copy\lib\ChartState\Defaults.js">
        <metrics statements="71" coveredstatements="61" conditionals="230" coveredconditionals="167" methods="17" coveredmethods="16"/>
        <line num="1" count="2" type="cond" truecount="2" falsecount="1"/>
        <line num="2" count="4" type="cond" truecount="1" falsecount="1"/>
        <line num="3" count="0" type="stmt"/>
        <line num="4" count="0" type="stmt"/>
        <line num="5" count="0" type="cond" truecount="0" falsecount="2"/>
        <line num="6" count="0" type="stmt"/>
        <line num="8" count="0" type="stmt"/>
        <line num="10" count="4" type="stmt"/>
        <line num="12" count="2" type="cond" truecount="2" falsecount="1"/>
        <line num="13" count="73" type="stmt"/>
        <line num="14" count="529" type="cond" truecount="4" falsecount="0"/>
        <line num="15" count="310" type="stmt"/>
        <line num="16" count="73" type="cond" truecount="3" falsecount="1"/>
        <line num="17" count="73" type="stmt"/>
        <line num="18" count="0" type="cond" truecount="0" falsecount="4"/>
        <line num="19" count="0" type="stmt"/>
        <line num="21" count="73" type="stmt"/>
        <line num="27" count="2" type="cond" truecount="10" falsecount="4"/>
        <line num="28" count="2" type="stmt"/>
        <line num="29" count="2" type="stmt"/>
        <line num="30" count="3" type="stmt"/>
        <line num="31" count="2" type="stmt"/>
        <line num="37" count="2" type="stmt"/>
        <line num="38" count="2" type="stmt"/>
        <line num="39" count="2" type="stmt"/>
        <line num="40" count="3" type="cond" truecount="1" falsecount="1"/>
        <line num="41" count="3" type="cond" truecount="3" falsecount="1"/>
        <line num="46" count="0" type="cond" truecount="0" falsecount="6"/>
        <line num="49" count="2" type="stmt"/>
        <line num="56" count="2" type="stmt"/>
        <line num="73" count="2" type="stmt"/>
        <line num="78" count="2" type="stmt"/>
        <line num="91" count="2" type="stmt"/>
        <line num="106" count="2" type="stmt"/>
        <line num="155" count="2" type="stmt"/>
        <line num="156" count="2" type="stmt"/>
        <line num="167" count="2" type="stmt"/>
        <line num="168" count="2" type="stmt"/>
        <line num="169" count="18" type="cond" truecount="1" falsecount="1"/>
        <line num="170" count="0" type="stmt"/>
        <line num="171" count="18" type="stmt"/>
        <line num="172" count="18" type="stmt"/>
        <line num="173" count="18" type="stmt"/>
        <line num="176" count="73" type="cond" truecount="7" falsecount="0"/>
        <line num="179" count="37" type="stmt"/>
        <line num="180" count="37" type="stmt"/>
        <line num="183" count="36" type="stmt"/>
        <line num="185" count="73" type="cond" truecount="2" falsecount="0"/>
        <line num="186" count="54" type="cond" truecount="9" falsecount="3"/>
        <line num="187" count="18" type="stmt"/>
        <line num="198" count="55" type="cond" truecount="1" falsecount="1"/>
        <line num="199" count="55" type="stmt"/>
        <line num="218" count="0" type="stmt"/>
        <line num="220" count="73" type="stmt"/>
        <line num="221" count="55" type="cond" truecount="5" falsecount="0"/>
        <line num="227" count="73" type="cond" truecount="3" falsecount="1"/>
        <line num="228" count="37" type="stmt"/>
        <line num="231" count="37" type="stmt"/>
        <line num="233" count="151" type="cond" truecount="3" falsecount="1"/>
        <line num="234" count="73" type="stmt"/>
        <line num="235" count="73" type="stmt"/>
        <line num="239" count="18" type="stmt"/>
        <line num="241" count="2" type="stmt"/>
        <line num="245" count="19" type="cond" truecount="6" falsecount="2"/>
        <line num="246" count="19" type="cond" truecount="9" falsecount="2"/>
        <line num="247" count="19" type="cond" truecount="1" falsecount="1"/>
        <line num="248" count="19" type="cond" truecount="1" falsecount="1"/>
        <line num="251" count="19" type="cond" truecount="15" falsecount="5"/>
        <line num="252" count="19" type="stmt"/>
        <line num="254" count="2" type="stmt"/>
        <line num="255" count="121" type="stmt"/>
      </file>
      <file name="Reducer.js" path="D:\React_DevFolder\nextChart\LIB - Copy\lib\ChartState\Reducer.js">
        <metrics statements="84" coveredstatements="54" conditionals="87" coveredconditionals="46" methods="11" coveredmethods="6"/>
        <line num="1" count="2" type="cond" truecount="2" falsecount="1"/>
        <line num="2" count="2" type="cond" truecount="1" falsecount="1"/>
        <line num="3" count="0" type="stmt"/>
        <line num="4" count="0" type="stmt"/>
        <line num="5" count="0" type="cond" truecount="0" falsecount="2"/>
        <line num="6" count="0" type="stmt"/>
        <line num="8" count="0" type="stmt"/>
        <line num="10" count="2" type="stmt"/>
        <line num="12" count="2" type="cond" truecount="2" falsecount="1"/>
        <line num="13" count="1" type="stmt"/>
        <line num="14" count="9" type="cond" truecount="4" falsecount="0"/>
        <line num="15" count="8" type="stmt"/>
        <line num="16" count="1" type="cond" truecount="3" falsecount="1"/>
        <line num="17" count="1" type="stmt"/>
        <line num="18" count="0" type="cond" truecount="0" falsecount="4"/>
        <line num="19" count="0" type="stmt"/>
        <line num="21" count="1" type="stmt"/>
        <line num="23" count="2" type="cond" truecount="2" falsecount="1"/>
        <line num="24" count="0" type="cond" truecount="0" falsecount="4"/>
        <line num="25" count="0" type="cond" truecount="0" falsecount="4"/>
        <line num="26" count="0" type="cond" truecount="0" falsecount="2"/>
        <line num="27" count="0" type="stmt"/>
        <line num="30" count="0" type="cond" truecount="0" falsecount="2"/>
        <line num="41" count="2" type="stmt"/>
        <line num="61" count="2" type="stmt"/>
        <line num="62" count="19" type="stmt"/>
        <line num="63" count="182" type="cond" truecount="3" falsecount="1"/>
        <line num="64" count="19" type="cond" truecount="1" falsecount="1"/>
        <line num="65" count="0" type="stmt"/>
        <line num="66" count="19" type="stmt"/>
        <line num="67" count="19" type="cond" truecount="2" falsecount="0"/>
        <line num="68" count="19" type="stmt"/>
        <line num="70" count="2" type="stmt"/>
        <line num="71" count="1" type="stmt"/>
        <line num="72" count="1" type="stmt"/>
        <line num="73" count="1" type="cond" truecount="1" falsecount="1"/>
        <line num="74" count="1" type="stmt"/>
        <line num="76" count="2" type="stmt"/>
        <line num="77" count="0" type="stmt"/>
        <line num="79" count="2" type="stmt"/>
        <line num="80" count="0" type="stmt"/>
        <line num="81" count="0" type="stmt"/>
        <line num="83" count="2" type="stmt"/>
        <line num="84" count="0" type="cond" truecount="0" falsecount="2"/>
        <line num="86" count="2" type="stmt"/>
        <line num="88" count="123" type="cond" truecount="2" falsecount="0"/>
        <line num="89" count="19" type="stmt"/>
        <line num="91" count="104" type="cond" truecount="1" falsecount="1"/>
        <line num="92" count="0" type="stmt"/>
        <line num="94" count="104" type="cond" truecount="2" falsecount="0"/>
        <line num="95" count="1" type="stmt"/>
        <line num="98" count="103" type="cond" truecount="1" falsecount="1"/>
        <line num="99" count="0" type="stmt"/>
        <line num="101" count="103" type="cond" truecount="1" falsecount="1"/>
        <line num="102" count="0" type="stmt"/>
        <line num="104" count="103" type="cond" truecount="2" falsecount="0"/>
        <line num="105" count="18" type="stmt"/>
        <line num="108" count="85" type="cond" truecount="2" falsecount="0"/>
        <line num="109" count="1" type="stmt"/>
        <line num="111" count="84" type="cond" truecount="2" falsecount="0"/>
        <line num="112" count="1" type="stmt"/>
        <line num="114" count="83" type="cond" truecount="2" falsecount="0"/>
        <line num="115" count="1" type="stmt"/>
        <line num="117" count="82" type="cond" truecount="2" falsecount="0"/>
        <line num="118" count="1" type="stmt"/>
        <line num="120" count="81" type="cond" truecount="1" falsecount="1"/>
        <line num="121" count="0" type="stmt"/>
        <line num="123" count="81" type="cond" truecount="2" falsecount="0"/>
        <line num="124" count="7" type="stmt"/>
        <line num="126" count="74" type="cond" truecount="2" falsecount="0"/>
        <line num="127" count="1" type="stmt"/>
        <line num="129" count="73" type="cond" truecount="1" falsecount="1"/>
        <line num="130" count="0" type="stmt"/>
        <line num="133" count="73" type="cond" truecount="1" falsecount="1"/>
        <line num="134" count="0" type="stmt"/>
        <line num="136" count="73" type="cond" truecount="1" falsecount="1"/>
        <line num="137" count="73" type="stmt"/>
        <line num="139" count="0" type="cond" truecount="0" falsecount="2"/>
        <line num="140" count="0" type="stmt"/>
        <line num="142" count="0" type="cond" truecount="0" falsecount="2"/>
        <line num="143" count="0" type="stmt"/>
        <line num="144" count="0" type="cond" truecount="0" falsecount="2"/>
        <line num="145" count="0" type="stmt"/>
        <line num="146" count="0" type="stmt"/>
      </file>
      <file name="index.js" path="D:\React_DevFolder\nextChart\LIB - Copy\lib\ChartState\index.js">
        <metrics statements="0" coveredstatements="0" conditionals="0" coveredconditionals="0" methods="0" coveredmethods="0"/>
      </file>
      <file name="useChartController.js" path="D:\React_DevFolder\nextChart\LIB - Copy\lib\ChartState\useChartController.js">
        <metrics statements="77" coveredstatements="61" conditionals="111" coveredconditionals="73" methods="12" coveredmethods="11"/>
        <line num="1" count="2" type="cond" truecount="2" falsecount="1"/>
        <line num="2" count="4" type="cond" truecount="1" falsecount="1"/>
        <line num="3" count="0" type="stmt"/>
        <line num="4" count="0" type="stmt"/>
        <line num="5" count="0" type="cond" truecount="0" falsecount="2"/>
        <line num="6" count="0" type="stmt"/>
        <line num="8" count="0" type="stmt"/>
        <line num="10" count="4" type="stmt"/>
        <line num="12" count="2" type="cond" truecount="2" falsecount="1"/>
        <line num="13" count="121" type="stmt"/>
        <line num="14" count="363" type="cond" truecount="4" falsecount="0"/>
        <line num="15" count="242" type="stmt"/>
        <line num="16" count="121" type="cond" truecount="3" falsecount="1"/>
        <line num="17" count="121" type="stmt"/>
        <line num="18" count="0" type="cond" truecount="0" falsecount="4"/>
        <line num="19" count="0" type="stmt"/>
        <line num="21" count="121" type="stmt"/>
        <line num="23" count="2" type="cond" truecount="2" falsecount="1"/>
        <line num="24" count="18" type="cond" truecount="2" falsecount="2"/>
        <line num="25" count="55" type="cond" truecount="3" falsecount="1"/>
        <line num="26" count="0" type="cond" truecount="0" falsecount="2"/>
        <line num="27" count="0" type="stmt"/>
        <line num="30" count="18" type="cond" truecount="2" falsecount="0"/>
        <line num="39" count="2" type="stmt"/>
        <line num="40" count="121" type="stmt"/>
        <line num="41" count="121" type="cond" truecount="5" falsecount="1"/>
        <line num="42" count="121" type="cond" truecount="5" falsecount="1"/>
        <line num="43" count="121" type="cond" truecount="7" falsecount="3"/>
        <line num="44" count="121" type="cond" truecount="3" falsecount="1"/>
        <line num="48" count="121" type="stmt"/>
        <line num="49" count="121" type="stmt"/>
        <line num="50" count="121" type="stmt"/>
        <line num="51" count="121" type="stmt"/>
        <line num="52" count="121" type="stmt"/>
        <line num="55" count="121" type="stmt"/>
        <line num="59" count="121" type="cond" truecount="1" falsecount="1"/>
        <line num="60" count="0" type="stmt"/>
        <line num="65" count="121" type="stmt"/>
        <line num="66" count="121" type="stmt"/>
        <line num="67" count="134" type="stmt"/>
        <line num="72" count="121" type="cond" truecount="2" falsecount="0"/>
        <line num="73" count="43" type="stmt"/>
        <line num="75" count="121" type="stmt"/>
        <line num="76" count="46" type="stmt"/>
        <line num="77" count="76" type="stmt"/>
        <line num="78" count="76" type="stmt"/>
        <line num="79" count="76" type="stmt"/>
        <line num="80" count="76" type="cond" truecount="4" falsecount="0"/>
        <line num="81" count="73" type="cond" truecount="2" falsecount="0"/>
        <line num="82" count="71" type="stmt"/>
        <line num="84" count="73" type="stmt"/>
        <line num="92" count="73" type="stmt"/>
        <line num="95" count="46" type="stmt"/>
        <line num="96" count="46" type="stmt"/>
        <line num="98" count="46" type="stmt"/>
        <line num="99" count="46" type="stmt"/>
        <line num="100" count="46" type="stmt"/>
        <line num="110" count="121" type="stmt"/>
        <line num="113" count="62" type="cond" truecount="2" falsecount="0"/>
        <line num="114" count="19" type="stmt"/>
        <line num="115" count="43" type="stmt"/>
        <line num="116" count="43" type="cond" truecount="12" falsecount="4"/>
        <line num="117" count="0" type="stmt"/>
        <line num="118" count="43" type="cond" truecount="3" falsecount="1"/>
        <line num="119" count="43" type="cond" truecount="2" falsecount="0"/>
        <line num="121" count="18" type="stmt"/>
        <line num="122" count="18" type="stmt"/>
        <line num="124" count="25" type="cond" truecount="3" falsecount="1"/>
        <line num="125" count="25" type="cond" truecount="1" falsecount="1"/>
        <line num="126" count="25" type="stmt"/>
        <line num="128" count="0" type="cond" truecount="0" falsecount="2"/>
        <line num="130" count="0" type="stmt"/>
        <line num="138" count="0" type="cond" truecount="0" falsecount="2"/>
        <line num="143" count="0" type="stmt"/>
        <line num="144" count="0" type="stmt"/>
        <line num="147" count="121" type="stmt"/>
        <line num="150" count="121" type="stmt"/>
      </file>
      <file name="useChartInteractions.js" path="D:\React_DevFolder\nextChart\LIB - Copy\lib\ChartState\useChartInteractions.js">
        <metrics statements="92" coveredstatements="73" conditionals="161" coveredconditionals="114" methods="19" coveredmethods="15"/>
        <line num="1" count="2" type="cond" truecount="2" falsecount="1"/>
        <line num="2" count="4" type="cond" truecount="1" falsecount="1"/>
        <line num="3" count="0" type="stmt"/>
        <line num="4" count="0" type="stmt"/>
        <line num="5" count="0" type="cond" truecount="0" falsecount="2"/>
        <line num="6" count="0" type="stmt"/>
        <line num="8" count="0" type="stmt"/>
        <line num="10" count="4" type="stmt"/>
        <line num="12" count="2" type="cond" truecount="2" falsecount="1"/>
        <line num="13" count="94" type="cond" truecount="4" falsecount="0"/>
        <line num="14" count="25" type="cond" truecount="3" falsecount="1"/>
        <line num="15" count="0" type="cond" truecount="0" falsecount="2"/>
        <line num="16" count="0" type="stmt"/>
        <line num="19" count="94" type="cond" truecount="2" falsecount="0"/>
        <line num="27" count="2" type="stmt"/>
        <line num="29" count="121" type="stmt"/>
        <line num="30" count="121" type="cond" truecount="1" falsecount="1"/>
        <line num="31" count="121" type="cond" truecount="1" falsecount="1"/>
        <line num="32" count="121" type="stmt"/>
        <line num="33" count="121" type="cond" truecount="5" falsecount="0"/>
        <line num="34" count="121" type="stmt"/>
        <line num="35" count="121" type="stmt"/>
        <line num="37" count="1" type="stmt"/>
        <line num="44" count="121" type="cond" truecount="11" falsecount="1"/>
        <line num="45" count="121" type="stmt"/>
        <line num="46" count="41" type="stmt"/>
        <line num="47" count="41" type="cond" truecount="8" falsecount="1"/>
        <line num="48" count="3" type="stmt"/>
        <line num="49" count="38" type="cond" truecount="6" falsecount="0"/>
        <line num="50" count="18" type="stmt"/>
        <line num="51" count="20" type="stmt"/>
        <line num="58" count="20" type="stmt"/>
        <line num="59" count="20" type="cond" truecount="3" falsecount="1"/>
        <line num="60" count="20" type="cond" truecount="3" falsecount="1"/>
        <line num="61" count="20" type="stmt"/>
        <line num="62" count="20" type="stmt"/>
        <line num="63" count="20" type="stmt"/>
        <line num="66" count="121" type="stmt"/>
        <line num="67" count="22" type="stmt"/>
        <line num="68" count="22" type="cond" truecount="4" falsecount="2"/>
        <line num="69" count="0" type="stmt"/>
        <line num="70" count="22" type="cond" truecount="2" falsecount="0"/>
        <line num="71" count="21" type="stmt"/>
        <line num="72" count="1" type="stmt"/>
        <line num="73" count="1" type="cond" truecount="3" falsecount="1"/>
        <line num="74" count="0" type="stmt"/>
        <line num="75" count="1" type="stmt"/>
        <line num="76" count="1" type="stmt"/>
        <line num="78" count="1" type="stmt"/>
        <line num="79" count="1" type="stmt"/>
        <line num="80" count="1" type="stmt"/>
        <line num="81" count="1" type="stmt"/>
        <line num="82" count="1" type="stmt"/>
        <line num="83" count="1" type="stmt"/>
        <line num="87" count="121" type="stmt"/>
        <line num="89" count="0" type="cond" truecount="0" falsecount="6"/>
        <line num="90" count="0" type="stmt"/>
        <line num="91" count="0" type="cond" truecount="0" falsecount="10"/>
        <line num="92" count="0" type="stmt"/>
        <line num="93" count="0" type="stmt"/>
        <line num="94" count="0" type="stmt"/>
        <line num="96" count="121" type="stmt"/>
        <line num="101" count="121" type="stmt"/>
        <line num="105" count="121" type="stmt"/>
        <line num="107" count="0" type="stmt"/>
        <line num="108" count="0" type="stmt"/>
        <line num="114" count="0" type="stmt"/>
        <line num="119" count="9" type="stmt"/>
        <line num="120" count="9" type="stmt"/>
        <line num="121" count="9" type="cond" truecount="4" falsecount="0"/>
        <line num="122" count="9" type="cond" truecount="4" falsecount="0"/>
        <line num="123" count="9" type="stmt"/>
        <line num="124" count="9" type="cond" truecount="3" falsecount="1"/>
        <line num="125" count="9" type="cond" truecount="4" falsecount="0"/>
        <line num="126" count="9" type="cond" truecount="6" falsecount="0"/>
        <line num="127" count="1" type="stmt"/>
        <line num="128" count="8" type="stmt"/>
        <line num="140" count="8" type="stmt"/>
        <line num="141" count="8" type="cond" truecount="3" falsecount="3"/>
        <line num="142" count="0" type="stmt"/>
        <line num="143" count="8" type="stmt"/>
        <line num="149" count="4" type="stmt"/>
        <line num="152" count="4" type="stmt"/>
        <line num="153" count="4" type="stmt"/>
        <line num="154" count="4" type="cond" truecount="2" falsecount="2"/>
        <line num="155" count="4" type="cond" truecount="2" falsecount="2"/>
        <line num="156" count="4" type="stmt"/>
        <line num="159" count="2" type="stmt"/>
        <line num="160" count="2" type="stmt"/>
        <line num="161" count="2" type="stmt"/>
        <line num="174" count="121" type="cond" truecount="2" falsecount="0"/>
        <line num="178" count="4" type="cond" truecount="2" falsecount="0"/>
      </file>
    </package>
    <package name="lib.ChartState.Calc">
      <metrics statements="504" coveredstatements="314" conditionals="1386" coveredconditionals="664" methods="116" coveredmethods="70"/>
      <file name="CalcPointer.js" path="D:\React_DevFolder\nextChart\LIB - Copy\lib\ChartState\Calc\CalcPointer.js">
        <metrics statements="59" coveredstatements="46" conditionals="123" coveredconditionals="78" methods="10" coveredmethods="8"/>
        <line num="1" count="2" type="cond" truecount="2" falsecount="1"/>
        <line num="2" count="1" type="cond" truecount="1" falsecount="1"/>
        <line num="3" count="0" type="stmt"/>
        <line num="4" count="0" type="stmt"/>
        <line num="5" count="0" type="cond" truecount="0" falsecount="2"/>
        <line num="6" count="0" type="stmt"/>
        <line num="8" count="0" type="stmt"/>
        <line num="10" count="1" type="stmt"/>
        <line num="17" count="2" type="stmt"/>
        <line num="19" count="4" type="stmt"/>
        <line num="20" count="4" type="stmt"/>
        <line num="21" count="4" type="cond" truecount="1" falsecount="1"/>
        <line num="22" count="0" type="stmt"/>
        <line num="23" count="4" type="stmt"/>
        <line num="24" count="4" type="cond" truecount="18" falsecount="6"/>
        <line num="27" count="4" type="cond" truecount="3" falsecount="1"/>
        <line num="28" count="4" type="cond" truecount="5" falsecount="1"/>
        <line num="29" count="0" type="stmt"/>
        <line num="30" count="4" type="stmt"/>
        <line num="31" count="4" type="cond" truecount="2" falsecount="0"/>
        <line num="32" count="1" type="stmt"/>
        <line num="33" count="3" type="stmt"/>
        <line num="50" count="3" type="stmt"/>
        <line num="51" count="3" type="cond" truecount="1" falsecount="1"/>
        <line num="52" count="0" type="stmt"/>
        <line num="53" count="3" type="cond" truecount="1" falsecount="1"/>
        <line num="54" count="0" type="stmt"/>
        <line num="55" count="3" type="stmt"/>
        <line num="56" count="3" type="cond" truecount="3" falsecount="1"/>
        <line num="57" count="3" type="stmt"/>
        <line num="59" count="3" type="stmt"/>
        <line num="61" count="9" type="cond" truecount="6" falsecount="2"/>
        <line num="62" count="6" type="cond" truecount="1" falsecount="1"/>
        <line num="65" count="6" type="cond" truecount="3" falsecount="1"/>
        <line num="66" count="6" type="cond" truecount="3" falsecount="1"/>
        <line num="67" count="6" type="stmt"/>
        <line num="68" count="6" type="stmt"/>
        <line num="81" count="3" type="cond" truecount="3" falsecount="1"/>
        <line num="95" count="3" type="stmt"/>
        <line num="113" count="2" type="stmt"/>
        <line num="114" count="3" type="cond" truecount="6" falsecount="2"/>
        <line num="115" count="0" type="stmt"/>
        <line num="116" count="3" type="stmt"/>
        <line num="117" count="3" type="cond" truecount="4" falsecount="2"/>
        <line num="118" count="0" type="stmt"/>
        <line num="119" count="3" type="stmt"/>
        <line num="120" count="3" type="stmt"/>
        <line num="121" count="3" type="cond" truecount="3" falsecount="1"/>
        <line num="122" count="3" type="stmt"/>
        <line num="123" count="3" type="cond" truecount="4" falsecount="1"/>
        <line num="124" count="0" type="stmt"/>
        <line num="125" count="3" type="stmt"/>
        <line num="126" count="3" type="stmt"/>
        <line num="127" count="3" type="cond" truecount="4" falsecount="1"/>
        <line num="128" count="0" type="stmt"/>
        <line num="129" count="3" type="stmt"/>
        <line num="130" count="3" type="stmt"/>
        <line num="131" count="3" type="cond" truecount="1" falsecount="1"/>
        <line num="132" count="3" type="stmt"/>
      </file>
      <file name="CalcRtData.js" path="D:\React_DevFolder\nextChart\LIB - Copy\lib\ChartState\Calc\CalcRtData.js">
        <metrics statements="76" coveredstatements="8" conditionals="288" coveredconditionals="29" methods="32" coveredmethods="1"/>
        <line num="1" count="2" type="cond" truecount="2" falsecount="1"/>
        <line num="2" count="0" type="cond" truecount="0" falsecount="2"/>
        <line num="3" count="0" type="stmt"/>
        <line num="4" count="0" type="stmt"/>
        <line num="5" count="0" type="cond" truecount="0" falsecount="2"/>
        <line num="6" count="0" type="stmt"/>
        <line num="8" count="0" type="stmt"/>
        <line num="10" count="0" type="stmt"/>
        <line num="12" count="2" type="cond" truecount="2" falsecount="1"/>
        <line num="13" count="0" type="cond" truecount="0" falsecount="4"/>
        <line num="14" count="0" type="cond" truecount="0" falsecount="4"/>
        <line num="15" count="0" type="cond" truecount="0" falsecount="2"/>
        <line num="16" count="0" type="stmt"/>
        <line num="19" count="0" type="cond" truecount="0" falsecount="2"/>
        <line num="23" count="2" type="stmt"/>
        <line num="25" count="121" type="cond" truecount="23" falsecount="1"/>
        <line num="26" count="121" type="cond" truecount="2" falsecount="3"/>
        <line num="27" count="121" type="stmt"/>
        <line num="28" count="0" type="cond" truecount="0" falsecount="52"/>
        <line num="29" count="0" type="cond" truecount="0" falsecount="8"/>
        <line num="34" count="0" type="stmt"/>
        <line num="35" count="0" type="stmt"/>
        <line num="38" count="0" type="cond" truecount="0" falsecount="4"/>
        <line num="43" count="0" type="stmt"/>
        <line num="51" count="0" type="stmt"/>
        <line num="52" count="0" type="stmt"/>
        <line num="54" count="0" type="stmt"/>
        <line num="56" count="0" type="cond" truecount="0" falsecount="2"/>
        <line num="57" count="0" type="cond" truecount="0" falsecount="8"/>
        <line num="58" count="0" type="stmt"/>
        <line num="59" count="0" type="stmt"/>
        <line num="60" count="0" type="stmt"/>
        <line num="61" count="0" type="stmt"/>
        <line num="62" count="0" type="cond" truecount="0" falsecount="28"/>
        <line num="63" count="0" type="cond" truecount="0" falsecount="4"/>
        <line num="64" count="0" type="cond" truecount="0" falsecount="9"/>
        <line num="65" count="0" type="stmt"/>
        <line num="66" count="0" type="stmt"/>
        <line num="68" count="0" type="stmt"/>
        <line num="70" count="0" type="stmt"/>
        <line num="71" count="0" type="stmt"/>
        <line num="73" count="0" type="stmt"/>
        <line num="78" count="0" type="stmt"/>
        <line num="80" count="0" type="stmt"/>
        <line num="82" count="2" type="stmt"/>
        <line num="84" count="0" type="stmt"/>
        <line num="85" count="0" type="cond" truecount="0" falsecount="24"/>
        <line num="86" count="0" type="cond" truecount="0" falsecount="5"/>
        <line num="104" count="0" type="stmt"/>
        <line num="107" count="0" type="cond" truecount="0" falsecount="2"/>
        <line num="108" count="0" type="stmt"/>
        <line num="109" count="0" type="cond" truecount="0" falsecount="2"/>
        <line num="110" count="0" type="stmt"/>
        <line num="111" count="0" type="stmt"/>
        <line num="112" count="0" type="cond" truecount="0" falsecount="4"/>
        <line num="116" count="0" type="cond" truecount="0" falsecount="6"/>
        <line num="119" count="0" type="stmt"/>
        <line num="120" count="0" type="cond" truecount="0" falsecount="4"/>
        <line num="124" count="0" type="cond" truecount="0" falsecount="6"/>
        <line num="127" count="0" type="cond" truecount="0" falsecount="5"/>
        <line num="128" count="0" type="stmt"/>
        <line num="131" count="0" type="stmt"/>
        <line num="134" count="2" type="stmt"/>
        <line num="136" count="0" type="stmt"/>
        <line num="138" count="0" type="stmt"/>
        <line num="140" count="0" type="stmt"/>
        <line num="141" count="0" type="cond" truecount="0" falsecount="2"/>
        <line num="147" count="0" type="stmt"/>
        <line num="148" count="0" type="cond" truecount="0" falsecount="4"/>
        <line num="149" count="0" type="cond" truecount="0" falsecount="4"/>
        <line num="150" count="0" type="stmt"/>
        <line num="151" count="0" type="stmt"/>
        <line num="152" count="0" type="cond" truecount="0" falsecount="10"/>
        <line num="153" count="0" type="cond" truecount="0" falsecount="2"/>
        <line num="155" count="0" type="cond" truecount="0" falsecount="16"/>
        <line num="167" count="0" type="stmt"/>
      </file>
      <file name="CalcSubcharts.js" path="D:\React_DevFolder\nextChart\LIB - Copy\lib\ChartState\Calc\CalcSubcharts.js">
        <metrics statements="98" coveredstatements="77" conditionals="288" coveredconditionals="190" methods="36" coveredmethods="31"/>
        <line num="1" count="2" type="cond" truecount="2" falsecount="1"/>
        <line num="2" count="4" type="cond" truecount="1" falsecount="1"/>
        <line num="3" count="0" type="stmt"/>
        <line num="4" count="0" type="stmt"/>
        <line num="5" count="0" type="cond" truecount="0" falsecount="2"/>
        <line num="6" count="0" type="stmt"/>
        <line num="8" count="0" type="stmt"/>
        <line num="10" count="4" type="stmt"/>
        <line num="12" count="2" type="cond" truecount="2" falsecount="1"/>
        <line num="13" count="256" type="cond" truecount="3" falsecount="1"/>
        <line num="14" count="0" type="cond" truecount="0" falsecount="4"/>
        <line num="15" count="0" type="cond" truecount="0" falsecount="2"/>
        <line num="16" count="0" type="stmt"/>
        <line num="19" count="256" type="cond" truecount="2" falsecount="0"/>
        <line num="23" count="2" type="stmt"/>
        <line num="25" count="68" type="cond" truecount="3" falsecount="1"/>
        <line num="26" count="0" type="stmt"/>
        <line num="27" count="68" type="stmt"/>
        <line num="28" count="68" type="cond" truecount="4" falsecount="0"/>
        <line num="29" count="37" type="stmt"/>
        <line num="30" count="31" type="cond" truecount="18" falsecount="6"/>
        <line num="31" count="31" type="stmt"/>
        <line num="32" count="64" type="stmt"/>
        <line num="33" count="64" type="stmt"/>
        <line num="34" count="64" type="stmt"/>
        <line num="35" count="64" type="stmt"/>
        <line num="38" count="64" type="stmt"/>
        <line num="39" count="125" type="cond" truecount="18" falsecount="6"/>
        <line num="40" count="32" type="cond" truecount="5" falsecount="7"/>
        <line num="42" count="125" type="cond" truecount="18" falsecount="6"/>
        <line num="43" count="32" type="cond" truecount="5" falsecount="7"/>
        <line num="45" count="316" type="cond" truecount="9" falsecount="3"/>
        <line num="46" count="64" type="stmt"/>
        <line num="48" count="64" type="stmt"/>
        <line num="49" count="64" type="stmt"/>
        <line num="50" count="64" type="cond" truecount="3" falsecount="1"/>
        <line num="51" count="64" type="cond" truecount="2" falsecount="0"/>
        <line num="52" count="9755" type="stmt"/>
        <line num="53" count="64" type="stmt"/>
        <line num="54" count="64" type="stmt"/>
        <line num="55" count="64" type="stmt"/>
        <line num="56" count="64" type="stmt"/>
        <line num="57" count="64" type="cond" truecount="3" falsecount="1"/>
        <line num="62" count="267" type="stmt"/>
        <line num="63" count="267" type="stmt"/>
        <line num="64" count="267" type="stmt"/>
        <line num="65" count="267" type="stmt"/>
        <line num="67" count="64" type="cond" truecount="2" falsecount="0"/>
        <line num="69" count="125" type="cond" truecount="4" falsecount="2"/>
        <line num="70" count="0" type="stmt"/>
        <line num="71" count="125" type="stmt"/>
        <line num="73" count="18098" type="cond" truecount="13" falsecount="1"/>
        <line num="74" count="5471" type="cond" truecount="2" falsecount="0"/>
        <line num="76" count="6686" type="cond" truecount="15" falsecount="1"/>
        <line num="88" count="5471" type="stmt"/>
        <line num="90" count="125" type="stmt"/>
        <line num="92" count="64" type="stmt"/>
        <line num="109" count="2" type="stmt"/>
        <line num="110" count="68" type="stmt"/>
        <line num="113" count="0" type="cond" truecount="0" falsecount="14"/>
        <line num="114" count="0" type="stmt"/>
        <line num="115" count="0" type="stmt"/>
        <line num="116" count="0" type="cond" truecount="0" falsecount="2"/>
        <line num="117" count="0" type="stmt"/>
        <line num="121" count="0" type="cond" truecount="0" falsecount="14"/>
        <line num="122" count="0" type="stmt"/>
        <line num="123" count="0" type="stmt"/>
        <line num="124" count="0" type="cond" truecount="0" falsecount="2"/>
        <line num="125" count="0" type="stmt"/>
        <line num="129" count="2" type="stmt"/>
        <line num="130" count="189" type="stmt"/>
        <line num="131" count="189" type="stmt"/>
        <line num="132" count="189" type="cond" truecount="2" falsecount="0"/>
        <line num="133" count="189" type="stmt"/>
        <line num="134" count="1134" type="stmt"/>
        <line num="135" count="189" type="stmt"/>
        <line num="138" count="1134" type="stmt"/>
        <line num="141" count="1134" type="stmt"/>
        <line num="142" count="1134" type="stmt"/>
        <line num="148" count="945" type="cond" truecount="5" falsecount="1"/>
        <line num="149" count="165" type="stmt"/>
        <line num="151" count="780" type="stmt"/>
        <line num="155" count="2" type="stmt"/>
        <line num="156" count="64" type="stmt"/>
        <line num="157" count="64" type="stmt"/>
        <line num="158" count="64" type="stmt"/>
        <line num="159" count="64" type="stmt"/>
        <line num="161" count="316" type="stmt"/>
        <line num="162" count="125" type="cond" truecount="4" falsecount="2"/>
        <line num="163" count="0" type="stmt"/>
        <line num="164" count="125" type="cond" truecount="6" falsecount="2"/>
        <line num="165" count="125" type="cond" truecount="3" falsecount="1"/>
        <line num="166" count="125" type="stmt"/>
        <line num="167" count="125" type="cond" truecount="12" falsecount="0"/>
        <line num="168" count="125" type="cond" truecount="12" falsecount="0"/>
        <line num="169" count="125" type="cond" truecount="6" falsecount="2"/>
        <line num="170" count="125" type="stmt"/>
        <line num="171" count="125" type="stmt"/>
      </file>
      <file name="CalcXaxis.js" path="D:\React_DevFolder\nextChart\LIB - Copy\lib\ChartState\Calc\CalcXaxis.js">
        <metrics statements="144" coveredstatements="117" conditionals="284" coveredconditionals="200" methods="23" coveredmethods="21"/>
        <line num="1" count="2" type="cond" truecount="2" falsecount="1"/>
        <line num="2" count="4" type="cond" truecount="1" falsecount="1"/>
        <line num="3" count="0" type="stmt"/>
        <line num="4" count="0" type="stmt"/>
        <line num="5" count="0" type="cond" truecount="0" falsecount="2"/>
        <line num="6" count="0" type="stmt"/>
        <line num="8" count="0" type="stmt"/>
        <line num="10" count="4" type="stmt"/>
        <line num="12" count="2" type="cond" truecount="2" falsecount="1"/>
        <line num="13" count="31" type="stmt"/>
        <line num="14" count="124" type="cond" truecount="4" falsecount="0"/>
        <line num="15" count="93" type="stmt"/>
        <line num="16" count="31" type="cond" truecount="3" falsecount="1"/>
        <line num="17" count="31" type="stmt"/>
        <line num="18" count="0" type="cond" truecount="0" falsecount="4"/>
        <line num="19" count="0" type="stmt"/>
        <line num="21" count="31" type="stmt"/>
        <line num="23" count="2" type="cond" truecount="2" falsecount="1"/>
        <line num="24" count="248" type="cond" truecount="2" falsecount="2"/>
        <line num="25" count="434" type="cond" truecount="3" falsecount="1"/>
        <line num="26" count="0" type="cond" truecount="0" falsecount="2"/>
        <line num="27" count="0" type="stmt"/>
        <line num="30" count="248" type="cond" truecount="2" falsecount="0"/>
        <line num="37" count="2" type="stmt"/>
        <line num="39" count="50" type="stmt"/>
        <line num="40" count="50" type="cond" truecount="38" falsecount="6"/>
        <line num="43" count="50" type="stmt"/>
        <line num="44" count="50" type="stmt"/>
        <line num="45" count="50" type="stmt"/>
        <line num="46" count="50" type="cond" truecount="3" falsecount="1"/>
        <line num="47" count="50" type="stmt"/>
        <line num="49" count="50" type="cond" truecount="7" falsecount="1"/>
        <line num="50" count="50" type="cond" truecount="3" falsecount="1"/>
        <line num="51" count="50" type="cond" truecount="15" falsecount="3"/>
        <line num="52" count="50" type="cond" truecount="9" falsecount="1"/>
        <line num="53" count="50" type="cond" truecount="9" falsecount="1"/>
        <line num="54" count="50" type="cond" truecount="3" falsecount="1"/>
        <line num="55" count="50" type="cond" truecount="3" falsecount="1"/>
        <line num="56" count="50" type="cond" truecount="7" falsecount="2"/>
        <line num="59" count="19" type="stmt"/>
        <line num="60" count="31" type="stmt"/>
        <line num="61" count="31" type="cond" truecount="1" falsecount="1"/>
        <line num="62" count="0" type="stmt"/>
        <line num="63" count="0" type="stmt"/>
        <line num="64" count="0" type="cond" truecount="0" falsecount="5"/>
        <line num="65" count="0" type="stmt"/>
        <line num="66" count="0" type="cond" truecount="0" falsecount="8"/>
        <line num="67" count="0" type="stmt"/>
        <line num="68" count="0" type="stmt"/>
        <line num="69" count="0" type="stmt"/>
        <line num="70" count="0" type="stmt"/>
        <line num="71" count="0" type="stmt"/>
        <line num="72" count="0" type="stmt"/>
        <line num="74" count="31" type="cond" truecount="2" falsecount="0"/>
        <line num="75" count="2" type="stmt"/>
        <line num="76" count="2" type="stmt"/>
        <line num="77" count="2" type="cond" truecount="1" falsecount="1"/>
        <line num="78" count="2" type="cond" truecount="1" falsecount="1"/>
        <line num="79" count="2" type="stmt"/>
        <line num="80" count="2" type="stmt"/>
        <line num="81" count="2" type="stmt"/>
        <line num="83" count="29" type="cond" truecount="2" falsecount="0"/>
        <line num="84" count="1" type="stmt"/>
        <line num="85" count="1" type="stmt"/>
        <line num="87" count="28" type="cond" truecount="2" falsecount="0"/>
        <line num="88" count="1" type="stmt"/>
        <line num="89" count="1" type="stmt"/>
        <line num="90" count="1" type="cond" truecount="1" falsecount="1"/>
        <line num="91" count="0" type="stmt"/>
        <line num="92" count="1" type="cond" truecount="6" falsecount="2"/>
        <line num="93" count="1" type="stmt"/>
        <line num="94" count="1" type="stmt"/>
        <line num="95" count="1" type="stmt"/>
        <line num="96" count="1" type="stmt"/>
        <line num="97" count="1" type="stmt"/>
        <line num="98" count="1" type="stmt"/>
        <line num="100" count="27" type="cond" truecount="1" falsecount="1"/>
        <line num="101" count="27" type="stmt"/>
        <line num="103" count="0" type="stmt"/>
        <line num="105" count="2" type="stmt"/>
        <line num="106" count="18" type="stmt"/>
        <line num="109" count="2" type="stmt"/>
        <line num="110" count="3" type="cond" truecount="1" falsecount="1"/>
        <line num="114" count="2" type="stmt"/>
        <line num="115" count="31" type="cond" truecount="3" falsecount="1"/>
        <line num="116" count="0" type="stmt"/>
        <line num="117" count="31" type="stmt"/>
        <line num="118" count="93" type="stmt"/>
        <line num="119" count="31" type="cond" truecount="1" falsecount="1"/>
        <line num="120" count="0" type="stmt"/>
        <line num="121" count="31" type="stmt"/>
        <line num="122" count="31" type="stmt"/>
        <line num="123" count="31" type="stmt"/>
        <line num="124" count="217" type="stmt"/>
        <line num="125" count="217" type="stmt"/>
        <line num="126" count="217" type="cond" truecount="2" falsecount="0"/>
        <line num="127" count="186" type="stmt"/>
        <line num="129" count="31" type="stmt"/>
        <line num="131" count="31" type="stmt"/>
        <line num="132" count="31" type="stmt"/>
        <line num="133" count="744" type="stmt"/>
        <line num="135" count="31" type="stmt"/>
        <line num="138" count="124" type="stmt"/>
        <line num="139" count="124" type="cond" truecount="2" falsecount="0"/>
        <line num="140" count="62" type="stmt"/>
        <line num="141" count="62" type="stmt"/>
        <line num="143" count="124" type="stmt"/>
        <line num="144" count="403" type="stmt"/>
        <line num="145" count="403" type="stmt"/>
        <line num="146" count="403" type="stmt"/>
        <line num="151" count="372" type="cond" truecount="2" falsecount="0"/>
        <line num="153" count="31" type="stmt"/>
        <line num="154" count="31" type="stmt"/>
        <line num="156" count="2" type="stmt"/>
        <line num="158" count="31" type="cond" truecount="1" falsecount="1"/>
        <line num="159" count="31" type="stmt"/>
        <line num="160" count="31" type="stmt"/>
        <line num="161" count="31" type="stmt"/>
        <line num="171" count="31" type="cond" truecount="3" falsecount="1"/>
        <line num="172" count="31" type="cond" truecount="7" falsecount="1"/>
        <line num="178" count="0" type="stmt"/>
        <line num="179" count="31" type="cond" truecount="3" falsecount="1"/>
        <line num="180" count="31" type="stmt"/>
        <line num="181" count="31" type="stmt"/>
        <line num="182" count="31" type="stmt"/>
        <line num="183" count="31" type="stmt"/>
        <line num="184" count="31" type="stmt"/>
        <line num="185" count="31" type="stmt"/>
        <line num="186" count="31" type="cond" truecount="3" falsecount="1"/>
        <line num="187" count="31" type="cond" truecount="4" falsecount="1"/>
        <line num="192" count="1356" type="stmt"/>
        <line num="193" count="1356" type="stmt"/>
        <line num="194" count="1356" type="cond" truecount="2" falsecount="0"/>
        <line num="195" count="63" type="stmt"/>
        <line num="196" count="63" type="stmt"/>
        <line num="198" count="1293" type="stmt"/>
        <line num="200" count="1356" type="stmt"/>
        <line num="201" count="31" type="stmt"/>
        <line num="202" count="3" type="cond" truecount="3" falsecount="1"/>
        <line num="203" count="3" type="stmt"/>
        <line num="205" count="31" type="stmt"/>
        <line num="206" count="0" type="cond" truecount="0" falsecount="4"/>
        <line num="207" count="0" type="stmt"/>
        <line num="209" count="31" type="stmt"/>
      </file>
      <file name="PeriodUtils.js" path="D:\React_DevFolder\nextChart\LIB - Copy\lib\ChartState\Calc\PeriodUtils.js">
        <metrics statements="127" coveredstatements="66" conditionals="403" coveredconditionals="167" methods="15" coveredmethods="9"/>
        <line num="3" count="2" type="stmt"/>
        <line num="5" count="1359" type="cond" truecount="4" falsecount="1"/>
        <line num="6" count="0" type="stmt"/>
        <line num="7" count="1359" type="stmt"/>
        <line num="8" count="1359" type="stmt"/>
        <line num="9" count="1359" type="stmt"/>
        <line num="10" count="1359" type="stmt"/>
        <line num="11" count="13572" type="cond" truecount="9" falsecount="3"/>
        <line num="12" count="4281" type="cond" truecount="15" falsecount="5"/>
        <line num="13" count="3886" type="cond" truecount="21" falsecount="7"/>
        <line num="14" count="1359" type="cond" truecount="21" falsecount="7"/>
        <line num="15" count="1359" type="cond" truecount="6" falsecount="1"/>
        <line num="16" count="0" type="stmt"/>
        <line num="17" count="1359" type="cond" truecount="9" falsecount="3"/>
        <line num="18" count="1359" type="cond" truecount="9" falsecount="3"/>
        <line num="19" count="1359" type="cond" truecount="1" falsecount="5"/>
        <line num="20" count="1359" type="cond" truecount="2" falsecount="3"/>
        <line num="22" count="0" type="cond" truecount="0" falsecount="12"/>
        <line num="23" count="0" type="cond" truecount="0" falsecount="12"/>
        <line num="25" count="1359" type="cond" truecount="3" falsecount="3"/>
        <line num="26" count="0" type="stmt"/>
        <line num="28" count="1359" type="cond" truecount="2" falsecount="2"/>
        <line num="29" count="0" type="stmt"/>
        <line num="30" count="1359" type="stmt"/>
        <line num="31" count="1359" type="cond" truecount="2" falsecount="0"/>
        <line num="32" count="1359" type="cond" truecount="2" falsecount="0"/>
        <line num="33" count="1359" type="cond" truecount="2" falsecount="0"/>
        <line num="34" count="1359" type="cond" truecount="1" falsecount="1"/>
        <line num="35" count="1359" type="cond" truecount="1" falsecount="1"/>
        <line num="36" count="1359" type="cond" truecount="5" falsecount="0"/>
        <line num="56" count="2" type="stmt"/>
        <line num="60" count="1359" type="stmt"/>
        <line num="61" count="1359" type="stmt"/>
        <line num="62" count="1359" type="cond" truecount="1" falsecount="1"/>
        <line num="63" count="0" type="stmt"/>
        <line num="64" count="1359" type="cond" truecount="9" falsecount="3"/>
        <line num="65" count="1359" type="cond" truecount="5" falsecount="0"/>
        <line num="68" count="2" type="stmt"/>
        <line num="69" count="1357" type="stmt"/>
        <line num="71" count="2" type="stmt"/>
        <line num="72" count="1357" type="cond" truecount="1" falsecount="1"/>
        <line num="73" count="1357" type="stmt"/>
        <line num="74" count="1357" type="stmt"/>
        <line num="75" count="1357" type="cond" truecount="5" falsecount="1"/>
        <line num="76" count="0" type="stmt"/>
        <line num="77" count="1357" type="cond" truecount="4" falsecount="0"/>
        <line num="79" count="58" type="stmt"/>
        <line num="80" count="1299" type="stmt"/>
        <line num="82" count="2" type="stmt"/>
        <line num="83" count="104" type="cond" truecount="1" falsecount="1"/>
        <line num="84" count="104" type="stmt"/>
        <line num="85" count="104" type="stmt"/>
        <line num="86" count="104" type="cond" truecount="1" falsecount="1"/>
        <line num="87" count="0" type="stmt"/>
        <line num="88" count="104" type="cond" truecount="4" falsecount="0"/>
        <line num="90" count="17" type="cond" truecount="1" falsecount="1"/>
        <line num="91" count="17" type="stmt"/>
        <line num="92" count="83" type="stmt"/>
        <line num="93" count="17" type="stmt"/>
        <line num="94" count="17" type="stmt"/>
        <line num="95" count="17" type="stmt"/>
        <line num="96" count="17" type="stmt"/>
        <line num="97" count="17" type="stmt"/>
        <line num="98" count="83" type="stmt"/>
        <line num="99" count="83" type="cond" truecount="2" falsecount="0"/>
        <line num="100" count="49" type="stmt"/>
        <line num="101" count="49" type="stmt"/>
        <line num="103" count="83" type="stmt"/>
        <line num="105" count="17" type="cond" truecount="2" falsecount="0"/>
        <line num="106" count="3" type="stmt"/>
        <line num="107" count="14" type="stmt"/>
        <line num="109" count="0" type="cond" truecount="0" falsecount="2"/>
        <line num="110" count="0" type="cond" truecount="0" falsecount="4"/>
        <line num="111" count="0" type="stmt"/>
        <line num="112" count="0" type="cond" truecount="0" falsecount="4"/>
        <line num="114" count="0" type="stmt"/>
        <line num="115" count="0" type="stmt"/>
        <line num="118" count="87" type="stmt"/>
        <line num="120" count="2" type="stmt"/>
        <line num="122" count="0" type="cond" truecount="0" falsecount="2"/>
        <line num="123" count="0" type="stmt"/>
        <line num="124" count="0" type="stmt"/>
        <line num="125" count="0" type="cond" truecount="0" falsecount="2"/>
        <line num="126" count="0" type="stmt"/>
        <line num="127" count="0" type="cond" truecount="0" falsecount="28"/>
        <line num="128" count="0" type="cond" truecount="0" falsecount="7"/>
        <line num="129" count="0" type="stmt"/>
        <line num="131" count="0" type="cond" truecount="0" falsecount="4"/>
        <line num="132" count="0" type="stmt"/>
        <line num="134" count="0" type="cond" truecount="0" falsecount="4"/>
        <line num="135" count="0" type="cond" truecount="0" falsecount="2"/>
        <line num="136" count="0" type="stmt"/>
        <line num="137" count="0" type="cond" truecount="0" falsecount="16"/>
        <line num="143" count="0" type="stmt"/>
        <line num="145" count="0" type="stmt"/>
        <line num="147" count="2" type="stmt"/>
        <line num="149" count="0" type="cond" truecount="0" falsecount="2"/>
        <line num="150" count="0" type="stmt"/>
        <line num="151" count="0" type="stmt"/>
        <line num="152" count="0" type="cond" truecount="0" falsecount="2"/>
        <line num="153" count="0" type="stmt"/>
        <line num="154" count="0" type="cond" truecount="0" falsecount="28"/>
        <line num="155" count="0" type="cond" truecount="0" falsecount="10"/>
        <line num="156" count="0" type="cond" truecount="0" falsecount="9"/>
        <line num="163" count="0" type="stmt"/>
        <line num="164" count="0" type="cond" truecount="0" falsecount="2"/>
        <line num="165" count="0" type="stmt"/>
        <line num="166" count="0" type="cond" truecount="0" falsecount="2"/>
        <line num="167" count="0" type="stmt"/>
        <line num="168" count="0" type="stmt"/>
        <line num="170" count="2" type="stmt"/>
        <line num="171" count="0" type="cond" truecount="0" falsecount="2"/>
        <line num="172" count="0" type="stmt"/>
        <line num="173" count="0" type="stmt"/>
        <line num="174" count="0" type="cond" truecount="0" falsecount="2"/>
        <line num="175" count="0" type="stmt"/>
        <line num="176" count="0" type="stmt"/>
        <line num="177" count="0" type="cond" truecount="0" falsecount="6"/>
        <line num="178" count="0" type="stmt"/>
        <line num="179" count="0" type="cond" truecount="0" falsecount="6"/>
        <line num="180" count="0" type="stmt"/>
        <line num="181" count="0" type="stmt"/>
        <line num="182" count="0" type="cond" truecount="0" falsecount="2"/>
        <line num="183" count="0" type="stmt"/>
        <line num="184" count="0" type="cond" truecount="0" falsecount="2"/>
        <line num="185" count="0" type="stmt"/>
        <line num="186" count="0" type="stmt"/>
      </file>
    </package>
    <package name="lib.ChartState.Factory">
      <metrics statements="398" coveredstatements="256" conditionals="770" coveredconditionals="372" methods="121" coveredmethods="79"/>
      <file name="ChartDataFactory.js" path="D:\React_DevFolder\nextChart\LIB - Copy\lib\ChartState\Factory\ChartDataFactory.js">
        <metrics statements="117" coveredstatements="70" conditionals="266" coveredconditionals="108" methods="40" coveredmethods="28"/>
        <line num="1" count="2" type="cond" truecount="2" falsecount="1"/>
        <line num="2" count="4" type="cond" truecount="1" falsecount="1"/>
        <line num="3" count="0" type="stmt"/>
        <line num="4" count="0" type="stmt"/>
        <line num="5" count="0" type="cond" truecount="0" falsecount="2"/>
        <line num="6" count="0" type="stmt"/>
        <line num="8" count="0" type="stmt"/>
        <line num="10" count="4" type="stmt"/>
        <line num="12" count="2" type="cond" truecount="2" falsecount="1"/>
        <line num="13" count="54" type="stmt"/>
        <line num="14" count="306" type="cond" truecount="4" falsecount="0"/>
        <line num="15" count="234" type="stmt"/>
        <line num="16" count="54" type="cond" truecount="3" falsecount="1"/>
        <line num="17" count="54" type="stmt"/>
        <line num="18" count="0" type="cond" truecount="0" falsecount="4"/>
        <line num="19" count="0" type="stmt"/>
        <line num="21" count="54" type="stmt"/>
        <line num="23" count="2" type="cond" truecount="2" falsecount="1"/>
        <line num="24" count="0" type="cond" truecount="0" falsecount="4"/>
        <line num="25" count="0" type="cond" truecount="0" falsecount="4"/>
        <line num="26" count="0" type="cond" truecount="0" falsecount="2"/>
        <line num="27" count="0" type="stmt"/>
        <line num="30" count="0" type="cond" truecount="0" falsecount="2"/>
        <line num="39" count="2" type="stmt"/>
        <line num="40" count="18" type="stmt"/>
        <line num="41" count="18" type="cond" truecount="1" falsecount="1"/>
        <line num="42" count="0" type="stmt"/>
        <line num="43" count="18" type="cond" truecount="7" falsecount="3"/>
        <line num="44" count="18" type="cond" truecount="1" falsecount="1"/>
        <line num="45" count="0" type="stmt"/>
        <line num="46" count="18" type="stmt"/>
        <line num="56" count="2" type="stmt"/>
        <line num="57" count="0" type="stmt"/>
        <line num="58" count="0" type="cond" truecount="0" falsecount="2"/>
        <line num="59" count="0" type="stmt"/>
        <line num="60" count="0" type="stmt"/>
        <line num="62" count="2" type="stmt"/>
        <line num="63" count="0" type="stmt"/>
        <line num="64" count="0" type="stmt"/>
        <line num="65" count="0" type="cond" truecount="0" falsecount="4"/>
        <line num="66" count="0" type="cond" truecount="0" falsecount="9"/>
        <line num="67" count="0" type="stmt"/>
        <line num="68" count="0" type="stmt"/>
        <line num="69" count="0" type="stmt"/>
        <line num="70" count="0" type="stmt"/>
        <line num="71" count="0" type="stmt"/>
        <line num="72" count="0" type="stmt"/>
        <line num="73" count="0" type="cond" truecount="0" falsecount="4"/>
        <line num="74" count="0" type="cond" truecount="0" falsecount="6"/>
        <line num="75" count="0" type="stmt"/>
        <line num="76" count="0" type="stmt"/>
        <line num="77" count="0" type="cond" truecount="0" falsecount="2"/>
        <line num="78" count="0" type="stmt"/>
        <line num="80" count="0" type="stmt"/>
        <line num="82" count="2" type="stmt"/>
        <line num="83" count="18" type="stmt"/>
        <line num="84" count="54" type="cond" truecount="3" falsecount="0"/>
        <line num="86" count="18" type="cond" truecount="1" falsecount="1"/>
        <line num="87" count="0" type="stmt"/>
        <line num="88" count="18" type="stmt"/>
        <line num="89" count="18" type="stmt"/>
        <line num="90" count="18" type="stmt"/>
        <line num="91" count="18" type="stmt"/>
        <line num="93" count="2" type="stmt"/>
        <line num="94" count="18" type="stmt"/>
        <line num="95" count="3607" type="cond" truecount="9" falsecount="3"/>
        <line num="97" count="3607" type="stmt"/>
        <line num="98" count="18" type="stmt"/>
        <line num="99" count="18" type="stmt"/>
        <line num="100" count="52" type="stmt"/>
        <line num="101" count="52" type="stmt"/>
        <line num="103" count="52" type="stmt"/>
        <line num="104" count="18" type="stmt"/>
        <line num="105" count="18" type="stmt"/>
        <line num="106" count="18" type="stmt"/>
        <line num="107" count="18" type="stmt"/>
        <line num="108" count="18" type="stmt"/>
        <line num="109" count="18" type="stmt"/>
        <line num="111" count="2" type="stmt"/>
        <line num="112" count="18" type="stmt"/>
        <line num="113" count="18" type="stmt"/>
        <line num="114" count="18" type="stmt"/>
        <line num="123" count="2" type="stmt"/>
        <line num="125" count="108" type="stmt"/>
        <line num="126" count="54" type="stmt"/>
        <line num="127" count="72" type="stmt"/>
        <line num="129" count="18" type="stmt"/>
        <line num="130" count="3625" type="stmt"/>
        <line num="131" count="3625" type="stmt"/>
        <line num="132" count="14500" type="stmt"/>
        <line num="134" count="3625" type="stmt"/>
        <line num="137" count="18" type="stmt"/>
        <line num="138" count="1036" type="cond" truecount="4" falsecount="0"/>
        <line num="141" count="226925" type="cond" truecount="11" falsecount="2"/>
        <line num="149" count="18" type="stmt"/>
        <line num="150" count="1036" type="cond" truecount="2" falsecount="0"/>
        <line num="151" count="1036" type="stmt"/>
        <line num="152" count="1036" type="cond" truecount="1" falsecount="1"/>
        <line num="154" count="0" type="stmt"/>
        <line num="160" count="0" type="stmt"/>
        <line num="167" count="3625" type="stmt"/>
        <line num="174" count="3625" type="stmt"/>
        <line num="181" count="3625" type="stmt"/>
        <line num="188" count="18" type="stmt"/>
        <line num="195" count="3625" type="stmt"/>
        <line num="220" count="18" type="stmt"/>
        <line num="221" count="18" type="cond" truecount="3" falsecount="1"/>
        <line num="224" count="0" type="cond" truecount="0" falsecount="8"/>
        <line num="225" count="0" type="cond" truecount="0" falsecount="8"/>
        <line num="226" count="0" type="cond" truecount="0" falsecount="4"/>
        <line num="227" count="0" type="stmt"/>
        <line num="228" count="0" type="cond" truecount="0" falsecount="2"/>
        <line num="241" count="0" type="cond" truecount="0" falsecount="5"/>
        <line num="252" count="0" type="cond" truecount="0" falsecount="4"/>
        <line num="253" count="0" type="cond" truecount="0" falsecount="4"/>
        <line num="254" count="0" type="cond" truecount="0" falsecount="7"/>
        <line num="257" count="18" type="stmt"/>
      </file>
      <file name="Factory.js" path="D:\React_DevFolder\nextChart\LIB - Copy\lib\ChartState\Factory\Factory.js">
        <metrics statements="108" coveredstatements="76" conditionals="220" coveredconditionals="109" methods="30" coveredmethods="21"/>
        <line num="1" count="2" type="cond" truecount="2" falsecount="1"/>
        <line num="2" count="4" type="cond" truecount="1" falsecount="1"/>
        <line num="3" count="0" type="stmt"/>
        <line num="4" count="0" type="stmt"/>
        <line num="5" count="0" type="cond" truecount="0" falsecount="2"/>
        <line num="6" count="0" type="stmt"/>
        <line num="8" count="0" type="stmt"/>
        <line num="10" count="4" type="stmt"/>
        <line num="12" count="2" type="cond" truecount="2" falsecount="1"/>
        <line num="13" count="24" type="cond" truecount="4" falsecount="0"/>
        <line num="14" count="83" type="cond" truecount="3" falsecount="1"/>
        <line num="15" count="0" type="cond" truecount="0" falsecount="2"/>
        <line num="16" count="0" type="stmt"/>
        <line num="19" count="24" type="cond" truecount="2" falsecount="0"/>
        <line num="33" count="2" type="stmt"/>
        <line num="34" count="2" type="cond" truecount="3" falsecount="1"/>
        <line num="40" count="2" type="stmt"/>
        <line num="42" count="1" type="stmt"/>
        <line num="44" count="1" type="stmt"/>
        <line num="45" count="1" type="stmt"/>
        <line num="46" count="1" type="cond" truecount="1" falsecount="1"/>
        <line num="47" count="0" type="stmt"/>
        <line num="48" count="1" type="cond" truecount="1" falsecount="1"/>
        <line num="49" count="1" type="stmt"/>
        <line num="50" count="1" type="stmt"/>
        <line num="51" count="1" type="cond" truecount="3" falsecount="1"/>
        <line num="52" count="0" type="stmt"/>
        <line num="53" count="0" type="stmt"/>
        <line num="54" count="0" type="stmt"/>
        <line num="55" count="0" type="cond" truecount="0" falsecount="2"/>
        <line num="56" count="0" type="stmt"/>
        <line num="57" count="0" type="stmt"/>
[...]
        <line num="23" count="0" type="cond" truecount="0" falsecount="2"/>
        <line num="24" count="0" type="stmt"/>
        <line num="28" count="0" type="cond" truecount="0" falsecount="4"/>
        <line num="29" count="0" type="stmt"/>
        <line num="30" count="0" type="cond" truecount="0" falsecount="6"/>
        <line num="31" count="0" type="cond" truecount="0" falsecount="6"/>
        <line num="32" count="0" type="cond" truecount="0" falsecount="6"/>
        <line num="33" count="0" type="cond" truecount="0" falsecount="2"/>
        <line num="34" count="0" type="stmt"/>
        <line num="35" count="0" type="cond" truecount="0" falsecount="5"/>
        <line num="36" count="0" type="stmt"/>
        <line num="37" count="0" type="stmt"/>
        <line num="38" count="0" type="stmt"/>
        <line num="39" count="0" type="cond" truecount="0" falsecount="2"/>
        <line num="40" count="0" type="stmt"/>
        <line num="41" count="0" type="stmt"/>
        <line num="42" count="0" type="stmt"/>
        <line num="43" count="0" type="stmt"/>
        <line num="44" count="0" type="cond" truecount="0" falsecount="2"/>
        <line num="45" count="0" type="cond" truecount="0" falsecount="2"/>
        <line num="46" count="0" type="stmt"/>
        <line num="47" count="0" type="stmt"/>
        <line num="48" count="0" type="stmt"/>
        <line num="51" count="0" type="stmt"/>
        <line num="53" count="2" type="stmt"/>
        <line num="54" count="2" type="stmt"/>
      </file>
      <file name="VLine.js" path="D:\React_DevFolder\nextChart\LIB - Copy\lib\Tools\VLine.js">
        <metrics statements="17" coveredstatements="3" conditionals="50" coveredconditionals="0" methods="1" coveredmethods="0"/>
        <line num="5" count="2" type="stmt"/>
        <line num="7" count="0" type="stmt"/>
        <line num="8" count="0" type="stmt"/>
        <line num="9" count="0" type="cond" truecount="0" falsecount="4"/>
        <line num="10" count="0" type="cond" truecount="0" falsecount="6"/>
        <line num="11" count="0" type="stmt"/>
        <line num="12" count="0" type="cond" truecount="0" falsecount="2"/>
        <line num="17" count="0" type="cond" truecount="0" falsecount="2"/>
        <line num="18" count="0" type="stmt"/>
        <line num="19" count="0" type="cond" truecount="0" falsecount="6"/>
        <line num="20" count="0" type="cond" truecount="0" falsecount="6"/>
        <line num="21" count="0" type="cond" truecount="0" falsecount="6"/>
        <line num="24" count="0" type="cond" truecount="0" falsecount="8"/>
        <line num="26" count="0" type="stmt"/>
        <line num="30" count="0" type="stmt"/>
        <line num="32" count="2" type="stmt"/>
        <line num="33" count="2" type="stmt"/>
      </file>
    </package>
    <package name="lib.Types">
      <metrics statements="38" coveredstatements="35" conditionals="0" coveredconditionals="0" methods="19" coveredmethods="16"/>
      <file name="Reducer.js" path="D:\React_DevFolder\nextChart\LIB - Copy\lib\Types\Reducer.js">
        <metrics statements="38" coveredstatements="35" conditionals="0" coveredconditionals="0" methods="19" coveredmethods="16"/>
        <line num="1" count="2" type="stmt"/>
        <line num="2" count="123" type="stmt"/>
        <line num="4" count="2" type="stmt"/>
        <line num="5" count="81" type="stmt"/>
        <line num="7" count="2" type="stmt"/>
        <line num="8" count="81" type="stmt"/>
        <line num="10" count="2" type="stmt"/>
        <line num="11" count="85" type="stmt"/>
        <line num="13" count="2" type="stmt"/>
        <line num="14" count="83" type="stmt"/>
        <line num="16" count="2" type="stmt"/>
        <line num="17" count="73" type="stmt"/>
        <line num="19" count="2" type="stmt"/>
        <line num="20" count="84" type="stmt"/>
        <line num="22" count="2" type="stmt"/>
        <line num="23" count="82" type="stmt"/>
        <line num="25" count="2" type="stmt"/>
        <line num="26" count="73" type="stmt"/>
        <line num="28" count="2" type="stmt"/>
        <line num="29" count="73" type="stmt"/>
        <line num="31" count="2" type="stmt"/>
        <line num="32" count="104" type="stmt"/>
        <line num="34" count="2" type="stmt"/>
        <line num="35" count="74" type="stmt"/>
        <line num="37" count="2" type="stmt"/>
        <line num="38" count="103" type="stmt"/>
        <line num="40" count="2" type="stmt"/>
        <line num="41" count="103" type="stmt"/>
        <line num="43" count="2" type="stmt"/>
        <line num="44" count="103" type="stmt"/>
        <line num="46" count="2" type="stmt"/>
        <line num="47" count="104" type="stmt"/>
        <line num="49" count="2" type="stmt"/>
        <line num="50" count="0" type="stmt"/>
        <line num="52" count="2" type="stmt"/>
        <line num="53" count="0" type="stmt"/>
        <line num="55" count="2" type="stmt"/>
        <line num="56" count="0" type="stmt"/>
      </file>
      <file name="index.js" path="D:\React_DevFolder\nextChart\LIB - Copy\lib\Types\index.js">
        <metrics statements="0" coveredstatements="0" conditionals="0" coveredconditionals="0" methods="0" coveredmethods="0"/>
      </file>
    </package>
    <package name="lib.Types.chartstate">
      <metrics statements="8" coveredstatements="7" conditionals="4" coveredconditionals="3" methods="2" coveredmethods="2"/>
      <file name="subcharts.js" path="D:\React_DevFolder\nextChart\LIB - Copy\lib\Types\chartstate\subcharts.js">
        <metrics statements="8" coveredstatements="7" conditionals="4" coveredconditionals="3" methods="2" coveredmethods="2"/>
        <line num="1" count="2" type="stmt"/>
        <line num="2" count="784" type="cond" truecount="2" falsecount="0"/>
        <line num="3" count="574" type="stmt"/>
        <line num="4" count="210" type="stmt"/>
        <line num="6" count="2" type="stmt"/>
        <line num="7" count="141" type="cond" truecount="1" falsecount="1"/>
        <line num="8" count="141" type="stmt"/>
        <line num="9" count="0" type="stmt"/>
      </file>
    </package>
    <package name="lib.Types.utils">
      <metrics statements="30" coveredstatements="20" conditionals="46" coveredconditionals="29" methods="9" coveredmethods="6"/>
      <file name="dataseries.js" path="D:\React_DevFolder\nextChart\LIB - Copy\lib\Types\utils\dataseries.js">
        <metrics statements="30" coveredstatements="20" conditionals="46" coveredconditionals="29" methods="9" coveredmethods="6"/>
        <line num="2" count="2" type="stmt"/>
        <line num="3" count="159857" type="cond" truecount="2" falsecount="0"/>
        <line num="4" count="156232" type="stmt"/>
        <line num="5" count="3625" type="stmt"/>
        <line num="7" count="2" type="stmt"/>
        <line num="8" count="0" type="cond" truecount="0" falsecount="2"/>
        <line num="9" count="0" type="stmt"/>
        <line num="10" count="0" type="stmt"/>
        <line num="12" count="2" type="stmt"/>
        <line num="13" count="18040" type="cond" truecount="2" falsecount="0"/>
        <line num="14" count="13670" type="stmt"/>
        <line num="15" count="4370" type="stmt"/>
        <line num="17" count="2" type="stmt"/>
        <line num="18" count="3088" type="cond" truecount="4" falsecount="2"/>
        <line num="27" count="2" type="stmt"/>
        <line num="28" count="188" type="cond" truecount="5" falsecount="3"/>
        <line num="30" count="2" type="stmt"/>
        <line num="31" count="8002" type="cond" truecount="6" falsecount="2"/>
        <line num="33" count="2" type="stmt"/>
        <line num="34" count="25492" type="cond" truecount="5" falsecount="1"/>
        <line num="35" count="25492" type="stmt"/>
        <line num="36" count="0" type="stmt"/>
        <line num="38" count="2" type="stmt"/>
        <line num="39" count="0" type="stmt"/>
        <line num="40" count="0" type="cond" truecount="0" falsecount="2"/>
        <line num="42" count="2" type="stmt"/>
        <line num="43" count="0" type="cond" truecount="0" falsecount="2"/>
        <line num="44" count="0" type="stmt"/>
        <line num="45" count="0" type="stmt"/>
        <line num="46" count="0" type="cond" truecount="0" falsecount="2"/>
      </file>
    </package>
    <package name="lib.utils">
      <metrics statements="137" coveredstatements="61" conditionals="151" coveredconditionals="62" methods="28" coveredmethods="11"/>
      <file name="Basics.js" path="D:\React_DevFolder\nextChart\LIB - Copy\lib\utils\Basics.js">
        <metrics statements="20" coveredstatements="11" conditionals="14" coveredconditionals="10" methods="4" coveredmethods="2"/>
        <line num="4" count="2" type="stmt"/>
        <line num="5" count="166138" type="cond" truecount="4" falsecount="0"/>
        <line num="6" count="3371" type="stmt"/>
        <line num="7" count="162767" type="cond" truecount="2" falsecount="0"/>
        <line num="8" count="161550" type="cond" truecount="1" falsecount="1"/>
        <line num="9" count="0" type="stmt"/>
        <line num="10" count="162767" type="stmt"/>
        <line num="13" count="2" type="stmt"/>
        <line num="14" count="14515" type="cond" truecount="2" falsecount="0"/>
        <line num="15" count="456" type="stmt"/>
        <line num="16" count="14059" type="cond" truecount="1" falsecount="1"/>
        <line num="20" count="2" type="stmt"/>
        <line num="21" count="0" type="stmt"/>
        <line num="22" count="0" type="stmt"/>
        <line num="23" count="0" type="stmt"/>
        <line num="25" count="0" type="stmt"/>
        <line num="26" count="0" type="stmt"/>
        <line num="27" count="0" type="cond" truecount="0" falsecount="2"/>
        <line num="28" count="0" type="stmt"/>
        <line num="30" count="0" type="stmt"/>
      </file>
      <file name="Color.js" path="D:\React_DevFolder\nextChart\LIB - Copy\lib\utils\Color.js">
        <metrics statements="17" coveredstatements="4" conditionals="8" coveredconditionals="0" methods="4" coveredmethods="0"/>
        <line num="1" count="2" type="stmt"/>
        <line num="145" count="2" type="stmt"/>
        <line num="146" count="0" type="cond" truecount="0" falsecount="2"/>
        <line num="147" count="0" type="stmt"/>
        <line num="148" count="0" type="stmt"/>
        <line num="150" count="2" type="stmt"/>
        <line num="151" count="0" type="cond" truecount="0" falsecount="2"/>
        <line num="152" count="0" type="stmt"/>
        <line num="153" count="0" type="stmt"/>
        <line num="155" count="2" type="stmt"/>
        <line num="156" count="0" type="cond" truecount="0" falsecount="2"/>
        <line num="157" count="0" type="stmt"/>
        <line num="159" count="0" type="stmt"/>
        <line num="160" count="0" type="stmt"/>
        <line num="161" count="0" type="stmt"/>
        <line num="163" count="0" type="stmt"/>
        <line num="164" count="0" type="cond" truecount="0" falsecount="2"/>
      </file>
      <file name="React.js" path="D:\React_DevFolder\nextChart\LIB - Copy\lib\utils\React.js">
        <metrics statements="100" coveredstatements="46" conditionals="129" coveredconditionals="52" methods="20" coveredmethods="9"/>
        <line num="1" count="2" type="cond" truecount="2" falsecount="1"/>
        <line num="2" count="2" type="cond" truecount="1" falsecount="1"/>
        <line num="3" count="0" type="stmt"/>
        <line num="4" count="0" type="stmt"/>
        <line num="5" count="0" type="cond" truecount="0" falsecount="2"/>
        <line num="6" count="0" type="stmt"/>
        <line num="8" count="0" type="stmt"/>
        <line num="10" count="2" type="stmt"/>
        <line num="12" count="2" type="cond" truecount="2" falsecount="1"/>
        <line num="13" count="0" type="stmt"/>
        <line num="14" count="0" type="cond" truecount="0" falsecount="4"/>
        <line num="15" count="0" type="stmt"/>
        <line num="16" count="0" type="cond" truecount="0" falsecount="4"/>
        <line num="17" count="0" type="stmt"/>
        <line num="18" count="0" type="cond" truecount="0" falsecount="4"/>
        <line num="19" count="0" type="stmt"/>
        <line num="21" count="0" type="stmt"/>
        <line num="23" count="2" type="cond" truecount="2" falsecount="1"/>
        <line num="24" count="27" type="cond" truecount="2" falsecount="2"/>
        <line num="25" count="43" type="cond" truecount="3" falsecount="1"/>
        <line num="26" count="0" type="cond" truecount="0" falsecount="2"/>
        <line num="27" count="0" type="stmt"/>
        <line num="30" count="27" type="cond" truecount="2" falsecount="0"/>
        <line num="36" count="2" type="stmt"/>
        <line num="37" count="49" type="cond" truecount="1" falsecount="1"/>
        <line num="38" count="0" type="stmt"/>
        <line num="40" count="49" type="cond" truecount="1" falsecount="1"/>
        <line num="41" count="49" type="stmt"/>
        <line num="42" count="49" type="stmt"/>
        <line num="43" count="49" type="stmt"/>
        <line num="44" count="49" type="stmt"/>
        <line num="45" count="154" type="cond" truecount="4" falsecount="1"/>
        <line num="46" count="0" type="stmt"/>
        <line num="47" count="0" type="stmt"/>
        <line num="49" count="154" type="cond" truecount="2" falsecount="0"/>
        <line num="50" count="105" type="cond" truecount="5" falsecount="1"/>
        <line num="52" count="0" type="stmt"/>
        <line num="53" count="0" type="stmt"/>
        <line num="55" count="105" type="cond" truecount="4" falsecount="0"/>
        <line num="56" count="23" type="cond" truecount="1" falsecount="1"/>
        <line num="60" count="82" type="cond" truecount="2" falsecount="0"/>
        <line num="62" count="105" type="cond" truecount="4" falsecount="0"/>
        <line num="63" count="1" type="stmt"/>
        <line num="64" count="1" type="cond" truecount="3" falsecount="1"/>
        <line num="65" count="1" type="stmt"/>
        <line num="67" count="0" type="cond" truecount="0" falsecount="4"/>
        <line num="68" count="0" type="cond" truecount="0" falsecount="2"/>
        <line num="69" count="0" type="stmt"/>
        <line num="73" count="104" type="stmt"/>
        <line num="74" count="105" type="stmt"/>
        <line num="77" count="49" type="cond" truecount="2" falsecount="0"/>
        <line num="78" count="48" type="cond" truecount="2" falsecount="2"/>
        <line num="79" count="0" type="stmt"/>
        <line num="80" count="0" type="stmt"/>
        <line num="82" count="48" type="cond" truecount="2" falsecount="2"/>
        <line num="83" count="0" type="stmt"/>
        <line num="85" count="48" type="stmt"/>
        <line num="92" count="0" type="stmt"/>
        <line num="93" count="0" type="stmt"/>
        <line num="95" count="49" type="stmt"/>
        <line num="98" count="2" type="stmt"/>
        <line num="99" count="48" type="stmt"/>
        <line num="102" count="2" type="stmt"/>
        <line num="103" count="0" type="stmt"/>
        <line num="106" count="2" type="stmt"/>
        <line num="108" count="2" type="stmt"/>
        <line num="109" count="5" type="cond" truecount="1" falsecount="1"/>
        <line num="110" count="0" type="stmt"/>
        <line num="111" count="5" type="stmt"/>
        <line num="112" count="5" type="stmt"/>
        <line num="113" count="5" type="stmt"/>
        <line num="114" count="11" type="cond" truecount="4" falsecount="1"/>
        <line num="115" count="0" type="stmt"/>
        <line num="117" count="11" type="stmt"/>
        <line num="119" count="5" type="stmt"/>
        <line num="122" count="0" type="stmt"/>
        <line num="127" count="19" type="stmt"/>
        <line num="128" count="0" type="stmt"/>
        <line num="129" count="0" type="cond" truecount="0" falsecount="2"/>
        <line num="130" count="0" type="stmt"/>
        <line num="132" count="0" type="cond" truecount="0" falsecount="2"/>
        <line num="133" count="0" type="stmt"/>
        <line num="139" count="2" type="stmt"/>
        <line num="140" count="0" type="stmt"/>
        <line num="141" count="0" type="stmt"/>
        <line num="144" count="0" type="stmt"/>
        <line num="146" count="0" type="cond" truecount="0" falsecount="6"/>
        <line num="148" count="0" type="stmt"/>
        <line num="165" count="0" type="stmt"/>
        <line num="166" count="0" type="stmt"/>
        <line num="181" count="0" type="stmt"/>
        <line num="183" count="0" type="stmt"/>
        <line num="184" count="0" type="stmt"/>
        <line num="185" count="0" type="stmt"/>
        <line num="186" count="0" type="stmt"/>
        <line num="187" count="0" type="stmt"/>
        <line num="188" count="0" type="stmt"/>
        <line num="196" count="0" type="stmt"/>
        <line num="197" count="0" type="stmt"/>
        <line num="199" count="0" type="stmt"/>
      </file>
      <file name="index.js" path="D:\React_DevFolder\nextChart\LIB - Copy\lib\utils\index.js">
        <metrics statements="0" coveredstatements="0" conditionals="0" coveredconditionals="0" methods="0" coveredmethods="0"/>
      </file>
    </package>
    <package name="test.utils">
      <metrics statements="37" coveredstatements="33" conditionals="10" coveredconditionals="9" methods="10" coveredmethods="8"/>
      <file name="mocks.js" path="D:\React_DevFolder\nextChart\LIB - Copy\test\utils\mocks.js">
        <metrics statements="8" coveredstatements="6" conditionals="2" coveredconditionals="1" methods="3" coveredmethods="3"/>
        <line num="1" count="2" type="stmt"/>
        <line num="4" count="5" type="stmt"/>
        <line num="5" count="5" type="stmt"/>
        <line num="6" count="30" type="cond" truecount="1" falsecount="1"/>
        <line num="7" count="0" type="stmt"/>
        <line num="8" count="0" type="stmt"/>
        <line num="14" count="2" type="stmt"/>
        <line num="16" count="20" type="stmt"/>
      </file>
      <file name="testData.js" path="D:\React_DevFolder\nextChart\LIB - Copy\test\utils\testData.js">
        <metrics statements="5" coveredstatements="5" conditionals="0" coveredconditionals="0" methods="2" coveredmethods="2"/>
        <line num="1" count="2" type="stmt"/>
        <line num="1806" count="450" type="stmt"/>
        <line num="1809" count="2" type="stmt"/>
        <line num="1910" count="24" type="stmt"/>
        <line num="1913" count="2" type="stmt"/>
      </file>
      <file name="wrapper.js" path="D:\React_DevFolder\nextChart\LIB - Copy\test\utils\wrapper.js">
        <metrics statements="24" coveredstatements="22" conditionals="8" coveredconditionals="8" methods="5" coveredmethods="3"/>
        <line num="7" count="2" type="stmt"/>
        <line num="8" count="2" type="stmt"/>
        <line num="9" count="2" type="stmt"/>
        <line num="12" count="2" type="stmt"/>
        <line num="13" count="2" type="stmt"/>
        <line num="14" count="2" type="stmt"/>
        <line num="15" count="2" type="stmt"/>
        <line num="18" count="0" type="stmt"/>
        <line num="20" count="2" type="stmt"/>
        <line num="21" count="2" type="stmt"/>
        <line num="22" count="2" type="stmt"/>
        <line num="24" count="2" type="stmt"/>
        <line num="28" count="2" type="stmt"/>
        <line num="31" count="2" type="stmt"/>
        <line num="33" count="2" type="stmt"/>
        <line num="63" count="2" type="stmt"/>
        <line num="64" count="121" type="stmt"/>
        <line num="66" count="0" type="stmt"/>
        <line num="69" count="121" type="cond" truecount="2" falsecount="0"/>
        <line num="70" count="121" type="stmt"/>
        <line num="71" count="121" type="stmt"/>
        <line num="72" count="121" type="stmt"/>
        <line num="80" count="121" type="stmt"/>
        <line num="82" count="121" type="stmt"/>
      </file>
    </package>
  </project>
</coverage>
