TN:
SF:lib\Chart.js
FN:1,(anonymous_0)
FN:5,(anonymous_1)
FN:6,(anonymous_2)
FN:16,(anonymous_3)
FN:45,(anonymous_4)
FN:54,(anonymous_5)
FN:59,(anonymous_6)
FN:64,(anonymous_7)
FN:66,(anonymous_8)
FN:71,(anonymous_9)
FN:73,(anonymous_10)
FN:79,(anonymous_11)
FN:81,(anonymous_12)
FN:82,(anonymous_13)
FN:84,(anonymous_14)
FN:87,(anonymous_15)
FN:99,(anonymous_16)
FN:110,(anonymous_17)
FN:121,(anonymous_18)
FN:121,(anonymous_19)
FN:122,(anonymous_20)
FN:123,(anonymous_21)
FN:125,(anonymous_22)
FN:130,(anonymous_23)
FN:152,(anonymous_24)
FN:153,(anonymous_25)
FN:154,(anonymous_26)
FN:157,(anonymous_27)
FN:158,(anonymous_28)
FN:164,(anonymous_29)
FN:188,(anonymous_30)
FN:189,(anonymous_31)
FN:190,(anonymous_32)
FN:192,(anonymous_33)
FN:194,(anonymous_34)
FN:219,(anonymous_35)
FNF:36
FNH:17
FNDA:2,(anonymous_0)
FNDA:10,(anonymous_1)
FNDA:0,(anonymous_2)
FNDA:0,(anonymous_3)
FNDA:120,(anonymous_4)
FNDA:19,(anonymous_5)
FNDA:0,(anonymous_6)
FNDA:0,(anonymous_7)
FNDA:0,(anonymous_8)
FNDA:0,(anonymous_9)
FNDA:0,(anonymous_10)
FNDA:0,(anonymous_11)
FNDA:0,(anonymous_12)
FNDA:0,(anonymous_13)
FNDA:0,(anonymous_14)
FNDA:0,(anonymous_15)
FNDA:0,(anonymous_16)
FNDA:132,(anonymous_17)
FNDA:132,(anonymous_18)
FNDA:132,(anonymous_19)
FNDA:132,(anonymous_20)
FNDA:258,(anonymous_21)
FNDA:652,(anonymous_22)
FNDA:316,(anonymous_23)
FNDA:132,(anonymous_24)
FNDA:132,(anonymous_25)
FNDA:258,(anonymous_26)
FNDA:588,(anonymous_27)
FNDA:0,(anonymous_28)
FNDA:0,(anonymous_29)
FNDA:95,(anonymous_30)
FNDA:95,(anonymous_31)
FNDA:0,(anonymous_32)
FNDA:0,(anonymous_33)
FNDA:0,(anonymous_34)
FNDA:0,(anonymous_35)
DA:1,2
DA:2,2
DA:3,2
DA:5,2
DA:6,10
DA:7,0
DA:8,0
DA:9,0
DA:10,0
DA:12,0
DA:14,10
DA:16,2
DA:17,0
DA:18,0
DA:19,0
DA:20,0
DA:23,0
DA:45,2
DA:47,120
DA:48,120
DA:49,120
DA:50,120
DA:53,120
DA:54,120
DA:55,19
DA:56,0
DA:57,19
DA:59,120
DA:60,0
DA:64,0
DA:66,120
DA:67,0
DA:71,0
DA:73,120
DA:74,0
DA:75,0
DA:79,0
DA:81,120
DA:82,0
DA:83,0
DA:84,0
DA:87,120
DA:88,0
DA:89,0
DA:90,0
DA:94,0
DA:99,120
DA:101,0
DA:103,120
DA:104,120
DA:105,120
DA:106,120
DA:107,120
DA:108,120
DA:109,120
DA:110,132
DA:111,120
DA:112,120
DA:113,24
DA:114,120
DA:121,132
DA:122,132
DA:123,132
DA:125,652
DA:126,258
DA:129,192
DA:130,192
DA:132,316
DA:133,316
DA:134,316
DA:135,0
DA:146,316
DA:149,66
DA:153,132
DA:154,132
DA:156,258
DA:157,588
DA:158,194
DA:159,194
DA:160,194
DA:161,0
DA:162,0
DA:163,0
DA:164,0
DA:166,0
DA:167,0
DA:168,0
DA:169,0
DA:170,0
DA:173,64
DA:174,64
DA:179,64
DA:180,0
DA:181,64
DA:183,0
DA:189,95
DA:190,95
DA:192,0
DA:193,0
DA:194,0
DA:195,0
DA:197,0
DA:198,0
DA:221,0
DA:224,2
LF:105
LH:60
BRDA:1,0,0,2
BRDA:1,0,1,0
BRDA:1,0,2,2
BRDA:2,1,0,2
BRDA:2,1,1,0
BRDA:5,2,0,2
BRDA:5,2,1,0
BRDA:5,2,2,2
BRDA:6,3,0,10
BRDA:6,3,1,0
BRDA:9,4,0,0
BRDA:9,4,1,0
BRDA:16,5,0,2
BRDA:16,5,1,0
BRDA:16,5,2,2
BRDA:17,6,0,0
BRDA:17,6,1,0
BRDA:17,7,0,0
BRDA:17,7,1,0
BRDA:18,8,0,0
BRDA:18,8,1,0
BRDA:18,9,0,0
BRDA:18,9,1,0
BRDA:19,10,0,0
BRDA:19,10,1,0
BRDA:23,11,0,0
BRDA:23,11,1,0
BRDA:47,12,0,0
BRDA:47,12,1,120
BRDA:48,13,0,120
BRDA:48,13,1,0
BRDA:55,14,0,0
BRDA:55,14,1,19
BRDA:74,15,0,0
BRDA:74,15,1,0
BRDA:83,16,0,0
BRDA:83,16,1,0
BRDA:88,17,0,0
BRDA:88,17,1,0
BRDA:88,18,0,0
BRDA:88,18,1,0
BRDA:104,19,0,56
BRDA:104,19,1,64
BRDA:104,20,0,120
BRDA:104,20,1,120
BRDA:104,21,0,56
BRDA:104,21,1,64
BRDA:104,22,0,120
BRDA:104,22,1,120
BRDA:104,23,0,56
BRDA:104,23,1,64
BRDA:104,24,0,120
BRDA:104,24,1,120
BRDA:104,25,0,56
BRDA:104,25,1,64
BRDA:104,26,0,120
BRDA:104,26,1,120
BRDA:104,27,0,0
BRDA:104,27,1,120
BRDA:104,28,0,120
BRDA:104,28,1,120
BRDA:104,29,0,0
BRDA:104,29,1,120
BRDA:104,30,0,120
BRDA:104,30,1,120
BRDA:105,31,0,62
BRDA:105,31,1,58
BRDA:105,32,0,56
BRDA:105,32,1,64
BRDA:105,33,0,120
BRDA:105,33,1,120
BRDA:112,34,0,24
BRDA:112,34,1,96
BRDA:114,35,0,120
BRDA:114,35,1,2
BRDA:114,36,0,118
BRDA:114,36,1,2
BRDA:117,37,0,56
BRDA:117,37,1,64
BRDA:117,38,0,120
BRDA:117,38,1,64
BRDA:117,38,2,64
BRDA:121,39,0,64
BRDA:121,39,1,0
BRDA:126,40,0,192
BRDA:126,40,1,66
BRDA:126,41,0,258
BRDA:126,41,1,194
BRDA:126,41,2,192
BRDA:127,42,0,0
BRDA:127,42,1,194
BRDA:127,43,0,194
BRDA:127,43,1,194
BRDA:128,44,0,192
BRDA:128,44,1,0
BRDA:128,45,0,192
BRDA:128,45,1,192
BRDA:128,46,0,0
BRDA:128,46,1,192
BRDA:128,47,0,192
BRDA:128,47,1,192
BRDA:128,48,0,0
BRDA:128,48,1,192
BRDA:128,49,0,192
BRDA:128,49,1,192
BRDA:129,50,0,192
BRDA:129,50,1,0
BRDA:129,51,0,192
BRDA:129,51,1,192
BRDA:129,52,0,0
BRDA:129,52,1,192
BRDA:129,53,0,192
BRDA:129,53,1,192
BRDA:129,54,0,0
BRDA:129,54,1,192
BRDA:129,55,0,192
BRDA:129,55,1,192
BRDA:129,56,0,192
BRDA:129,56,1,0
BRDA:129,57,0,192
BRDA:129,57,1,192
BRDA:129,58,0,0
BRDA:129,58,1,192
BRDA:129,59,0,192
BRDA:129,59,1,192
BRDA:129,60,0,0
BRDA:129,60,1,192
BRDA:129,61,0,192
BRDA:129,61,1,192
BRDA:132,62,0,192
BRDA:132,62,1,124
BRDA:132,63,0,316
BRDA:132,63,1,316
BRDA:132,64,0,124
BRDA:132,64,1,192
BRDA:132,65,0,316
BRDA:132,65,1,316
BRDA:132,66,0,0
BRDA:132,66,1,316
BRDA:132,67,0,316
BRDA:132,67,1,316
BRDA:133,68,0,316
BRDA:133,68,1,0
BRDA:133,69,0,0
BRDA:133,69,1,0
BRDA:134,70,0,0
BRDA:134,70,1,316
BRDA:156,71,0,194
BRDA:156,71,1,64
BRDA:158,72,0,0
BRDA:158,72,1,0
BRDA:158,73,0,0
BRDA:158,73,1,0
BRDA:159,74,0,194
BRDA:159,74,1,0
BRDA:161,75,0,0
BRDA:161,75,1,0
BRDA:161,76,0,0
BRDA:161,76,1,0
BRDA:161,77,0,0
BRDA:161,77,1,0
BRDA:161,78,0,0
BRDA:161,78,1,0
BRDA:161,79,0,0
BRDA:161,79,1,0
BRDA:161,80,0,0
BRDA:161,80,1,0
BRDA:161,81,0,0
BRDA:161,81,1,0
BRDA:161,82,0,0
BRDA:161,82,1,0
BRDA:161,83,0,0
BRDA:161,83,1,0
BRDA:161,84,0,0
BRDA:161,84,1,0
BRDA:163,85,0,0
BRDA:163,85,1,0
BRDA:163,86,0,0
BRDA:163,86,1,0
BRDA:163,87,0,0
BRDA:163,87,1,0
BRDA:163,88,0,0
BRDA:163,88,1,0
BRDA:166,89,0,0
BRDA:166,89,1,0
BRDA:166,90,0,0
BRDA:166,90,1,0
BRDA:166,91,0,0
BRDA:166,91,1,0
BRDA:166,92,0,0
BRDA:166,92,1,0
BRDA:166,93,0,0
BRDA:166,93,1,0
BRDA:166,94,0,0
BRDA:166,94,1,0
BRDA:167,95,0,0
BRDA:167,95,1,0
BRDA:167,96,0,0
BRDA:167,96,1,0
BRDA:168,97,0,0
BRDA:168,97,1,0
BRDA:170,98,0,0
BRDA:170,98,1,0
BRDA:170,99,0,0
BRDA:170,99,1,0
BRDA:170,100,0,0
BRDA:170,100,1,0
BRDA:170,101,0,0
BRDA:170,101,1,0
BRDA:170,102,0,0
BRDA:170,102,1,0
BRDA:170,103,0,0
BRDA:170,103,1,0
BRDA:173,104,0,64
BRDA:173,104,1,0
BRDA:174,105,0,62
BRDA:174,105,1,2
BRDA:176,106,0,2
BRDA:176,106,1,0
BRDA:179,107,0,0
BRDA:179,107,1,64
BRDA:181,108,0,0
BRDA:181,108,1,64
BRDA:181,109,0,64
BRDA:181,109,1,64
BRDA:181,110,0,64
BRDA:181,110,1,0
BRDA:181,111,0,64
BRDA:181,111,1,64
BRDA:181,112,0,0
BRDA:181,112,1,64
BRDA:181,113,0,64
BRDA:181,113,1,64
BRDA:186,114,0,64
BRDA:186,114,1,46
BRDA:186,114,2,46
BRDA:186,115,0,0
BRDA:186,115,1,64
BRDA:186,116,0,64
BRDA:186,116,1,64
BRDA:194,117,0,0
BRDA:194,117,1,0
BRDA:194,118,0,0
BRDA:194,118,1,0
BRDA:197,119,0,0
BRDA:197,119,1,0
BRDA:198,120,0,0
BRDA:198,120,1,0
BRDA:198,121,0,0
BRDA:198,121,1,0
BRDA:208,122,0,4
BRDA:208,122,1,60
BRDA:208,123,0,64
BRDA:208,123,1,5
BRDA:208,123,2,4
BRDA:208,123,3,4
BRDA:208,124,0,0
BRDA:208,124,1,64
BRDA:208,125,0,64
BRDA:208,125,1,64
BRDA:208,126,0,0
BRDA:208,126,1,64
BRDA:208,127,0,64
BRDA:208,127,1,64
BRDA:208,128,0,0
BRDA:208,128,1,64
BRDA:208,129,0,64
BRDA:208,129,1,64
BRDA:209,130,0,0
BRDA:209,130,1,5
BRDA:209,131,0,5
BRDA:209,131,1,5
BRDA:210,132,0,0
BRDA:210,132,1,4
BRDA:210,133,0,4
BRDA:210,133,1,4
BRDA:211,134,0,0
BRDA:211,134,1,64
BRDA:211,135,0,64
BRDA:211,135,1,64
BRDA:211,136,0,0
BRDA:211,136,1,64
BRDA:211,137,0,64
BRDA:211,137,1,64
BRDA:219,138,0,64
BRDA:219,138,1,64
BRDA:219,139,0,0
BRDA:219,139,1,64
BRDA:219,140,0,64
BRDA:219,140,1,64
BRDA:219,141,0,64
BRDA:219,141,1,64
BRDA:219,142,0,0
BRDA:219,142,1,64
BRDA:219,143,0,64
BRDA:219,143,1,64
BRDA:219,144,0,64
BRDA:219,144,1,0
BRDA:219,145,0,64
BRDA:219,145,1,64
BRDA:219,146,0,0
BRDA:219,146,1,64
BRDA:219,147,0,64
BRDA:219,147,1,64
BRDA:219,148,0,0
BRDA:219,148,1,64
BRDA:219,149,0,64
BRDA:219,149,1,64
BRDA:219,150,0,0
BRDA:219,150,1,64
BRDA:221,151,0,0
BRDA:221,151,1,0
BRDA:221,152,0,0
BRDA:221,152,1,0
BRF:314
BRH:169
end_of_record
TN:
SF:lib\MuiTheme.js
FN:1,(anonymous_0)
FN:2,(anonymous_1)
FN:17,(anonymous_2)
FNF:3
FNH:1
FNDA:0,(anonymous_0)
FNDA:0,(anonymous_1)
FNDA:120,(anonymous_2)
DA:1,2
DA:2,0
DA:3,0
DA:4,0
DA:5,0
DA:6,0
DA:8,0
DA:10,0
DA:17,2
DA:18,120
DA:19,120
DA:21,2
DA:78,2
LF:13
LH:6
BRDA:1,0,0,2
BRDA:1,0,1,0
BRDA:1,0,2,2
BRDA:2,1,0,0
BRDA:2,1,1,0
BRDA:5,2,0,0
BRDA:5,2,1,0
BRDA:19,3,0,0
BRDA:19,3,1,120
BRF:9
BRH:3
end_of_record
TN:
SF:lib\index.js
FNF:0
FNH:0
LF:0
LH:0
BRF:0
BRH:0
end_of_record
TN:
SF:lib\Canvas\CText.js
FN:4,(anonymous_0)
FN:6,(anonymous_1)
FNF:2
FNH:2
FNDA:265,(anonymous_0)
FNDA:302,(anonymous_1)
DA:4,2
DA:5,265
DA:6,265
DA:7,302
DA:8,302
DA:9,302
DA:10,302
DA:11,302
DA:12,302
DA:16,302
DA:18,265
DA:20,2
LF:12
LH:12
BRDA:8,0,0,302
BRDA:8,0,1,0
BRDA:8,1,0,302
BRDA:8,1,1,302
BRDA:8,2,0,302
BRDA:8,2,1,0
BRDA:8,3,0,302
BRDA:8,3,1,302
BRDA:9,4,0,302
BRDA:9,4,1,0
BRDA:9,5,0,302
BRDA:9,5,1,302
BRDA:10,6,0,302
BRDA:10,6,1,0
BRDA:10,7,0,302
BRDA:10,7,1,302
BRDA:11,8,0,302
BRDA:11,8,1,0
BRDA:11,9,0,302
BRDA:11,9,1,302
BRF:20
BRH:15
end_of_record
TN:
SF:lib\Canvas\Crosshair.js
FN:9,(anonymous_0)
FN:27,(anonymous_1)
FN:35,(anonymous_2)
FN:50,(anonymous_3)
FN:52,(anonymous_4)
FNF:5
FNH:2
FNDA:4,(anonymous_0)
FNDA:4,(anonymous_1)
FNDA:0,(anonymous_2)
FNDA:0,(anonymous_3)
FNDA:0,(anonymous_4)
DA:9,2
DA:11,4
DA:12,4
DA:13,4
DA:14,4
DA:15,4
DA:16,4
DA:17,4
DA:18,4
DA:19,4
DA:20,4
DA:21,4
DA:22,4
DA:27,4
DA:28,4
DA:29,4
DA:30,4
DA:37,0
DA:38,0
DA:39,0
DA:40,0
DA:41,0
DA:44,4
DA:52,0
DA:56,4
DA:63,4
DA:72,4
DA:80,4
DA:98,2
LF:29
LH:23
BRDA:19,0,0,0
BRDA:19,0,1,4
BRDA:19,1,0,4
BRDA:19,1,1,4
BRDA:20,2,0,4
BRDA:20,2,1,0
BRDA:21,3,0,4
BRDA:21,3,1,0
BRDA:22,4,0,4
BRDA:22,4,1,4
BRDA:22,4,2,4
BRDA:22,4,3,4
BRDA:22,4,4,0
BRDA:25,5,0,0
BRDA:25,5,1,4
BRDA:25,6,0,4
BRDA:25,6,1,4
BRDA:25,7,0,0
BRDA:25,7,1,4
BRDA:25,8,0,4
BRDA:25,8,1,4
BRDA:25,9,0,0
BRDA:25,9,1,4
BRDA:25,10,0,4
BRDA:25,10,1,4
BRDA:25,11,0,0
BRDA:25,11,1,4
BRDA:25,12,0,4
BRDA:25,12,1,4
BRDA:25,13,0,0
BRDA:25,13,1,4
BRDA:25,14,0,4
BRDA:25,14,1,4
BRDA:27,15,0,0
BRDA:27,15,1,4
BRDA:27,16,0,4
BRDA:27,16,1,4
BRDA:28,17,0,4
BRDA:28,17,1,0
BRDA:28,18,0,4
BRDA:28,18,1,0
BRDA:28,18,2,0
BRDA:28,18,3,4
BRDA:28,19,0,0
BRDA:28,19,1,0
BRDA:28,20,0,0
BRDA:28,20,1,0
BRDA:28,21,0,0
BRDA:28,21,1,0
BRDA:28,22,0,0
BRDA:28,22,1,0
BRDA:29,23,0,4
BRDA:29,23,1,0
BRDA:29,24,0,0
BRDA:29,24,1,4
BRDA:29,25,0,4
BRDA:29,25,1,4
BRDA:30,26,0,4
BRDA:30,26,1,0
BRDA:32,27,0,0
BRDA:32,27,1,0
BRDA:32,28,0,0
BRDA:32,28,1,0
BRDA:32,28,2,0
BRDA:33,29,0,0
BRDA:33,29,1,0
BRDA:33,30,0,0
BRDA:33,30,1,0
BRDA:33,31,0,0
BRDA:33,31,1,0
BRDA:33,32,0,0
BRDA:33,32,1,0
BRDA:33,33,0,0
BRDA:33,33,1,0
BRDA:33,34,0,0
BRDA:33,34,1,0
BRDA:34,35,0,0
BRDA:34,35,1,0
BRDA:34,36,0,0
BRDA:34,36,1,0
BRDA:34,37,0,0
BRDA:34,37,1,0
BRDA:34,38,0,0
BRDA:34,38,1,0
BRDA:37,39,0,0
BRDA:37,39,1,0
BRDA:37,40,0,0
BRDA:37,40,1,0
BRDA:37,41,0,0
BRDA:37,41,1,0
BRDA:37,42,0,0
BRDA:37,42,1,0
BRDA:37,43,0,0
BRDA:37,43,1,0
BRDA:37,44,0,0
BRDA:37,44,1,0
BRDA:37,45,0,0
BRDA:37,45,1,0
BRDA:37,46,0,0
BRDA:37,46,1,0
BRDA:39,47,0,0
BRDA:39,47,1,0
BRDA:39,48,0,0
BRDA:39,48,1,0
BRDA:44,49,0,0
BRDA:44,49,1,4
BRDA:44,50,0,4
BRDA:44,50,1,0
BRDA:44,50,2,0
BRDA:44,50,3,0
BRDA:44,50,4,0
BRDA:45,51,0,0
BRDA:45,51,1,0
BRDA:45,52,0,0
BRDA:45,52,1,0
BRDA:45,53,0,0
BRDA:45,53,1,0
BRDA:45,54,0,0
BRDA:45,54,1,0
BRDA:45,55,0,0
BRDA:45,55,1,0
BRDA:45,56,0,0
BRDA:45,56,1,0
BRDA:52,57,0,0
BRDA:52,57,1,0
BRDA:52,58,0,0
BRDA:52,58,1,0
BRDA:52,59,0,0
BRDA:52,59,1,0
BRDA:52,60,0,0
BRDA:52,60,1,0
BRDA:52,61,0,0
BRDA:52,61,1,0
BRDA:52,62,0,0
BRDA:52,62,1,0
BRDA:52,63,0,0
BRDA:52,63,1,0
BRDA:52,64,0,0
BRDA:52,64,1,0
BRDA:56,65,0,0
BRDA:56,65,1,4
BRDA:56,66,0,0
BRDA:56,66,1,4
BRDA:56,67,0,4
BRDA:56,67,1,4
BRDA:58,68,0,0
BRDA:58,68,1,4
BRDA:58,69,0,4
BRDA:58,69,1,0
BRDA:60,70,0,4
BRDA:60,70,1,0
BRDA:63,71,0,0
BRDA:63,71,1,4
BRDA:63,72,0,4
BRDA:63,72,1,0
BRDA:63,73,0,0
BRDA:63,73,1,4
BRDA:63,74,0,4
BRDA:63,74,1,4
BRDA:65,75,0,0
BRDA:65,75,1,4
BRDA:65,76,0,4
BRDA:65,76,1,0
BRDA:67,77,0,4
BRDA:67,77,1,0
BRDA:67,78,0,0
BRDA:67,78,1,4
BRDA:67,79,0,4
BRDA:67,79,1,4
BRDA:69,80,0,0
BRDA:69,80,1,0
BRDA:69,81,0,0
BRDA:69,81,1,0
BRDA:72,82,0,0
BRDA:72,82,1,4
BRDA:72,83,0,4
BRDA:72,83,1,4
BRDA:72,83,2,4
BRDA:72,83,3,0
BRDA:72,83,4,0
BRDA:75,84,0,0
BRDA:75,84,1,0
BRDA:75,85,0,0
BRDA:75,85,1,0
BRDA:80,86,0,4
BRDA:80,86,1,0
BRDA:80,87,0,4
BRDA:80,87,1,4
BRDA:81,88,0,4
BRDA:81,88,1,0
BRDA:94,89,0,4
BRDA:94,89,1,0
BRDA:94,90,0,4
BRDA:94,90,1,4
BRDA:94,91,0,4
BRDA:94,91,1,0
BRDA:94,92,0,4
BRDA:94,92,1,4
BRDA:94,93,0,0
BRDA:94,93,1,4
BRDA:94,94,0,4
BRDA:94,94,1,4
BRDA:94,95,0,4
BRDA:94,95,1,0
BRDA:94,96,0,4
BRDA:94,96,1,4
BRDA:94,97,0,0
BRDA:94,97,1,4
BRDA:94,98,0,4
BRDA:94,98,1,4
BRF:210
BRH:78
end_of_record
TN:
SF:lib\Canvas\Marker.js
FN:7,(anonymous_0)
FNF:1
FNH:1
FNDA:64,(anonymous_0)
DA:7,2
DA:9,64
DA:10,64
DA:11,64
DA:12,64
DA:13,64
DA:14,0
DA:15,0
DA:16,0
DA:17,0
DA:18,0
DA:23,0
DA:28,0
DA:29,0
DA:30,0
DA:50,2
LF:16
LH:7
BRDA:10,0,0,64
BRDA:10,0,1,0
BRDA:10,1,0,64
BRDA:10,1,1,64
BRDA:10,2,0,64
BRDA:10,2,1,0
BRDA:10,3,0,64
BRDA:10,3,1,64
BRDA:10,4,0,0
BRDA:10,4,1,64
BRDA:10,5,0,64
BRDA:10,5,1,64
BRDA:10,6,0,0
BRDA:10,6,1,0
BRDA:10,7,0,0
BRDA:10,7,1,0
BRDA:10,8,0,0
BRDA:10,8,1,0
BRDA:10,9,0,0
BRDA:10,9,1,0
BRDA:10,10,0,0
BRDA:10,10,1,0
BRDA:10,11,0,0
BRDA:10,11,1,0
BRDA:11,12,0,64
BRDA:11,12,1,0
BRDA:11,13,0,64
BRDA:11,13,1,64
BRDA:11,14,0,64
BRDA:11,14,1,0
BRDA:11,15,0,64
BRDA:11,15,1,64
BRDA:11,16,0,0
BRDA:11,16,1,64
BRDA:11,17,0,64
BRDA:11,17,1,64
BRDA:11,18,0,0
BRDA:11,18,1,0
BRDA:11,19,0,0
BRDA:11,19,1,0
BRDA:11,20,0,0
BRDA:11,20,1,0
BRDA:11,21,0,0
BRDA:11,21,1,0
BRDA:11,22,0,0
BRDA:11,22,1,0
BRDA:11,23,0,0
BRDA:11,23,1,0
BRDA:12,24,0,64
BRDA:12,24,1,0
BRDA:12,25,0,64
BRDA:12,25,1,64
BRDA:12,25,2,0
BRDA:16,26,0,0
BRDA:16,26,1,0
BRDA:16,27,0,0
BRDA:16,27,1,0
BRDA:18,28,0,0
BRDA:18,28,1,0
BRDA:18,29,0,0
BRDA:18,29,1,0
BRDA:19,30,0,0
BRDA:19,30,1,0
BRDA:19,31,0,0
BRDA:19,31,1,0
BRDA:19,32,0,0
BRDA:19,32,1,0
BRDA:19,33,0,0
BRDA:19,33,1,0
BRDA:20,34,0,0
BRDA:20,34,1,0
BRDA:21,35,0,0
BRDA:21,35,1,0
BRDA:21,36,0,0
BRDA:21,36,1,0
BRDA:21,37,0,0
BRDA:21,37,1,0
BRDA:21,38,0,0
BRDA:21,38,1,0
BRDA:21,39,0,0
BRDA:21,39,1,0
BRDA:21,40,0,0
BRDA:21,40,1,0
BRDA:21,41,0,0
BRDA:21,41,1,0
BRDA:21,42,0,0
BRDA:21,42,1,0
BRDA:23,43,0,0
BRDA:23,43,1,0
BRDA:24,44,0,0
BRDA:24,44,1,0
BRDA:24,45,0,0
BRDA:24,45,1,0
BRDA:25,46,0,0
BRDA:25,46,1,0
BRDA:26,47,0,0
BRDA:26,47,1,0
BRDA:26,48,0,0
BRDA:26,48,1,0
BRDA:26,49,0,0
BRDA:26,49,1,0
BRDA:26,50,0,0
BRDA:26,50,1,0
BRDA:26,51,0,0
BRDA:26,51,1,0
BRDA:26,52,0,0
BRDA:26,52,1,0
BRDA:28,53,0,0
BRDA:28,53,1,0
BRDA:28,54,0,0
BRDA:28,54,1,0
BRDA:48,55,0,0
BRDA:48,55,1,0
BRDA:48,56,0,0
BRDA:48,56,1,0
BRF:115
BRH:21
end_of_record
TN:
SF:lib\Canvas\Xaxis.js
FN:5,(anonymous_0)
FN:9,(anonymous_1)
FNF:2
FNH:2
FNDA:51,(anonymous_0)
FNDA:67,(anonymous_1)
DA:5,2
DA:6,51
DA:7,51
DA:9,51
DA:10,67
DA:13,2
LF:6
LH:6
BRDA:10,0,0,63
BRDA:10,0,1,4
BRF:2
BRH:2
end_of_record
TN:
SF:lib\Canvas\Yaxis.js
FN:5,(anonymous_0)
FN:9,(anonymous_1)
FN:10,(anonymous_2)
FN:14,(anonymous_3)
FNF:4
FNH:4
FNDA:57,(anonymous_0)
FNDA:118,(anonymous_1)
FNDA:118,(anonymous_2)
FNDA:336,(anonymous_3)
DA:5,2
DA:6,57
DA:7,57
DA:9,57
DA:10,118
DA:12,118
DA:13,118
DA:14,118
DA:15,336
DA:20,2
LF:10
LH:10
BRDA:12,0,0,38
BRDA:12,0,1,80
BRDA:12,1,0,118
BRDA:12,1,1,118
BRDA:12,2,0,38
BRDA:12,2,1,80
BRDA:12,3,0,118
BRDA:12,3,1,118
BRDA:12,4,0,0
BRDA:12,4,1,118
BRDA:12,5,0,118
BRDA:12,5,1,118
BRDA:13,6,0,80
BRDA:13,6,1,38
BRDA:13,7,0,118
BRDA:13,7,1,118
BRDA:13,8,0,38
BRDA:13,8,1,80
BRDA:13,9,0,118
BRDA:13,9,1,118
BRDA:15,10,0,318
BRDA:15,10,1,18
BRF:22
BRH:21
end_of_record
TN:
SF:lib\Canvas\index.js
FNF:0
FNH:0
LF:0
LH:0
BRF:0
BRH:0
end_of_record
TN:
SF:lib\Canvas\Charts\CBarChart.js
FN:5,(anonymous_0)
FN:11,(anonymous_1)
FN:16,(anonymous_2)
FN:26,(anonymous_3)
FNF:4
FNH:0
FNDA:0,(anonymous_0)
FNDA:0,(anonymous_1)
FNDA:0,(anonymous_2)
FNDA:0,(anonymous_3)
DA:5,2
DA:7,0
DA:8,0
DA:9,0
DA:10,0
DA:11,0
DA:12,0
DA:13,0
DA:15,0
DA:18,0
DA:19,0
DA:20,0
DA:21,0
DA:22,0
DA:23,0
DA:24,0
DA:26,0
DA:28,2
LF:18
LH:2
BRDA:9,0,0,0
BRDA:9,0,1,0
BRDA:9,1,0,0
BRDA:9,1,1,0
BRDA:9,2,0,0
BRDA:9,2,1,0
BRDA:9,3,0,0
BRDA:9,3,1,0
BRDA:9,4,0,0
BRDA:9,4,1,0
BRDA:9,5,0,0
BRDA:9,5,1,0
BRDA:10,6,0,0
BRDA:10,6,1,0
BRDA:10,7,0,0
BRDA:10,7,1,0
BRDA:10,8,0,0
BRDA:10,8,1,0
BRDA:10,9,0,0
BRDA:10,9,1,0
BRDA:11,10,0,0
BRDA:11,10,1,0
BRDA:11,11,0,0
BRDA:11,11,1,0
BRDA:11,12,0,0
BRDA:11,12,1,0
BRDA:11,13,0,0
BRDA:11,13,1,0
BRDA:11,14,0,0
BRDA:11,14,1,0
BRDA:11,15,0,0
BRDA:11,15,1,0
BRDA:12,16,0,0
BRDA:12,16,1,0
BRDA:12,17,0,0
BRDA:12,17,1,0
BRDA:18,18,0,0
BRDA:18,18,1,0
BRDA:21,19,0,0
BRDA:21,19,1,0
BRDA:21,20,0,0
BRDA:21,20,1,0
BRDA:22,21,0,0
BRDA:22,21,1,0
BRDA:22,22,0,0
BRDA:22,22,1,0
BRDA:22,23,0,0
BRDA:22,23,1,0
BRDA:22,24,0,0
BRDA:22,24,1,0
BRDA:22,25,0,0
BRDA:22,25,1,0
BRDA:22,26,0,0
BRDA:22,26,1,0
BRDA:24,27,0,0
BRDA:24,27,1,0
BRDA:24,28,0,0
BRDA:24,28,1,0
BRDA:24,29,0,0
BRDA:24,29,1,0
BRF:60
BRH:0
end_of_record
TN:
SF:lib\Canvas\Charts\CCandleChart.js
FN:5,(anonymous_0)
FN:11,(anonymous_1)
FN:12,(anonymous_2)
FN:15,(anonymous_3)
FNF:4
FNH:4
FNDA:106,(anonymous_0)
FNDA:96,(anonymous_1)
FNDA:42,(anonymous_2)
FNDA:3088,(anonymous_3)
DA:5,2
DA:7,106
DA:8,106
DA:9,106
DA:10,106
DA:11,106
DA:12,106
DA:13,106
DA:14,0
DA:15,106
DA:16,3088
DA:17,3088
DA:18,0
DA:19,3088
DA:20,3088
DA:21,3088
DA:22,3088
DA:29,2
LF:18
LH:16
BRDA:7,0,0,0
BRDA:7,0,1,106
BRDA:7,1,0,0
BRDA:7,1,1,106
BRDA:7,2,0,0
BRDA:7,2,1,106
BRDA:8,3,0,0
BRDA:8,3,1,106
BRDA:8,4,0,106
BRDA:8,4,1,106
BRDA:8,5,0,0
BRDA:8,5,1,106
BRDA:8,6,0,106
BRDA:8,6,1,106
BRDA:8,7,0,0
BRDA:8,7,1,106
BRDA:8,8,0,106
BRDA:8,8,1,106
BRDA:9,9,0,0
BRDA:9,9,1,106
BRDA:9,10,0,106
BRDA:9,10,1,106
BRDA:10,11,0,36
BRDA:10,11,1,70
BRDA:10,12,0,106
BRDA:10,12,1,106
BRDA:10,13,0,36
BRDA:10,13,1,70
BRDA:10,14,0,106
BRDA:10,14,1,106
BRDA:10,15,0,36
BRDA:10,15,1,70
BRDA:10,16,0,106
BRDA:10,16,1,106
BRDA:10,17,0,36
BRDA:10,17,1,70
BRDA:10,18,0,106
BRDA:10,18,1,106
BRDA:10,19,0,0
BRDA:10,19,1,106
BRDA:10,20,0,106
BRDA:10,20,1,106
BRDA:11,21,0,0
BRDA:11,21,1,96
BRDA:11,22,0,60
BRDA:11,22,1,36
BRDA:11,23,0,36
BRDA:11,23,1,60
BRDA:11,24,0,96
BRDA:11,24,1,96
BRDA:11,25,0,36
BRDA:11,25,1,70
BRDA:11,26,0,106
BRDA:11,26,1,106
BRDA:12,27,0,42
BRDA:12,27,1,0
BRDA:12,28,0,0
BRDA:12,28,1,42
BRDA:12,29,0,42
BRDA:12,29,1,42
BRDA:13,30,0,0
BRDA:13,30,1,106
BRDA:13,31,0,106
BRDA:13,31,1,106
BRDA:13,31,2,106
BRDA:17,32,0,0
BRDA:17,32,1,3088
BRDA:23,33,0,3088
BRDA:23,33,1,0
BRDA:23,34,0,3088
BRDA:23,34,1,0
BRDA:24,35,0,1384
BRDA:24,35,1,1704
BRDA:25,36,0,0
BRDA:25,36,1,0
BRF:75
BRH:58
end_of_record
TN:
SF:lib\Canvas\Charts\CLineChart.js
FN:6,(anonymous_0)
FN:14,(anonymous_1)
FN:28,(anonymous_2)
FNF:3
FNH:3
FNDA:275,(anonymous_0)
FNDA:8002,(anonymous_1)
FNDA:12863,(anonymous_2)
DA:6,2
DA:8,275
DA:9,275
DA:10,275
DA:11,275
DA:12,275
DA:16,8002
DA:17,0
DA:18,8002
DA:23,8002
DA:24,3141
DA:25,4861
DA:28,12863
DA:106,275
DA:108,2
LF:15
LH:14
BRDA:8,0,0,4
BRDA:8,0,1,271
BRDA:10,1,0,92
BRDA:10,1,1,183
BRDA:10,2,0,275
BRDA:10,2,1,275
BRDA:10,3,0,92
BRDA:10,3,1,183
BRDA:10,4,0,275
BRDA:10,4,1,275
BRDA:10,5,0,92
BRDA:10,5,1,183
BRDA:10,6,0,275
BRDA:10,6,1,275
BRDA:10,7,0,92
BRDA:10,7,1,183
BRDA:10,8,0,275
BRDA:10,8,1,275
BRDA:10,9,0,0
BRDA:10,9,1,275
BRDA:10,10,0,275
BRDA:10,10,1,275
BRDA:11,11,0,0
BRDA:11,11,1,275
BRDA:11,12,0,94
BRDA:11,12,1,181
BRDA:11,13,0,275
BRDA:11,13,1,275
BRDA:12,14,0,181
BRDA:12,14,1,94
BRDA:16,15,0,0
BRDA:16,15,1,8002
BRDA:18,16,0,7814
BRDA:18,16,1,188
BRDA:19,17,0,0
BRDA:19,17,1,7814
BRDA:19,18,0,7814
BRDA:19,18,1,7814
BRDA:20,19,0,188
BRDA:20,19,1,0
BRDA:23,20,0,3141
BRDA:23,20,1,4861
BRDA:106,21,0,109
BRDA:106,21,1,166
BRDA:106,22,0,0
BRDA:106,22,1,275
BRDA:106,23,0,275
BRDA:106,23,1,275
BRDA:106,24,0,105
BRDA:106,24,1,4
BRF:50
BRH:44
end_of_record
TN:
SF:lib\Canvas\Charts\DefaultCharts.js
FNF:0
FNH:0
DA:4,2
LF:1
LH:1
BRF:0
BRH:0
end_of_record
TN:
SF:lib\ChartState\Defaults.js
FN:1,(anonymous_0)
FN:2,(anonymous_1)
FN:12,(anonymous_2)
FN:30,(anonymous_3)
FN:39,(anonymous_4)
FN:168,(anonymous_5)
FN:174,(anonymous_6)
FN:186,(anonymous_7)
FN:220,(anonymous_8)
FN:220,(anonymous_9)
FN:227,(anonymous_10)
FN:228,(anonymous_11)
FN:231,(anonymous_12)
FN:233,(anonymous_13)
FN:233,(anonymous_14)
FN:241,(anonymous_15)
FN:254,(anonymous_16)
FNF:17
FNH:16
FNDA:4,(anonymous_0)
FNDA:0,(anonymous_1)
FNDA:73,(anonymous_2)
FNDA:3,(anonymous_3)
FNDA:3,(anonymous_4)
FNDA:18,(anonymous_5)
FNDA:73,(anonymous_6)
FNDA:54,(anonymous_7)
FNDA:73,(anonymous_8)
FNDA:55,(anonymous_9)
FNDA:73,(anonymous_10)
FNDA:37,(anonymous_11)
FNDA:37,(anonymous_12)
FNDA:151,(anonymous_13)
FNDA:73,(anonymous_14)
FNDA:19,(anonymous_15)
FNDA:121,(anonymous_16)
DA:1,2
DA:2,4
DA:3,0
DA:4,0
DA:5,0
DA:6,0
DA:8,0
DA:10,4
DA:12,2
DA:13,73
DA:14,529
DA:15,310
DA:16,73
DA:17,73
DA:18,0
DA:19,0
DA:21,73
DA:27,2
DA:28,2
DA:29,2
DA:30,3
DA:31,2
DA:37,2
DA:38,2
DA:39,2
DA:40,3
DA:41,3
DA:46,0
DA:49,2
DA:56,2
DA:73,2
DA:78,2
DA:91,2
DA:106,2
DA:155,2
DA:156,2
DA:167,2
DA:168,2
DA:169,18
DA:170,0
DA:171,18
DA:172,18
DA:173,18
DA:176,73
DA:179,37
DA:180,37
DA:183,36
DA:185,73
DA:186,54
DA:187,18
DA:198,55
DA:199,55
DA:218,0
DA:220,73
DA:221,55
DA:227,73
DA:228,37
DA:231,37
DA:233,151
DA:234,73
DA:235,73
DA:239,18
DA:241,2
DA:245,19
DA:246,19
DA:247,19
DA:248,19
DA:251,19
DA:252,19
DA:254,2
DA:255,121
LF:71
LH:61
BRDA:1,0,0,2
BRDA:1,0,1,0
BRDA:1,0,2,2
BRDA:2,1,0,4
BRDA:2,1,1,0
BRDA:5,2,0,0
BRDA:5,2,1,0
BRDA:12,3,0,2
BRDA:12,3,1,0
BRDA:12,3,2,2
BRDA:14,4,0,310
BRDA:14,4,1,219
BRDA:14,5,0,529
BRDA:14,5,1,529
BRDA:16,6,0,73
BRDA:16,6,1,0
BRDA:16,7,0,73
BRDA:16,7,1,73
BRDA:18,8,0,0
BRDA:18,8,1,0
BRDA:18,9,0,0
BRDA:18,9,1,0
BRDA:27,10,0,2
BRDA:27,10,1,0
BRDA:27,11,0,0
BRDA:27,11,1,2
BRDA:27,12,0,2
BRDA:27,12,1,2
BRDA:27,13,0,0
BRDA:27,13,1,2
BRDA:27,14,0,2
BRDA:27,14,1,2
BRDA:27,15,0,0
BRDA:27,15,1,2
BRDA:27,16,0,2
BRDA:27,16,1,2
BRDA:40,17,0,3
BRDA:40,17,1,0
BRDA:41,18,0,3
BRDA:41,18,1,0
BRDA:41,19,0,3
BRDA:41,19,1,3
BRDA:42,20,0,3
BRDA:42,20,1,0
BRDA:42,21,0,1
BRDA:42,21,1,2
BRDA:42,22,0,3
BRDA:42,22,1,3
BRDA:43,23,0,0
BRDA:43,23,1,0
BRDA:46,24,0,0
BRDA:46,24,1,0
BRDA:46,25,0,0
BRDA:46,25,1,0
BRDA:46,26,0,0
BRDA:46,26,1,0
BRDA:169,27,0,0
BRDA:169,27,1,18
BRDA:176,28,0,37
BRDA:176,28,1,36
BRDA:176,29,0,73
BRDA:176,29,1,55
BRDA:176,29,2,55
BRDA:176,29,3,55
BRDA:176,29,4,55
BRDA:177,30,0,19
BRDA:177,30,1,36
BRDA:177,31,0,55
BRDA:177,31,1,55
BRDA:177,32,0,0
BRDA:177,32,1,55
BRDA:177,33,0,55
BRDA:177,33,1,55
BRDA:185,34,0,18
BRDA:185,34,1,55
BRDA:186,35,0,0
BRDA:186,35,1,18
BRDA:186,36,0,18
BRDA:186,36,1,18
BRDA:186,37,0,54
BRDA:186,37,1,0
BRDA:186,38,0,54
BRDA:186,38,1,54
BRDA:186,39,0,0
BRDA:186,39,1,54
BRDA:186,40,0,54
BRDA:186,40,1,54
BRDA:192,41,0,18
BRDA:192,41,1,0
BRDA:192,42,0,18
BRDA:192,42,1,0
BRDA:192,43,0,18
BRDA:192,43,1,18
BRDA:192,44,0,0
BRDA:192,44,1,18
BRDA:192,45,0,18
BRDA:192,45,1,18
BRDA:193,46,0,0
BRDA:193,46,1,18
BRDA:193,47,0,18
BRDA:193,47,1,18
BRDA:193,48,0,18
BRDA:193,48,1,0
BRDA:193,49,0,18
BRDA:193,49,1,18
BRDA:193,50,0,0
BRDA:193,50,1,18
BRDA:193,51,0,18
BRDA:193,51,1,18
BRDA:195,52,0,0
BRDA:195,52,1,18
BRDA:195,53,0,18
BRDA:195,53,1,18
BRDA:195,54,0,18
BRDA:195,54,1,0
BRDA:195,55,0,18
BRDA:195,55,1,18
BRDA:195,56,0,0
BRDA:195,56,1,18
BRDA:195,57,0,18
BRDA:195,57,1,18
BRDA:198,58,0,55
BRDA:198,58,1,0
BRDA:200,59,0,55
BRDA:200,59,1,0
BRDA:200,60,0,55
BRDA:200,60,1,55
BRDA:204,61,0,36
BRDA:204,61,1,19
BRDA:204,62,0,19
BRDA:204,62,1,36
BRDA:204,63,0,55
BRDA:204,63,1,55
BRDA:204,64,0,19
BRDA:204,64,1,36
BRDA:204,65,0,55
BRDA:204,65,1,55
BRDA:204,66,0,0
BRDA:204,66,1,55
BRDA:204,67,0,55
BRDA:204,67,1,55
BRDA:206,68,0,19
BRDA:206,68,1,0
BRDA:208,69,0,0
BRDA:208,69,1,0
BRDA:212,70,0,0
BRDA:212,70,1,55
BRDA:212,71,0,55
BRDA:212,71,1,55
BRDA:212,72,0,19
BRDA:212,72,1,36
BRDA:212,73,0,55
BRDA:212,73,1,55
BRDA:212,74,0,0
BRDA:212,74,1,55
BRDA:212,75,0,55
BRDA:212,75,1,55
BRDA:214,76,0,0
BRDA:214,76,1,55
BRDA:214,77,0,55
BRDA:214,77,1,55
BRDA:214,78,0,19
BRDA:214,78,1,36
BRDA:214,79,0,55
BRDA:214,79,1,55
BRDA:214,80,0,0
BRDA:214,80,1,55
BRDA:214,81,0,55
BRDA:214,81,1,55
BRDA:221,82,0,19
BRDA:221,82,1,36
BRDA:221,83,0,55
BRDA:221,83,1,55
BRDA:221,83,2,55
BRDA:223,84,0,36
BRDA:223,84,1,0
BRDA:223,85,0,36
BRDA:223,85,1,36
BRDA:223,85,2,36
BRDA:227,86,0,0
BRDA:227,86,1,18
BRDA:227,87,0,18
BRDA:227,87,1,18
BRDA:233,88,0,0
BRDA:233,88,1,37
BRDA:233,89,0,37
BRDA:233,89,1,37
BRDA:245,90,0,0
BRDA:245,90,1,19
BRDA:245,91,0,19
BRDA:245,91,1,19
BRDA:245,92,0,0
BRDA:245,92,1,19
BRDA:245,93,0,19
BRDA:245,93,1,19
BRDA:246,94,0,19
BRDA:246,94,1,19
BRDA:246,94,2,19
BRDA:246,95,0,0
BRDA:246,95,1,19
BRDA:246,96,0,19
BRDA:246,96,1,19
BRDA:246,97,0,0
BRDA:246,97,1,19
BRDA:246,98,0,19
BRDA:246,98,1,19
BRDA:247,99,0,19
BRDA:247,99,1,0
BRDA:248,100,0,0
BRDA:248,100,1,19
BRDA:251,101,0,0
BRDA:251,101,1,19
BRDA:251,102,0,19
BRDA:251,102,1,19
BRDA:251,103,0,0
BRDA:251,103,1,19
BRDA:251,104,0,19
BRDA:251,104,1,19
BRDA:251,105,0,0
BRDA:251,105,1,19
BRDA:251,106,0,19
BRDA:251,106,1,19
BRDA:251,107,0,0
BRDA:251,107,1,19
BRDA:251,108,0,19
BRDA:251,108,1,19
BRDA:251,109,0,0
BRDA:251,109,1,19
BRDA:251,110,0,19
BRDA:251,110,1,19
BRF:230
BRH:167
end_of_record
TN:
SF:lib\ChartState\Reducer.js
FN:1,(anonymous_0)
FN:2,(anonymous_1)
FN:12,(anonymous_2)
FN:23,(anonymous_3)
FN:61,(anonymous_4)
FN:63,(anonymous_5)
FN:70,(anonymous_6)
FN:76,(anonymous_7)
FN:79,(anonymous_8)
FN:83,(anonymous_9)
FN:86,(anonymous_10)
FNF:11
FNH:6
FNDA:2,(anonymous_0)
FNDA:0,(anonymous_1)
FNDA:1,(anonymous_2)
FNDA:0,(anonymous_3)
FNDA:19,(anonymous_4)
FNDA:182,(anonymous_5)
FNDA:1,(anonymous_6)
FNDA:0,(anonymous_7)
FNDA:0,(anonymous_8)
FNDA:0,(anonymous_9)
FNDA:123,(anonymous_10)
DA:1,2
DA:2,2
DA:3,0
DA:4,0
DA:5,0
DA:6,0
DA:8,0
DA:10,2
DA:12,2
DA:13,1
DA:14,9
DA:15,8
DA:16,1
DA:17,1
DA:18,0
DA:19,0
DA:21,1
DA:23,2
DA:24,0
DA:25,0
DA:26,0
DA:27,0
DA:30,0
DA:41,2
DA:61,2
DA:62,19
DA:63,182
DA:64,19
DA:65,0
DA:66,19
DA:67,19
DA:68,19
DA:70,2
DA:71,1
DA:72,1
DA:73,1
DA:74,1
DA:76,2
DA:77,0
DA:79,2
DA:80,0
DA:81,0
DA:83,2
DA:84,0
DA:86,2
DA:88,123
DA:89,19
DA:91,104
DA:92,0
DA:94,104
DA:95,1
DA:98,103
DA:99,0
DA:101,103
DA:102,0
DA:104,103
DA:105,18
DA:108,85
DA:109,1
DA:111,84
DA:112,1
DA:114,83
DA:115,1
DA:117,82
DA:118,1
DA:120,81
DA:121,0
DA:123,81
DA:124,7
DA:126,74
DA:127,1
DA:129,73
DA:130,0
DA:133,73
DA:134,0
DA:136,73
DA:137,73
DA:139,0
DA:140,0
DA:142,0
DA:143,0
DA:144,0
DA:145,0
DA:146,0
LF:84
LH:54
BRDA:1,0,0,2
BRDA:1,0,1,0
BRDA:1,0,2,2
BRDA:2,1,0,2
BRDA:2,1,1,0
BRDA:5,2,0,0
BRDA:5,2,1,0
BRDA:12,3,0,2
BRDA:12,3,1,0
BRDA:12,3,2,2
BRDA:14,4,0,8
BRDA:14,4,1,1
BRDA:14,5,0,9
BRDA:14,5,1,9
BRDA:16,6,0,1
BRDA:16,6,1,0
BRDA:16,7,0,1
BRDA:16,7,1,1
BRDA:18,8,0,0
BRDA:18,8,1,0
BRDA:18,9,0,0
BRDA:18,9,1,0
BRDA:23,10,0,2
BRDA:23,10,1,0
BRDA:23,10,2,2
BRDA:24,11,0,0
BRDA:24,11,1,0
BRDA:24,12,0,0
BRDA:24,12,1,0
BRDA:25,13,0,0
BRDA:25,13,1,0
BRDA:25,14,0,0
BRDA:25,14,1,0
BRDA:26,15,0,0
BRDA:26,15,1,0
BRDA:30,16,0,0
BRDA:30,16,1,0
BRDA:63,17,0,0
BRDA:63,17,1,19
BRDA:63,18,0,19
BRDA:63,18,1,19
BRDA:64,19,0,0
BRDA:64,19,1,19
BRDA:67,20,0,5
BRDA:67,20,1,14
BRDA:73,21,0,0
BRDA:73,21,1,1
BRDA:84,22,0,0
BRDA:84,22,1,0
BRDA:88,23,0,19
BRDA:88,23,1,104
BRDA:91,24,0,0
BRDA:91,24,1,104
BRDA:94,25,0,1
BRDA:94,25,1,103
BRDA:98,26,0,0
BRDA:98,26,1,103
BRDA:101,27,0,0
BRDA:101,27,1,103
BRDA:104,28,0,18
BRDA:104,28,1,85
BRDA:108,29,0,1
BRDA:108,29,1,84
BRDA:111,30,0,1
BRDA:111,30,1,83
BRDA:114,31,0,1
BRDA:114,31,1,82
BRDA:117,32,0,1
BRDA:117,32,1,81
BRDA:120,33,0,0
BRDA:120,33,1,81
BRDA:123,34,0,7
BRDA:123,34,1,74
BRDA:126,35,0,1
BRDA:126,35,1,73
BRDA:129,36,0,0
BRDA:129,36,1,73
BRDA:133,37,0,0
BRDA:133,37,1,73
BRDA:136,38,0,73
BRDA:136,38,1,0
BRDA:139,39,0,0
BRDA:139,39,1,0
BRDA:142,40,0,0
BRDA:142,40,1,0
BRDA:144,41,0,0
BRDA:144,41,1,0
BRF:87
BRH:46
end_of_record
TN:
SF:lib\ChartState\index.js
FNF:0
FNH:0
LF:0
LH:0
BRF:0
BRH:0
end_of_record
TN:
SF:lib\ChartState\useChartController.js
FN:1,(anonymous_0)
FN:2,(anonymous_1)
FN:12,(anonymous_2)
FN:23,(anonymous_3)
FN:39,(anonymous_4)
FN:43,(anonymous_5)
FN:44,(anonymous_6)
FN:67,(anonymous_7)
FN:75,(anonymous_8)
FN:76,(anonymous_9)
FN:99,(anonymous_10)
FN:110,(anonymous_11)
FNF:12
FNH:11
FNDA:4,(anonymous_0)
FNDA:0,(anonymous_1)
FNDA:121,(anonymous_2)
FNDA:18,(anonymous_3)
FNDA:121,(anonymous_4)
FNDA:19,(anonymous_5)
FNDA:19,(anonymous_6)
FNDA:134,(anonymous_7)
FNDA:46,(anonymous_8)
FNDA:76,(anonymous_9)
FNDA:46,(anonymous_10)
FNDA:62,(anonymous_11)
DA:1,2
DA:2,4
DA:3,0
DA:4,0
DA:5,0
DA:6,0
DA:8,0
DA:10,4
DA:12,2
DA:13,121
DA:14,363
DA:15,242
DA:16,121
DA:17,121
DA:18,0
DA:19,0
DA:21,121
DA:23,2
DA:24,18
DA:25,55
DA:26,0
DA:27,0
DA:30,18
DA:39,2
DA:40,121
DA:41,121
DA:42,121
DA:43,121
DA:44,121
DA:48,121
DA:49,121
DA:50,121
DA:51,121
DA:52,121
DA:55,121
DA:59,121
DA:60,0
DA:65,121
DA:66,121
DA:67,134
DA:72,121
DA:73,43
DA:75,121
DA:76,46
DA:77,76
DA:78,76
DA:79,76
DA:80,76
DA:81,73
DA:82,71
DA:84,73
DA:92,73
DA:95,46
DA:96,46
DA:98,46
DA:99,46
DA:100,46
DA:110,121
DA:113,62
DA:114,19
DA:115,43
DA:116,43
DA:117,0
DA:118,43
DA:119,43
DA:121,18
DA:122,18
DA:124,25
DA:125,25
DA:126,25
DA:128,0
DA:130,0
DA:138,0
DA:143,0
DA:144,0
DA:147,121
DA:150,121
LF:77
LH:61
BRDA:1,0,0,2
BRDA:1,0,1,0
BRDA:1,0,2,2
BRDA:2,1,0,4
BRDA:2,1,1,0
BRDA:5,2,0,0
BRDA:5,2,1,0
BRDA:12,3,0,2
BRDA:12,3,1,0
BRDA:12,3,2,2
BRDA:14,4,0,242
BRDA:14,4,1,121
BRDA:14,5,0,363
BRDA:14,5,1,363
BRDA:16,6,0,121
BRDA:16,6,1,0
BRDA:16,7,0,121
BRDA:16,7,1,121
BRDA:18,8,0,0
BRDA:18,8,1,0
BRDA:18,9,0,0
BRDA:18,9,1,0
BRDA:23,10,0,2
BRDA:23,10,1,0
BRDA:23,10,2,2
BRDA:24,11,0,18
BRDA:24,11,1,0
BRDA:24,12,0,18
BRDA:24,12,1,0
BRDA:25,13,0,0
BRDA:25,13,1,55
BRDA:25,14,0,55
BRDA:25,14,1,55
BRDA:26,15,0,0
BRDA:26,15,1,0
BRDA:30,16,0,18
BRDA:30,16,1,18
BRDA:41,17,0,121
BRDA:41,17,1,121
BRDA:41,18,0,0
BRDA:41,18,1,121
BRDA:41,19,0,121
BRDA:41,19,1,121
BRDA:42,20,0,121
BRDA:42,20,1,119
BRDA:42,21,0,0
BRDA:42,21,1,121
BRDA:42,22,0,121
BRDA:42,22,1,121
BRDA:43,23,0,19
BRDA:43,23,1,0
BRDA:43,24,0,0
BRDA:43,24,1,19
BRDA:43,25,0,19
BRDA:43,25,1,19
BRDA:43,26,0,0
BRDA:43,26,1,121
BRDA:43,27,0,121
BRDA:43,27,1,121
BRDA:44,28,0,0
BRDA:44,28,1,19
BRDA:44,29,0,19
BRDA:44,29,1,19
BRDA:59,30,0,0
BRDA:59,30,1,121
BRDA:72,31,0,43
BRDA:72,31,1,78
BRDA:80,32,0,73
BRDA:80,32,1,3
BRDA:80,33,0,76
BRDA:80,33,1,3
BRDA:81,34,0,71
BRDA:81,34,1,2
BRDA:113,35,0,19
BRDA:113,35,1,43
BRDA:116,36,0,0
BRDA:116,36,1,43
BRDA:116,37,0,43
BRDA:116,37,1,43
BRDA:116,38,0,0
BRDA:116,38,1,43
BRDA:116,39,0,43
BRDA:116,39,1,43
BRDA:116,40,0,0
BRDA:116,40,1,43
BRDA:116,41,0,43
BRDA:116,41,1,43
BRDA:116,42,0,0
BRDA:116,42,1,43
BRDA:116,43,0,43
BRDA:116,43,1,43
BRDA:118,44,0,0
BRDA:118,44,1,43
BRDA:118,45,0,43
BRDA:118,45,1,43
BRDA:119,46,0,18
BRDA:119,46,1,25
BRDA:124,47,0,25
BRDA:124,47,1,0
BRDA:124,48,0,25
BRDA:124,48,1,25
BRDA:125,49,0,25
BRDA:125,49,1,0
BRDA:128,50,0,0
BRDA:128,50,1,0
BRDA:134,51,0,0
BRDA:134,51,1,0
BRDA:134,52,0,0
BRDA:134,52,1,0
BRDA:138,53,0,0
BRDA:138,53,1,0
BRF:111
BRH:73
end_of_record
TN:
SF:lib\ChartState\useChartInteractions.js
FN:1,(anonymous_0)
FN:2,(anonymous_1)
FN:12,(anonymous_2)
FN:27,(anonymous_3)
FN:36,(anonymous_4)
FN:45,(anonymous_5)
FN:66,(anonymous_6)
FN:72,(anonymous_7)
FN:81,(anonymous_8)
FN:87,(anonymous_9)
FN:101,(anonymous_10)
FN:106,(anonymous_11)
FN:114,(anonymous_12)
FN:118,(anonymous_13)
FN:139,(anonymous_14)
FN:148,(anonymous_15)
FN:151,(anonymous_16)
FN:158,(anonymous_17)
FN:178,(anonymous_18)
FNF:19
FNH:15
FNDA:4,(anonymous_0)
FNDA:0,(anonymous_1)
FNDA:94,(anonymous_2)
FNDA:121,(anonymous_3)
FNDA:1,(anonymous_4)
FNDA:41,(anonymous_5)
FNDA:22,(anonymous_6)
FNDA:1,(anonymous_7)
FNDA:1,(anonymous_8)
FNDA:0,(anonymous_9)
FNDA:26,(anonymous_10)
FNDA:0,(anonymous_11)
FNDA:0,(anonymous_12)
FNDA:9,(anonymous_13)
FNDA:8,(anonymous_14)
FNDA:4,(anonymous_15)
FNDA:4,(anonymous_16)
FNDA:2,(anonymous_17)
FNDA:4,(anonymous_18)
DA:1,2
DA:2,4
DA:3,0
DA:4,0
DA:5,0
DA:6,0
DA:8,0
DA:10,4
DA:12,2
DA:13,94
DA:14,25
DA:15,0
DA:16,0
DA:19,94
DA:27,2
DA:29,121
DA:30,121
DA:31,121
DA:32,121
DA:33,121
DA:34,121
DA:35,121
DA:37,1
DA:44,121
DA:45,121
DA:46,41
DA:47,41
DA:48,3
DA:49,38
DA:50,18
DA:51,20
DA:58,20
DA:59,20
DA:60,20
DA:61,20
DA:62,20
DA:63,20
DA:66,121
DA:67,22
DA:68,22
DA:69,0
DA:70,22
DA:71,21
DA:72,1
DA:73,1
DA:74,0
DA:75,1
DA:76,1
DA:78,1
DA:79,1
DA:80,1
DA:81,1
DA:82,1
DA:83,1
DA:87,121
DA:89,0
DA:90,0
DA:91,0
DA:92,0
DA:93,0
DA:94,0
DA:96,121
DA:101,121
DA:105,121
DA:107,0
DA:108,0
DA:114,0
DA:119,9
DA:120,9
DA:121,9
DA:122,9
DA:123,9
DA:124,9
DA:125,9
DA:126,9
DA:127,1
DA:128,8
DA:140,8
DA:141,8
DA:142,0
DA:143,8
DA:149,4
DA:152,4
DA:153,4
DA:154,4
DA:155,4
DA:156,4
DA:159,2
DA:160,2
DA:161,2
DA:174,121
DA:178,4
LF:92
LH:73
BRDA:1,0,0,2
BRDA:1,0,1,0
BRDA:1,0,2,2
BRDA:2,1,0,4
BRDA:2,1,1,0
BRDA:5,2,0,0
BRDA:5,2,1,0
BRDA:12,3,0,2
BRDA:12,3,1,0
BRDA:12,3,2,2
BRDA:13,4,0,47
BRDA:13,4,1,47
BRDA:13,5,0,94
BRDA:13,5,1,47
BRDA:14,6,0,0
BRDA:14,6,1,25
BRDA:14,7,0,25
BRDA:14,7,1,25
BRDA:15,8,0,0
BRDA:15,8,1,0
BRDA:19,9,0,94
BRDA:19,9,1,94
BRDA:30,10,0,121
BRDA:30,10,1,0
BRDA:31,11,0,121
BRDA:31,11,1,0
BRDA:33,12,0,119
BRDA:33,12,1,2
BRDA:33,13,0,121
BRDA:33,13,1,119
BRDA:33,13,2,119
BRDA:44,14,0,102
BRDA:44,14,1,19
BRDA:44,15,0,121
BRDA:44,15,1,121
BRDA:44,16,0,19
BRDA:44,16,1,102
BRDA:44,17,0,121
BRDA:44,17,1,102
BRDA:44,18,0,0
BRDA:44,18,1,121
BRDA:44,19,0,121
BRDA:44,19,1,121
BRDA:47,20,0,3
BRDA:47,20,1,38
BRDA:47,21,0,41
BRDA:47,21,1,41
BRDA:47,21,2,40
BRDA:47,22,0,0
BRDA:47,22,1,41
BRDA:47,23,0,41
BRDA:47,23,1,41
BRDA:49,24,0,18
BRDA:49,24,1,20
BRDA:49,25,0,38
BRDA:49,25,1,20
BRDA:49,25,2,20
BRDA:49,25,3,20
BRDA:59,26,0,20
BRDA:59,26,1,0
BRDA:59,27,0,20
BRDA:59,27,1,20
BRDA:60,28,0,20
BRDA:60,28,1,0
BRDA:60,29,0,20
BRDA:60,29,1,20
BRDA:68,30,0,0
BRDA:68,30,1,22
BRDA:68,31,0,0
BRDA:68,31,1,22
BRDA:68,32,0,22
BRDA:68,32,1,22
BRDA:70,33,0,21
BRDA:70,33,1,1
BRDA:73,34,0,0
BRDA:73,34,1,1
BRDA:73,35,0,1
BRDA:73,35,1,1
BRDA:89,36,0,0
BRDA:89,36,1,0
BRDA:89,37,0,0
BRDA:89,37,1,0
BRDA:89,37,2,0
BRDA:89,37,3,0
BRDA:91,38,0,0
BRDA:91,38,1,0
BRDA:91,39,0,0
BRDA:91,39,1,0
BRDA:91,40,0,0
BRDA:91,40,1,0
BRDA:91,41,0,0
BRDA:91,41,1,0
BRDA:91,42,0,0
BRDA:91,42,1,0
BRDA:97,43,0,121
BRDA:97,43,1,0
BRDA:97,44,0,121
BRDA:97,44,1,121
BRDA:97,45,0,19
BRDA:97,45,1,102
BRDA:97,46,0,121
BRDA:97,46,1,102
BRDA:102,47,0,26
BRDA:102,47,1,0
BRDA:102,48,0,26
BRDA:102,48,1,26
BRDA:103,49,0,26
BRDA:103,49,1,0
BRDA:103,50,0,26
BRDA:103,50,1,26
BRDA:121,51,0,3
BRDA:121,51,1,6
BRDA:121,52,0,9
BRDA:121,52,1,3
BRDA:122,53,0,3
BRDA:122,53,1,6
BRDA:122,54,0,9
BRDA:122,54,1,3
BRDA:124,55,0,3
BRDA:124,55,1,6
BRDA:124,56,0,3
BRDA:124,56,1,0
BRDA:125,57,0,3
BRDA:125,57,1,6
BRDA:125,58,0,3
BRDA:125,58,1,3
BRDA:126,59,0,1
BRDA:126,59,1,8
BRDA:126,60,0,9
BRDA:126,60,1,7
BRDA:126,60,2,1
BRDA:126,60,3,1
BRDA:132,61,0,8
BRDA:132,61,1,0
BRDA:135,62,0,8
BRDA:135,62,1,0
BRDA:141,63,0,0
BRDA:141,63,1,8
BRDA:141,64,0,8
BRDA:141,64,1,4
BRDA:141,64,2,0
BRDA:141,64,3,0
BRDA:154,65,0,0
BRDA:154,65,1,4
BRDA:154,66,0,4
BRDA:154,66,1,0
BRDA:155,67,0,0
BRDA:155,67,1,4
BRDA:155,68,0,4
BRDA:155,68,1,0
BRDA:166,69,0,121
BRDA:166,69,1,121
BRDA:166,69,2,119
BRDA:166,70,0,0
BRDA:166,70,1,121
BRDA:166,71,0,121
BRDA:166,71,1,121
BRDA:174,72,0,119
BRDA:174,72,1,2
BRDA:178,73,0,4
BRDA:178,73,1,4
BRF:161
BRH:114
end_of_record
TN:
SF:lib\ChartState\Calc\CalcPointer.js
FN:1,(anonymous_0)
FN:2,(anonymous_1)
FN:17,(anonymous_2)
FN:33,(anonymous_3)
FN:58,(anonymous_4)
FN:59,(anonymous_5)
FN:61,(anonymous_6)
FN:80,(anonymous_7)
FN:113,(anonymous_8)
FN:116,(anonymous_9)
FNF:10
FNH:8
FNDA:1,(anonymous_0)
FNDA:0,(anonymous_1)
FNDA:4,(anonymous_2)
FNDA:0,(anonymous_3)
FNDA:3,(anonymous_4)
FNDA:6,(anonymous_5)
FNDA:9,(anonymous_6)
FNDA:3,(anonymous_7)
FNDA:3,(anonymous_8)
FNDA:3,(anonymous_9)
DA:1,2
DA:2,1
DA:3,0
DA:4,0
DA:5,0
DA:6,0
DA:8,0
DA:10,1
DA:17,2
DA:19,4
DA:20,4
DA:21,4
DA:22,0
DA:23,4
DA:24,4
DA:27,4
DA:28,4
DA:29,0
DA:30,4
DA:31,4
DA:32,1
DA:33,3
DA:50,3
DA:51,3
DA:52,0
DA:53,3
DA:54,0
DA:55,3
DA:56,3
DA:57,3
DA:59,3
DA:61,9
DA:62,6
DA:65,6
DA:66,6
DA:67,6
DA:68,6
DA:81,3
DA:95,3
DA:113,2
DA:114,3
DA:115,0
DA:116,3
DA:117,3
DA:118,0
DA:119,3
DA:120,3
DA:121,3
DA:122,3
DA:123,3
DA:124,0
DA:125,3
DA:126,3
DA:127,3
DA:128,0
DA:129,3
DA:130,3
DA:131,3
DA:132,3
LF:59
LH:46
BRDA:1,0,0,2
BRDA:1,0,1,0
BRDA:1,0,2,2
BRDA:2,1,0,1
BRDA:2,1,1,0
BRDA:5,2,0,0
BRDA:5,2,1,0
BRDA:21,3,0,0
BRDA:21,3,1,4
BRDA:24,4,0,4
BRDA:24,4,1,0
BRDA:24,5,0,4
BRDA:24,5,1,4
BRDA:24,6,0,0
BRDA:24,6,1,4
BRDA:24,7,0,4
BRDA:24,7,1,4
BRDA:24,8,0,0
BRDA:24,8,1,4
BRDA:24,9,0,4
BRDA:24,9,1,4
BRDA:24,10,0,0
BRDA:24,10,1,4
BRDA:24,11,0,4
BRDA:24,11,1,4
BRDA:24,12,0,0
BRDA:24,12,1,4
BRDA:24,13,0,4
BRDA:24,13,1,4
BRDA:24,14,0,0
BRDA:24,14,1,4
BRDA:24,15,0,4
BRDA:24,15,1,4
BRDA:27,16,0,0
BRDA:27,16,1,4
BRDA:27,17,0,4
BRDA:27,17,1,4
BRDA:28,18,0,0
BRDA:28,18,1,4
BRDA:28,19,0,4
BRDA:28,19,1,4
BRDA:28,19,2,4
BRDA:28,19,3,4
BRDA:31,20,0,1
BRDA:31,20,1,3
BRDA:51,21,0,0
BRDA:51,21,1,3
BRDA:53,22,0,0
BRDA:53,22,1,3
BRDA:56,23,0,3
BRDA:56,23,1,0
BRDA:56,24,0,3
BRDA:56,24,1,3
BRDA:61,25,0,0
BRDA:61,25,1,6
BRDA:61,26,0,6
BRDA:61,26,1,6
BRDA:61,27,0,0
BRDA:61,27,1,9
BRDA:61,28,0,9
BRDA:61,28,1,9
BRDA:62,29,0,6
BRDA:62,29,1,0
BRDA:65,30,0,0
BRDA:65,30,1,6
BRDA:65,31,0,6
BRDA:65,31,1,6
BRDA:66,32,0,0
BRDA:66,32,1,6
BRDA:66,33,0,6
BRDA:66,33,1,6
BRDA:71,34,0,0
BRDA:71,34,1,6
BRDA:71,35,0,6
BRDA:71,35,1,6
BRDA:81,36,0,3
BRDA:81,36,1,0
BRDA:81,37,0,3
BRDA:81,37,1,3
BRDA:83,38,0,0
BRDA:83,38,1,0
BRDA:83,39,0,0
BRDA:83,39,1,0
BRDA:83,39,2,0
BRDA:83,39,3,0
BRDA:83,39,4,0
BRDA:88,40,0,0
BRDA:88,40,1,0
BRDA:88,41,0,0
BRDA:88,41,1,0
BRDA:88,41,2,0
BRDA:88,41,3,0
BRDA:88,41,4,0
BRDA:114,42,0,0
BRDA:114,42,1,3
BRDA:114,43,0,3
BRDA:114,43,1,3
BRDA:114,44,0,0
BRDA:114,44,1,3
BRDA:114,45,0,3
BRDA:114,45,1,3
BRDA:117,46,0,0
BRDA:117,46,1,3
BRDA:117,47,0,0
BRDA:117,47,1,3
BRDA:117,48,0,3
BRDA:117,48,1,3
BRDA:121,49,0,0
BRDA:121,49,1,3
BRDA:121,50,0,3
BRDA:121,50,1,3
BRDA:123,51,0,0
BRDA:123,51,1,3
BRDA:123,52,0,3
BRDA:123,52,1,3
BRDA:123,52,2,3
BRDA:127,53,0,0
BRDA:127,53,1,3
BRDA:127,54,0,3
BRDA:127,54,1,3
BRDA:127,54,2,3
BRDA:131,55,0,0
BRDA:131,55,1,3
BRF:123
BRH:78
end_of_record
TN:
SF:lib\ChartState\Calc\CalcRtData.js
FN:1,(anonymous_0)
FN:2,(anonymous_1)
FN:12,(anonymous_2)
FN:23,(anonymous_3)
FN:32,(anonymous_4)
FN:34,(anonymous_5)
FN:38,(anonymous_6)
FN:41,(anonymous_7)
FN:52,(anonymous_8)
FN:54,(anonymous_9)
FN:56,(anonymous_10)
FN:62,(anonymous_11)
FN:62,(anonymous_12)
FN:66,(anonymous_13)
FN:71,(anonymous_14)
FN:73,(anonymous_15)
FN:82,(anonymous_16)
FN:90,(anonymous_17)
FN:111,(anonymous_18)
FN:115,(anonymous_19)
FN:116,(anonymous_20)
FN:119,(anonymous_21)
FN:123,(anonymous_22)
FN:124,(anonymous_23)
FN:134,(anonymous_24)
FN:137,(anonymous_25)
FN:139,(anonymous_26)
FN:140,(anonymous_27)
FN:147,(anonymous_28)
FN:151,(anonymous_29)
FN:152,(anonymous_30)
FN:155,(anonymous_31)
FNF:32
FNH:1
FNDA:0,(anonymous_0)
FNDA:0,(anonymous_1)
FNDA:0,(anonymous_2)
FNDA:121,(anonymous_3)
FNDA:0,(anonymous_4)
FNDA:0,(anonymous_5)
FNDA:0,(anonymous_6)
FNDA:0,(anonymous_7)
FNDA:0,(anonymous_8)
FNDA:0,(anonymous_9)
FNDA:0,(anonymous_10)
FNDA:0,(anonymous_11)
FNDA:0,(anonymous_12)
FNDA:0,(anonymous_13)
FNDA:0,(anonymous_14)
FNDA:0,(anonymous_15)
FNDA:0,(anonymous_16)
FNDA:0,(anonymous_17)
FNDA:0,(anonymous_18)
FNDA:0,(anonymous_19)
FNDA:0,(anonymous_20)
FNDA:0,(anonymous_21)
FNDA:0,(anonymous_22)
FNDA:0,(anonymous_23)
FNDA:0,(anonymous_24)
FNDA:0,(anonymous_25)
FNDA:0,(anonymous_26)
FNDA:0,(anonymous_27)
FNDA:0,(anonymous_28)
FNDA:0,(anonymous_29)
FNDA:0,(anonymous_30)
FNDA:0,(anonymous_31)
DA:1,2
DA:2,0
DA:3,0
DA:4,0
DA:5,0
DA:6,0
DA:8,0
DA:10,0
DA:12,2
DA:13,0
DA:14,0
DA:15,0
DA:16,0
DA:19,0
DA:23,2
DA:25,121
DA:26,121
DA:27,121
DA:28,0
DA:29,0
DA:34,0
DA:35,0
DA:38,0
DA:43,0
DA:51,0
DA:52,0
DA:54,0
DA:56,0
DA:57,0
DA:58,0
DA:59,0
DA:60,0
DA:61,0
DA:62,0
DA:63,0
DA:64,0
DA:65,0
DA:66,0
DA:68,0
DA:70,0
DA:71,0
DA:73,0
DA:78,0
DA:80,0
DA:82,2
DA:84,0
DA:85,0
DA:86,0
DA:104,0
DA:107,0
DA:108,0
DA:109,0
DA:110,0
DA:111,0
DA:112,0
DA:116,0
DA:119,0
DA:120,0
DA:124,0
DA:127,0
DA:128,0
DA:131,0
DA:134,2
DA:136,0
DA:138,0
DA:140,0
DA:141,0
DA:147,0
DA:148,0
DA:149,0
DA:150,0
DA:151,0
DA:152,0
DA:153,0
DA:155,0
DA:167,0
LF:76
LH:8
BRDA:1,0,0,2
BRDA:1,0,1,0
BRDA:1,0,2,2
BRDA:2,1,0,0
BRDA:2,1,1,0
BRDA:5,2,0,0
BRDA:5,2,1,0
BRDA:12,3,0,2
BRDA:12,3,1,0
BRDA:12,3,2,2
BRDA:13,4,0,0
BRDA:13,4,1,0
BRDA:13,5,0,0
BRDA:13,5,1,0
BRDA:14,6,0,0
BRDA:14,6,1,0
BRDA:14,7,0,0
BRDA:14,7,1,0
BRDA:15,8,0,0
BRDA:15,8,1,0
BRDA:19,9,0,0
BRDA:19,9,1,0
BRDA:25,10,0,56
BRDA:25,10,1,65
BRDA:25,11,0,121
BRDA:25,11,1,121
BRDA:25,12,0,56
BRDA:25,12,1,65
BRDA:25,13,0,121
BRDA:25,13,1,121
BRDA:25,14,0,56
BRDA:25,14,1,65
BRDA:25,15,0,121
BRDA:25,15,1,121
BRDA:25,16,0,56
BRDA:25,16,1,65
BRDA:25,17,0,121
BRDA:25,17,1,121
BRDA:25,18,0,56
BRDA:25,18,1,65
BRDA:25,19,0,121
BRDA:25,19,1,121
BRDA:25,20,0,0
BRDA:25,20,1,121
BRDA:25,21,0,121
BRDA:25,21,1,121
BRDA:26,22,0,121
BRDA:26,22,1,0
BRDA:26,23,0,121
BRDA:26,23,1,0
BRDA:26,23,2,0
BRDA:28,24,0,0
BRDA:28,24,1,0
BRDA:28,25,0,0
BRDA:28,25,1,0
BRDA:28,26,0,0
BRDA:28,26,1,0
BRDA:28,27,0,0
BRDA:28,27,1,0
BRDA:28,28,0,0
BRDA:28,28,1,0
BRDA:28,29,0,0
BRDA:28,29,1,0
BRDA:28,30,0,0
BRDA:28,30,1,0
BRDA:28,31,0,0
BRDA:28,31,1,0
BRDA:28,32,0,0
BRDA:28,32,1,0
BRDA:28,33,0,0
BRDA:28,33,1,0
BRDA:28,34,0,0
BRDA:28,34,1,0
BRDA:28,35,0,0
BRDA:28,35,1,0
BRDA:28,36,0,0
BRDA:28,36,1,0
BRDA:28,37,0,0
BRDA:28,37,1,0
BRDA:28,38,0,0
BRDA:28,38,1,0
BRDA:28,39,0,0
BRDA:28,39,1,0
BRDA:28,40,0,0
BRDA:28,40,1,0
BRDA:28,41,0,0
BRDA:28,41,1,0
BRDA:28,42,0,0
BRDA:28,42,1,0
BRDA:28,43,0,0
BRDA:28,43,1,0
BRDA:28,44,0,0
BRDA:28,44,1,0
BRDA:28,45,0,0
BRDA:28,45,1,0
BRDA:28,46,0,0
BRDA:28,46,1,0
BRDA:28,47,0,0
BRDA:28,47,1,0
BRDA:28,48,0,0
BRDA:28,48,1,0
BRDA:28,49,0,0
BRDA:28,49,1,0
BRDA:29,50,0,0
BRDA:29,50,1,0
BRDA:29,51,0,0
BRDA:29,51,1,0
BRDA:29,52,0,0
BRDA:29,52,1,0
BRDA:29,52,2,0
BRDA:29,52,3,0
BRDA:37,53,0,0
BRDA:37,53,1,0
BRDA:37,54,0,0
BRDA:37,54,1,0
BRDA:37,55,0,0
BRDA:37,55,1,0
BRDA:38,56,0,0
BRDA:38,56,1,0
BRDA:38,57,0,0
BRDA:38,57,1,0
BRDA:40,58,0,0
BRDA:40,58,1,0
BRDA:40,59,0,0
BRDA:40,59,1,0
BRDA:40,60,0,0
BRDA:40,60,1,0
BRDA:40,61,0,0
BRDA:40,61,1,0
BRDA:45,62,0,0
BRDA:45,62,1,0
BRDA:45,63,0,0
BRDA:45,63,1,0
BRDA:45,64,0,0
BRDA:45,64,1,0
BRDA:45,65,0,0
BRDA:45,65,1,0
BRDA:56,66,0,0
BRDA:56,66,1,0
BRDA:57,67,0,0
BRDA:57,67,1,0
BRDA:57,68,0,0
BRDA:57,68,1,0
BRDA:57,69,0,0
BRDA:57,69,1,0
BRDA:57,70,0,0
BRDA:57,70,1,0
BRDA:62,71,0,0
BRDA:62,71,1,0
BRDA:62,72,0,0
BRDA:62,72,1,0
BRDA:62,73,0,0
BRDA:62,73,1,0
BRDA:62,74,0,0
BRDA:62,74,1,0
BRDA:62,75,0,0
BRDA:62,75,1,0
BRDA:62,76,0,0
BRDA:62,76,1,0
BRDA:62,77,0,0
BRDA:62,77,1,0
BRDA:62,78,0,0
BRDA:62,78,1,0
BRDA:62,79,0,0
BRDA:62,79,1,0
BRDA:62,80,0,0
BRDA:62,80,1,0
BRDA:62,81,0,0
BRDA:62,81,1,0
BRDA:62,82,0,0
BRDA:62,82,1,0
BRDA:62,83,0,0
BRDA:62,83,1,0
BRDA:62,84,0,0
BRDA:62,84,1,0
BRDA:63,85,0,0
BRDA:63,85,1,0
BRDA:63,86,0,0
BRDA:63,86,1,0
BRDA:64,87,0,0
BRDA:64,87,1,0
BRDA:64,88,0,0
BRDA:64,88,1,0
BRDA:64,88,2,0
BRDA:64,89,0,0
BRDA:64,89,1,0
BRDA:64,90,0,0
BRDA:64,90,1,0
BRDA:85,91,0,0
BRDA:85,91,1,0
BRDA:85,92,0,0
BRDA:85,92,1,0
BRDA:85,93,0,0
BRDA:85,93,1,0
BRDA:85,94,0,0
BRDA:85,94,1,0
BRDA:85,95,0,0
BRDA:85,95,1,0
BRDA:85,96,0,0
BRDA:85,96,1,0
BRDA:85,97,0,0
BRDA:85,97,1,0
BRDA:85,98,0,0
BRDA:85,98,1,0
BRDA:85,99,0,0
BRDA:85,99,1,0
BRDA:85,100,0,0
BRDA:85,100,1,0
BRDA:85,101,0,0
BRDA:85,101,1,0
BRDA:85,102,0,0
BRDA:85,102,1,0
BRDA:86,103,0,0
BRDA:86,103,1,0
BRDA:86,103,2,0
BRDA:86,103,3,0
BRDA:86,103,4,0
BRDA:107,104,0,0
BRDA:107,104,1,0
BRDA:109,105,0,0
BRDA:109,105,1,0
BRDA:112,106,0,0
BRDA:112,106,1,0
BRDA:112,107,0,0
BRDA:112,107,1,0
BRDA:116,108,0,0
BRDA:116,108,1,0
BRDA:116,109,0,0
BRDA:116,109,1,0
BRDA:116,110,0,0
BRDA:116,110,1,0
BRDA:120,111,0,0
BRDA:120,111,1,0
BRDA:120,112,0,0
BRDA:120,112,1,0
BRDA:124,113,0,0
BRDA:124,113,1,0
BRDA:124,114,0,0
BRDA:124,114,1,0
BRDA:124,115,0,0
BRDA:124,115,1,0
BRDA:127,116,0,0
BRDA:127,116,1,0
BRDA:127,117,0,0
BRDA:127,117,1,0
BRDA:127,117,2,0
BRDA:141,118,0,0
BRDA:141,118,1,0
BRDA:148,119,0,0
BRDA:148,119,1,0
BRDA:148,120,0,0
BRDA:148,120,1,0
BRDA:149,121,0,0
BRDA:149,121,1,0
BRDA:149,122,0,0
BRDA:149,122,1,0
BRDA:152,123,0,0
BRDA:152,123,1,0
BRDA:152,124,0,0
BRDA:152,124,1,0
BRDA:152,125,0,0
BRDA:152,125,1,0
BRDA:152,126,0,0
BRDA:152,126,1,0
BRDA:152,127,0,0
BRDA:152,127,1,0
BRDA:153,128,0,0
BRDA:153,128,1,0
BRDA:155,129,0,0
BRDA:155,129,1,0
BRDA:155,130,0,0
BRDA:155,130,1,0
BRDA:155,131,0,0
BRDA:155,131,1,0
BRDA:155,132,0,0
BRDA:155,132,1,0
BRDA:155,133,0,0
BRDA:155,133,1,0
BRDA:155,134,0,0
BRDA:155,134,1,0
BRDA:155,135,0,0
BRDA:155,135,1,0
BRDA:155,136,0,0
BRDA:155,136,1,0
BRDA:157,137,0,0
BRDA:157,137,1,0
BRDA:164,138,0,0
BRDA:164,138,1,0
BRF:288
BRH:29
end_of_record
TN:
SF:lib\ChartState\Calc\CalcSubcharts.js
FN:1,(anonymous_0)
FN:2,(anonymous_1)
FN:12,(anonymous_2)
FN:23,(anonymous_3)
FN:31,(anonymous_4)
FN:36,(anonymous_5)
FN:39,(anonymous_6)
FN:39,(anonymous_7)
FN:39,(anonymous_8)
FN:39,(anonymous_9)
FN:39,(anonymous_10)
FN:40,(anonymous_11)
FN:42,(anonymous_12)
FN:42,(anonymous_13)
FN:42,(anonymous_14)
FN:42,(anonymous_15)
FN:42,(anonymous_16)
FN:43,(anonymous_17)
FN:45,(anonymous_18)
FN:45,(anonymous_19)
FN:52,(anonymous_20)
FN:61,(anonymous_21)
FN:68,(anonymous_22)
FN:71,(anonymous_23)
FN:73,(anonymous_24)
FN:76,(anonymous_25)
FN:109,(anonymous_26)
FN:111,(anonymous_27)
FN:119,(anonymous_28)
FN:129,(anonymous_29)
FN:134,(anonymous_30)
FN:137,(anonymous_31)
FN:147,(anonymous_32)
FN:155,(anonymous_33)
FN:159,(anonymous_34)
FN:161,(anonymous_35)
FNF:36
FNH:31
FNDA:4,(anonymous_0)
FNDA:0,(anonymous_1)
FNDA:256,(anonymous_2)
FNDA:68,(anonymous_3)
FNDA:64,(anonymous_4)
FNDA:64,(anonymous_5)
FNDA:125,(anonymous_6)
FNDA:125,(anonymous_7)
FNDA:64,(anonymous_8)
FNDA:125,(anonymous_9)
FNDA:32,(anonymous_10)
FNDA:0,(anonymous_11)
FNDA:125,(anonymous_12)
FNDA:125,(anonymous_13)
FNDA:64,(anonymous_14)
FNDA:125,(anonymous_15)
FNDA:32,(anonymous_16)
FNDA:0,(anonymous_17)
FNDA:125,(anonymous_18)
FNDA:316,(anonymous_19)
FNDA:9755,(anonymous_20)
FNDA:267,(anonymous_21)
FNDA:125,(anonymous_22)
FNDA:5471,(anonymous_23)
FNDA:18098,(anonymous_24)
FNDA:6686,(anonymous_25)
FNDA:68,(anonymous_26)
FNDA:0,(anonymous_27)
FNDA:0,(anonymous_28)
FNDA:189,(anonymous_29)
FNDA:1134,(anonymous_30)
FNDA:1134,(anonymous_31)
FNDA:945,(anonymous_32)
FNDA:64,(anonymous_33)
FNDA:125,(anonymous_34)
FNDA:316,(anonymous_35)
DA:1,2
DA:2,4
DA:3,0
DA:4,0
DA:5,0
DA:6,0
DA:8,0
DA:10,4
DA:12,2
DA:13,256
DA:14,0
DA:15,0
DA:16,0
DA:19,256
DA:23,2
DA:25,68
DA:26,0
DA:27,68
DA:28,68
DA:29,37
DA:30,31
DA:31,31
DA:32,64
DA:33,64
DA:34,64
DA:35,64
DA:38,64
DA:39,125
DA:40,32
DA:42,125
DA:43,32
DA:45,316
DA:46,64
DA:48,64
DA:49,64
DA:50,64
DA:51,64
DA:52,9755
DA:53,64
DA:54,64
DA:55,64
DA:56,64
DA:57,64
DA:62,267
DA:63,267
DA:64,267
DA:65,267
DA:67,64
DA:69,125
DA:70,0
DA:71,125
DA:73,18098
DA:74,5471
DA:76,6686
DA:88,5471
DA:90,125
DA:92,64
DA:109,2
DA:110,68
DA:113,0
DA:114,0
DA:115,0
DA:116,0
DA:117,0
DA:121,0
DA:122,0
DA:123,0
DA:124,0
DA:125,0
DA:129,2
DA:130,189
DA:131,189
DA:132,189
DA:133,189
DA:134,1134
DA:135,189
DA:138,1134
DA:141,1134
DA:142,1134
DA:148,945
DA:149,165
DA:151,780
DA:155,2
DA:156,64
DA:157,64
DA:158,64
DA:159,64
DA:161,316
DA:162,125
DA:163,0
DA:164,125
DA:165,125
DA:166,125
DA:167,125
DA:168,125
DA:169,125
DA:170,125
DA:171,125
LF:98
LH:77
BRDA:1,0,0,2
BRDA:1,0,1,0
BRDA:1,0,2,2
BRDA:2,1,0,4
BRDA:2,1,1,0
BRDA:5,2,0,0
BRDA:5,2,1,0
BRDA:12,3,0,2
BRDA:12,3,1,0
BRDA:12,3,2,2
BRDA:13,4,0,0
BRDA:13,4,1,256
BRDA:13,5,0,256
BRDA:13,5,1,256
BRDA:14,6,0,0
BRDA:14,6,1,0
BRDA:14,7,0,0
BRDA:14,7,1,0
BRDA:15,8,0,0
BRDA:15,8,1,0
BRDA:19,9,0,256
BRDA:19,9,1,256
BRDA:25,10,0,0
BRDA:25,10,1,68
BRDA:25,11,0,68
BRDA:25,11,1,68
BRDA:28,12,0,37
BRDA:28,12,1,31
BRDA:28,13,0,68
BRDA:28,13,1,31
BRDA:30,14,0,0
BRDA:30,14,1,31
BRDA:30,15,0,31
BRDA:30,15,1,31
BRDA:30,16,0,0
BRDA:30,16,1,31
BRDA:30,17,0,31
BRDA:30,17,1,31
BRDA:30,18,0,0
BRDA:30,18,1,31
BRDA:30,19,0,31
BRDA:30,19,1,31
BRDA:30,20,0,0
BRDA:30,20,1,31
BRDA:30,21,0,31
BRDA:30,21,1,31
BRDA:30,22,0,0
BRDA:30,22,1,31
BRDA:30,23,0,31
BRDA:30,23,1,31
BRDA:30,24,0,0
BRDA:30,24,1,31
BRDA:30,25,0,31
BRDA:30,25,1,31
BRDA:39,26,0,64
BRDA:39,26,1,0
BRDA:39,27,0,64
BRDA:39,27,1,64
BRDA:39,28,0,125
BRDA:39,28,1,0
BRDA:39,29,0,125
BRDA:39,29,1,125
BRDA:39,30,0,0
BRDA:39,30,1,125
BRDA:39,31,0,125
BRDA:39,31,1,125
BRDA:39,32,0,64
BRDA:39,32,1,0
BRDA:39,33,0,64
BRDA:39,33,1,64
BRDA:39,34,0,0
BRDA:39,34,1,64
BRDA:39,35,0,64
BRDA:39,35,1,64
BRDA:39,36,0,0
BRDA:39,36,1,64
BRDA:39,37,0,64
BRDA:39,37,1,64
BRDA:40,38,0,32
BRDA:40,38,1,32
BRDA:40,39,0,0
BRDA:40,39,1,32
BRDA:40,40,0,32
BRDA:40,40,1,32
BRDA:40,41,0,0
BRDA:40,41,1,0
BRDA:40,42,0,0
BRDA:40,42,1,0
BRDA:40,43,0,0
BRDA:40,43,1,0
BRDA:42,44,0,64
BRDA:42,44,1,0
BRDA:42,45,0,64
BRDA:42,45,1,64
BRDA:42,46,0,125
BRDA:42,46,1,0
BRDA:42,47,0,125
BRDA:42,47,1,125
BRDA:42,48,0,0
BRDA:42,48,1,125
BRDA:42,49,0,125
BRDA:42,49,1,125
BRDA:42,50,0,64
BRDA:42,50,1,0
BRDA:42,51,0,64
BRDA:42,51,1,64
BRDA:42,52,0,0
BRDA:42,52,1,64
BRDA:42,53,0,64
BRDA:42,53,1,64
BRDA:42,54,0,0
BRDA:42,54,1,64
BRDA:42,55,0,64
BRDA:42,55,1,64
BRDA:43,56,0,32
BRDA:43,56,1,32
BRDA:43,57,0,0
BRDA:43,57,1,32
BRDA:43,58,0,32
BRDA:43,58,1,32
BRDA:43,59,0,0
BRDA:43,59,1,0
BRDA:43,60,0,0
BRDA:43,60,1,0
BRDA:43,61,0,0
BRDA:43,61,1,0
BRDA:45,62,0,64
BRDA:45,62,1,0
BRDA:45,63,0,64
BRDA:45,63,1,64
BRDA:45,64,0,125
BRDA:45,64,1,0
BRDA:45,65,0,125
BRDA:45,65,1,125
BRDA:45,66,0,0
BRDA:45,66,1,125
BRDA:45,67,0,125
BRDA:45,67,1,125
BRDA:50,68,0,64
BRDA:50,68,1,0
BRDA:50,69,0,64
BRDA:50,69,1,30
BRDA:51,70,0,64
BRDA:51,70,1,30
BRDA:57,71,0,0
BRDA:57,71,1,64
BRDA:57,72,0,64
BRDA:57,72,1,64
BRDA:67,73,0,64
BRDA:67,73,1,64
BRDA:69,74,0,0
BRDA:69,74,1,125
BRDA:69,75,0,0
BRDA:69,75,1,125
BRDA:69,76,0,125
BRDA:69,76,1,125
BRDA:73,77,0,1403
BRDA:73,77,1,4068
BRDA:73,78,0,5471
BRDA:73,78,1,5471
BRDA:73,79,0,1403
BRDA:73,79,1,4068
BRDA:73,80,0,5471
BRDA:73,80,1,5471
BRDA:73,81,0,18098
BRDA:73,81,1,5471
BRDA:73,82,0,0
BRDA:73,82,1,18098
BRDA:73,83,0,18098
BRDA:73,83,1,18098
BRDA:74,84,0,4068
BRDA:74,84,1,1403
BRDA:76,85,0,4015
BRDA:76,85,1,2671
BRDA:76,86,0,6686
BRDA:76,86,1,6621
BRDA:76,87,0,4015
BRDA:76,87,1,2606
BRDA:76,88,0,6621
BRDA:76,88,1,6621
BRDA:76,89,0,2606
BRDA:76,89,1,4015
BRDA:76,90,0,6621
BRDA:76,90,1,6621
BRDA:76,91,0,0
BRDA:76,91,1,6621
BRDA:76,92,0,6621
BRDA:76,92,1,6621
BRDA:78,93,0,1403
BRDA:78,93,1,0
BRDA:85,94,0,0
BRDA:85,94,1,0
BRDA:113,95,0,0
BRDA:113,95,1,0
BRDA:113,96,0,0
BRDA:113,96,1,0
BRDA:113,97,0,0
BRDA:113,97,1,0
BRDA:113,98,0,0
BRDA:113,98,1,0
BRDA:113,99,0,0
BRDA:113,99,1,0
BRDA:113,100,0,0
BRDA:113,100,1,0
BRDA:113,101,0,0
BRDA:113,101,1,0
BRDA:116,102,0,0
BRDA:116,102,1,0
BRDA:121,103,0,0
BRDA:121,103,1,0
BRDA:121,104,0,0
BRDA:121,104,1,0
BRDA:121,105,0,0
BRDA:121,105,1,0
BRDA:121,106,0,0
BRDA:121,106,1,0
BRDA:121,107,0,0
BRDA:121,107,1,0
BRDA:121,108,0,0
BRDA:121,108,1,0
BRDA:121,109,0,0
BRDA:121,109,1,0
BRDA:124,110,0,0
BRDA:124,110,1,0
BRDA:132,111,0,189
BRDA:132,111,1,2
BRDA:140,112,0,378
BRDA:140,112,1,756
BRDA:140,113,0,378
BRDA:140,113,1,378
BRDA:140,114,0,378
BRDA:140,114,1,0
BRDA:148,115,0,165
BRDA:148,115,1,780
BRDA:148,116,0,0
BRDA:148,116,1,945
BRDA:148,117,0,945
BRDA:148,117,1,945
BRDA:162,118,0,0
BRDA:162,118,1,125
BRDA:162,119,0,0
BRDA:162,119,1,125
BRDA:162,120,0,125
BRDA:162,120,1,125
BRDA:164,121,0,125
BRDA:164,121,1,0
BRDA:164,122,0,125
BRDA:164,122,1,125
BRDA:164,123,0,0
BRDA:164,123,1,125
BRDA:164,124,0,125
BRDA:164,124,1,125
BRDA:165,125,0,0
BRDA:165,125,1,125
BRDA:165,126,0,125
BRDA:165,126,1,125
BRDA:167,127,0,32
BRDA:167,127,1,93
BRDA:167,128,0,125
BRDA:167,128,1,125
BRDA:167,129,0,32
BRDA:167,129,1,93
BRDA:167,130,0,125
BRDA:167,130,1,125
BRDA:167,131,0,32
BRDA:167,131,1,93
BRDA:167,132,0,125
BRDA:167,132,1,125
BRDA:168,133,0,32
BRDA:168,133,1,93
BRDA:168,134,0,125
BRDA:168,134,1,125
BRDA:168,135,0,32
BRDA:168,135,1,93
BRDA:168,136,0,125
BRDA:168,136,1,125
BRDA:168,137,0,32
BRDA:168,137,1,93
BRDA:168,138,0,125
BRDA:168,138,1,125
BRDA:169,139,0,125
BRDA:169,139,1,0
BRDA:169,140,0,125
BRDA:169,140,1,125
BRDA:169,141,0,0
BRDA:169,141,1,125
BRDA:169,142,0,125
BRDA:169,142,1,125
BRF:288
BRH:190
end_of_record
TN:
SF:lib\ChartState\Calc\CalcXaxis.js
FN:1,(anonymous_0)
FN:2,(anonymous_1)
FN:12,(anonymous_2)
FN:23,(anonymous_3)
FN:37,(anonymous_4)
FN:54,(anonymous_5)
FN:105,(anonymous_6)
FN:109,(anonymous_7)
FN:114,(anonymous_8)
FN:118,(anonymous_9)
FN:123,(anonymous_10)
FN:132,(anonymous_11)
FN:137,(anonymous_12)
FN:140,(anonymous_13)
FN:141,(anonymous_14)
FN:143,(anonymous_15)
FN:150,(anonymous_16)
FN:156,(anonymous_17)
FN:171,(anonymous_18)
FN:191,(anonymous_19)
FN:200,(anonymous_20)
FN:201,(anonymous_21)
FN:205,(anonymous_22)
FNF:23
FNH:21
FNDA:4,(anonymous_0)
FNDA:0,(anonymous_1)
FNDA:31,(anonymous_2)
FNDA:248,(anonymous_3)
FNDA:50,(anonymous_4)
FNDA:31,(anonymous_5)
FNDA:18,(anonymous_6)
FNDA:3,(anonymous_7)
FNDA:31,(anonymous_8)
FNDA:93,(anonymous_9)
FNDA:217,(anonymous_10)
FNDA:744,(anonymous_11)
FNDA:124,(anonymous_12)
FNDA:62,(anonymous_13)
FNDA:62,(anonymous_14)
FNDA:403,(anonymous_15)
FNDA:372,(anonymous_16)
FNDA:31,(anonymous_17)
FNDA:31,(anonymous_18)
FNDA:1356,(anonymous_19)
FNDA:1356,(anonymous_20)
FNDA:3,(anonymous_21)
FNDA:0,(anonymous_22)
DA:1,2
DA:2,4
DA:3,0
DA:4,0
DA:5,0
DA:6,0
DA:8,0
DA:10,4
DA:12,2
DA:13,31
DA:14,124
DA:15,93
DA:16,31
DA:17,31
DA:18,0
DA:19,0
DA:21,31
DA:23,2
DA:24,248
DA:25,434
DA:26,0
DA:27,0
DA:30,248
DA:37,2
DA:39,50
DA:40,50
DA:43,50
DA:44,50
DA:45,50
DA:46,50
DA:47,50
DA:49,50
DA:50,50
DA:51,50
DA:52,50
DA:53,50
DA:54,50
DA:55,50
DA:56,50
DA:59,19
DA:60,31
DA:61,31
DA:62,0
DA:63,0
DA:64,0
DA:65,0
DA:66,0
DA:67,0
DA:68,0
DA:69,0
DA:70,0
DA:71,0
DA:72,0
DA:74,31
DA:75,2
DA:76,2
DA:77,2
DA:78,2
DA:79,2
DA:80,2
DA:81,2
DA:83,29
DA:84,1
DA:85,1
DA:87,28
DA:88,1
DA:89,1
DA:90,1
DA:91,0
DA:92,1
DA:93,1
DA:94,1
DA:95,1
DA:96,1
DA:97,1
DA:98,1
DA:100,27
DA:101,27
DA:103,0
DA:105,2
DA:106,18
DA:109,2
DA:110,3
DA:114,2
DA:115,31
DA:116,0
DA:117,31
DA:118,93
DA:119,31
DA:120,0
DA:121,31
DA:122,31
DA:123,31
DA:124,217
DA:125,217
DA:126,217
DA:127,186
DA:129,31
DA:131,31
DA:132,31
DA:133,744
DA:135,31
DA:138,124
DA:139,124
DA:140,62
DA:141,62
DA:143,124
DA:144,403
DA:145,403
DA:146,403
DA:151,372
DA:153,31
DA:154,31
DA:156,2
DA:158,31
DA:159,31
DA:160,31
DA:161,31
DA:171,31
DA:172,31
DA:178,0
DA:179,31
DA:180,31
DA:181,31
DA:182,31
DA:183,31
DA:184,31
DA:185,31
DA:186,31
DA:187,31
DA:192,1356
DA:193,1356
DA:194,1356
DA:195,63
DA:196,63
DA:198,1293
DA:200,1356
DA:201,31
DA:202,3
DA:203,3
DA:205,31
DA:206,0
DA:207,0
DA:209,31
LF:144
LH:117
BRDA:1,0,0,2
BRDA:1,0,1,0
BRDA:1,0,2,2
BRDA:2,1,0,4
BRDA:2,1,1,0
BRDA:5,2,0,0
BRDA:5,2,1,0
BRDA:12,3,0,2
BRDA:12,3,1,0
BRDA:12,3,2,2
BRDA:14,4,0,93
BRDA:14,4,1,31
BRDA:14,5,0,124
BRDA:14,5,1,124
BRDA:16,6,0,31
BRDA:16,6,1,0
BRDA:16,7,0,31
BRDA:16,7,1,31
BRDA:18,8,0,0
BRDA:18,8,1,0
BRDA:18,9,0,0
BRDA:18,9,1,0
BRDA:23,10,0,2
BRDA:23,10,1,0
BRDA:23,10,2,2
BRDA:24,11,0,248
BRDA:24,11,1,0
BRDA:24,12,0,248
BRDA:24,12,1,0
BRDA:25,13,0,0
BRDA:25,13,1,434
BRDA:25,14,0,434
BRDA:25,14,1,434
BRDA:26,15,0,0
BRDA:26,15,1,0
BRDA:30,16,0,248
BRDA:30,16,1,248
BRDA:40,17,0,31
BRDA:40,17,1,19
BRDA:40,18,0,50
BRDA:40,18,1,31
BRDA:40,19,0,19
BRDA:40,19,1,31
BRDA:40,20,0,50
BRDA:40,20,1,50
BRDA:40,21,0,19
BRDA:40,21,1,31
BRDA:40,22,0,50
BRDA:40,22,1,50
BRDA:40,23,0,19
BRDA:40,23,1,31
BRDA:40,24,0,50
BRDA:40,24,1,50
BRDA:40,25,0,19
BRDA:40,25,1,31
BRDA:40,26,0,50
BRDA:40,26,1,50
BRDA:40,27,0,0
BRDA:40,27,1,50
BRDA:40,28,0,50
BRDA:40,28,1,50
BRDA:40,29,0,0
BRDA:40,29,1,31
BRDA:40,30,0,31
BRDA:40,30,1,31
BRDA:40,31,0,0
BRDA:40,31,1,31
BRDA:40,32,0,31
BRDA:40,32,1,31
BRDA:40,33,0,0
BRDA:40,33,1,31
BRDA:40,34,0,31
BRDA:40,34,1,31
BRDA:40,35,0,0
BRDA:40,35,1,31
BRDA:40,36,0,31
BRDA:40,36,1,31
BRDA:40,37,0,0
BRDA:40,37,1,31
BRDA:40,38,0,31
BRDA:40,38,1,31
BRDA:41,39,0,0
BRDA:41,39,1,31
BRDA:41,40,0,31
BRDA:41,40,1,31
BRDA:41,41,0,0
BRDA:41,41,1,31
BRDA:41,42,0,31
BRDA:41,42,1,31
BRDA:41,43,0,0
BRDA:41,43,1,31
BRDA:41,44,0,31
BRDA:41,44,1,31
BRDA:41,45,0,0
BRDA:41,45,1,31
BRDA:41,46,0,31
BRDA:41,46,1,31
BRDA:41,47,0,0
BRDA:41,47,1,31
BRDA:41,48,0,31
BRDA:41,48,1,31
BRDA:46,49,0,0
BRDA:46,49,1,50
BRDA:46,50,0,50
BRDA:46,50,1,50
BRDA:49,51,0,47
BRDA:49,51,1,3
BRDA:49,52,0,50
BRDA:49,52,1,3
BRDA:49,53,0,0
BRDA:49,53,1,50
BRDA:49,54,0,50
BRDA:49,54,1,50
BRDA:50,55,0,0
BRDA:50,55,1,50
BRDA:50,56,0,50
BRDA:50,56,1,50
BRDA:51,57,0,50
BRDA:51,57,1,0
BRDA:51,58,0,47
BRDA:51,58,1,3
BRDA:51,59,0,50
BRDA:51,59,1,3
BRDA:51,60,0,0
BRDA:51,60,1,50
BRDA:51,61,0,50
BRDA:51,61,1,50
BRDA:51,62,0,47
BRDA:51,62,1,3
BRDA:51,63,0,50
BRDA:51,63,1,3
BRDA:51,64,0,0
BRDA:51,64,1,50
BRDA:51,65,0,50
BRDA:51,65,1,50
BRDA:52,66,0,50
BRDA:52,66,1,2
BRDA:52,67,0,47
BRDA:52,67,1,3
BRDA:52,68,0,50
BRDA:52,68,1,3
BRDA:52,69,0,0
BRDA:52,69,1,50
BRDA:52,70,0,50
BRDA:52,70,1,50
BRDA:53,71,0,50
BRDA:53,71,1,1
BRDA:53,72,0,47
BRDA:53,72,1,3
BRDA:53,73,0,50
BRDA:53,73,1,3
BRDA:53,74,0,0
BRDA:53,74,1,50
BRDA:53,75,0,50
BRDA:53,75,1,50
BRDA:54,76,0,0
BRDA:54,76,1,31
BRDA:54,77,0,31
BRDA:54,77,1,31
BRDA:55,78,0,0
BRDA:55,78,1,50
BRDA:55,79,0,50
BRDA:55,79,1,50
BRDA:56,80,0,19
BRDA:56,80,1,31
BRDA:56,81,0,50
BRDA:56,81,1,31
BRDA:56,81,2,28
BRDA:56,81,3,27
BRDA:56,81,4,0
BRDA:56,81,5,31
BRDA:56,81,6,0
BRDA:57,82,0,28
BRDA:57,82,1,3
BRDA:57,83,0,31
BRDA:57,83,1,3
BRDA:57,84,0,0
BRDA:57,84,1,31
BRDA:57,85,0,31
BRDA:57,85,1,31
BRDA:58,86,0,0
BRDA:58,86,1,0
BRDA:58,87,0,0
BRDA:58,87,1,0
BRDA:58,88,0,0
BRDA:58,88,1,0
BRDA:58,89,0,0
BRDA:58,89,1,0
BRDA:61,90,0,0
BRDA:61,90,1,31
BRDA:64,91,0,0
BRDA:64,91,1,0
BRDA:64,92,0,0
BRDA:64,92,1,0
BRDA:64,92,2,0
BRDA:66,93,0,0
BRDA:66,93,1,0
BRDA:66,94,0,0
BRDA:66,94,1,0
BRDA:66,95,0,0
BRDA:66,95,1,0
BRDA:66,96,0,0
BRDA:66,96,1,0
BRDA:74,97,0,2
BRDA:74,97,1,29
BRDA:77,98,0,2
BRDA:77,98,1,0
BRDA:78,99,0,2
BRDA:78,99,1,0
BRDA:83,100,0,1
BRDA:83,100,1,28
BRDA:87,101,0,1
BRDA:87,101,1,27
BRDA:90,102,0,0
BRDA:90,102,1,1
BRDA:92,103,0,0
BRDA:92,103,1,1
BRDA:92,104,0,1
BRDA:92,104,1,1
BRDA:92,105,0,0
BRDA:92,105,1,1
BRDA:92,106,0,1
BRDA:92,106,1,1
BRDA:100,107,0,27
BRDA:100,107,1,0
BRDA:110,108,0,3
BRDA:110,108,1,0
BRDA:115,109,0,0
BRDA:115,109,1,31
BRDA:115,110,0,31
BRDA:115,110,1,31
BRDA:119,111,0,0
BRDA:119,111,1,31
BRDA:126,112,0,186
BRDA:126,112,1,31
BRDA:139,113,0,31
BRDA:139,113,1,93
BRDA:151,114,0,121
BRDA:151,114,1,251
BRDA:158,115,0,0
BRDA:158,115,1,31
BRDA:171,116,0,0
BRDA:171,116,1,31
BRDA:171,117,0,31
BRDA:171,117,1,31
BRDA:172,118,0,0
BRDA:172,118,1,31
BRDA:172,119,0,31
BRDA:172,119,1,31
BRDA:172,119,2,31
BRDA:172,119,3,31
BRDA:172,119,4,31
BRDA:172,119,5,31
BRDA:177,120,0,0
BRDA:177,120,1,31
BRDA:177,121,0,31
BRDA:177,121,1,31
BRDA:177,122,0,0
BRDA:177,122,1,31
BRDA:177,123,0,31
BRDA:177,123,1,31
BRDA:179,124,0,31
BRDA:179,124,1,0
BRDA:179,125,0,31
BRDA:179,125,1,31
BRDA:186,126,0,0
BRDA:186,126,1,31
BRDA:186,127,0,31
BRDA:186,127,1,31
BRDA:187,128,0,0
BRDA:187,128,1,31
BRDA:187,129,0,31
BRDA:187,129,1,31
BRDA:187,129,2,31
BRDA:194,130,0,63
BRDA:194,130,1,1293
BRDA:202,131,0,0
BRDA:202,131,1,3
BRDA:202,132,0,3
BRDA:202,132,1,3
BRDA:206,133,0,0
BRDA:206,133,1,0
BRDA:206,134,0,0
BRDA:206,134,1,0
BRF:284
BRH:200
end_of_record
TN:
SF:lib\ChartState\Calc\PeriodUtils.js
FN:3,(anonymous_0)
FN:10,(anonymous_1)
FN:11,(anonymous_2)
FN:12,(anonymous_3)
FN:13,(anonymous_4)
FN:19,(anonymous_5)
FN:22,(anonymous_6)
FN:23,(anonymous_7)
FN:56,(anonymous_8)
FN:71,(anonymous_9)
FN:82,(anonymous_10)
FN:92,(anonymous_11)
FN:120,(anonymous_12)
FN:147,(anonymous_13)
FN:170,(anonymous_14)
FNF:15
FNH:9
FNDA:1359,(anonymous_0)
FNDA:1359,(anonymous_1)
FNDA:13572,(anonymous_2)
FNDA:4281,(anonymous_3)
FNDA:3886,(anonymous_4)
FNDA:0,(anonymous_5)
FNDA:0,(anonymous_6)
FNDA:0,(anonymous_7)
FNDA:1359,(anonymous_8)
FNDA:1357,(anonymous_9)
FNDA:104,(anonymous_10)
FNDA:83,(anonymous_11)
FNDA:0,(anonymous_12)
FNDA:0,(anonymous_13)
FNDA:0,(anonymous_14)
DA:3,2
DA:5,1359
DA:6,0
DA:7,1359
DA:8,1359
DA:9,1359
DA:10,1359
DA:11,13572
DA:12,4281
DA:13,3886
DA:14,1359
DA:15,1359
DA:16,0
DA:17,1359
DA:18,1359
DA:19,1359
DA:20,1359
DA:22,0
DA:23,0
DA:25,1359
DA:26,0
DA:28,1359
DA:29,0
DA:30,1359
DA:31,1359
DA:32,1359
DA:33,1359
DA:34,1359
DA:35,1359
DA:36,1359
DA:56,2
DA:60,1359
DA:61,1359
DA:62,1359
DA:63,0
DA:64,1359
DA:65,1359
DA:68,2
DA:69,1357
DA:71,2
DA:72,1357
DA:73,1357
DA:74,1357
DA:75,1357
DA:76,0
DA:77,1357
DA:79,58
DA:80,1299
DA:82,2
DA:83,104
DA:84,104
DA:85,104
DA:86,104
DA:87,0
DA:88,104
DA:90,17
DA:91,17
DA:92,83
DA:93,17
DA:94,17
DA:95,17
DA:96,17
DA:97,17
DA:98,83
DA:99,83
DA:100,49
DA:101,49
DA:103,83
DA:105,17
DA:106,3
DA:107,14
DA:109,0
DA:110,0
DA:111,0
DA:112,0
DA:114,0
DA:115,0
DA:118,87
DA:120,2
DA:122,0
DA:123,0
DA:124,0
DA:125,0
DA:126,0
DA:127,0
DA:128,0
DA:129,0
DA:131,0
DA:132,0
DA:134,0
DA:135,0
DA:136,0
DA:137,0
DA:143,0
DA:145,0
DA:147,2
DA:149,0
DA:150,0
DA:151,0
DA:152,0
DA:153,0
DA:154,0
DA:155,0
DA:156,0
DA:163,0
DA:164,0
DA:165,0
DA:166,0
DA:167,0
DA:168,0
DA:170,2
DA:171,0
DA:172,0
DA:173,0
DA:174,0
DA:175,0
DA:176,0
DA:177,0
DA:178,0
DA:179,0
DA:180,0
DA:181,0
DA:182,0
DA:183,0
DA:184,0
DA:185,0
DA:186,0
LF:127
LH:66
BRDA:5,0,0,0
BRDA:5,0,1,1359
BRDA:5,1,0,1359
BRDA:5,1,1,1359
BRDA:5,1,2,1359
BRDA:11,2,0,0
BRDA:11,2,1,1359
BRDA:11,3,0,1359
BRDA:11,3,1,1359
BRDA:11,4,0,0
BRDA:11,4,1,1359
BRDA:11,5,0,1359
BRDA:11,5,1,1359
BRDA:11,6,0,0
BRDA:11,6,1,1359
BRDA:11,7,0,1359
BRDA:11,7,1,1359
BRDA:12,8,0,0
BRDA:12,8,1,1359
BRDA:12,9,0,1359
BRDA:12,9,1,1359
BRDA:12,10,0,0
BRDA:12,10,1,1359
BRDA:12,11,0,1359
BRDA:12,11,1,1359
BRDA:12,12,0,0
BRDA:12,12,1,1359
BRDA:12,13,0,1359
BRDA:12,13,1,1359
BRDA:12,14,0,0
BRDA:12,14,1,1359
BRDA:12,15,0,1359
BRDA:12,15,1,1359
BRDA:12,16,0,0
BRDA:12,16,1,1359
BRDA:12,17,0,1359
BRDA:12,17,1,1359
BRDA:13,18,0,0
BRDA:13,18,1,1359
BRDA:13,19,0,1359
BRDA:13,19,1,1359
BRDA:13,20,0,0
BRDA:13,20,1,1359
BRDA:13,21,0,1359
BRDA:13,21,1,1359
BRDA:13,22,0,0
BRDA:13,22,1,1359
BRDA:13,23,0,1359
BRDA:13,23,1,1359
BRDA:13,24,0,0
BRDA:13,24,1,1359
BRDA:13,25,0,1359
BRDA:13,25,1,1359
BRDA:13,26,0,0
BRDA:13,26,1,1359
BRDA:13,27,0,1359
BRDA:13,27,1,1359
BRDA:13,28,0,0
BRDA:13,28,1,1359
BRDA:13,29,0,1359
BRDA:13,29,1,1359
BRDA:13,30,0,0
BRDA:13,30,1,1359
BRDA:13,31,0,1359
BRDA:13,31,1,1359
BRDA:14,32,0,0
BRDA:14,32,1,1359
BRDA:14,33,0,1359
BRDA:14,33,1,1359
BRDA:14,34,0,0
BRDA:14,34,1,1359
BRDA:14,35,0,1359
BRDA:14,35,1,1359
BRDA:14,36,0,0
BRDA:14,36,1,1359
BRDA:14,37,0,1359
BRDA:14,37,1,1359
BRDA:14,38,0,0
BRDA:14,38,1,1359
BRDA:14,39,0,1359
BRDA:14,39,1,1359
BRDA:14,40,0,0
BRDA:14,40,1,1359
BRDA:14,41,0,1359
BRDA:14,41,1,1359
BRDA:14,42,0,0
BRDA:14,42,1,1359
BRDA:14,43,0,1359
BRDA:14,43,1,1359
BRDA:14,44,0,0
BRDA:14,44,1,1359
BRDA:14,45,0,1359
BRDA:14,45,1,1359
BRDA:15,46,0,0
BRDA:15,46,1,1359
BRDA:15,47,0,1359
BRDA:15,47,1,1359
BRDA:15,47,2,1359
BRDA:15,47,3,1359
BRDA:15,47,4,1359
BRDA:17,48,0,0
BRDA:17,48,1,1359
BRDA:17,49,0,1359
BRDA:17,49,1,1359
BRDA:17,50,0,0
BRDA:17,50,1,1359
BRDA:17,51,0,1359
BRDA:17,51,1,1359
BRDA:17,52,0,0
BRDA:17,52,1,1359
BRDA:17,53,0,1359
BRDA:17,53,1,1359
BRDA:18,54,0,0
BRDA:18,54,1,1359
BRDA:18,55,0,1359
BRDA:18,55,1,1359
BRDA:18,56,0,0
BRDA:18,56,1,1359
BRDA:18,57,0,1359
BRDA:18,57,1,1359
BRDA:18,58,0,0
BRDA:18,58,1,1359
BRDA:18,59,0,1359
BRDA:18,59,1,1359
BRDA:19,60,0,0
BRDA:19,60,1,1359
BRDA:19,61,0,0
BRDA:19,61,1,0
BRDA:19,62,0,0
BRDA:19,62,1,0
BRDA:20,63,0,0
BRDA:20,63,1,1359
BRDA:20,64,0,1359
BRDA:20,64,1,0
BRDA:20,64,2,0
BRDA:22,65,0,0
BRDA:22,65,1,0
BRDA:22,66,0,0
BRDA:22,66,1,0
BRDA:22,67,0,0
BRDA:22,67,1,0
BRDA:22,68,0,0
BRDA:22,68,1,0
BRDA:22,69,0,0
BRDA:22,69,1,0
BRDA:22,70,0,0
BRDA:22,70,1,0
BRDA:23,71,0,0
BRDA:23,71,1,0
BRDA:23,72,0,0
BRDA:23,72,1,0
BRDA:23,73,0,0
BRDA:23,73,1,0
BRDA:23,74,0,0
BRDA:23,74,1,0
BRDA:23,75,0,0
BRDA:23,75,1,0
BRDA:23,76,0,0
BRDA:23,76,1,0
BRDA:25,77,0,0
BRDA:25,77,1,1359
BRDA:25,78,0,1359
BRDA:25,78,1,0
BRDA:25,78,2,1359
BRDA:25,78,3,0
BRDA:28,79,0,0
BRDA:28,79,1,1359
BRDA:28,80,0,1359
BRDA:28,80,1,0
BRDA:31,81,0,1359
BRDA:31,81,1,1359
BRDA:32,82,0,1249
BRDA:32,82,1,110
BRDA:33,83,0,110
BRDA:33,83,1,1249
BRDA:34,84,0,0
BRDA:34,84,1,1359
BRDA:35,85,0,0
BRDA:35,85,1,1359
BRDA:36,86,0,2
BRDA:36,86,1,1357
BRDA:36,87,0,1359
BRDA:36,87,1,2
BRDA:36,87,2,2
BRDA:38,88,0,58
BRDA:38,88,1,1299
BRDA:38,89,0,1357
BRDA:38,89,1,1357
BRDA:38,89,2,58
BRDA:40,90,0,3
BRDA:40,90,1,1296
BRDA:40,91,0,1299
BRDA:40,91,1,104
BRDA:40,91,2,3
BRDA:44,92,0,0
BRDA:44,92,1,1296
BRDA:44,93,0,1296
BRDA:44,93,1,0
BRDA:44,93,2,0
BRDA:48,94,0,0
BRDA:48,94,1,1296
BRDA:48,95,0,1296
BRDA:48,95,1,0
BRDA:48,95,2,0
BRDA:52,96,0,0
BRDA:52,96,1,1296
BRDA:52,97,0,1296
BRDA:52,97,1,0
BRDA:62,98,0,0
BRDA:62,98,1,1359
BRDA:64,99,0,0
BRDA:64,99,1,1359
BRDA:64,100,0,1359
BRDA:64,100,1,1359
BRDA:64,101,0,0
BRDA:64,101,1,1359
BRDA:64,102,0,1359
BRDA:64,102,1,1359
BRDA:64,103,0,0
BRDA:64,103,1,1359
BRDA:64,104,0,1359
BRDA:64,104,1,1359
BRDA:65,105,0,2
BRDA:65,105,1,1357
BRDA:65,106,0,1359
BRDA:65,106,1,59
BRDA:65,106,2,2
BRDA:72,107,0,0
BRDA:72,107,1,1357
BRDA:75,108,0,0
BRDA:75,108,1,1357
BRDA:75,109,0,1357
BRDA:75,109,1,1357
BRDA:75,109,2,1357
BRDA:75,109,3,1357
BRDA:77,110,0,58
BRDA:77,110,1,1299
BRDA:77,111,0,1357
BRDA:77,111,1,58
BRDA:83,112,0,0
BRDA:83,112,1,104
BRDA:86,113,0,0
BRDA:86,113,1,104
BRDA:88,114,0,17
BRDA:88,114,1,87
BRDA:88,115,0,104
BRDA:88,115,1,17
BRDA:90,116,0,17
BRDA:90,116,1,0
BRDA:99,117,0,49
BRDA:99,117,1,34
BRDA:105,118,0,3
BRDA:105,118,1,14
BRDA:109,119,0,0
BRDA:109,119,1,0
BRDA:110,120,0,0
BRDA:110,120,1,0
BRDA:110,121,0,0
BRDA:110,121,1,0
BRDA:112,122,0,0
BRDA:112,122,1,0
BRDA:112,123,0,0
BRDA:112,123,1,0
BRDA:122,124,0,0
BRDA:122,124,1,0
BRDA:125,125,0,0
BRDA:125,125,1,0
BRDA:127,126,0,0
BRDA:127,126,1,0
BRDA:127,127,0,0
BRDA:127,127,1,0
BRDA:127,128,0,0
BRDA:127,128,1,0
BRDA:127,129,0,0
BRDA:127,129,1,0
BRDA:127,130,0,0
BRDA:127,130,1,0
BRDA:127,131,0,0
BRDA:127,131,1,0
BRDA:127,132,0,0
BRDA:127,132,1,0
BRDA:127,133,0,0
BRDA:127,133,1,0
BRDA:127,134,0,0
BRDA:127,134,1,0
BRDA:127,135,0,0
BRDA:127,135,1,0
BRDA:127,136,0,0
BRDA:127,136,1,0
BRDA:127,137,0,0
BRDA:127,137,1,0
BRDA:127,138,0,0
BRDA:127,138,1,0
BRDA:127,139,0,0
BRDA:127,139,1,0
BRDA:128,140,0,0
BRDA:128,140,1,0
BRDA:128,141,0,0
BRDA:128,141,1,0
BRDA:128,141,2,0
BRDA:128,141,3,0
BRDA:128,141,4,0
BRDA:131,142,0,0
BRDA:131,142,1,0
BRDA:131,143,0,0
BRDA:131,143,1,0
BRDA:134,144,0,0
BRDA:134,144,1,0
BRDA:134,145,0,0
BRDA:134,145,1,0
BRDA:135,146,0,0
BRDA:135,146,1,0
BRDA:137,147,0,0
BRDA:137,147,1,0
BRDA:137,148,0,0
BRDA:137,148,1,0
BRDA:137,148,2,0
BRDA:137,148,3,0
BRDA:137,148,4,0
BRDA:137,148,5,0
BRDA:137,148,6,0
BRDA:137,148,7,0
BRDA:137,148,8,0
BRDA:137,148,9,0
BRDA:137,148,10,0
BRDA:137,148,11,0
BRDA:137,148,12,0
BRDA:137,148,13,0
BRDA:149,149,0,0
BRDA:149,149,1,0
BRDA:152,150,0,0
BRDA:152,150,1,0
BRDA:154,151,0,0
BRDA:154,151,1,0
BRDA:154,152,0,0
BRDA:154,152,1,0
BRDA:154,153,0,0
BRDA:154,153,1,0
BRDA:154,154,0,0
BRDA:154,154,1,0
BRDA:154,155,0,0
BRDA:154,155,1,0
BRDA:154,156,0,0
BRDA:154,156,1,0
BRDA:154,157,0,0
BRDA:154,157,1,0
BRDA:154,158,0,0
BRDA:154,158,1,0
BRDA:154,159,0,0
BRDA:154,159,1,0
BRDA:154,160,0,0
BRDA:154,160,1,0
BRDA:154,161,0,0
BRDA:154,161,1,0
BRDA:154,162,0,0
BRDA:154,162,1,0
BRDA:154,163,0,0
BRDA:154,163,1,0
BRDA:154,164,0,0
BRDA:154,164,1,0
BRDA:155,165,0,0
BRDA:155,165,1,0
BRDA:155,166,0,0
BRDA:155,166,1,0
BRDA:155,167,0,0
BRDA:155,167,1,0
BRDA:155,168,0,0
BRDA:155,168,1,0
BRDA:155,169,0,0
BRDA:155,169,1,0
BRDA:156,170,0,0
BRDA:156,170,1,0
BRDA:156,171,0,0
BRDA:156,171,1,0
BRDA:156,171,2,0
BRDA:156,171,3,0
BRDA:156,171,4,0
BRDA:156,171,5,0
BRDA:156,171,6,0
BRDA:164,172,0,0
BRDA:164,172,1,0
BRDA:166,173,0,0
BRDA:166,173,1,0
BRDA:171,174,0,0
BRDA:171,174,1,0
BRDA:174,175,0,0
BRDA:174,175,1,0
BRDA:177,176,0,0
BRDA:177,176,1,0
BRDA:177,177,0,0
BRDA:177,177,1,0
BRDA:177,177,2,0
BRDA:177,177,3,0
BRDA:179,178,0,0
BRDA:179,178,1,0
BRDA:179,179,0,0
BRDA:179,179,1,0
BRDA:179,179,2,0
BRDA:179,179,3,0
BRDA:182,180,0,0
BRDA:182,180,1,0
BRDA:184,181,0,0
BRDA:184,181,1,0
BRF:403
BRH:167
end_of_record
TN:
SF:lib\ChartState\Factory\ChartDataFactory.js
FN:1,(anonymous_0)
FN:2,(anonymous_1)
FN:12,(anonymous_2)
FN:23,(anonymous_3)
FN:39,(anonymous_4)
FN:56,(anonymous_5)
FN:62,(anonymous_6)
FN:64,(anonymous_7)
FN:71,(anonymous_8)
FN:72,(anonymous_9)
FN:82,(anonymous_10)
FN:83,(anonymous_11)
FN:93,(anonymous_12)
FN:94,(anonymous_13)
FN:97,(anonymous_14)
FN:99,(anonymous_15)
FN:103,(anonymous_16)
FN:111,(anonymous_17)
FN:123,(anonymous_18)
FN:125,(anonymous_19)
FN:126,(anonymous_20)
FN:127,(anonymous_21)
FN:129,(anonymous_22)
FN:131,(anonymous_23)
FN:137,(anonymous_24)
FN:140,(anonymous_25)
FN:149,(anonymous_26)
FN:154,(anonymous_27)
FN:154,(anonymous_28)
FN:160,(anonymous_29)
FN:160,(anonymous_30)
FN:167,(anonymous_31)
FN:167,(anonymous_32)
FN:174,(anonymous_33)
FN:174,(anonymous_34)
FN:181,(anonymous_35)
FN:181,(anonymous_36)
FN:188,(anonymous_37)
FN:195,(anonymous_38)
FN:222,mergeDeep
FNF:40
FNH:28
FNDA:4,(anonymous_0)
FNDA:0,(anonymous_1)
FNDA:54,(anonymous_2)
FNDA:0,(anonymous_3)
FNDA:18,(anonymous_4)
FNDA:0,(anonymous_5)
FNDA:0,(anonymous_6)
FNDA:0,(anonymous_7)
FNDA:0,(anonymous_8)
FNDA:0,(anonymous_9)
FNDA:18,(anonymous_10)
FNDA:54,(anonymous_11)
FNDA:18,(anonymous_12)
FNDA:3607,(anonymous_13)
FNDA:3607,(anonymous_14)
FNDA:52,(anonymous_15)
FNDA:52,(anonymous_16)
FNDA:18,(anonymous_17)
FNDA:18,(anonymous_18)
FNDA:108,(anonymous_19)
FNDA:54,(anonymous_20)
FNDA:72,(anonymous_21)
FNDA:3625,(anonymous_22)
FNDA:14500,(anonymous_23)
FNDA:1036,(anonymous_24)
FNDA:226925,(anonymous_25)
FNDA:1036,(anonymous_26)
FNDA:0,(anonymous_27)
FNDA:0,(anonymous_28)
FNDA:0,(anonymous_29)
FNDA:0,(anonymous_30)
FNDA:3625,(anonymous_31)
FNDA:3625,(anonymous_32)
FNDA:3625,(anonymous_33)
FNDA:822,(anonymous_34)
FNDA:3625,(anonymous_35)
FNDA:178,(anonymous_36)
FNDA:18,(anonymous_37)
FNDA:3625,(anonymous_38)
FNDA:0,mergeDeep
DA:1,2
DA:2,4
DA:3,0
DA:4,0
DA:5,0
DA:6,0
DA:8,0
DA:10,4
DA:12,2
DA:13,54
DA:14,306
DA:15,234
DA:16,54
DA:17,54
DA:18,0
DA:19,0
DA:21,54
DA:23,2
DA:24,0
DA:25,0
DA:26,0
DA:27,0
DA:30,0
DA:39,2
DA:40,18
DA:41,18
DA:42,0
DA:43,18
DA:44,18
DA:45,0
DA:46,18
DA:56,2
DA:57,0
DA:58,0
DA:59,0
DA:60,0
DA:62,2
DA:63,0
DA:64,0
DA:65,0
DA:66,0
DA:67,0
DA:68,0
DA:69,0
DA:70,0
DA:71,0
DA:72,0
DA:73,0
DA:74,0
DA:75,0
DA:76,0
DA:77,0
DA:78,0
DA:80,0
DA:82,2
DA:83,18
DA:84,54
DA:86,18
DA:87,0
DA:88,18
DA:89,18
DA:90,18
DA:91,18
DA:93,2
DA:94,18
DA:95,3607
DA:97,3607
DA:98,18
DA:99,18
DA:100,52
DA:101,52
DA:103,52
DA:104,18
DA:105,18
DA:106,18
DA:107,18
DA:108,18
DA:109,18
DA:111,2
DA:112,18
DA:113,18
DA:114,18
DA:123,2
DA:125,108
DA:126,54
DA:127,72
DA:129,18
DA:130,3625
DA:131,3625
DA:132,14500
DA:134,3625
DA:137,18
DA:138,1036
DA:141,226925
DA:149,18
DA:150,1036
DA:151,1036
DA:152,1036
DA:154,0
DA:160,0
DA:167,3625
DA:174,3625
DA:181,3625
DA:188,18
DA:195,3625
DA:220,18
DA:221,18
DA:224,0
DA:225,0
DA:226,0
DA:227,0
DA:228,0
DA:241,0
DA:252,0
DA:253,0
DA:254,0
DA:257,18
LF:117
LH:70
BRDA:1,0,0,2
BRDA:1,0,1,0
BRDA:1,0,2,2
BRDA:2,1,0,4
BRDA:2,1,1,0
BRDA:5,2,0,0
BRDA:5,2,1,0
BRDA:12,3,0,2
BRDA:12,3,1,0
BRDA:12,3,2,2
BRDA:14,4,0,234
BRDA:14,4,1,72
BRDA:14,5,0,306
BRDA:14,5,1,306
BRDA:16,6,0,54
BRDA:16,6,1,0
BRDA:16,7,0,54
BRDA:16,7,1,54
BRDA:18,8,0,0
BRDA:18,8,1,0
BRDA:18,9,0,0
BRDA:18,9,1,0
BRDA:23,10,0,2
BRDA:23,10,1,0
BRDA:23,10,2,2
BRDA:24,11,0,0
BRDA:24,11,1,0
BRDA:24,12,0,0
BRDA:24,12,1,0
BRDA:25,13,0,0
BRDA:25,13,1,0
BRDA:25,14,0,0
BRDA:25,14,1,0
BRDA:26,15,0,0
BRDA:26,15,1,0
BRDA:30,16,0,0
BRDA:30,16,1,0
BRDA:41,17,0,0
BRDA:41,17,1,18
BRDA:43,18,0,0
BRDA:43,18,1,18
BRDA:43,19,0,0
BRDA:43,19,1,18
BRDA:43,20,0,18
BRDA:43,20,1,18
BRDA:43,21,0,0
BRDA:43,21,1,18
BRDA:43,22,0,18
BRDA:43,22,1,18
BRDA:44,23,0,0
BRDA:44,23,1,18
BRDA:58,24,0,0
BRDA:58,24,1,0
BRDA:65,25,0,0
BRDA:65,25,1,0
BRDA:65,26,0,0
BRDA:65,26,1,0
BRDA:66,27,0,0
BRDA:66,27,1,0
BRDA:66,28,0,0
BRDA:66,28,1,0
BRDA:66,28,2,0
BRDA:66,29,0,0
BRDA:66,29,1,0
BRDA:66,30,0,0
BRDA:66,30,1,0
BRDA:73,31,0,0
BRDA:73,31,1,0
BRDA:73,32,0,0
BRDA:73,32,1,0
BRDA:74,33,0,0
BRDA:74,33,1,0
BRDA:74,34,0,0
BRDA:74,34,1,0
BRDA:74,35,0,0
BRDA:74,35,1,0
BRDA:77,36,0,0
BRDA:77,36,1,0
BRDA:84,37,0,54
BRDA:84,37,1,36
BRDA:84,37,2,36
BRDA:86,38,0,0
BRDA:86,38,1,18
BRDA:95,39,0,0
BRDA:95,39,1,3607
BRDA:95,40,0,3607
BRDA:95,40,1,3607
BRDA:95,41,0,0
BRDA:95,41,1,3607
BRDA:95,42,0,3607
BRDA:95,42,1,3607
BRDA:95,43,0,0
BRDA:95,43,1,3607
BRDA:95,44,0,3607
BRDA:95,44,1,3607
BRDA:138,45,0,18
BRDA:138,45,1,1018
BRDA:138,46,0,1036
BRDA:138,46,1,1018
BRDA:141,47,0,226925
BRDA:141,47,1,226925
BRDA:141,47,2,206096
BRDA:141,47,3,24141
BRDA:141,47,4,19796
BRDA:141,47,5,10875
BRDA:141,47,6,9745
BRDA:141,47,7,10875
BRDA:141,47,8,0
BRDA:141,48,0,0
BRDA:141,48,1,226925
BRDA:141,49,0,226925
BRDA:141,49,1,226925
BRDA:142,50,0,0
BRDA:142,50,1,226925
BRDA:142,51,0,226925
BRDA:142,51,1,226925
BRDA:143,52,0,0
BRDA:143,52,1,24141
BRDA:143,53,0,24141
BRDA:143,53,1,24141
BRDA:144,54,0,0
BRDA:144,54,1,10875
BRDA:144,55,0,10875
BRDA:144,55,1,10875
BRDA:145,56,0,0
BRDA:145,56,1,10875
BRDA:145,57,0,10875
BRDA:145,57,1,10875
BRDA:150,58,0,1018
BRDA:150,58,1,18
BRDA:152,59,0,0
BRDA:152,59,1,1036
BRDA:158,60,0,0
BRDA:158,60,1,1036
BRDA:162,61,0,0
BRDA:162,61,1,0
BRDA:165,62,0,822
BRDA:165,62,1,214
BRDA:169,63,0,0
BRDA:169,63,1,3625
BRDA:172,64,0,178
BRDA:172,64,1,36
BRDA:176,65,0,822
BRDA:176,65,1,0
BRDA:179,66,0,18
BRDA:179,66,1,18
BRDA:183,67,0,178
BRDA:183,67,1,0
BRDA:186,68,0,18
BRDA:186,68,1,0
BRDA:190,69,0,18
BRDA:190,69,1,0
BRDA:196,70,0,18
BRDA:196,70,1,3607
BRDA:196,71,0,0
BRDA:196,71,1,3607
BRDA:197,72,0,18
BRDA:197,72,1,3607
BRDA:197,73,0,18
BRDA:197,73,1,0
BRDA:197,74,0,160
BRDA:197,74,1,3447
BRDA:198,75,0,18
BRDA:198,75,1,3607
BRDA:198,76,0,18
BRDA:198,76,1,0
BRDA:198,77,0,740
BRDA:198,77,1,2867
BRDA:199,78,0,18
BRDA:199,78,1,3607
BRDA:199,79,0,18
BRDA:199,79,1,0
BRDA:199,80,0,3607
BRDA:199,80,1,0
BRDA:200,81,0,18
BRDA:200,81,1,3607
BRDA:200,82,0,0
BRDA:200,82,1,18
BRDA:200,83,0,0
BRDA:200,83,1,3607
BRDA:201,84,0,18
BRDA:201,84,1,3607
BRDA:202,85,0,0
BRDA:202,85,1,18
BRDA:205,86,0,0
BRDA:205,86,1,3607
BRDA:209,87,0,0
BRDA:209,87,1,18
BRDA:221,88,0,0
BRDA:221,88,1,18
BRDA:221,89,0,18
BRDA:221,89,1,18
BRDA:224,90,0,0
BRDA:224,90,1,0
BRDA:224,91,0,0
BRDA:224,91,1,0
BRDA:224,92,0,0
BRDA:224,92,1,0
BRDA:224,93,0,0
BRDA:224,93,1,0
BRDA:225,94,0,0
BRDA:225,94,1,0
BRDA:225,95,0,0
BRDA:225,95,1,0
BRDA:225,96,0,0
BRDA:225,96,1,0
BRDA:225,97,0,0
BRDA:225,97,1,0
BRDA:226,98,0,0
BRDA:226,98,1,0
BRDA:226,99,0,0
BRDA:226,99,1,0
BRDA:228,100,0,0
BRDA:228,100,1,0
BRDA:230,101,0,0
BRDA:230,101,1,0
BRDA:232,102,0,0
BRDA:232,102,1,0
BRDA:234,103,0,0
BRDA:234,103,1,0
BRDA:236,104,0,0
BRDA:236,104,1,0
BRDA:238,105,0,0
BRDA:238,105,1,0
BRDA:241,106,0,0
BRDA:241,106,1,0
BRDA:241,107,0,0
BRDA:241,107,1,0
BRDA:241,107,2,0
BRDA:243,108,0,0
BRDA:243,108,1,0
BRDA:243,109,0,0
BRDA:243,109,1,0
BRDA:243,109,2,0
BRDA:245,110,0,0
BRDA:245,110,1,0
BRDA:245,111,0,0
BRDA:245,111,1,0
BRDA:245,111,2,0
BRDA:247,112,0,0
BRDA:247,112,1,0
BRDA:247,113,0,0
BRDA:247,113,1,0
BRDA:247,113,2,0
BRDA:249,114,0,0
BRDA:249,114,1,0
BRDA:249,115,0,0
BRDA:249,115,1,0
BRDA:249,115,2,0
BRDA:252,116,0,0
BRDA:252,116,1,0
BRDA:252,117,0,0
BRDA:252,117,1,0
BRDA:253,118,0,0
BRDA:253,118,1,0
BRDA:253,119,0,0
BRDA:253,119,1,0
BRDA:254,120,0,0
BRDA:254,120,1,0
BRDA:254,121,0,0
BRDA:254,121,1,0
BRDA:254,121,2,0
BRDA:254,121,3,0
BRDA:254,121,4,0
BRDA:258,122,0,0
BRDA:258,122,1,18
BRF:266
BRH:108
end_of_record
TN:
SF:lib\ChartState\Factory\Factory.js
FN:1,(anonymous_0)
FN:2,(anonymous_1)
FN:12,(anonymous_2)
FN:33,(anonymous_3)
FN:40,(anonymous_4)
FN:58,(anonymous_5)
FN:73,(anonymous_6)
FN:75,(anonymous_7)
FN:75,(anonymous_8)
FN:82,(anonymous_9)
FN:84,(anonymous_10)
FN:87,(anonymous_11)
FN:105,(anonymous_12)
FN:111,(anonymous_13)
FN:119,(anonymous_14)
FN:122,(anonymous_15)
FN:126,(anonymous_16)
FN:133,(anonymous_17)
FN:139,(anonymous_18)
FN:140,(anonymous_19)
FN:144,(anonymous_20)
FN:145,(anonymous_21)
FN:149,(anonymous_22)
FN:153,(anonymous_23)
FN:159,(anonymous_24)
FN:164,(anonymous_25)
FN:167,(anonymous_26)
FN:169,(anonymous_27)
FN:174,(anonymous_28)
FN:176,(anonymous_29)
FNF:30
FNH:21
FNDA:4,(anonymous_0)
FNDA:0,(anonymous_1)
FNDA:24,(anonymous_2)
FNDA:2,(anonymous_3)
FNDA:1,(anonymous_4)
FNDA:0,(anonymous_5)
FNDA:1,(anonymous_6)
FNDA:1,(anonymous_7)
FNDA:2,(anonymous_8)
FNDA:4,(anonymous_9)
FNDA:1,(anonymous_10)
FNDA:0,(anonymous_11)
FNDA:0,(anonymous_12)
FNDA:1,(anonymous_13)
FNDA:4,(anonymous_14)
FNDA:18,(anonymous_15)
FNDA:73,(anonymous_16)
FNDA:73,(anonymous_17)
FNDA:91,(anonymous_18)
FNDA:73,(anonymous_19)
FNDA:55,(anonymous_20)
FNDA:167,(anonymous_21)
FNDA:91,(anonymous_22)
FNDA:73,(anonymous_23)
FNDA:18,(anonymous_24)
FNDA:0,(anonymous_25)
FNDA:0,(anonymous_26)
FNDA:0,(anonymous_27)
FNDA:0,(anonymous_28)
FNDA:0,(anonymous_29)
DA:1,2
DA:2,4
DA:3,0
DA:4,0
DA:5,0
DA:6,0
DA:8,0
DA:10,4
DA:12,2
DA:13,24
DA:14,83
DA:15,0
DA:16,0
DA:19,24
DA:33,2
DA:34,2
DA:40,2
DA:42,1
DA:44,1
DA:45,1
DA:46,1
DA:47,0
DA:48,1
DA:49,1
DA:50,1
DA:51,1
DA:52,0
DA:53,0
DA:54,0
DA:55,0
DA:56,0
DA:57,0
DA:58,0
DA:59,0
DA:60,0
DA:61,0
DA:64,1
DA:65,1
DA:70,1
DA:73,2
DA:74,1
DA:75,2
DA:76,1
DA:77,1
DA:82,4
DA:84,2
DA:85,1
DA:86,1
DA:87,1
DA:88,0
DA:90,1
DA:91,0
DA:92,1
DA:93,1
DA:94,0
DA:95,1
DA:96,1
DA:97,1
DA:98,1
DA:104,1
DA:105,0
DA:106,0
DA:108,1
DA:109,1
DA:111,2
DA:112,1
DA:113,1
DA:114,1
DA:115,1
DA:116,0
DA:119,4
DA:122,2
DA:124,18
DA:125,18
DA:126,18
DA:128,73
DA:132,18
DA:134,73
DA:139,91
DA:140,18
DA:141,73
DA:143,18
DA:144,18
DA:145,167
DA:146,55
DA:147,55
DA:148,55
DA:149,91
DA:150,55
DA:151,55
DA:153,73
DA:154,18
DA:155,0
DA:156,18
DA:157,18
DA:158,18
DA:159,18
DA:160,18
DA:161,18
DA:162,18
DA:164,2
DA:165,0
DA:166,0
DA:168,0
DA:171,0
DA:174,0
DA:175,0
DA:176,0
LF:108
LH:76
BRDA:1,0,0,2
BRDA:1,0,1,0
BRDA:1,0,2,2
BRDA:2,1,0,4
BRDA:2,1,1,0
BRDA:5,2,0,0
BRDA:5,2,1,0
BRDA:12,3,0,2
BRDA:12,3,1,0
BRDA:12,3,2,2
BRDA:13,4,0,21
BRDA:13,4,1,3
BRDA:13,5,0,24
BRDA:13,5,1,3
BRDA:14,6,0,0
BRDA:14,6,1,83
BRDA:14,7,0,83
BRDA:14,7,1,83
BRDA:15,8,0,0
BRDA:15,8,1,0
BRDA:19,9,0,24
BRDA:19,9,1,24
BRDA:34,10,0,2
BRDA:34,10,1,0
BRDA:34,11,0,2
BRDA:34,11,1,2
BRDA:36,12,0,0
BRDA:36,12,1,0
BRDA:46,13,0,0
BRDA:46,13,1,1
BRDA:48,14,0,1
BRDA:48,14,1,0
BRDA:51,15,0,0
BRDA:51,15,1,1
BRDA:51,16,0,1
BRDA:51,16,1,1
BRDA:55,17,0,0
BRDA:55,17,1,0
BRDA:58,18,0,0
BRDA:58,18,1,0
BRDA:58,19,0,0
BRDA:58,19,1,0
BRDA:58,20,0,0
BRDA:58,20,1,0
BRDA:58,21,0,0
BRDA:58,21,1,0
BRDA:58,22,0,0
BRDA:58,22,1,0
BRDA:58,23,0,0
BRDA:58,23,1,0
BRDA:58,24,0,0
BRDA:58,24,1,0
BRDA:60,25,0,0
BRDA:60,25,1,0
BRDA:60,25,2,0
BRDA:88,26,0,0
BRDA:88,26,1,0
BRDA:90,27,0,0
BRDA:90,27,1,1
BRDA:90,28,0,1
BRDA:90,28,1,0
BRDA:90,28,2,1
BRDA:90,28,3,1
BRDA:93,29,0,0
BRDA:93,29,1,1
BRDA:96,30,0,1
BRDA:96,30,1,0
BRDA:98,31,0,1
BRDA:98,31,1,0
BRDA:98,32,0,1
BRDA:98,32,1,1
BRDA:98,32,2,1
BRDA:104,33,0,0
BRDA:104,33,1,1
BRDA:104,34,0,1
BRDA:104,34,1,1
BRDA:115,35,0,0
BRDA:115,35,1,1
BRDA:115,36,0,1
BRDA:115,36,1,0
BRDA:125,37,0,0
BRDA:125,37,1,18
BRDA:125,38,0,18
BRDA:125,38,1,18
BRDA:125,39,0,0
BRDA:125,39,1,18
BRDA:125,40,0,18
BRDA:125,40,1,18
BRDA:128,41,0,18
BRDA:128,41,1,55
BRDA:130,42,0,18
BRDA:130,42,1,37
BRDA:130,43,0,55
BRDA:130,43,1,55
BRDA:130,44,0,55
BRDA:130,44,1,0
BRDA:130,45,0,55
BRDA:130,45,1,55
BRDA:134,46,0,55
BRDA:134,46,1,18
BRDA:134,47,0,73
BRDA:134,47,1,55
BRDA:134,48,0,0
BRDA:134,48,1,55
BRDA:134,49,0,55
BRDA:134,49,1,55
BRDA:141,50,0,18
BRDA:141,50,1,55
BRDA:145,51,0,0
BRDA:145,51,1,55
BRDA:145,52,0,55
BRDA:145,52,1,55
BRDA:146,53,0,0
BRDA:146,53,1,55
BRDA:146,54,0,55
BRDA:146,54,1,55
BRDA:147,55,0,55
BRDA:147,55,1,0
BRDA:147,56,0,0
BRDA:147,56,1,55
BRDA:147,57,0,55
BRDA:147,57,1,55
BRDA:148,58,0,0
BRDA:148,58,1,55
BRDA:148,59,0,55
BRDA:148,59,1,55
BRDA:149,60,0,55
BRDA:149,60,1,0
BRDA:149,61,0,0
BRDA:149,61,1,55
BRDA:149,62,0,55
BRDA:149,62,1,55
BRDA:149,63,0,0
BRDA:149,63,1,91
BRDA:149,64,0,91
BRDA:149,64,1,91
BRDA:150,65,0,55
BRDA:150,65,1,0
BRDA:150,66,0,55
BRDA:150,66,1,55
BRDA:150,66,2,55
BRDA:150,67,0,0
BRDA:150,67,1,55
BRDA:150,68,0,55
BRDA:150,68,1,55
BRDA:151,69,0,0
BRDA:151,69,1,55
BRDA:151,70,0,55
BRDA:151,70,1,55
BRDA:151,71,0,0
BRDA:151,71,1,55
BRDA:151,72,0,55
BRDA:151,72,1,55
BRDA:154,73,0,0
BRDA:154,73,1,18
BRDA:156,74,0,18
BRDA:156,74,1,0
BRDA:159,75,0,0
BRDA:159,75,1,18
BRDA:159,76,0,18
BRDA:159,76,1,18
BRDA:159,77,0,0
BRDA:159,77,1,18
BRDA:159,78,0,18
BRDA:159,78,1,18
BRDA:159,79,0,0
BRDA:159,79,1,18
BRDA:159,80,0,18
BRDA:159,80,1,18
BRDA:159,81,0,18
BRDA:159,81,1,18
BRDA:161,82,0,18
[...]
BRDA:91,33,1,0
BRDA:91,34,0,0
BRDA:91,34,1,0
BRDA:91,35,0,0
BRDA:91,35,1,0
BRDA:91,36,0,0
BRDA:91,36,1,0
BRDA:91,37,0,0
BRDA:91,37,1,0
BRDA:91,38,0,0
BRDA:91,38,1,0
BRDA:91,39,0,0
BRDA:91,39,1,0
BRDA:92,40,0,0
BRDA:92,40,1,0
BRDA:92,41,0,0
BRDA:92,41,1,0
BRDA:93,42,0,0
BRDA:93,42,1,0
BRDA:93,43,0,0
BRDA:93,43,1,0
BRDA:93,44,0,0
BRDA:93,44,1,0
BRDA:93,45,0,0
BRDA:93,45,1,0
BRDA:93,46,0,0
BRDA:93,46,1,0
BRDA:93,47,0,0
BRDA:93,47,1,0
BRDA:93,48,0,0
BRDA:93,48,1,0
BRDA:93,49,0,0
BRDA:93,49,1,0
BRDA:93,50,0,0
BRDA:93,50,1,0
BRDA:93,51,0,0
BRDA:93,51,1,0
BRDA:93,52,0,0
BRDA:93,52,1,0
BRDA:93,53,0,0
BRDA:93,53,1,0
BRDA:93,54,0,0
BRDA:93,54,1,0
BRDA:93,55,0,0
BRDA:93,55,1,0
BRDA:93,56,0,0
BRDA:93,56,1,0
BRDA:93,56,2,0
BRDA:93,57,0,0
BRDA:93,57,1,0
BRDA:93,58,0,0
BRDA:93,58,1,0
BRDA:93,59,0,0
BRDA:93,59,1,0
BRDA:93,60,0,0
BRDA:93,60,1,0
BRDA:93,61,0,0
BRDA:93,61,1,0
BRDA:93,62,0,0
BRDA:93,62,1,0
BRDA:95,63,0,0
BRDA:95,63,1,0
BRDA:95,64,0,0
BRDA:95,64,1,0
BRDA:95,65,0,0
BRDA:95,65,1,0
BRDA:95,66,0,0
BRDA:95,66,1,0
BRDA:95,67,0,0
BRDA:95,67,1,0
BRDA:95,68,0,0
BRDA:95,68,1,0
BRDA:95,69,0,0
BRDA:95,69,1,0
BRDA:95,70,0,0
BRDA:95,70,1,0
BRDA:95,71,0,0
BRDA:95,71,1,0
BRDA:95,72,0,0
BRDA:95,72,1,0
BRDA:96,73,0,0
BRDA:96,73,1,0
BRDA:96,74,0,0
BRDA:96,74,1,0
BRDA:96,75,0,0
BRDA:96,75,1,0
BRDA:96,76,0,0
BRDA:96,76,1,0
BRDA:96,77,0,0
BRDA:96,77,1,0
BRDA:96,78,0,0
BRDA:96,78,1,0
BRDA:97,79,0,0
BRDA:97,79,1,0
BRDA:97,80,0,0
BRDA:97,80,1,0
BRDA:97,81,0,0
BRDA:97,81,1,0
BRDA:97,82,0,0
BRDA:97,82,1,0
BRDA:97,83,0,0
BRDA:97,83,1,0
BRDA:97,84,0,0
BRDA:97,84,1,0
BRDA:99,85,0,0
BRDA:99,85,1,0
BRDA:99,86,0,0
BRDA:99,86,1,0
BRDA:99,87,0,0
BRDA:99,87,1,0
BRDA:100,88,0,0
BRDA:100,88,1,0
BRDA:100,89,0,0
BRDA:100,89,1,0
BRF:183
BRH:4
end_of_record
TN:
SF:lib\Menu\Subelements\SubchartTreeItem.js
FN:1,(anonymous_0)
FN:2,(anonymous_1)
FN:12,(anonymous_2)
FN:36,(anonymous_3)
FN:40,(anonymous_4)
FN:43,(anonymous_5)
FN:51,(anonymous_6)
FN:62,(anonymous_7)
FN:65,(anonymous_8)
FNF:9
FNH:0
FNDA:0,(anonymous_0)
FNDA:0,(anonymous_1)
FNDA:0,(anonymous_2)
FNDA:0,(anonymous_3)
FNDA:0,(anonymous_4)
FNDA:0,(anonymous_5)
FNDA:0,(anonymous_6)
FNDA:0,(anonymous_7)
FNDA:0,(anonymous_8)
DA:1,2
DA:2,0
DA:3,0
DA:4,0
DA:5,0
DA:6,0
DA:8,0
DA:10,0
DA:12,2
DA:13,0
DA:14,0
DA:15,0
DA:16,0
DA:17,0
DA:18,0
DA:19,0
DA:21,0
DA:36,2
DA:37,0
DA:38,0
DA:39,0
DA:40,0
DA:41,0
DA:42,0
DA:44,0
DA:45,0
DA:49,0
DA:53,0
DA:63,0
DA:64,0
DA:65,0
DA:67,2
LF:32
LH:4
BRDA:1,0,0,2
BRDA:1,0,1,0
BRDA:1,0,2,2
BRDA:2,1,0,0
BRDA:2,1,1,0
BRDA:5,2,0,0
BRDA:5,2,1,0
BRDA:12,3,0,2
BRDA:12,3,1,0
BRDA:12,3,2,2
BRDA:14,4,0,0
BRDA:14,4,1,0
BRDA:14,5,0,0
BRDA:14,5,1,0
BRDA:16,6,0,0
BRDA:16,6,1,0
BRDA:16,7,0,0
BRDA:16,7,1,0
BRDA:18,8,0,0
BRDA:18,8,1,0
BRDA:18,9,0,0
BRDA:18,9,1,0
BRDA:40,10,0,0
BRDA:40,10,1,0
BRDA:42,11,0,0
BRDA:42,11,1,0
BRDA:42,12,0,0
BRDA:42,12,1,0
BRDA:43,13,0,0
BRDA:43,13,1,0
BRDA:50,14,0,0
BRDA:50,14,1,0
BRDA:53,15,0,0
BRDA:53,15,1,0
BRDA:53,16,0,0
BRDA:53,16,1,0
BRDA:53,17,0,0
BRDA:53,17,1,0
BRDA:53,18,0,0
BRDA:53,18,1,0
BRDA:53,19,0,0
BRDA:53,19,1,0
BRDA:53,20,0,0
BRDA:53,20,1,0
BRDA:53,21,0,0
BRDA:53,21,1,0
BRDA:53,22,0,0
BRDA:53,22,1,0
BRDA:53,23,0,0
BRDA:53,23,1,0
BRDA:53,24,0,0
BRDA:53,24,1,0
BRDA:55,25,0,0
BRDA:55,25,1,0
BRDA:64,26,0,0
BRDA:64,26,1,0
BRDA:64,27,0,0
BRDA:64,27,1,0
BRF:58
BRH:4
end_of_record
TN:
SF:lib\Menu\Subelements\ToolTreeItem.js
FN:1,(anonymous_0)
FN:2,(anonymous_1)
FN:24,(anonymous_2)
FN:32,(anonymous_3)
FN:37,(anonymous_4)
FN:48,(anonymous_5)
FN:65,(anonymous_6)
FN:68,(anonymous_7)
FN:75,(anonymous_8)
FN:81,(anonymous_9)
FN:83,(anonymous_10)
FN:85,(anonymous_11)
FN:90,(anonymous_12)
FN:96,(anonymous_13)
FNF:14
FNH:0
FNDA:0,(anonymous_0)
FNDA:0,(anonymous_1)
FNDA:0,(anonymous_2)
FNDA:0,(anonymous_3)
FNDA:0,(anonymous_4)
FNDA:0,(anonymous_5)
FNDA:0,(anonymous_6)
FNDA:0,(anonymous_7)
FNDA:0,(anonymous_8)
FNDA:0,(anonymous_9)
FNDA:0,(anonymous_10)
FNDA:0,(anonymous_11)
FNDA:0,(anonymous_12)
FNDA:0,(anonymous_13)
DA:1,2
DA:2,0
DA:3,0
DA:4,0
DA:5,0
DA:6,0
DA:8,0
DA:10,0
DA:24,2
DA:26,0
DA:27,0
DA:28,0
DA:29,0
DA:30,0
DA:31,0
DA:32,0
DA:38,0
DA:49,0
DA:56,0
DA:66,0
DA:67,0
DA:69,0
DA:70,0
DA:74,0
DA:76,0
DA:83,0
DA:84,0
DA:85,0
DA:86,0
DA:91,0
DA:96,0
LF:31
LH:2
BRDA:1,0,0,2
BRDA:1,0,1,0
BRDA:1,0,2,2
BRDA:2,1,0,0
BRDA:2,1,1,0
BRDA:5,2,0,0
BRDA:5,2,1,0
BRDA:27,3,0,0
BRDA:27,3,1,0
BRDA:27,4,0,0
BRDA:27,4,1,0
BRDA:27,5,0,0
BRDA:27,5,1,0
BRDA:27,6,0,0
BRDA:27,6,1,0
BRDA:27,7,0,0
BRDA:27,7,1,0
BRDA:27,8,0,0
BRDA:27,8,1,0
BRDA:27,9,0,0
BRDA:27,9,1,0
BRDA:27,10,0,0
BRDA:27,10,1,0
BRDA:27,11,0,0
BRDA:27,11,1,0
BRDA:27,12,0,0
BRDA:27,12,1,0
BRDA:28,13,0,0
BRDA:28,13,1,0
BRDA:30,14,0,0
BRDA:30,14,1,0
BRDA:56,15,0,0
BRDA:56,15,1,0
BRDA:58,16,0,0
BRDA:58,16,1,0
BRDA:60,17,0,0
BRDA:60,17,1,0
BRDA:63,18,0,0
BRDA:63,18,1,0
BRDA:65,19,0,0
BRDA:65,19,1,0
BRDA:65,20,0,0
BRDA:65,20,1,0
BRDA:65,20,2,0
BRDA:65,21,0,0
BRDA:65,21,1,0
BRDA:65,22,0,0
BRDA:65,22,1,0
BRDA:65,23,0,0
BRDA:65,23,1,0
BRDA:67,24,0,0
BRDA:67,24,1,0
BRDA:67,25,0,0
BRDA:67,25,1,0
BRDA:75,26,0,0
BRDA:75,26,1,0
BRDA:75,27,0,0
BRDA:75,27,1,0
BRDA:75,28,0,0
BRDA:75,28,1,0
BRDA:80,29,0,0
BRDA:80,29,1,0
BRDA:83,30,0,0
BRDA:83,30,1,0
BRDA:83,31,0,0
BRDA:83,31,1,0
BRDA:83,32,0,0
BRDA:83,32,1,0
BRDA:83,33,0,0
BRDA:83,33,1,0
BRDA:84,34,0,0
BRDA:84,34,1,0
BRDA:85,35,0,0
BRDA:85,35,1,0
BRDA:85,36,0,0
BRDA:85,36,1,0
BRDA:90,37,0,0
BRDA:90,37,1,0
BRDA:90,38,0,0
BRDA:90,38,1,0
BRF:80
BRH:2
end_of_record
TN:
SF:lib\Tools\DefaultTools.js
FNF:0
FNH:0
DA:5,2
LF:1
LH:1
BRF:0
BRH:0
end_of_record
TN:
SF:lib\Tools\DrawTool.js
FN:1,(anonymous_0)
FN:2,(anonymous_1)
FN:12,(anonymous_2)
FN:25,(anonymous_3)
FN:31,(anonymous_4)
FN:34,(anonymous_5)
FN:40,(anonymous_6)
FN:42,(anonymous_7)
FNF:8
FNH:4
FNDA:0,(anonymous_0)
FNDA:0,(anonymous_1)
FNDA:6,(anonymous_2)
FNDA:64,(anonymous_3)
FNDA:192,(anonymous_4)
FNDA:0,(anonymous_5)
FNDA:50,(anonymous_6)
FNDA:0,(anonymous_7)
DA:1,2
DA:2,0
DA:3,0
DA:4,0
DA:5,0
DA:6,0
DA:8,0
DA:10,0
DA:12,2
DA:13,6
DA:14,0
DA:15,0
DA:16,0
DA:19,6
DA:25,2
DA:27,64
DA:28,64
DA:29,64
DA:30,64
DA:31,192
DA:32,64
DA:33,64
DA:34,64
DA:35,0
DA:38,64
DA:39,64
DA:40,64
DA:41,50
DA:43,0
DA:51,64
LF:30
LH:18
BRDA:1,0,0,2
BRDA:1,0,1,0
BRDA:1,0,2,2
BRDA:2,1,0,0
BRDA:2,1,1,0
BRDA:5,2,0,0
BRDA:5,2,1,0
BRDA:12,3,0,2
BRDA:12,3,1,0
BRDA:12,3,2,2
BRDA:13,4,0,3
BRDA:13,4,1,3
BRDA:13,5,0,6
BRDA:13,5,1,3
BRDA:14,6,0,0
BRDA:14,6,1,0
BRDA:14,7,0,0
BRDA:14,7,1,0
BRDA:15,8,0,0
BRDA:15,8,1,0
BRDA:19,9,0,6
BRDA:19,9,1,6
BRDA:30,10,0,64
BRDA:30,10,1,0
BRDA:30,10,2,64
BRDA:32,11,0,64
BRDA:32,11,1,0
BRDA:32,12,0,64
BRDA:32,12,1,64
BRDA:34,13,0,64
BRDA:34,13,1,0
BRDA:34,14,0,64
BRDA:34,14,1,64
BRDA:34,15,0,64
BRDA:34,15,1,0
BRDA:34,16,0,64
BRDA:34,16,1,64
BRDA:38,17,0,58
BRDA:38,17,1,6
BRDA:38,18,0,64
BRDA:38,18,1,64
BRDA:38,19,0,0
BRDA:38,19,1,64
BRDA:38,20,0,64
BRDA:38,20,1,64
BRDA:38,21,0,0
BRDA:38,21,1,64
BRDA:38,22,0,64
BRDA:38,22,1,64
BRDA:41,23,0,3
BRDA:41,23,1,47
BRDA:43,24,0,0
BRDA:43,24,1,0
BRDA:43,25,0,0
BRDA:43,25,1,0
BRDA:46,26,0,3
BRDA:46,26,1,0
BRDA:46,27,0,3
BRDA:46,27,1,3
BRDA:46,28,0,0
BRDA:46,28,1,3
BRDA:46,29,0,3
BRDA:46,29,1,3
BRDA:47,30,0,0
BRDA:47,30,1,3
BRDA:51,31,0,64
BRDA:51,31,1,0
BRDA:51,31,2,0
BRDA:51,31,3,0
BRDA:51,31,4,64
BRF:70
BRH:42
end_of_record
TN:
SF:lib\Tools\HLine.js
FN:5,(anonymous_0)
FNF:1
FNH:0
FNDA:0,(anonymous_0)
DA:5,2
DA:6,0
DA:7,0
DA:8,0
DA:9,0
DA:10,0
DA:11,0
DA:12,0
DA:13,0
DA:18,0
DA:19,0
DA:20,0
DA:21,0
DA:22,0
DA:23,0
DA:24,0
DA:27,0
DA:31,0
DA:33,2
DA:34,2
LF:20
LH:3
BRDA:10,0,0,0
BRDA:10,0,1,0
BRDA:10,1,0,0
BRDA:10,1,1,0
BRDA:11,2,0,0
BRDA:11,2,1,0
BRDA:11,3,0,0
BRDA:11,3,1,0
BRDA:11,3,2,0
BRDA:11,3,3,0
BRDA:13,4,0,0
BRDA:13,4,1,0
BRDA:15,5,0,0
BRDA:15,5,1,0
BRDA:15,6,0,0
BRDA:15,6,1,0
BRDA:15,7,0,0
BRDA:15,7,1,0
BRDA:18,8,0,0
BRDA:18,8,1,0
BRDA:20,9,0,0
BRDA:20,9,1,0
BRDA:20,10,0,0
BRDA:20,10,1,0
BRDA:20,11,0,0
BRDA:20,11,1,0
BRDA:20,12,0,0
BRDA:20,12,1,0
BRDA:20,13,0,0
BRDA:20,13,1,0
BRDA:20,14,0,0
BRDA:20,14,1,0
BRDA:22,15,0,0
BRDA:22,15,1,0
BRDA:22,16,0,0
BRDA:22,16,1,0
BRDA:22,17,0,0
BRDA:22,17,1,0
BRDA:23,18,0,0
BRDA:23,18,1,0
BRDA:23,19,0,0
BRDA:23,19,1,0
BRDA:23,20,0,0
BRDA:23,20,1,0
BRDA:24,21,0,0
BRDA:24,21,1,0
BRDA:24,22,0,0
BRDA:24,22,1,0
BRDA:24,23,0,0
BRDA:24,23,1,0
BRDA:28,24,0,0
BRDA:28,24,1,0
BRDA:29,25,0,0
BRDA:29,25,1,0
BRF:54
BRH:0
end_of_record
TN:
SF:lib\Tools\Trendline.js
FN:1,(anonymous_0)
FN:15,(anonymous_1)
FN:22,(anonymous_2)
FN:24,(anonymous_3)
FNF:4
FNH:0
FNDA:0,(anonymous_0)
FNDA:0,(anonymous_1)
FNDA:0,(anonymous_2)
FNDA:0,(anonymous_3)
DA:1,2
DA:2,0
DA:3,0
DA:4,0
DA:5,0
DA:8,0
DA:15,2
DA:16,0
DA:18,0
DA:19,0
DA:20,0
DA:21,0
DA:22,0
DA:23,0
DA:24,0
DA:28,0
DA:29,0
DA:30,0
DA:31,0
DA:32,0
DA:33,0
DA:34,0
DA:35,0
DA:36,0
DA:37,0
DA:38,0
DA:39,0
DA:40,0
DA:41,0
DA:42,0
DA:43,0
DA:44,0
DA:45,0
DA:46,0
DA:47,0
DA:48,0
DA:51,0
DA:53,2
DA:54,2
LF:39
LH:4
BRDA:1,0,0,2
BRDA:1,0,1,0
BRDA:1,0,2,2
BRDA:2,1,0,0
BRDA:2,1,1,0
BRDA:2,2,0,0
BRDA:2,2,1,0
BRDA:3,3,0,0
BRDA:3,3,1,0
BRDA:3,4,0,0
BRDA:3,4,1,0
BRDA:4,5,0,0
BRDA:4,5,1,0
BRDA:8,6,0,0
BRDA:8,6,1,0
BRDA:19,7,0,0
BRDA:19,7,1,0
BRDA:19,8,0,0
BRDA:19,8,1,0
BRDA:19,8,2,0
BRDA:19,8,3,0
BRDA:19,9,0,0
BRDA:19,9,1,0
BRDA:19,10,0,0
BRDA:19,10,1,0
BRDA:23,11,0,0
BRDA:23,11,1,0
BRDA:25,12,0,0
BRDA:25,12,1,0
BRDA:25,13,0,0
BRDA:25,13,1,0
BRDA:25,14,0,0
BRDA:25,14,1,0
BRDA:28,15,0,0
BRDA:28,15,1,0
BRDA:28,16,0,0
BRDA:28,16,1,0
BRDA:30,17,0,0
BRDA:30,17,1,0
BRDA:30,18,0,0
BRDA:30,18,1,0
BRDA:30,19,0,0
BRDA:30,19,1,0
BRDA:31,20,0,0
BRDA:31,20,1,0
BRDA:31,21,0,0
BRDA:31,21,1,0
BRDA:31,22,0,0
BRDA:31,22,1,0
BRDA:32,23,0,0
BRDA:32,23,1,0
BRDA:32,24,0,0
BRDA:32,24,1,0
BRDA:32,25,0,0
BRDA:32,25,1,0
BRDA:33,26,0,0
BRDA:33,26,1,0
BRDA:35,27,0,0
BRDA:35,27,1,0
BRDA:35,28,0,0
BRDA:35,28,1,0
BRDA:35,28,2,0
BRDA:39,29,0,0
BRDA:39,29,1,0
BRDA:44,30,0,0
BRDA:44,30,1,0
BRDA:45,31,0,0
BRDA:45,31,1,0
BRF:68
BRH:2
end_of_record
TN:
SF:lib\Tools\VLine.js
FN:5,(anonymous_0)
FNF:1
FNH:0
FNDA:0,(anonymous_0)
DA:5,2
DA:7,0
DA:8,0
DA:9,0
DA:10,0
DA:11,0
DA:12,0
DA:17,0
DA:18,0
DA:19,0
DA:20,0
DA:21,0
DA:24,0
DA:26,0
DA:30,0
DA:32,2
DA:33,2
LF:17
LH:3
BRDA:9,0,0,0
BRDA:9,0,1,0
BRDA:9,1,0,0
BRDA:9,1,1,0
BRDA:10,2,0,0
BRDA:10,2,1,0
BRDA:10,3,0,0
BRDA:10,3,1,0
BRDA:10,3,2,0
BRDA:10,3,3,0
BRDA:12,4,0,0
BRDA:12,4,1,0
BRDA:14,5,0,0
BRDA:14,5,1,0
BRDA:14,6,0,0
BRDA:14,6,1,0
BRDA:14,7,0,0
BRDA:14,7,1,0
BRDA:17,8,0,0
BRDA:17,8,1,0
BRDA:19,9,0,0
BRDA:19,9,1,0
BRDA:19,10,0,0
BRDA:19,10,1,0
BRDA:19,11,0,0
BRDA:19,11,1,0
BRDA:20,12,0,0
BRDA:20,12,1,0
BRDA:20,13,0,0
BRDA:20,13,1,0
BRDA:20,14,0,0
BRDA:20,14,1,0
BRDA:21,15,0,0
BRDA:21,15,1,0
BRDA:21,16,0,0
BRDA:21,16,1,0
BRDA:21,17,0,0
BRDA:21,17,1,0
BRDA:24,18,0,0
BRDA:24,18,1,0
BRDA:24,19,0,0
BRDA:24,19,1,0
BRDA:24,20,0,0
BRDA:24,20,1,0
BRDA:24,21,0,0
BRDA:24,21,1,0
BRDA:27,22,0,0
BRDA:27,22,1,0
BRDA:28,23,0,0
BRDA:28,23,1,0
BRF:50
BRH:0
end_of_record
TN:
SF:lib\Types\Reducer.js
FN:1,(anonymous_0)
FN:4,(anonymous_1)
FN:7,(anonymous_2)
FN:10,(anonymous_3)
FN:13,(anonymous_4)
FN:16,(anonymous_5)
FN:19,(anonymous_6)
FN:22,(anonymous_7)
FN:25,(anonymous_8)
FN:28,(anonymous_9)
FN:31,(anonymous_10)
FN:34,(anonymous_11)
FN:37,(anonymous_12)
FN:40,(anonymous_13)
FN:43,(anonymous_14)
FN:46,(anonymous_15)
FN:49,(anonymous_16)
FN:52,(anonymous_17)
FN:55,(anonymous_18)
FNF:19
FNH:16
FNDA:123,(anonymous_0)
FNDA:81,(anonymous_1)
FNDA:81,(anonymous_2)
FNDA:85,(anonymous_3)
FNDA:83,(anonymous_4)
FNDA:73,(anonymous_5)
FNDA:84,(anonymous_6)
FNDA:82,(anonymous_7)
FNDA:73,(anonymous_8)
FNDA:73,(anonymous_9)
FNDA:104,(anonymous_10)
FNDA:74,(anonymous_11)
FNDA:103,(anonymous_12)
FNDA:103,(anonymous_13)
FNDA:103,(anonymous_14)
FNDA:104,(anonymous_15)
FNDA:0,(anonymous_16)
FNDA:0,(anonymous_17)
FNDA:0,(anonymous_18)
DA:1,2
DA:2,123
DA:4,2
DA:5,81
DA:7,2
DA:8,81
DA:10,2
DA:11,85
DA:13,2
DA:14,83
DA:16,2
DA:17,73
DA:19,2
DA:20,84
DA:22,2
DA:23,82
DA:25,2
DA:26,73
DA:28,2
DA:29,73
DA:31,2
DA:32,104
DA:34,2
DA:35,74
DA:37,2
DA:38,103
DA:40,2
DA:41,103
DA:43,2
DA:44,103
DA:46,2
DA:47,104
DA:49,2
DA:50,0
DA:52,2
DA:53,0
DA:55,2
DA:56,0
LF:38
LH:35
BRF:0
BRH:0
end_of_record
TN:
SF:lib\Types\index.js
FNF:0
FNH:0
LF:0
LH:0
BRF:0
BRH:0
end_of_record
TN:
SF:lib\Types\chartstate\subcharts.js
FN:1,(anonymous_0)
FN:6,(anonymous_1)
FNF:2
FNH:2
FNDA:784,(anonymous_0)
FNDA:141,(anonymous_1)
DA:1,2
DA:2,784
DA:3,574
DA:4,210
DA:6,2
DA:7,141
DA:8,141
DA:9,0
LF:8
LH:7
BRDA:2,0,0,574
BRDA:2,0,1,210
BRDA:7,1,0,141
BRDA:7,1,1,0
BRF:4
BRH:3
end_of_record
TN:
SF:lib\Types\utils\dataseries.js
FN:2,(anonymous_0)
FN:7,(anonymous_1)
FN:12,(anonymous_2)
FN:17,(anonymous_3)
FN:27,(anonymous_4)
FN:30,(anonymous_5)
FN:33,(anonymous_6)
FN:38,(anonymous_7)
FN:42,(anonymous_8)
FNF:9
FNH:6
FNDA:159857,(anonymous_0)
FNDA:0,(anonymous_1)
FNDA:18040,(anonymous_2)
FNDA:3088,(anonymous_3)
FNDA:188,(anonymous_4)
FNDA:8002,(anonymous_5)
FNDA:25492,(anonymous_6)
FNDA:0,(anonymous_7)
FNDA:0,(anonymous_8)
DA:2,2
DA:3,159857
DA:4,156232
DA:5,3625
DA:7,2
DA:8,0
DA:9,0
DA:10,0
DA:12,2
DA:13,18040
DA:14,13670
DA:15,4370
DA:17,2
DA:18,3088
DA:27,2
DA:28,188
DA:30,2
DA:31,8002
DA:33,2
DA:34,25492
DA:35,25492
DA:36,0
DA:38,2
DA:39,0
DA:40,0
DA:42,2
DA:43,0
DA:44,0
DA:45,0
DA:46,0
LF:30
LH:20
BRDA:3,0,0,156232
BRDA:3,0,1,3625
BRDA:8,1,0,0
BRDA:8,1,1,0
BRDA:13,2,0,13670
BRDA:13,2,1,4370
BRDA:18,3,0,0
BRDA:18,3,1,3088
BRDA:18,4,0,0
BRDA:18,4,1,3088
BRDA:18,5,0,3088
BRDA:18,5,1,3088
BRDA:20,6,0,3088
BRDA:20,6,1,0
BRDA:20,7,0,3088
BRDA:20,7,1,3088
BRDA:20,7,2,3088
BRDA:20,7,3,3088
BRDA:28,8,0,0
BRDA:28,8,1,188
BRDA:28,9,0,0
BRDA:28,9,1,188
BRDA:28,10,0,188
BRDA:28,10,1,188
BRDA:28,11,0,188
BRDA:28,11,1,0
BRDA:31,12,0,0
BRDA:31,12,1,8002
BRDA:31,13,0,0
BRDA:31,13,1,8002
BRDA:31,14,0,8002
BRDA:31,14,1,8002
BRDA:31,15,0,7814
BRDA:31,15,1,188
BRDA:34,16,0,25492
BRDA:34,16,1,0
BRDA:34,17,0,25492
BRDA:34,17,1,25492
BRDA:34,17,2,25492
BRDA:34,17,3,25492
BRDA:40,18,0,0
BRDA:40,18,1,0
BRDA:43,19,0,0
BRDA:43,19,1,0
BRDA:46,20,0,0
BRDA:46,20,1,0
BRF:46
BRH:29
end_of_record
TN:
SF:lib\utils\Basics.js
FN:4,(anonymous_0)
FN:13,(anonymous_1)
FN:20,(anonymous_2)
FN:26,(anonymous_3)
FNF:4
FNH:2
FNDA:166138,(anonymous_0)
FNDA:14515,(anonymous_1)
FNDA:0,(anonymous_2)
FNDA:0,(anonymous_3)
DA:4,2
DA:5,166138
DA:6,3371
DA:7,162767
DA:8,161550
DA:9,0
DA:10,162767
DA:13,2
DA:14,14515
DA:15,456
DA:16,14059
DA:20,2
DA:21,0
DA:22,0
DA:23,0
DA:25,0
DA:26,0
DA:27,0
DA:28,0
DA:30,0
LF:20
LH:11
BRDA:5,0,0,3371
BRDA:5,0,1,162767
BRDA:5,1,0,166138
BRDA:5,1,1,165895
BRDA:7,2,0,161550
BRDA:7,2,1,1217
BRDA:8,3,0,0
BRDA:8,3,1,161550
BRDA:14,4,0,456
BRDA:14,4,1,14059
BRDA:16,5,0,14059
BRDA:16,5,1,0
BRDA:27,6,0,0
BRDA:27,6,1,0
BRF:14
BRH:10
end_of_record
TN:
SF:lib\utils\Color.js
FN:145,(anonymous_0)
FN:150,(anonymous_1)
FN:155,(anonymous_2)
FN:160,(anonymous_3)
FNF:4
FNH:0
FNDA:0,(anonymous_0)
FNDA:0,(anonymous_1)
FNDA:0,(anonymous_2)
FNDA:0,(anonymous_3)
DA:1,2
DA:145,2
DA:146,0
DA:147,0
DA:148,0
DA:150,2
DA:151,0
DA:152,0
DA:153,0
DA:155,2
DA:156,0
DA:157,0
DA:159,0
DA:160,0
DA:161,0
DA:163,0
DA:164,0
LF:17
LH:4
BRDA:146,0,0,0
BRDA:146,0,1,0
BRDA:151,1,0,0
BRDA:151,1,1,0
BRDA:156,2,0,0
BRDA:156,2,1,0
BRDA:164,3,0,0
BRDA:164,3,1,0
BRF:8
BRH:0
end_of_record
TN:
SF:lib\utils\React.js
FN:1,(anonymous_0)
FN:2,(anonymous_1)
FN:12,(anonymous_2)
FN:23,(anonymous_3)
FN:36,(anonymous_4)
FN:44,(anonymous_5)
FN:98,(anonymous_6)
FN:102,(anonymous_7)
FN:106,(anonymous_8)
FN:108,(anonymous_9)
FN:113,(anonymous_10)
FN:126,mergeRefs
FN:127,(anonymous_12)
FN:128,(anonymous_13)
FN:139,(anonymous_14)
FN:144,(anonymous_15)
FN:147,(anonymous_16)
FN:164,(anonymous_17)
FN:183,(anonymous_18)
FN:196,(anonymous_19)
FNF:20
FNH:9
FNDA:2,(anonymous_0)
FNDA:0,(anonymous_1)
FNDA:0,(anonymous_2)
FNDA:27,(anonymous_3)
FNDA:49,(anonymous_4)
FNDA:154,(anonymous_5)
FNDA:48,(anonymous_6)
FNDA:0,(anonymous_7)
FNDA:1,(anonymous_8)
FNDA:5,(anonymous_9)
FNDA:11,(anonymous_10)
FNDA:19,mergeRefs
FNDA:0,(anonymous_12)
FNDA:0,(anonymous_13)
FNDA:0,(anonymous_14)
FNDA:0,(anonymous_15)
FNDA:0,(anonymous_16)
FNDA:0,(anonymous_17)
FNDA:0,(anonymous_18)
FNDA:0,(anonymous_19)
DA:1,2
DA:2,2
DA:3,0
DA:4,0
DA:5,0
DA:6,0
DA:8,0
DA:10,2
DA:12,2
DA:13,0
DA:14,0
DA:15,0
DA:16,0
DA:17,0
DA:18,0
DA:19,0
DA:21,0
DA:23,2
DA:24,27
DA:25,43
DA:26,0
DA:27,0
DA:30,27
DA:36,2
DA:37,49
DA:38,0
DA:40,49
DA:41,49
DA:42,49
DA:43,49
DA:44,49
DA:45,154
DA:46,0
DA:47,0
DA:49,154
DA:50,105
DA:52,0
DA:53,0
DA:55,105
DA:56,23
DA:60,82
DA:62,105
DA:63,1
DA:64,1
DA:65,1
DA:67,0
DA:68,0
DA:69,0
DA:73,104
DA:74,105
DA:77,49
DA:78,48
DA:79,0
DA:80,0
DA:82,48
DA:83,0
DA:85,48
DA:92,0
DA:93,0
DA:95,49
DA:98,2
DA:99,48
DA:102,2
DA:103,0
DA:106,2
DA:108,2
DA:109,5
DA:110,0
DA:111,5
DA:112,5
DA:113,5
DA:114,11
DA:115,0
DA:117,11
DA:119,5
DA:122,0
DA:127,19
DA:128,0
DA:129,0
DA:130,0
DA:132,0
DA:133,0
DA:139,2
DA:140,0
DA:141,0
DA:144,0
DA:146,0
DA:148,0
DA:165,0
DA:166,0
DA:181,0
DA:183,0
DA:184,0
DA:185,0
DA:186,0
DA:187,0
DA:188,0
DA:196,0
DA:197,0
DA:199,0
LF:100
LH:46
BRDA:1,0,0,2
BRDA:1,0,1,0
BRDA:1,0,2,2
BRDA:2,1,0,2
BRDA:2,1,1,0
BRDA:5,2,0,0
BRDA:5,2,1,0
BRDA:12,3,0,2
BRDA:12,3,1,0
BRDA:12,3,2,2
BRDA:14,4,0,0
BRDA:14,4,1,0
BRDA:14,5,0,0
BRDA:14,5,1,0
BRDA:16,6,0,0
BRDA:16,6,1,0
BRDA:16,7,0,0
BRDA:16,7,1,0
BRDA:18,8,0,0
BRDA:18,8,1,0
BRDA:18,9,0,0
BRDA:18,9,1,0
BRDA:23,10,0,2
BRDA:23,10,1,0
BRDA:23,10,2,2
BRDA:24,11,0,27
BRDA:24,11,1,0
BRDA:24,12,0,27
BRDA:24,12,1,0
BRDA:25,13,0,0
BRDA:25,13,1,43
BRDA:25,14,0,43
BRDA:25,14,1,43
BRDA:26,15,0,0
BRDA:26,15,1,0
BRDA:30,16,0,27
BRDA:30,16,1,27
BRDA:37,17,0,0
BRDA:37,17,1,49
BRDA:40,18,0,0
BRDA:40,18,1,49
BRDA:45,19,0,0
BRDA:45,19,1,154
BRDA:45,20,0,154
BRDA:45,20,1,154
BRDA:45,20,2,129
BRDA:49,21,0,105
BRDA:49,21,1,49
BRDA:50,22,0,0
BRDA:50,22,1,105
BRDA:50,23,0,105
BRDA:50,23,1,23
BRDA:50,23,2,105
BRDA:50,23,3,82
BRDA:55,24,0,23
BRDA:55,24,1,82
BRDA:55,25,0,105
BRDA:55,25,1,23
BRDA:56,26,0,0
BRDA:56,26,1,23
BRDA:60,27,0,25
BRDA:60,27,1,57
BRDA:62,28,0,1
BRDA:62,28,1,104
BRDA:62,29,0,105
BRDA:62,29,1,5
BRDA:64,30,0,1
BRDA:64,30,1,0
BRDA:64,31,0,1
BRDA:64,31,1,1
BRDA:67,32,0,0
BRDA:67,32,1,0
BRDA:67,33,0,0
BRDA:67,33,1,0
BRDA:68,34,0,0
BRDA:68,34,1,0
BRDA:77,35,0,48
BRDA:77,35,1,1
BRDA:78,36,0,0
BRDA:78,36,1,48
BRDA:78,37,0,48
BRDA:78,37,1,0
BRDA:82,38,0,0
BRDA:82,38,1,48
BRDA:82,39,0,48
BRDA:82,39,1,0
BRDA:109,40,0,0
BRDA:109,40,1,5
BRDA:114,41,0,0
BRDA:114,41,1,11
BRDA:114,42,0,11
BRDA:114,42,1,11
BRDA:114,42,2,11
BRDA:129,43,0,0
BRDA:129,43,1,0
BRDA:132,44,0,0
BRDA:132,44,1,0
BRDA:146,45,0,0
BRDA:146,45,1,0
BRDA:146,46,0,0
BRDA:146,46,1,0
BRDA:146,46,2,0
BRDA:146,46,3,0
BRDA:152,47,0,0
BRDA:152,47,1,0
BRDA:155,48,0,0
BRDA:155,48,1,0
BRDA:155,49,0,0
BRDA:155,49,1,0
BRDA:155,49,2,0
BRDA:155,49,3,0
BRDA:163,50,0,0
BRDA:163,50,1,0
BRDA:163,51,0,0
BRDA:163,51,1,0
BRDA:163,51,2,0
BRDA:163,51,3,0
BRDA:169,52,0,0
BRDA:169,52,1,0
BRDA:169,53,0,0
BRDA:169,53,1,0
BRDA:170,54,0,0
BRDA:170,54,1,0
BRDA:173,55,0,0
BRDA:173,55,1,0
BRDA:173,56,0,0
BRDA:173,56,1,0
BRDA:173,56,2,0
BRDA:173,56,3,0
BRF:129
BRH:52
end_of_record
TN:
SF:lib\utils\index.js
FNF:0
FNH:0
LF:0
LH:0
BRF:0
BRH:0
end_of_record
TN:
SF:test\utils\mocks.js
FN:3,(anonymous_0)
FN:5,(anonymous_1)
FN:16,(anonymous_2)
FNF:3
FNH:3
FNDA:5,(anonymous_0)
FNDA:30,(anonymous_1)
FNDA:20,(anonymous_2)
DA:1,2
DA:4,5
DA:5,5
DA:6,30
DA:7,0
DA:8,0
DA:14,2
DA:16,20
LF:8
LH:6
BRDA:6,0,0,0
BRDA:6,0,1,30
BRF:2
BRH:1
end_of_record
TN:
SF:test\utils\testData.js
FN:1806,(anonymous_0)
FN:1910,(anonymous_1)
FNF:2
FNH:2
FNDA:450,(anonymous_0)
FNDA:24,(anonymous_1)
DA:1,2
DA:1806,450
DA:1809,2
DA:1910,24
DA:1913,2
LF:5
LH:5
BRF:0
BRH:0
end_of_record
TN:
SF:test\utils\wrapper.js
FN:18,(anonymous_0)
FN:24,(anonymous_1)
FN:63,(anonymous_2)
FN:65,(anonymous_3)
FN:69,(anonymous_4)
FNF:5
FNH:3
FNDA:0,(anonymous_0)
FNDA:2,(anonymous_1)
FNDA:121,(anonymous_2)
FNDA:0,(anonymous_3)
FNDA:19,(anonymous_4)
DA:7,2
DA:8,2
DA:9,2
DA:12,2
DA:13,2
DA:14,2
DA:15,2
DA:18,0
DA:20,2
DA:21,2
DA:22,2
DA:24,2
DA:28,2
DA:31,2
DA:33,2
DA:63,2
DA:64,121
DA:66,0
DA:69,121
DA:70,121
DA:71,121
DA:72,121
DA:80,121
DA:82,121
LF:24
LH:22
BRDA:69,0,0,19
BRDA:69,0,1,12
BRDA:73,1,0,121
BRDA:73,1,1,113
BRDA:75,2,0,121
BRDA:75,2,1,30
BRDA:76,3,0,121
BRDA:76,3,1,30
BRF:8
BRH:8
end_of_record
