TN:
SF:lib\Chart.js
FN:1,(anonymous_0)
FN:5,(anonymous_1)
FN:6,(anonymous_2)
FN:16,(anonymous_3)
FN:45,(anonymous_4)
FN:54,(anonymous_5)
FN:59,(anonymous_6)
FN:64,(anonymous_7)
FN:66,(anonymous_8)
FN:71,(anonymous_9)
FN:73,(anonymous_10)
FN:79,(anonymous_11)
FN:81,(anonymous_12)
FN:82,(anonymous_13)
FN:84,(anonymous_14)
FN:87,(anonymous_15)
FN:99,(anonymous_16)
FN:110,(anonymous_17)
FN:121,(anonymous_18)
FN:121,(anonymous_19)
FN:122,(anonymous_20)
FN:123,(anonymous_21)
FN:125,(anonymous_22)
FN:130,(anonymous_23)
FN:152,(anonymous_24)
FN:153,(anonymous_25)
FN:154,(anonymous_26)
FN:157,(anonymous_27)
FN:158,(anonymous_28)
FN:164,(anonymous_29)
FN:188,(anonymous_30)
FN:189,(anonymous_31)
FN:190,(anonymous_32)
FN:192,(anonymous_33)
FN:194,(anonymous_34)
FN:219,(anonymous_35)
FNF:36
FNH:17
FNDA:2,(anonymous_0)
FNDA:10,(anonymous_1)
FNDA:0,(anonymous_2)
FNDA:0,(anonymous_3)
FNDA:126,(anonymous_4)
FNDA:19,(anonymous_5)
FNDA:0,(anonymous_6)
FNDA:0,(anonymous_7)
FNDA:0,(anonymous_8)
FNDA:0,(anonymous_9)
FNDA:0,(anonymous_10)
FNDA:0,(anonymous_11)
FNDA:0,(anonymous_12)
FNDA:0,(anonymous_13)
FNDA:0,(anonymous_14)
FNDA:0,(anonymous_15)
FNDA:0,(anonymous_16)
FNDA:144,(anonymous_17)
FNDA:144,(anonymous_18)
FNDA:144,(anonymous_19)
FNDA:144,(anonymous_20)
FNDA:282,(anonymous_21)
FNDA:712,(anonymous_22)
FNDA:346,(anonymous_23)
FNDA:144,(anonymous_24)
FNDA:144,(anonymous_25)
FNDA:282,(anonymous_26)
FNDA:642,(anonymous_27)
FNDA:0,(anonymous_28)
FNDA:0,(anonymous_29)
FNDA:107,(anonymous_30)
FNDA:107,(anonymous_31)
FNDA:0,(anonymous_32)
FNDA:0,(anonymous_33)
FNDA:0,(anonymous_34)
FNDA:0,(anonymous_35)
DA:1,2
DA:2,2
DA:3,2
DA:5,2
DA:6,10
DA:7,0
DA:8,0
DA:9,0
DA:10,0
DA:12,0
DA:14,10
DA:16,2
DA:17,0
DA:18,0
DA:19,0
DA:20,0
DA:23,0
DA:45,2
DA:47,126
DA:48,126
DA:49,126
DA:50,126
DA:53,126
DA:54,126
DA:55,19
DA:56,0
DA:57,19
DA:59,126
DA:60,0
DA:64,0
DA:66,126
DA:67,0
DA:71,0
DA:73,126
DA:74,0
DA:75,0
DA:79,0
DA:81,126
DA:82,0
DA:83,0
DA:84,0
DA:87,126
DA:88,0
DA:89,0
DA:90,0
DA:94,0
DA:99,126
DA:101,0
DA:103,126
DA:104,126
DA:105,126
DA:106,126
DA:107,126
DA:108,126
DA:109,126
DA:110,144
DA:111,126
DA:112,126
DA:113,25
DA:114,126
DA:121,144
DA:122,144
DA:123,144
DA:125,712
DA:126,282
DA:129,210
DA:130,210
DA:132,346
DA:133,346
DA:134,346
DA:135,0
DA:146,346
DA:149,72
DA:153,144
DA:154,144
DA:156,282
DA:157,642
DA:158,212
DA:159,212
DA:160,212
DA:161,0
DA:162,0
DA:163,0
DA:164,0
DA:166,0
DA:167,0
DA:168,0
DA:169,0
DA:170,0
DA:173,70
DA:174,70
DA:179,70
DA:180,0
DA:181,70
DA:183,0
DA:189,107
DA:190,107
DA:192,0
DA:193,0
DA:194,0
DA:195,0
DA:197,0
DA:198,0
DA:221,0
DA:224,2
LF:105
LH:60
BRDA:1,0,0,2
BRDA:1,0,1,0
BRDA:1,0,2,2
BRDA:2,1,0,2
BRDA:2,1,1,0
BRDA:5,2,0,2
BRDA:5,2,1,0
BRDA:5,2,2,2
BRDA:6,3,0,10
BRDA:6,3,1,0
BRDA:9,4,0,0
BRDA:9,4,1,0
BRDA:16,5,0,2
BRDA:16,5,1,0
BRDA:16,5,2,2
BRDA:17,6,0,0
BRDA:17,6,1,0
BRDA:17,7,0,0
BRDA:17,7,1,0
BRDA:18,8,0,0
BRDA:18,8,1,0
BRDA:18,9,0,0
BRDA:18,9,1,0
BRDA:19,10,0,0
BRDA:19,10,1,0
BRDA:23,11,0,0
BRDA:23,11,1,0
BRDA:47,12,0,0
BRDA:47,12,1,126
BRDA:48,13,0,126
BRDA:48,13,1,0
BRDA:55,14,0,0
BRDA:55,14,1,19
BRDA:74,15,0,0
BRDA:74,15,1,0
BRDA:83,16,0,0
BRDA:83,16,1,0
BRDA:88,17,0,0
BRDA:88,17,1,0
BRDA:88,18,0,0
BRDA:88,18,1,0
BRDA:104,19,0,56
BRDA:104,19,1,70
BRDA:104,20,0,126
BRDA:104,20,1,126
BRDA:104,21,0,56
BRDA:104,21,1,70
BRDA:104,22,0,126
BRDA:104,22,1,126
BRDA:104,23,0,56
BRDA:104,23,1,70
BRDA:104,24,0,126
BRDA:104,24,1,126
BRDA:104,25,0,56
BRDA:104,25,1,70
BRDA:104,26,0,126
BRDA:104,26,1,126
BRDA:104,27,0,0
BRDA:104,27,1,126
BRDA:104,28,0,126
BRDA:104,28,1,126
BRDA:104,29,0,0
BRDA:104,29,1,126
BRDA:104,30,0,126
BRDA:104,30,1,126
BRDA:105,31,0,68
BRDA:105,31,1,58
BRDA:105,32,0,56
BRDA:105,32,1,70
BRDA:105,33,0,126
BRDA:105,33,1,126
BRDA:112,34,0,25
BRDA:112,34,1,101
BRDA:114,35,0,126
BRDA:114,35,1,2
BRDA:114,36,0,124
BRDA:114,36,1,2
BRDA:117,37,0,56
BRDA:117,37,1,70
BRDA:117,38,0,126
BRDA:117,38,1,70
BRDA:117,38,2,70
BRDA:121,39,0,70
BRDA:121,39,1,0
BRDA:126,40,0,210
BRDA:126,40,1,72
BRDA:126,41,0,282
BRDA:126,41,1,212
BRDA:126,41,2,210
BRDA:127,42,0,0
BRDA:127,42,1,212
BRDA:127,43,0,212
BRDA:127,43,1,212
BRDA:128,44,0,210
BRDA:128,44,1,0
BRDA:128,45,0,210
BRDA:128,45,1,210
BRDA:128,46,0,0
BRDA:128,46,1,210
BRDA:128,47,0,210
BRDA:128,47,1,210
BRDA:128,48,0,0
BRDA:128,48,1,210
BRDA:128,49,0,210
BRDA:128,49,1,210
BRDA:129,50,0,210
BRDA:129,50,1,0
BRDA:129,51,0,210
BRDA:129,51,1,210
BRDA:129,52,0,0
BRDA:129,52,1,210
BRDA:129,53,0,210
BRDA:129,53,1,210
BRDA:129,54,0,0
BRDA:129,54,1,210
BRDA:129,55,0,210
BRDA:129,55,1,210
BRDA:129,56,0,210
BRDA:129,56,1,0
BRDA:129,57,0,210
BRDA:129,57,1,210
BRDA:129,58,0,0
BRDA:129,58,1,210
BRDA:129,59,0,210
BRDA:129,59,1,210
BRDA:129,60,0,0
BRDA:129,60,1,210
BRDA:129,61,0,210
BRDA:129,61,1,210
BRDA:132,62,0,210
BRDA:132,62,1,136
BRDA:132,63,0,346
BRDA:132,63,1,346
BRDA:132,64,0,136
BRDA:132,64,1,210
BRDA:132,65,0,346
BRDA:132,65,1,346
BRDA:132,66,0,0
BRDA:132,66,1,346
BRDA:132,67,0,346
BRDA:132,67,1,346
BRDA:133,68,0,346
BRDA:133,68,1,0
BRDA:133,69,0,0
BRDA:133,69,1,0
BRDA:134,70,0,0
BRDA:134,70,1,346
BRDA:156,71,0,212
BRDA:156,71,1,70
BRDA:158,72,0,0
BRDA:158,72,1,0
BRDA:158,73,0,0
BRDA:158,73,1,0
BRDA:159,74,0,212
BRDA:159,74,1,0
BRDA:161,75,0,0
BRDA:161,75,1,0
BRDA:161,76,0,0
BRDA:161,76,1,0
BRDA:161,77,0,0
BRDA:161,77,1,0
BRDA:161,78,0,0
BRDA:161,78,1,0
BRDA:161,79,0,0
BRDA:161,79,1,0
BRDA:161,80,0,0
BRDA:161,80,1,0
BRDA:161,81,0,0
BRDA:161,81,1,0
BRDA:161,82,0,0
BRDA:161,82,1,0
BRDA:161,83,0,0
BRDA:161,83,1,0
BRDA:161,84,0,0
BRDA:161,84,1,0
BRDA:163,85,0,0
BRDA:163,85,1,0
BRDA:163,86,0,0
BRDA:163,86,1,0
BRDA:163,87,0,0
BRDA:163,87,1,0
BRDA:163,88,0,0
BRDA:163,88,1,0
BRDA:166,89,0,0
BRDA:166,89,1,0
BRDA:166,90,0,0
BRDA:166,90,1,0
BRDA:166,91,0,0
BRDA:166,91,1,0
BRDA:166,92,0,0
BRDA:166,92,1,0
BRDA:166,93,0,0
BRDA:166,93,1,0
BRDA:166,94,0,0
BRDA:166,94,1,0
BRDA:167,95,0,0
BRDA:167,95,1,0
BRDA:167,96,0,0
BRDA:167,96,1,0
BRDA:168,97,0,0
BRDA:168,97,1,0
BRDA:170,98,0,0
BRDA:170,98,1,0
BRDA:170,99,0,0
BRDA:170,99,1,0
BRDA:170,100,0,0
BRDA:170,100,1,0
BRDA:170,101,0,0
BRDA:170,101,1,0
BRDA:170,102,0,0
BRDA:170,102,1,0
BRDA:170,103,0,0
BRDA:170,103,1,0
BRDA:173,104,0,70
BRDA:173,104,1,0
BRDA:174,105,0,68
BRDA:174,105,1,2
BRDA:176,106,0,2
BRDA:176,106,1,0
BRDA:179,107,0,0
BRDA:179,107,1,70
BRDA:181,108,0,0
BRDA:181,108,1,70
BRDA:181,109,0,70
BRDA:181,109,1,70
BRDA:181,110,0,70
BRDA:181,110,1,0
BRDA:181,111,0,70
BRDA:181,111,1,70
BRDA:181,112,0,0
BRDA:181,112,1,70
BRDA:181,113,0,70
BRDA:181,113,1,70
BRDA:186,114,0,70
BRDA:186,114,1,52
BRDA:186,114,2,52
BRDA:186,115,0,0
BRDA:186,115,1,70
BRDA:186,116,0,70
BRDA:186,116,1,70
BRDA:194,117,0,0
BRDA:194,117,1,0
BRDA:194,118,0,0
BRDA:194,118,1,0
BRDA:197,119,0,0
BRDA:197,119,1,0
BRDA:198,120,0,0
BRDA:198,120,1,0
BRDA:198,121,0,0
BRDA:198,121,1,0
BRDA:208,122,0,4
BRDA:208,122,1,66
BRDA:208,123,0,70
BRDA:208,123,1,5
BRDA:208,123,2,4
BRDA:208,123,3,4
BRDA:208,124,0,0
BRDA:208,124,1,70
BRDA:208,125,0,70
BRDA:208,125,1,70
BRDA:208,126,0,0
BRDA:208,126,1,70
BRDA:208,127,0,70
BRDA:208,127,1,70
BRDA:208,128,0,0
BRDA:208,128,1,70
BRDA:208,129,0,70
BRDA:208,129,1,70
BRDA:209,130,0,0
BRDA:209,130,1,5
BRDA:209,131,0,5
BRDA:209,131,1,5
BRDA:210,132,0,0
BRDA:210,132,1,4
BRDA:210,133,0,4
BRDA:210,133,1,4
BRDA:211,134,0,0
BRDA:211,134,1,70
BRDA:211,135,0,70
BRDA:211,135,1,70
BRDA:211,136,0,0
BRDA:211,136,1,70
BRDA:211,137,0,70
BRDA:211,137,1,70
BRDA:219,138,0,70
BRDA:219,138,1,70
BRDA:219,139,0,0
BRDA:219,139,1,70
BRDA:219,140,0,70
BRDA:219,140,1,70
BRDA:219,141,0,70
BRDA:219,141,1,70
BRDA:219,142,0,0
BRDA:219,142,1,70
BRDA:219,143,0,70
BRDA:219,143,1,70
BRDA:219,144,0,70
BRDA:219,144,1,0
BRDA:219,145,0,70
BRDA:219,145,1,70
BRDA:219,146,0,0
BRDA:219,146,1,70
BRDA:219,147,0,70
BRDA:219,147,1,70
BRDA:219,148,0,0
BRDA:219,148,1,70
BRDA:219,149,0,70
BRDA:219,149,1,70
BRDA:219,150,0,0
BRDA:219,150,1,70
BRDA:221,151,0,0
BRDA:221,151,1,0
BRDA:221,152,0,0
BRDA:221,152,1,0
BRF:314
BRH:169
end_of_record
TN:
SF:lib\MuiTheme.js
FN:1,(anonymous_0)
FN:2,(anonymous_1)
FN:17,(anonymous_2)
FNF:3
FNH:1
FNDA:0,(anonymous_0)
FNDA:0,(anonymous_1)
FNDA:126,(anonymous_2)
DA:1,2
DA:2,0
DA:3,0
DA:4,0
DA:5,0
DA:6,0
DA:8,0
DA:10,0
DA:17,2
DA:18,126
DA:19,126
DA:21,2
DA:78,2
LF:13
LH:6
BRDA:1,0,0,2
BRDA:1,0,1,0
BRDA:1,0,2,2
BRDA:2,1,0,0
BRDA:2,1,1,0
BRDA:5,2,0,0
BRDA:5,2,1,0
BRDA:19,3,0,0
BRDA:19,3,1,126
BRF:9
BRH:3
end_of_record
TN:
SF:lib\index.js
FNF:0
FNH:0
LF:0
LH:0
BRF:0
BRH:0
end_of_record
TN:
SF:lib\Canvas\CText.js
FN:4,(anonymous_0)
FN:6,(anonymous_1)
FNF:2
FNH:2
FNDA:273,(anonymous_0)
FNDA:550,(anonymous_1)
DA:4,2
DA:5,273
DA:6,273
DA:7,550
DA:8,550
DA:9,550
DA:10,550
DA:11,550
DA:12,550
DA:16,550
DA:18,273
DA:20,2
LF:12
LH:12
BRDA:8,0,0,550
BRDA:8,0,1,0
BRDA:8,1,0,550
BRDA:8,1,1,550
BRDA:8,2,0,550
BRDA:8,2,1,0
BRDA:8,3,0,550
BRDA:8,3,1,550
BRDA:9,4,0,550
BRDA:9,4,1,0
BRDA:9,5,0,550
BRDA:9,5,1,550
BRDA:10,6,0,550
BRDA:10,6,1,0
BRDA:10,7,0,550
BRDA:10,7,1,550
BRDA:11,8,0,550
BRDA:11,8,1,0
BRDA:11,9,0,550
BRDA:11,9,1,550
BRF:20
BRH:15
end_of_record
TN:
SF:lib\Canvas\Crosshair.js
FN:9,(anonymous_0)
FN:27,(anonymous_1)
FN:35,(anonymous_2)
FN:50,(anonymous_3)
FN:52,(anonymous_4)
FNF:5
FNH:2
FNDA:4,(anonymous_0)
FNDA:4,(anonymous_1)
FNDA:0,(anonymous_2)
FNDA:0,(anonymous_3)
FNDA:0,(anonymous_4)
DA:9,2
DA:11,4
DA:12,4
DA:13,4
DA:14,4
DA:15,4
DA:16,4
DA:17,4
DA:18,4
DA:19,4
DA:20,4
DA:21,4
DA:22,4
DA:27,4
DA:28,4
DA:29,4
DA:30,4
DA:37,0
DA:38,0
DA:39,0
DA:40,0
DA:41,0
DA:44,4
DA:52,0
DA:56,4
DA:63,4
DA:72,4
DA:80,4
DA:98,2
LF:29
LH:23
BRDA:19,0,0,0
BRDA:19,0,1,4
BRDA:19,1,0,4
BRDA:19,1,1,4
BRDA:20,2,0,4
BRDA:20,2,1,0
BRDA:21,3,0,4
BRDA:21,3,1,0
BRDA:22,4,0,4
BRDA:22,4,1,4
BRDA:22,4,2,4
BRDA:22,4,3,4
BRDA:22,4,4,0
BRDA:25,5,0,0
BRDA:25,5,1,4
BRDA:25,6,0,4
BRDA:25,6,1,4
BRDA:25,7,0,0
BRDA:25,7,1,4
BRDA:25,8,0,4
BRDA:25,8,1,4
BRDA:25,9,0,0
BRDA:25,9,1,4
BRDA:25,10,0,4
BRDA:25,10,1,4
BRDA:25,11,0,0
BRDA:25,11,1,4
BRDA:25,12,0,4
BRDA:25,12,1,4
BRDA:25,13,0,0
BRDA:25,13,1,4
BRDA:25,14,0,4
BRDA:25,14,1,4
BRDA:27,15,0,0
BRDA:27,15,1,4
BRDA:27,16,0,4
BRDA:27,16,1,4
BRDA:28,17,0,4
BRDA:28,17,1,0
BRDA:28,18,0,4
BRDA:28,18,1,0
BRDA:28,18,2,0
BRDA:28,18,3,4
BRDA:28,19,0,0
BRDA:28,19,1,0
BRDA:28,20,0,0
BRDA:28,20,1,0
BRDA:28,21,0,0
BRDA:28,21,1,0
BRDA:28,22,0,0
BRDA:28,22,1,0
BRDA:29,23,0,4
BRDA:29,23,1,0
BRDA:29,24,0,0
BRDA:29,24,1,4
BRDA:29,25,0,4
BRDA:29,25,1,4
BRDA:30,26,0,4
BRDA:30,26,1,0
BRDA:32,27,0,0
BRDA:32,27,1,0
BRDA:32,28,0,0
BRDA:32,28,1,0
BRDA:32,28,2,0
BRDA:33,29,0,0
BRDA:33,29,1,0
BRDA:33,30,0,0
BRDA:33,30,1,0
BRDA:33,31,0,0
BRDA:33,31,1,0
BRDA:33,32,0,0
BRDA:33,32,1,0
BRDA:33,33,0,0
BRDA:33,33,1,0
BRDA:33,34,0,0
BRDA:33,34,1,0
BRDA:34,35,0,0
BRDA:34,35,1,0
BRDA:34,36,0,0
BRDA:34,36,1,0
BRDA:34,37,0,0
BRDA:34,37,1,0
BRDA:34,38,0,0
BRDA:34,38,1,0
BRDA:37,39,0,0
BRDA:37,39,1,0
BRDA:37,40,0,0
BRDA:37,40,1,0
BRDA:37,41,0,0
BRDA:37,41,1,0
BRDA:37,42,0,0
BRDA:37,42,1,0
BRDA:37,43,0,0
BRDA:37,43,1,0
BRDA:37,44,0,0
BRDA:37,44,1,0
BRDA:37,45,0,0
BRDA:37,45,1,0
BRDA:37,46,0,0
BRDA:37,46,1,0
BRDA:39,47,0,0
BRDA:39,47,1,0
BRDA:39,48,0,0
BRDA:39,48,1,0
BRDA:44,49,0,0
BRDA:44,49,1,4
BRDA:44,50,0,4
BRDA:44,50,1,0
BRDA:44,50,2,0
BRDA:44,50,3,0
BRDA:44,50,4,0
BRDA:45,51,0,0
BRDA:45,51,1,0
BRDA:45,52,0,0
BRDA:45,52,1,0
BRDA:45,53,0,0
BRDA:45,53,1,0
BRDA:45,54,0,0
BRDA:45,54,1,0
BRDA:45,55,0,0
BRDA:45,55,1,0
BRDA:45,56,0,0
BRDA:45,56,1,0
BRDA:52,57,0,0
BRDA:52,57,1,0
BRDA:52,58,0,0
BRDA:52,58,1,0
BRDA:52,59,0,0
BRDA:52,59,1,0
BRDA:52,60,0,0
BRDA:52,60,1,0
BRDA:52,61,0,0
BRDA:52,61,1,0
BRDA:52,62,0,0
BRDA:52,62,1,0
BRDA:52,63,0,0
BRDA:52,63,1,0
BRDA:52,64,0,0
BRDA:52,64,1,0
BRDA:56,65,0,0
BRDA:56,65,1,4
BRDA:56,66,0,0
BRDA:56,66,1,4
BRDA:56,67,0,4
BRDA:56,67,1,4
BRDA:58,68,0,0
BRDA:58,68,1,4
BRDA:58,69,0,4
BRDA:58,69,1,0
BRDA:60,70,0,4
BRDA:60,70,1,0
BRDA:63,71,0,0
BRDA:63,71,1,4
BRDA:63,72,0,4
BRDA:63,72,1,0
BRDA:63,73,0,0
BRDA:63,73,1,4
BRDA:63,74,0,4
BRDA:63,74,1,4
BRDA:65,75,0,0
BRDA:65,75,1,4
BRDA:65,76,0,4
BRDA:65,76,1,0
BRDA:67,77,0,4
BRDA:67,77,1,0
BRDA:67,78,0,0
BRDA:67,78,1,4
BRDA:67,79,0,4
BRDA:67,79,1,4
BRDA:69,80,0,0
BRDA:69,80,1,0
BRDA:69,81,0,0
BRDA:69,81,1,0
BRDA:72,82,0,0
BRDA:72,82,1,4
BRDA:72,83,0,4
BRDA:72,83,1,4
BRDA:72,83,2,4
BRDA:72,83,3,0
BRDA:72,83,4,0
BRDA:75,84,0,0
BRDA:75,84,1,0
BRDA:75,85,0,0
BRDA:75,85,1,0
BRDA:80,86,0,4
BRDA:80,86,1,0
BRDA:80,87,0,4
BRDA:80,87,1,4
BRDA:81,88,0,4
BRDA:81,88,1,0
BRDA:94,89,0,4
BRDA:94,89,1,0
BRDA:94,90,0,4
BRDA:94,90,1,4
BRDA:94,91,0,4
BRDA:94,91,1,0
BRDA:94,92,0,4
BRDA:94,92,1,4
BRDA:94,93,0,0
BRDA:94,93,1,4
BRDA:94,94,0,4
BRDA:94,94,1,4
BRDA:94,95,0,4
BRDA:94,95,1,0
BRDA:94,96,0,4
BRDA:94,96,1,4
BRDA:94,97,0,0
BRDA:94,97,1,4
BRDA:94,98,0,4
BRDA:94,98,1,4
BRF:210
BRH:78
end_of_record
TN:
SF:lib\Canvas\Marker.js
FN:7,(anonymous_0)
FNF:1
FNH:1
FNDA:70,(anonymous_0)
DA:7,2
DA:9,70
DA:10,70
DA:11,70
DA:12,70
DA:13,70
DA:14,0
DA:15,0
DA:16,0
DA:17,0
DA:18,0
DA:23,0
DA:28,0
DA:29,0
DA:30,0
DA:50,2
LF:16
LH:7
BRDA:10,0,0,70
BRDA:10,0,1,0
BRDA:10,1,0,70
BRDA:10,1,1,70
BRDA:10,2,0,70
BRDA:10,2,1,0
BRDA:10,3,0,70
BRDA:10,3,1,70
BRDA:10,4,0,0
BRDA:10,4,1,70
BRDA:10,5,0,70
BRDA:10,5,1,70
BRDA:10,6,0,0
BRDA:10,6,1,0
BRDA:10,7,0,0
BRDA:10,7,1,0
BRDA:10,8,0,0
BRDA:10,8,1,0
BRDA:10,9,0,0
BRDA:10,9,1,0
BRDA:10,10,0,0
BRDA:10,10,1,0
BRDA:10,11,0,0
BRDA:10,11,1,0
BRDA:11,12,0,70
BRDA:11,12,1,0
BRDA:11,13,0,70
BRDA:11,13,1,70
BRDA:11,14,0,70
BRDA:11,14,1,0
BRDA:11,15,0,70
BRDA:11,15,1,70
BRDA:11,16,0,0
BRDA:11,16,1,70
BRDA:11,17,0,70
BRDA:11,17,1,70
BRDA:11,18,0,0
BRDA:11,18,1,0
BRDA:11,19,0,0
BRDA:11,19,1,0
BRDA:11,20,0,0
BRDA:11,20,1,0
BRDA:11,21,0,0
BRDA:11,21,1,0
BRDA:11,22,0,0
BRDA:11,22,1,0
BRDA:11,23,0,0
BRDA:11,23,1,0
BRDA:12,24,0,70
BRDA:12,24,1,0
BRDA:12,25,0,70
BRDA:12,25,1,70
BRDA:12,25,2,0
BRDA:16,26,0,0
BRDA:16,26,1,0
BRDA:16,27,0,0
BRDA:16,27,1,0
BRDA:18,28,0,0
BRDA:18,28,1,0
BRDA:18,29,0,0
BRDA:18,29,1,0
BRDA:19,30,0,0
BRDA:19,30,1,0
BRDA:19,31,0,0
BRDA:19,31,1,0
BRDA:19,32,0,0
BRDA:19,32,1,0
BRDA:19,33,0,0
BRDA:19,33,1,0
BRDA:20,34,0,0
BRDA:20,34,1,0
BRDA:21,35,0,0
BRDA:21,35,1,0
BRDA:21,36,0,0
BRDA:21,36,1,0
BRDA:21,37,0,0
BRDA:21,37,1,0
BRDA:21,38,0,0
BRDA:21,38,1,0
BRDA:21,39,0,0
BRDA:21,39,1,0
BRDA:21,40,0,0
BRDA:21,40,1,0
BRDA:21,41,0,0
BRDA:21,41,1,0
BRDA:21,42,0,0
BRDA:21,42,1,0
BRDA:23,43,0,0
BRDA:23,43,1,0
BRDA:24,44,0,0
BRDA:24,44,1,0
BRDA:24,45,0,0
BRDA:24,45,1,0
BRDA:25,46,0,0
BRDA:25,46,1,0
BRDA:26,47,0,0
BRDA:26,47,1,0
BRDA:26,48,0,0
BRDA:26,48,1,0
BRDA:26,49,0,0
BRDA:26,49,1,0
BRDA:26,50,0,0
BRDA:26,50,1,0
BRDA:26,51,0,0
BRDA:26,51,1,0
BRDA:26,52,0,0
BRDA:26,52,1,0
BRDA:28,53,0,0
BRDA:28,53,1,0
BRDA:28,54,0,0
BRDA:28,54,1,0
BRDA:48,55,0,0
BRDA:48,55,1,0
BRDA:48,56,0,0
BRDA:48,56,1,0
BRF:115
BRH:21
end_of_record
TN:
SF:lib\Canvas\Xaxis.js
FN:5,(anonymous_0)
FN:9,(anonymous_1)
FNF:2
FNH:2
FNDA:54,(anonymous_0)
FNDA:72,(anonymous_1)
DA:5,2
DA:6,54
DA:7,54
DA:9,54
DA:10,72
DA:13,2
LF:6
LH:6
BRDA:10,0,0,68
BRDA:10,0,1,4
BRF:2
BRH:2
end_of_record
TN:
SF:lib\Canvas\Yaxis.js
FN:5,(anonymous_0)
FN:9,(anonymous_1)
FN:10,(anonymous_2)
FN:14,(anonymous_3)
FNF:4
FNH:4
FNDA:60,(anonymous_0)
FNDA:124,(anonymous_1)
FNDA:124,(anonymous_2)
FNDA:361,(anonymous_3)
DA:5,2
DA:6,60
DA:7,60
DA:9,60
DA:10,124
DA:12,124
DA:13,124
DA:14,124
DA:15,361
DA:20,2
LF:10
LH:10
BRDA:12,0,0,38
BRDA:12,0,1,86
BRDA:12,1,0,124
BRDA:12,1,1,124
BRDA:12,2,0,38
BRDA:12,2,1,86
BRDA:12,3,0,124
BRDA:12,3,1,124
BRDA:12,4,0,0
BRDA:12,4,1,124
BRDA:12,5,0,124
BRDA:12,5,1,124
BRDA:13,6,0,86
BRDA:13,6,1,38
BRDA:13,7,0,124
BRDA:13,7,1,124
BRDA:13,8,0,38
BRDA:13,8,1,86
BRDA:13,9,0,124
BRDA:13,9,1,124
BRDA:15,10,0,343
BRDA:15,10,1,18
BRF:22
BRH:21
end_of_record
TN:
SF:lib\Canvas\index.js
FNF:0
FNH:0
LF:0
LH:0
BRF:0
BRH:0
end_of_record
TN:
SF:lib\Canvas\Charts\CBarChart.js
FN:5,(anonymous_0)
FN:11,(anonymous_1)
FN:16,(anonymous_2)
FN:26,(anonymous_3)
FNF:4
FNH:0
FNDA:0,(anonymous_0)
FNDA:0,(anonymous_1)
FNDA:0,(anonymous_2)
FNDA:0,(anonymous_3)
DA:5,2
DA:7,0
DA:8,0
DA:9,0
DA:10,0
DA:11,0
DA:12,0
DA:13,0
DA:15,0
DA:18,0
DA:19,0
DA:20,0
DA:21,0
DA:22,0
DA:23,0
DA:24,0
DA:26,0
DA:28,2
LF:18
LH:2
BRDA:9,0,0,0
BRDA:9,0,1,0
BRDA:9,1,0,0
BRDA:9,1,1,0
BRDA:9,2,0,0
BRDA:9,2,1,0
BRDA:9,3,0,0
BRDA:9,3,1,0
BRDA:9,4,0,0
BRDA:9,4,1,0
BRDA:9,5,0,0
BRDA:9,5,1,0
BRDA:10,6,0,0
BRDA:10,6,1,0
BRDA:10,7,0,0
BRDA:10,7,1,0
BRDA:10,8,0,0
BRDA:10,8,1,0
BRDA:10,9,0,0
BRDA:10,9,1,0
BRDA:11,10,0,0
BRDA:11,10,1,0
BRDA:11,11,0,0
BRDA:11,11,1,0
BRDA:11,12,0,0
BRDA:11,12,1,0
BRDA:11,13,0,0
BRDA:11,13,1,0
BRDA:11,14,0,0
BRDA:11,14,1,0
BRDA:11,15,0,0
BRDA:11,15,1,0
BRDA:12,16,0,0
BRDA:12,16,1,0
BRDA:12,17,0,0
BRDA:12,17,1,0
BRDA:18,18,0,0
BRDA:18,18,1,0
BRDA:21,19,0,0
BRDA:21,19,1,0
BRDA:21,20,0,0
BRDA:21,20,1,0
BRDA:22,21,0,0
BRDA:22,21,1,0
BRDA:22,22,0,0
BRDA:22,22,1,0
BRDA:22,23,0,0
BRDA:22,23,1,0
BRDA:22,24,0,0
BRDA:22,24,1,0
BRDA:22,25,0,0
BRDA:22,25,1,0
BRDA:22,26,0,0
BRDA:22,26,1,0
BRDA:24,27,0,0
BRDA:24,27,1,0
BRDA:24,28,0,0
BRDA:24,28,1,0
BRDA:24,29,0,0
BRDA:24,29,1,0
BRF:60
BRH:0
end_of_record
TN:
SF:lib\Canvas\Charts\CCandleChart.js
FN:5,(anonymous_0)
FN:11,(anonymous_1)
FN:12,(anonymous_2)
FN:15,(anonymous_3)
FNF:4
FNH:4
FNDA:112,(anonymous_0)
FNDA:100,(anonymous_1)
FNDA:42,(anonymous_2)
FNDA:3300,(anonymous_3)
DA:5,2
DA:7,112
DA:8,112
DA:9,112
DA:10,112
DA:11,112
DA:12,112
DA:13,112
DA:14,0
DA:15,112
DA:16,3300
DA:17,3300
DA:18,0
DA:19,3300
DA:20,3300
DA:21,3300
DA:22,3300
DA:29,2
LF:18
LH:16
BRDA:7,0,0,0
BRDA:7,0,1,112
BRDA:7,1,0,0
BRDA:7,1,1,112
BRDA:7,2,0,0
BRDA:7,2,1,112
BRDA:8,3,0,0
BRDA:8,3,1,112
BRDA:8,4,0,112
BRDA:8,4,1,112
BRDA:8,5,0,0
BRDA:8,5,1,112
BRDA:8,6,0,112
BRDA:8,6,1,112
BRDA:8,7,0,0
BRDA:8,7,1,112
BRDA:8,8,0,112
BRDA:8,8,1,112
BRDA:9,9,0,0
BRDA:9,9,1,112
BRDA:9,10,0,112
BRDA:9,10,1,112
BRDA:10,11,0,36
BRDA:10,11,1,76
BRDA:10,12,0,112
BRDA:10,12,1,112
BRDA:10,13,0,36
BRDA:10,13,1,76
BRDA:10,14,0,112
BRDA:10,14,1,112
BRDA:10,15,0,36
BRDA:10,15,1,76
BRDA:10,16,0,112
BRDA:10,16,1,112
BRDA:10,17,0,36
BRDA:10,17,1,76
BRDA:10,18,0,112
BRDA:10,18,1,112
BRDA:10,19,0,0
BRDA:10,19,1,112
BRDA:10,20,0,112
BRDA:10,20,1,112
BRDA:11,21,0,0
BRDA:11,21,1,100
BRDA:11,22,0,64
BRDA:11,22,1,36
BRDA:11,23,0,36
BRDA:11,23,1,64
BRDA:11,24,0,100
BRDA:11,24,1,100
BRDA:11,25,0,36
BRDA:11,25,1,76
BRDA:11,26,0,112
BRDA:11,26,1,112
BRDA:12,27,0,42
BRDA:12,27,1,0
BRDA:12,28,0,0
BRDA:12,28,1,42
BRDA:12,29,0,42
BRDA:12,29,1,42
BRDA:13,30,0,0
BRDA:13,30,1,112
BRDA:13,31,0,112
BRDA:13,31,1,112
BRDA:13,31,2,112
BRDA:17,32,0,0
BRDA:17,32,1,3300
BRDA:23,33,0,3300
BRDA:23,33,1,0
BRDA:23,34,0,3300
BRDA:23,34,1,0
BRDA:24,35,0,1474
BRDA:24,35,1,1826
BRDA:25,36,0,0
BRDA:25,36,1,0
BRF:75
BRH:58
end_of_record
TN:
SF:lib\Canvas\Charts\CLineChart.js
FN:6,(anonymous_0)
FN:14,(anonymous_1)
FN:28,(anonymous_2)
FNF:3
FNH:3
FNDA:290,(anonymous_0)
FNDA:8532,(anonymous_1)
FNDA:13685,(anonymous_2)
DA:6,2
DA:8,290
DA:9,290
DA:10,290
DA:11,290
DA:12,290
DA:16,8532
DA:17,0
DA:18,8532
DA:23,8532
DA:24,3379
DA:25,5153
DA:28,13685
DA:106,290
DA:108,2
LF:15
LH:14
BRDA:8,0,0,4
BRDA:8,0,1,286
BRDA:10,1,0,92
BRDA:10,1,1,198
BRDA:10,2,0,290
BRDA:10,2,1,290
BRDA:10,3,0,92
BRDA:10,3,1,198
BRDA:10,4,0,290
BRDA:10,4,1,290
BRDA:10,5,0,92
BRDA:10,5,1,198
BRDA:10,6,0,290
BRDA:10,6,1,290
BRDA:10,7,0,92
BRDA:10,7,1,198
BRDA:10,8,0,290
BRDA:10,8,1,290
BRDA:10,9,0,0
BRDA:10,9,1,290
BRDA:10,10,0,290
BRDA:10,10,1,290
BRDA:11,11,0,0
BRDA:11,11,1,290
BRDA:11,12,0,94
BRDA:11,12,1,196
BRDA:11,13,0,290
BRDA:11,13,1,290
BRDA:12,14,0,196
BRDA:12,14,1,94
BRDA:16,15,0,0
BRDA:16,15,1,8532
BRDA:18,16,0,8344
BRDA:18,16,1,188
BRDA:19,17,0,0
BRDA:19,17,1,8344
BRDA:19,18,0,8344
BRDA:19,18,1,8344
BRDA:20,19,0,188
BRDA:20,19,1,0
BRDA:23,20,0,3379
BRDA:23,20,1,5153
BRDA:106,21,0,117
BRDA:106,21,1,173
BRDA:106,22,0,0
BRDA:106,22,1,290
BRDA:106,23,0,290
BRDA:106,23,1,290
BRDA:106,24,0,113
BRDA:106,24,1,4
BRF:50
BRH:44
end_of_record
TN:
SF:lib\Canvas\Charts\DefaultCharts.js
FNF:0
FNH:0
DA:4,2
LF:1
LH:1
BRF:0
BRH:0
end_of_record
TN:
SF:lib\ChartState\Defaults.js
FN:1,(anonymous_0)
FN:2,(anonymous_1)
FN:12,(anonymous_2)
FN:30,(anonymous_3)
FN:39,(anonymous_4)
FN:168,(anonymous_5)
FN:174,(anonymous_6)
FN:186,(anonymous_7)
FN:220,(anonymous_8)
FN:220,(anonymous_9)
FN:227,(anonymous_10)
FN:228,(anonymous_11)
FN:231,(anonymous_12)
FN:233,(anonymous_13)
FN:233,(anonymous_14)
FN:241,(anonymous_15)
FN:254,(anonymous_16)
FNF:17
FNH:16
FNDA:4,(anonymous_0)
FNDA:0,(anonymous_1)
FNDA:77,(anonymous_2)
FNDA:3,(anonymous_3)
FNDA:3,(anonymous_4)
FNDA:19,(anonymous_5)
FNDA:77,(anonymous_6)
FNDA:57,(anonymous_7)
FNDA:77,(anonymous_8)
FNDA:58,(anonymous_9)
FNDA:77,(anonymous_10)
FNDA:39,(anonymous_11)
FNDA:39,(anonymous_12)
FNDA:159,(anonymous_13)
FNDA:77,(anonymous_14)
FNDA:19,(anonymous_15)
FNDA:127,(anonymous_16)
DA:1,2
DA:2,4
DA:3,0
DA:4,0
DA:5,0
DA:6,0
DA:8,0
DA:10,4
DA:12,2
DA:13,77
DA:14,558
DA:15,327
DA:16,77
DA:17,77
DA:18,0
DA:19,0
DA:21,77
DA:27,2
DA:28,2
DA:29,2
DA:30,3
DA:31,2
DA:37,2
DA:38,2
DA:39,2
DA:40,3
DA:41,3
DA:46,0
DA:49,2
DA:56,2
DA:73,2
DA:78,2
DA:91,2
DA:106,2
DA:155,2
DA:156,2
DA:167,2
DA:168,2
DA:169,19
DA:170,0
DA:171,19
DA:172,19
DA:173,19
DA:176,77
DA:179,39
DA:180,39
DA:183,38
DA:185,77
DA:186,57
DA:187,19
DA:198,58
DA:199,58
DA:218,0
DA:220,77
DA:221,58
DA:227,77
DA:228,39
DA:231,39
DA:233,159
DA:234,77
DA:235,77
DA:239,19
DA:241,2
DA:245,19
DA:246,19
DA:247,19
DA:248,19
DA:251,19
DA:252,19
DA:254,2
DA:255,127
LF:71
LH:61
BRDA:1,0,0,2
BRDA:1,0,1,0
BRDA:1,0,2,2
BRDA:2,1,0,4
BRDA:2,1,1,0
BRDA:5,2,0,0
BRDA:5,2,1,0
BRDA:12,3,0,2
BRDA:12,3,1,0
BRDA:12,3,2,2
BRDA:14,4,0,327
BRDA:14,4,1,231
BRDA:14,5,0,558
BRDA:14,5,1,558
BRDA:16,6,0,77
BRDA:16,6,1,0
BRDA:16,7,0,77
BRDA:16,7,1,77
BRDA:18,8,0,0
BRDA:18,8,1,0
BRDA:18,9,0,0
BRDA:18,9,1,0
BRDA:27,10,0,2
BRDA:27,10,1,0
BRDA:27,11,0,0
BRDA:27,11,1,2
BRDA:27,12,0,2
BRDA:27,12,1,2
BRDA:27,13,0,0
BRDA:27,13,1,2
BRDA:27,14,0,2
BRDA:27,14,1,2
BRDA:27,15,0,0
BRDA:27,15,1,2
BRDA:27,16,0,2
BRDA:27,16,1,2
BRDA:40,17,0,3
BRDA:40,17,1,0
BRDA:41,18,0,3
BRDA:41,18,1,0
BRDA:41,19,0,3
BRDA:41,19,1,3
BRDA:42,20,0,3
BRDA:42,20,1,0
BRDA:42,21,0,1
BRDA:42,21,1,2
BRDA:42,22,0,3
BRDA:42,22,1,3
BRDA:43,23,0,0
BRDA:43,23,1,0
BRDA:46,24,0,0
BRDA:46,24,1,0
BRDA:46,25,0,0
BRDA:46,25,1,0
BRDA:46,26,0,0
BRDA:46,26,1,0
BRDA:169,27,0,0
BRDA:169,27,1,19
BRDA:176,28,0,39
BRDA:176,28,1,38
BRDA:176,29,0,77
BRDA:176,29,1,58
BRDA:176,29,2,58
BRDA:176,29,3,58
BRDA:176,29,4,58
BRDA:177,30,0,20
BRDA:177,30,1,38
BRDA:177,31,0,58
BRDA:177,31,1,58
BRDA:177,32,0,0
BRDA:177,32,1,58
BRDA:177,33,0,58
BRDA:177,33,1,58
BRDA:185,34,0,19
BRDA:185,34,1,58
BRDA:186,35,0,0
BRDA:186,35,1,19
BRDA:186,36,0,19
BRDA:186,36,1,19
BRDA:186,37,0,57
BRDA:186,37,1,0
BRDA:186,38,0,57
BRDA:186,38,1,57
BRDA:186,39,0,0
BRDA:186,39,1,57
BRDA:186,40,0,57
BRDA:186,40,1,57
BRDA:192,41,0,19
BRDA:192,41,1,0
BRDA:192,42,0,19
BRDA:192,42,1,0
BRDA:192,43,0,19
BRDA:192,43,1,19
BRDA:192,44,0,0
BRDA:192,44,1,19
BRDA:192,45,0,19
BRDA:192,45,1,19
BRDA:193,46,0,0
BRDA:193,46,1,19
BRDA:193,47,0,19
BRDA:193,47,1,19
BRDA:193,48,0,19
BRDA:193,48,1,0
BRDA:193,49,0,19
BRDA:193,49,1,19
BRDA:193,50,0,0
BRDA:193,50,1,19
BRDA:193,51,0,19
BRDA:193,51,1,19
BRDA:195,52,0,0
BRDA:195,52,1,19
BRDA:195,53,0,19
BRDA:195,53,1,19
BRDA:195,54,0,19
BRDA:195,54,1,0
BRDA:195,55,0,19
BRDA:195,55,1,19
BRDA:195,56,0,0
BRDA:195,56,1,19
BRDA:195,57,0,19
BRDA:195,57,1,19
BRDA:198,58,0,58
BRDA:198,58,1,0
BRDA:200,59,0,58
BRDA:200,59,1,0
BRDA:200,60,0,58
BRDA:200,60,1,58
BRDA:204,61,0,38
BRDA:204,61,1,20
BRDA:204,62,0,20
BRDA:204,62,1,38
BRDA:204,63,0,58
BRDA:204,63,1,58
BRDA:204,64,0,20
BRDA:204,64,1,38
BRDA:204,65,0,58
BRDA:204,65,1,58
BRDA:204,66,0,0
BRDA:204,66,1,58
BRDA:204,67,0,58
BRDA:204,67,1,58
BRDA:206,68,0,20
BRDA:206,68,1,0
BRDA:208,69,0,0
BRDA:208,69,1,0
BRDA:212,70,0,0
BRDA:212,70,1,58
BRDA:212,71,0,58
BRDA:212,71,1,58
BRDA:212,72,0,20
BRDA:212,72,1,38
BRDA:212,73,0,58
BRDA:212,73,1,58
BRDA:212,74,0,0
BRDA:212,74,1,58
BRDA:212,75,0,58
BRDA:212,75,1,58
BRDA:214,76,0,0
BRDA:214,76,1,58
BRDA:214,77,0,58
BRDA:214,77,1,58
BRDA:214,78,0,20
BRDA:214,78,1,38
BRDA:214,79,0,58
BRDA:214,79,1,58
BRDA:214,80,0,0
BRDA:214,80,1,58
BRDA:214,81,0,58
BRDA:214,81,1,58
BRDA:221,82,0,20
BRDA:221,82,1,38
BRDA:221,83,0,58
BRDA:221,83,1,58
BRDA:221,83,2,58
BRDA:223,84,0,38
BRDA:223,84,1,0
BRDA:223,85,0,38
BRDA:223,85,1,38
BRDA:223,85,2,38
BRDA:227,86,0,0
BRDA:227,86,1,19
BRDA:227,87,0,19
BRDA:227,87,1,19
BRDA:233,88,0,0
BRDA:233,88,1,39
BRDA:233,89,0,39
BRDA:233,89,1,39
BRDA:245,90,0,0
BRDA:245,90,1,19
BRDA:245,91,0,19
BRDA:245,91,1,19
BRDA:245,92,0,0
BRDA:245,92,1,19
BRDA:245,93,0,19
BRDA:245,93,1,19
BRDA:246,94,0,19
BRDA:246,94,1,19
BRDA:246,94,2,19
BRDA:246,95,0,0
BRDA:246,95,1,19
BRDA:246,96,0,19
BRDA:246,96,1,19
BRDA:246,97,0,0
BRDA:246,97,1,19
BRDA:246,98,0,19
BRDA:246,98,1,19
BRDA:247,99,0,19
BRDA:247,99,1,0
BRDA:248,100,0,0
BRDA:248,100,1,19
BRDA:251,101,0,0
BRDA:251,101,1,19
BRDA:251,102,0,19
BRDA:251,102,1,19
BRDA:251,103,0,0
BRDA:251,103,1,19
BRDA:251,104,0,19
BRDA:251,104,1,19
BRDA:251,105,0,0
BRDA:251,105,1,19
BRDA:251,106,0,19
BRDA:251,106,1,19
BRDA:251,107,0,0
BRDA:251,107,1,19
BRDA:251,108,0,19
BRDA:251,108,1,19
BRDA:251,109,0,0
BRDA:251,109,1,19
BRDA:251,110,0,19
BRDA:251,110,1,19
BRF:230
BRH:167
end_of_record
TN:
SF:lib\ChartState\Reducer.js
FN:1,(anonymous_0)
FN:2,(anonymous_1)
FN:12,(anonymous_2)
FN:23,(anonymous_3)
FN:61,(anonymous_4)
FN:63,(anonymous_5)
FN:70,(anonymous_6)
FN:76,(anonymous_7)
FN:79,(anonymous_8)
FN:83,(anonymous_9)
FN:86,(anonymous_10)
FNF:11
FNH:6
FNDA:2,(anonymous_0)
FNDA:0,(anonymous_1)
FNDA:1,(anonymous_2)
FNDA:0,(anonymous_3)
FNDA:19,(anonymous_4)
FNDA:182,(anonymous_5)
FNDA:1,(anonymous_6)
FNDA:0,(anonymous_7)
FNDA:0,(anonymous_8)
FNDA:0,(anonymous_9)
FNDA:127,(anonymous_10)
DA:1,2
DA:2,2
DA:3,0
DA:4,0
DA:5,0
DA:6,0
DA:8,0
DA:10,2
DA:12,2
DA:13,1
DA:14,9
DA:15,8
DA:16,1
DA:17,1
DA:18,0
DA:19,0
DA:21,1
DA:23,2
DA:24,0
DA:25,0
DA:26,0
DA:27,0
DA:30,0
DA:41,2
DA:61,2
DA:62,19
DA:63,182
DA:64,19
DA:65,0
DA:66,19
DA:67,19
DA:68,19
DA:70,2
DA:71,1
DA:72,1
DA:73,1
DA:74,1
DA:76,2
DA:77,0
DA:79,2
DA:80,0
DA:81,0
DA:83,2
DA:84,0
DA:86,2
DA:88,127
DA:89,19
DA:91,108
DA:92,0
DA:94,108
DA:95,1
DA:98,107
DA:99,0
DA:101,107
DA:102,1
DA:104,106
DA:105,19
DA:108,87
DA:109,1
DA:111,86
DA:112,1
DA:114,85
DA:115,1
DA:117,84
DA:118,1
DA:120,83
DA:121,0
DA:123,83
DA:124,7
DA:126,76
DA:127,1
DA:129,75
DA:130,0
DA:133,75
DA:134,0
DA:136,75
DA:137,75
DA:139,0
DA:140,0
DA:142,0
DA:143,0
DA:144,0
DA:145,0
DA:146,0
LF:84
LH:55
BRDA:1,0,0,2
BRDA:1,0,1,0
BRDA:1,0,2,2
BRDA:2,1,0,2
BRDA:2,1,1,0
BRDA:5,2,0,0
BRDA:5,2,1,0
BRDA:12,3,0,2
BRDA:12,3,1,0
BRDA:12,3,2,2
BRDA:14,4,0,8
BRDA:14,4,1,1
BRDA:14,5,0,9
BRDA:14,5,1,9
BRDA:16,6,0,1
BRDA:16,6,1,0
BRDA:16,7,0,1
BRDA:16,7,1,1
BRDA:18,8,0,0
BRDA:18,8,1,0
BRDA:18,9,0,0
BRDA:18,9,1,0
BRDA:23,10,0,2
BRDA:23,10,1,0
BRDA:23,10,2,2
BRDA:24,11,0,0
BRDA:24,11,1,0
BRDA:24,12,0,0
BRDA:24,12,1,0
BRDA:25,13,0,0
BRDA:25,13,1,0
BRDA:25,14,0,0
BRDA:25,14,1,0
BRDA:26,15,0,0
BRDA:26,15,1,0
BRDA:30,16,0,0
BRDA:30,16,1,0
BRDA:63,17,0,0
BRDA:63,17,1,19
BRDA:63,18,0,19
BRDA:63,18,1,19
BRDA:64,19,0,0
BRDA:64,19,1,19
BRDA:67,20,0,5
BRDA:67,20,1,14
BRDA:73,21,0,0
BRDA:73,21,1,1
BRDA:84,22,0,0
BRDA:84,22,1,0
BRDA:88,23,0,19
BRDA:88,23,1,108
BRDA:91,24,0,0
BRDA:91,24,1,108
BRDA:94,25,0,1
BRDA:94,25,1,107
BRDA:98,26,0,0
BRDA:98,26,1,107
BRDA:101,27,0,1
BRDA:101,27,1,106
BRDA:104,28,0,19
BRDA:104,28,1,87
BRDA:108,29,0,1
BRDA:108,29,1,86
BRDA:111,30,0,1
BRDA:111,30,1,85
BRDA:114,31,0,1
BRDA:114,31,1,84
BRDA:117,32,0,1
BRDA:117,32,1,83
BRDA:120,33,0,0
BRDA:120,33,1,83
BRDA:123,34,0,7
BRDA:123,34,1,76
BRDA:126,35,0,1
BRDA:126,35,1,75
BRDA:129,36,0,0
BRDA:129,36,1,75
BRDA:133,37,0,0
BRDA:133,37,1,75
BRDA:136,38,0,75
BRDA:136,38,1,0
BRDA:139,39,0,0
BRDA:139,39,1,0
BRDA:142,40,0,0
BRDA:142,40,1,0
BRDA:144,41,0,0
BRDA:144,41,1,0
BRF:87
BRH:47
end_of_record
TN:
SF:lib\ChartState\index.js
FNF:0
FNH:0
LF:0
LH:0
BRF:0
BRH:0
end_of_record
TN:
SF:lib\ChartState\useChartController.js
FN:1,(anonymous_0)
FN:2,(anonymous_1)
FN:12,(anonymous_2)
FN:23,(anonymous_3)
FN:39,(anonymous_4)
FN:43,(anonymous_5)
FN:44,(anonymous_6)
FN:67,(anonymous_7)
FN:75,(anonymous_8)
FN:76,(anonymous_9)
FN:99,(anonymous_10)
FN:110,(anonymous_11)
FNF:12
FNH:11
FNDA:4,(anonymous_0)
FNDA:0,(anonymous_1)
FNDA:127,(anonymous_2)
FNDA:19,(anonymous_3)
FNDA:127,(anonymous_4)
FNDA:19,(anonymous_5)
FNDA:19,(anonymous_6)
FNDA:146,(anonymous_7)
FNDA:48,(anonymous_8)
FNDA:120,(anonymous_9)
FNDA:48,(anonymous_10)
FNDA:66,(anonymous_11)
DA:1,2
DA:2,4
DA:3,0
DA:4,0
DA:5,0
DA:6,0
DA:8,0
DA:10,4
DA:12,2
DA:13,127
DA:14,381
DA:15,254
DA:16,127
DA:17,127
DA:18,0
DA:19,0
DA:21,127
DA:23,2
DA:24,19
DA:25,58
DA:26,0
DA:27,0
DA:30,19
DA:39,2
DA:40,127
DA:41,127
DA:42,127
DA:43,127
DA:44,127
DA:48,127
DA:49,127
DA:50,127
DA:51,127
DA:52,127
DA:55,127
DA:59,127
DA:60,0
DA:65,127
DA:66,127
DA:67,146
DA:72,127
DA:73,44
DA:75,127
DA:76,48
DA:77,120
DA:78,120
DA:79,120
DA:80,120
DA:81,75
DA:82,73
DA:84,75
DA:92,75
DA:95,48
DA:96,48
DA:98,48
DA:99,48
DA:100,48
DA:110,127
DA:113,66
DA:114,19
DA:115,47
DA:116,47
DA:117,0
DA:118,47
DA:119,47
DA:121,18
DA:122,18
DA:124,29
DA:125,28
DA:126,27
DA:128,1
DA:130,1
DA:138,0
DA:143,1
DA:144,1
DA:147,127
DA:150,127
LF:77
LH:65
BRDA:1,0,0,2
BRDA:1,0,1,0
BRDA:1,0,2,2
BRDA:2,1,0,4
BRDA:2,1,1,0
BRDA:5,2,0,0
BRDA:5,2,1,0
BRDA:12,3,0,2
BRDA:12,3,1,0
BRDA:12,3,2,2
BRDA:14,4,0,254
BRDA:14,4,1,127
BRDA:14,5,0,381
BRDA:14,5,1,381
BRDA:16,6,0,127
BRDA:16,6,1,0
BRDA:16,7,0,127
BRDA:16,7,1,127
BRDA:18,8,0,0
BRDA:18,8,1,0
BRDA:18,9,0,0
BRDA:18,9,1,0
BRDA:23,10,0,2
BRDA:23,10,1,0
BRDA:23,10,2,2
BRDA:24,11,0,19
BRDA:24,11,1,0
BRDA:24,12,0,19
BRDA:24,12,1,0
BRDA:25,13,0,0
BRDA:25,13,1,58
BRDA:25,14,0,58
BRDA:25,14,1,58
BRDA:26,15,0,0
BRDA:26,15,1,0
BRDA:30,16,0,19
BRDA:30,16,1,19
BRDA:41,17,0,127
BRDA:41,17,1,127
BRDA:41,18,0,0
BRDA:41,18,1,127
BRDA:41,19,0,127
BRDA:41,19,1,127
BRDA:42,20,0,127
BRDA:42,20,1,125
BRDA:42,21,0,0
BRDA:42,21,1,127
BRDA:42,22,0,127
BRDA:42,22,1,127
BRDA:43,23,0,19
BRDA:43,23,1,0
BRDA:43,24,0,0
BRDA:43,24,1,19
BRDA:43,25,0,19
BRDA:43,25,1,19
BRDA:43,26,0,0
BRDA:43,26,1,127
BRDA:43,27,0,127
BRDA:43,27,1,127
BRDA:44,28,0,0
BRDA:44,28,1,19
BRDA:44,29,0,19
BRDA:44,29,1,19
BRDA:59,30,0,0
BRDA:59,30,1,127
BRDA:72,31,0,44
BRDA:72,31,1,83
BRDA:80,32,0,75
BRDA:80,32,1,45
BRDA:80,33,0,120
BRDA:80,33,1,45
BRDA:81,34,0,73
BRDA:81,34,1,2
BRDA:113,35,0,19
BRDA:113,35,1,47
BRDA:116,36,0,0
BRDA:116,36,1,47
BRDA:116,37,0,47
BRDA:116,37,1,47
BRDA:116,38,0,0
BRDA:116,38,1,47
BRDA:116,39,0,47
BRDA:116,39,1,47
BRDA:116,40,0,0
BRDA:116,40,1,47
BRDA:116,41,0,47
BRDA:116,41,1,47
BRDA:116,42,0,0
BRDA:116,42,1,47
BRDA:116,43,0,47
BRDA:116,43,1,47
BRDA:118,44,0,0
BRDA:118,44,1,47
BRDA:118,45,0,47
BRDA:118,45,1,47
BRDA:119,46,0,18
BRDA:119,46,1,29
BRDA:124,47,0,28
BRDA:124,47,1,1
BRDA:124,48,0,29
BRDA:124,48,1,28
BRDA:125,49,0,27
BRDA:125,49,1,1
BRDA:128,50,0,1
BRDA:128,50,1,0
BRDA:134,51,0,0
BRDA:134,51,1,1
BRDA:134,52,0,1
BRDA:134,52,1,1
BRDA:138,53,0,0
BRDA:138,53,1,0
BRF:111
BRH:79
end_of_record
TN:
SF:lib\ChartState\useChartInteractions.js
FN:1,(anonymous_0)
FN:2,(anonymous_1)
FN:12,(anonymous_2)
FN:27,(anonymous_3)
FN:36,(anonymous_4)
FN:45,(anonymous_5)
FN:66,(anonymous_6)
FN:72,(anonymous_7)
FN:81,(anonymous_8)
FN:87,(anonymous_9)
FN:101,(anonymous_10)
FN:106,(anonymous_11)
FN:114,(anonymous_12)
FN:118,(anonymous_13)
FN:139,(anonymous_14)
FN:148,(anonymous_15)
FN:151,(anonymous_16)
FN:158,(anonymous_17)
FN:178,(anonymous_18)
FNF:19
FNH:15
FNDA:4,(anonymous_0)
FNDA:0,(anonymous_1)
FNDA:94,(anonymous_2)
FNDA:127,(anonymous_3)
FNDA:1,(anonymous_4)
FNDA:41,(anonymous_5)
FNDA:22,(anonymous_6)
FNDA:1,(anonymous_7)
FNDA:1,(anonymous_8)
FNDA:0,(anonymous_9)
FNDA:26,(anonymous_10)
FNDA:0,(anonymous_11)
FNDA:0,(anonymous_12)
FNDA:9,(anonymous_13)
FNDA:8,(anonymous_14)
FNDA:4,(anonymous_15)
FNDA:4,(anonymous_16)
FNDA:2,(anonymous_17)
FNDA:4,(anonymous_18)
DA:1,2
DA:2,4
DA:3,0
DA:4,0
DA:5,0
DA:6,0
DA:8,0
DA:10,4
DA:12,2
DA:13,94
DA:14,25
DA:15,0
DA:16,0
DA:19,94
DA:27,2
DA:29,127
DA:30,127
DA:31,127
DA:32,127
DA:33,127
DA:34,127
DA:35,127
DA:37,1
DA:44,127
DA:45,127
DA:46,41
DA:47,41
DA:48,3
DA:49,38
DA:50,18
DA:51,20
DA:58,20
DA:59,20
DA:60,20
DA:61,20
DA:62,20
DA:63,20
DA:66,127
DA:67,22
DA:68,22
DA:69,0
DA:70,22
DA:71,21
DA:72,1
DA:73,1
DA:74,0
DA:75,1
DA:76,1
DA:78,1
DA:79,1
DA:80,1
DA:81,1
DA:82,1
DA:83,1
DA:87,127
DA:89,0
DA:90,0
DA:91,0
DA:92,0
DA:93,0
DA:94,0
DA:96,127
DA:101,127
DA:105,127
DA:107,0
DA:108,0
DA:114,0
DA:119,9
DA:120,9
DA:121,9
DA:122,9
DA:123,9
DA:124,9
DA:125,9
DA:126,9
DA:127,1
DA:128,8
DA:140,8
DA:141,8
DA:142,0
DA:143,8
DA:149,4
DA:152,4
DA:153,4
DA:154,4
DA:155,4
DA:156,4
DA:159,2
DA:160,2
DA:161,2
DA:174,127
DA:178,4
LF:92
LH:73
BRDA:1,0,0,2
BRDA:1,0,1,0
BRDA:1,0,2,2
BRDA:2,1,0,4
BRDA:2,1,1,0
BRDA:5,2,0,0
BRDA:5,2,1,0
BRDA:12,3,0,2
BRDA:12,3,1,0
BRDA:12,3,2,2
BRDA:13,4,0,47
BRDA:13,4,1,47
BRDA:13,5,0,94
BRDA:13,5,1,47
BRDA:14,6,0,0
BRDA:14,6,1,25
BRDA:14,7,0,25
BRDA:14,7,1,25
BRDA:15,8,0,0
BRDA:15,8,1,0
BRDA:19,9,0,94
BRDA:19,9,1,94
BRDA:30,10,0,127
BRDA:30,10,1,0
BRDA:31,11,0,127
BRDA:31,11,1,0
BRDA:33,12,0,125
BRDA:33,12,1,2
BRDA:33,13,0,127
BRDA:33,13,1,125
BRDA:33,13,2,125
BRDA:44,14,0,108
BRDA:44,14,1,19
BRDA:44,15,0,127
BRDA:44,15,1,127
BRDA:44,16,0,19
BRDA:44,16,1,108
BRDA:44,17,0,127
BRDA:44,17,1,108
BRDA:44,18,0,0
BRDA:44,18,1,127
BRDA:44,19,0,127
BRDA:44,19,1,127
BRDA:47,20,0,3
BRDA:47,20,1,38
BRDA:47,21,0,41
BRDA:47,21,1,41
BRDA:47,21,2,40
BRDA:47,22,0,0
BRDA:47,22,1,41
BRDA:47,23,0,41
BRDA:47,23,1,41
BRDA:49,24,0,18
BRDA:49,24,1,20
BRDA:49,25,0,38
BRDA:49,25,1,20
BRDA:49,25,2,20
BRDA:49,25,3,20
BRDA:59,26,0,20
BRDA:59,26,1,0
BRDA:59,27,0,20
BRDA:59,27,1,20
BRDA:60,28,0,20
BRDA:60,28,1,0
BRDA:60,29,0,20
BRDA:60,29,1,20
BRDA:68,30,0,0
BRDA:68,30,1,22
BRDA:68,31,0,0
BRDA:68,31,1,22
BRDA:68,32,0,22
BRDA:68,32,1,22
BRDA:70,33,0,21
BRDA:70,33,1,1
BRDA:73,34,0,0
BRDA:73,34,1,1
BRDA:73,35,0,1
BRDA:73,35,1,1
BRDA:89,36,0,0
BRDA:89,36,1,0
BRDA:89,37,0,0
BRDA:89,37,1,0
BRDA:89,37,2,0
BRDA:89,37,3,0
BRDA:91,38,0,0
BRDA:91,38,1,0
BRDA:91,39,0,0
BRDA:91,39,1,0
BRDA:91,40,0,0
BRDA:91,40,1,0
BRDA:91,41,0,0
BRDA:91,41,1,0
BRDA:91,42,0,0
BRDA:91,42,1,0
BRDA:97,43,0,127
BRDA:97,43,1,0
BRDA:97,44,0,127
BRDA:97,44,1,127
BRDA:97,45,0,19
BRDA:97,45,1,108
BRDA:97,46,0,127
BRDA:97,46,1,108
BRDA:102,47,0,26
BRDA:102,47,1,0
BRDA:102,48,0,26
BRDA:102,48,1,26
BRDA:103,49,0,26
BRDA:103,49,1,0
BRDA:103,50,0,26
BRDA:103,50,1,26
BRDA:121,51,0,3
BRDA:121,51,1,6
BRDA:121,52,0,9
BRDA:121,52,1,3
BRDA:122,53,0,3
BRDA:122,53,1,6
BRDA:122,54,0,9
BRDA:122,54,1,3
BRDA:124,55,0,3
BRDA:124,55,1,6
BRDA:124,56,0,3
BRDA:124,56,1,0
BRDA:125,57,0,3
BRDA:125,57,1,6
BRDA:125,58,0,3
BRDA:125,58,1,3
BRDA:126,59,0,1
BRDA:126,59,1,8
BRDA:126,60,0,9
BRDA:126,60,1,7
BRDA:126,60,2,1
BRDA:126,60,3,1
BRDA:132,61,0,8
BRDA:132,61,1,0
BRDA:135,62,0,8
BRDA:135,62,1,0
BRDA:141,63,0,0
BRDA:141,63,1,8
BRDA:141,64,0,8
BRDA:141,64,1,4
BRDA:141,64,2,0
BRDA:141,64,3,0
BRDA:154,65,0,0
BRDA:154,65,1,4
BRDA:154,66,0,4
BRDA:154,66,1,0
BRDA:155,67,0,0
BRDA:155,67,1,4
BRDA:155,68,0,4
BRDA:155,68,1,0
BRDA:166,69,0,127
BRDA:166,69,1,127
BRDA:166,69,2,125
BRDA:166,70,0,0
BRDA:166,70,1,127
BRDA:166,71,0,127
BRDA:166,71,1,127
BRDA:174,72,0,125
BRDA:174,72,1,2
BRDA:178,73,0,4
BRDA:178,73,1,4
BRF:161
BRH:114
end_of_record
TN:
SF:lib\ChartState\Calc\CalcPointer.js
FN:1,(anonymous_0)
FN:2,(anonymous_1)
FN:17,(anonymous_2)
FN:33,(anonymous_3)
FN:58,(anonymous_4)
FN:59,(anonymous_5)
FN:61,(anonymous_6)
FN:80,(anonymous_7)
FN:113,(anonymous_8)
FN:116,(anonymous_9)
FNF:10
FNH:8
FNDA:1,(anonymous_0)
FNDA:0,(anonymous_1)
FNDA:4,(anonymous_2)
FNDA:0,(anonymous_3)
FNDA:3,(anonymous_4)
FNDA:6,(anonymous_5)
FNDA:9,(anonymous_6)
FNDA:3,(anonymous_7)
FNDA:3,(anonymous_8)
FNDA:3,(anonymous_9)
DA:1,2
DA:2,1
DA:3,0
DA:4,0
DA:5,0
DA:6,0
DA:8,0
DA:10,1
DA:17,2
DA:19,4
DA:20,4
DA:21,4
DA:22,0
DA:23,4
DA:24,4
DA:27,4
DA:28,4
DA:29,0
DA:30,4
DA:31,4
DA:32,1
DA:33,3
DA:50,3
DA:51,3
DA:52,0
DA:53,3
DA:54,0
DA:55,3
DA:56,3
DA:57,3
DA:59,3
DA:61,9
DA:62,6
DA:65,6
DA:66,6
DA:67,6
DA:68,6
DA:81,3
DA:95,3
DA:113,2
DA:114,3
DA:115,0
DA:116,3
DA:117,3
DA:118,0
DA:119,3
DA:120,3
DA:121,3
DA:122,3
DA:123,3
DA:124,0
DA:125,3
DA:126,3
DA:127,3
DA:128,0
DA:129,3
DA:130,3
DA:131,3
DA:132,3
LF:59
LH:46
BRDA:1,0,0,2
BRDA:1,0,1,0
BRDA:1,0,2,2
BRDA:2,1,0,1
BRDA:2,1,1,0
BRDA:5,2,0,0
BRDA:5,2,1,0
BRDA:21,3,0,0
BRDA:21,3,1,4
BRDA:24,4,0,4
BRDA:24,4,1,0
BRDA:24,5,0,4
BRDA:24,5,1,4
BRDA:24,6,0,0
BRDA:24,6,1,4
BRDA:24,7,0,4
BRDA:24,7,1,4
BRDA:24,8,0,0
BRDA:24,8,1,4
BRDA:24,9,0,4
BRDA:24,9,1,4
BRDA:24,10,0,0
BRDA:24,10,1,4
BRDA:24,11,0,4
BRDA:24,11,1,4
BRDA:24,12,0,0
BRDA:24,12,1,4
BRDA:24,13,0,4
BRDA:24,13,1,4
BRDA:24,14,0,0
BRDA:24,14,1,4
BRDA:24,15,0,4
BRDA:24,15,1,4
BRDA:27,16,0,0
BRDA:27,16,1,4
BRDA:27,17,0,4
BRDA:27,17,1,4
BRDA:28,18,0,0
BRDA:28,18,1,4
BRDA:28,19,0,4
BRDA:28,19,1,4
BRDA:28,19,2,4
BRDA:28,19,3,4
BRDA:31,20,0,1
BRDA:31,20,1,3
BRDA:51,21,0,0
BRDA:51,21,1,3
BRDA:53,22,0,0
BRDA:53,22,1,3
BRDA:56,23,0,3
BRDA:56,23,1,0
BRDA:56,24,0,3
BRDA:56,24,1,3
BRDA:61,25,0,0
BRDA:61,25,1,6
BRDA:61,26,0,6
BRDA:61,26,1,6
BRDA:61,27,0,0
BRDA:61,27,1,9
BRDA:61,28,0,9
BRDA:61,28,1,9
BRDA:62,29,0,6
BRDA:62,29,1,0
BRDA:65,30,0,0
BRDA:65,30,1,6
BRDA:65,31,0,6
BRDA:65,31,1,6
BRDA:66,32,0,0
BRDA:66,32,1,6
BRDA:66,33,0,6
BRDA:66,33,1,6
BRDA:71,34,0,0
BRDA:71,34,1,6
BRDA:71,35,0,6
BRDA:71,35,1,6
BRDA:81,36,0,3
BRDA:81,36,1,0
BRDA:81,37,0,3
BRDA:81,37,1,3
BRDA:83,38,0,0
BRDA:83,38,1,0
BRDA:83,39,0,0
BRDA:83,39,1,0
BRDA:83,39,2,0
BRDA:83,39,3,0
BRDA:83,39,4,0
BRDA:88,40,0,0
BRDA:88,40,1,0
BRDA:88,41,0,0
BRDA:88,41,1,0
BRDA:88,41,2,0
BRDA:88,41,3,0
BRDA:88,41,4,0
BRDA:114,42,0,0
BRDA:114,42,1,3
BRDA:114,43,0,3
BRDA:114,43,1,3
BRDA:114,44,0,0
BRDA:114,44,1,3
BRDA:114,45,0,3
BRDA:114,45,1,3
BRDA:117,46,0,0
BRDA:117,46,1,3
BRDA:117,47,0,0
BRDA:117,47,1,3
BRDA:117,48,0,3
BRDA:117,48,1,3
BRDA:121,49,0,0
BRDA:121,49,1,3
BRDA:121,50,0,3
BRDA:121,50,1,3
BRDA:123,51,0,0
BRDA:123,51,1,3
BRDA:123,52,0,3
BRDA:123,52,1,3
BRDA:123,52,2,3
BRDA:127,53,0,0
BRDA:127,53,1,3
BRDA:127,54,0,3
BRDA:127,54,1,3
BRDA:127,54,2,3
BRDA:131,55,0,0
BRDA:131,55,1,3
BRF:123
BRH:78
end_of_record
TN:
SF:lib\ChartState\Calc\CalcRtData.js
FN:1,(anonymous_0)
FN:2,(anonymous_1)
FN:12,(anonymous_2)
FN:23,(anonymous_3)
FN:32,(anonymous_4)
FN:34,(anonymous_5)
FN:38,(anonymous_6)
FN:41,(anonymous_7)
FN:52,(anonymous_8)
FN:54,(anonymous_9)
FN:56,(anonymous_10)
FN:62,(anonymous_11)
FN:62,(anonymous_12)
FN:66,(anonymous_13)
FN:71,(anonymous_14)
FN:73,(anonymous_15)
FN:82,(anonymous_16)
FN:90,(anonymous_17)
FN:111,(anonymous_18)
FN:115,(anonymous_19)
FN:116,(anonymous_20)
FN:119,(anonymous_21)
FN:123,(anonymous_22)
FN:124,(anonymous_23)
FN:134,(anonymous_24)
FN:137,(anonymous_25)
FN:139,(anonymous_26)
FN:140,(anonymous_27)
FN:147,(anonymous_28)
FN:151,(anonymous_29)
FN:152,(anonymous_30)
FN:155,(anonymous_31)
FNF:32
FNH:1
FNDA:0,(anonymous_0)
FNDA:0,(anonymous_1)
FNDA:0,(anonymous_2)
FNDA:127,(anonymous_3)
FNDA:0,(anonymous_4)
FNDA:0,(anonymous_5)
FNDA:0,(anonymous_6)
FNDA:0,(anonymous_7)
FNDA:0,(anonymous_8)
FNDA:0,(anonymous_9)
FNDA:0,(anonymous_10)
FNDA:0,(anonymous_11)
FNDA:0,(anonymous_12)
FNDA:0,(anonymous_13)
FNDA:0,(anonymous_14)
FNDA:0,(anonymous_15)
FNDA:0,(anonymous_16)
FNDA:0,(anonymous_17)
FNDA:0,(anonymous_18)
FNDA:0,(anonymous_19)
FNDA:0,(anonymous_20)
FNDA:0,(anonymous_21)
FNDA:0,(anonymous_22)
FNDA:0,(anonymous_23)
FNDA:0,(anonymous_24)
FNDA:0,(anonymous_25)
FNDA:0,(anonymous_26)
FNDA:0,(anonymous_27)
FNDA:0,(anonymous_28)
FNDA:0,(anonymous_29)
FNDA:0,(anonymous_30)
FNDA:0,(anonymous_31)
DA:1,2
DA:2,0
DA:3,0
DA:4,0
DA:5,0
DA:6,0
DA:8,0
DA:10,0
DA:12,2
DA:13,0
DA:14,0
DA:15,0
DA:16,0
DA:19,0
DA:23,2
DA:25,127
DA:26,127
DA:27,127
DA:28,0
DA:29,0
DA:34,0
DA:35,0
DA:38,0
DA:43,0
DA:51,0
DA:52,0
DA:54,0
DA:56,0
DA:57,0
DA:58,0
DA:59,0
DA:60,0
DA:61,0
DA:62,0
DA:63,0
DA:64,0
DA:65,0
DA:66,0
DA:68,0
DA:70,0
DA:71,0
DA:73,0
DA:78,0
DA:80,0
DA:82,2
DA:84,0
DA:85,0
DA:86,0
DA:104,0
DA:107,0
DA:108,0
DA:109,0
DA:110,0
DA:111,0
DA:112,0
DA:116,0
DA:119,0
DA:120,0
DA:124,0
DA:127,0
DA:128,0
DA:131,0
DA:134,2
DA:136,0
DA:138,0
DA:140,0
DA:141,0
DA:147,0
DA:148,0
DA:149,0
DA:150,0
DA:151,0
DA:152,0
DA:153,0
DA:155,0
DA:167,0
LF:76
LH:8
BRDA:1,0,0,2
BRDA:1,0,1,0
BRDA:1,0,2,2
BRDA:2,1,0,0
BRDA:2,1,1,0
BRDA:5,2,0,0
BRDA:5,2,1,0
BRDA:12,3,0,2
BRDA:12,3,1,0
BRDA:12,3,2,2
BRDA:13,4,0,0
BRDA:13,4,1,0
BRDA:13,5,0,0
BRDA:13,5,1,0
BRDA:14,6,0,0
BRDA:14,6,1,0
BRDA:14,7,0,0
BRDA:14,7,1,0
BRDA:15,8,0,0
BRDA:15,8,1,0
BRDA:19,9,0,0
BRDA:19,9,1,0
BRDA:25,10,0,56
BRDA:25,10,1,71
BRDA:25,11,0,127
BRDA:25,11,1,127
BRDA:25,12,0,56
BRDA:25,12,1,71
BRDA:25,13,0,127
BRDA:25,13,1,127
BRDA:25,14,0,56
BRDA:25,14,1,71
BRDA:25,15,0,127
BRDA:25,15,1,127
BRDA:25,16,0,56
BRDA:25,16,1,71
BRDA:25,17,0,127
BRDA:25,17,1,127
BRDA:25,18,0,56
BRDA:25,18,1,71
BRDA:25,19,0,127
BRDA:25,19,1,127
BRDA:25,20,0,0
BRDA:25,20,1,127
BRDA:25,21,0,127
BRDA:25,21,1,127
BRDA:26,22,0,127
BRDA:26,22,1,0
BRDA:26,23,0,127
BRDA:26,23,1,0
BRDA:26,23,2,0
BRDA:28,24,0,0
BRDA:28,24,1,0
BRDA:28,25,0,0
BRDA:28,25,1,0
BRDA:28,26,0,0
BRDA:28,26,1,0
BRDA:28,27,0,0
BRDA:28,27,1,0
BRDA:28,28,0,0
BRDA:28,28,1,0
BRDA:28,29,0,0
BRDA:28,29,1,0
BRDA:28,30,0,0
BRDA:28,30,1,0
BRDA:28,31,0,0
BRDA:28,31,1,0
BRDA:28,32,0,0
BRDA:28,32,1,0
BRDA:28,33,0,0
BRDA:28,33,1,0
BRDA:28,34,0,0
BRDA:28,34,1,0
BRDA:28,35,0,0
BRDA:28,35,1,0
BRDA:28,36,0,0
BRDA:28,36,1,0
BRDA:28,37,0,0
BRDA:28,37,1,0
BRDA:28,38,0,0
BRDA:28,38,1,0
BRDA:28,39,0,0
BRDA:28,39,1,0
BRDA:28,40,0,0
BRDA:28,40,1,0
BRDA:28,41,0,0
BRDA:28,41,1,0
BRDA:28,42,0,0
BRDA:28,42,1,0
BRDA:28,43,0,0
BRDA:28,43,1,0
BRDA:28,44,0,0
BRDA:28,44,1,0
BRDA:28,45,0,0
BRDA:28,45,1,0
BRDA:28,46,0,0
BRDA:28,46,1,0
BRDA:28,47,0,0
BRDA:28,47,1,0
BRDA:28,48,0,0
BRDA:28,48,1,0
BRDA:28,49,0,0
BRDA:28,49,1,0
BRDA:29,50,0,0
BRDA:29,50,1,0
BRDA:29,51,0,0
BRDA:29,51,1,0
BRDA:29,52,0,0
BRDA:29,52,1,0
BRDA:29,52,2,0
BRDA:29,52,3,0
BRDA:37,53,0,0
BRDA:37,53,1,0
BRDA:37,54,0,0
BRDA:37,54,1,0
BRDA:37,55,0,0
BRDA:37,55,1,0
BRDA:38,56,0,0
BRDA:38,56,1,0
BRDA:38,57,0,0
BRDA:38,57,1,0
BRDA:40,58,0,0
BRDA:40,58,1,0
BRDA:40,59,0,0
BRDA:40,59,1,0
BRDA:40,60,0,0
BRDA:40,60,1,0
BRDA:40,61,0,0
BRDA:40,61,1,0
BRDA:45,62,0,0
BRDA:45,62,1,0
BRDA:45,63,0,0
BRDA:45,63,1,0
BRDA:45,64,0,0
BRDA:45,64,1,0
BRDA:45,65,0,0
BRDA:45,65,1,0
BRDA:56,66,0,0
BRDA:56,66,1,0
BRDA:57,67,0,0
BRDA:57,67,1,0
BRDA:57,68,0,0
BRDA:57,68,1,0
BRDA:57,69,0,0
BRDA:57,69,1,0
BRDA:57,70,0,0
BRDA:57,70,1,0
BRDA:62,71,0,0
BRDA:62,71,1,0
BRDA:62,72,0,0
BRDA:62,72,1,0
BRDA:62,73,0,0
BRDA:62,73,1,0
BRDA:62,74,0,0
BRDA:62,74,1,0
BRDA:62,75,0,0
BRDA:62,75,1,0
BRDA:62,76,0,0
BRDA:62,76,1,0
BRDA:62,77,0,0
BRDA:62,77,1,0
BRDA:62,78,0,0
BRDA:62,78,1,0
BRDA:62,79,0,0
BRDA:62,79,1,0
BRDA:62,80,0,0
BRDA:62,80,1,0
BRDA:62,81,0,0
BRDA:62,81,1,0
BRDA:62,82,0,0
BRDA:62,82,1,0
BRDA:62,83,0,0
BRDA:62,83,1,0
BRDA:62,84,0,0
BRDA:62,84,1,0
BRDA:63,85,0,0
BRDA:63,85,1,0
BRDA:63,86,0,0
BRDA:63,86,1,0
BRDA:64,87,0,0
BRDA:64,87,1,0
BRDA:64,88,0,0
BRDA:64,88,1,0
BRDA:64,88,2,0
BRDA:64,89,0,0
BRDA:64,89,1,0
BRDA:64,90,0,0
BRDA:64,90,1,0
BRDA:85,91,0,0
BRDA:85,91,1,0
BRDA:85,92,0,0
BRDA:85,92,1,0
BRDA:85,93,0,0
BRDA:85,93,1,0
BRDA:85,94,0,0
BRDA:85,94,1,0
BRDA:85,95,0,0
BRDA:85,95,1,0
BRDA:85,96,0,0
BRDA:85,96,1,0
BRDA:85,97,0,0
BRDA:85,97,1,0
BRDA:85,98,0,0
BRDA:85,98,1,0
BRDA:85,99,0,0
BRDA:85,99,1,0
BRDA:85,100,0,0
BRDA:85,100,1,0
BRDA:85,101,0,0
BRDA:85,101,1,0
BRDA:85,102,0,0
BRDA:85,102,1,0
BRDA:86,103,0,0
BRDA:86,103,1,0
BRDA:86,103,2,0
BRDA:86,103,3,0
BRDA:86,103,4,0
BRDA:107,104,0,0
BRDA:107,104,1,0
BRDA:109,105,0,0
BRDA:109,105,1,0
BRDA:112,106,0,0
BRDA:112,106,1,0
BRDA:112,107,0,0
BRDA:112,107,1,0
BRDA:116,108,0,0
BRDA:116,108,1,0
BRDA:116,109,0,0
BRDA:116,109,1,0
BRDA:116,110,0,0
BRDA:116,110,1,0
BRDA:120,111,0,0
BRDA:120,111,1,0
BRDA:120,112,0,0
BRDA:120,112,1,0
BRDA:124,113,0,0
BRDA:124,113,1,0
BRDA:124,114,0,0
BRDA:124,114,1,0
BRDA:124,115,0,0
BRDA:124,115,1,0
BRDA:127,116,0,0
BRDA:127,116,1,0
BRDA:127,117,0,0
BRDA:127,117,1,0
BRDA:127,117,2,0
BRDA:141,118,0,0
BRDA:141,118,1,0
BRDA:148,119,0,0
BRDA:148,119,1,0
BRDA:148,120,0,0
BRDA:148,120,1,0
BRDA:149,121,0,0
BRDA:149,121,1,0
BRDA:149,122,0,0
BRDA:149,122,1,0
BRDA:152,123,0,0
BRDA:152,123,1,0
BRDA:152,124,0,0
BRDA:152,124,1,0
BRDA:152,125,0,0
BRDA:152,125,1,0
BRDA:152,126,0,0
BRDA:152,126,1,0
BRDA:152,127,0,0
BRDA:152,127,1,0
BRDA:153,128,0,0
BRDA:153,128,1,0
BRDA:155,129,0,0
BRDA:155,129,1,0
BRDA:155,130,0,0
BRDA:155,130,1,0
BRDA:155,131,0,0
BRDA:155,131,1,0
BRDA:155,132,0,0
BRDA:155,132,1,0
BRDA:155,133,0,0
BRDA:155,133,1,0
BRDA:155,134,0,0
BRDA:155,134,1,0
BRDA:155,135,0,0
BRDA:155,135,1,0
BRDA:155,136,0,0
BRDA:155,136,1,0
BRDA:157,137,0,0
BRDA:157,137,1,0
BRDA:164,138,0,0
BRDA:164,138,1,0
BRF:288
BRH:29
end_of_record
TN:
SF:lib\ChartState\Calc\CalcSubcharts.js
FN:1,(anonymous_0)
FN:2,(anonymous_1)
FN:12,(anonymous_2)
FN:23,(anonymous_3)
FN:31,(anonymous_4)
FN:36,(anonymous_5)
FN:39,(anonymous_6)
FN:39,(anonymous_7)
FN:39,(anonymous_8)
FN:39,(anonymous_9)
FN:39,(anonymous_10)
FN:40,(anonymous_11)
FN:42,(anonymous_12)
FN:42,(anonymous_13)
FN:42,(anonymous_14)
FN:42,(anonymous_15)
FN:42,(anonymous_16)
FN:43,(anonymous_17)
FN:45,(anonymous_18)
FN:45,(anonymous_19)
FN:52,(anonymous_20)
FN:61,(anonymous_21)
FN:68,(anonymous_22)
FN:71,(anonymous_23)
FN:73,(anonymous_24)
FN:76,(anonymous_25)
FN:109,(anonymous_26)
FN:111,(anonymous_27)
FN:119,(anonymous_28)
FN:129,(anonymous_29)
FN:134,(anonymous_30)
FN:137,(anonymous_31)
FN:147,(anonymous_32)
FN:155,(anonymous_33)
FN:159,(anonymous_34)
FN:161,(anonymous_35)
FNF:36
FNH:31
FNDA:4,(anonymous_0)
FNDA:0,(anonymous_1)
FNDA:272,(anonymous_2)
FNDA:70,(anonymous_3)
FNDA:68,(anonymous_4)
FNDA:68,(anonymous_5)
FNDA:133,(anonymous_6)
FNDA:133,(anonymous_7)
FNDA:68,(anonymous_8)
FNDA:133,(anonymous_9)
FNDA:34,(anonymous_10)
FNDA:0,(anonymous_11)
FNDA:133,(anonymous_12)
FNDA:133,(anonymous_13)
FNDA:68,(anonymous_14)
FNDA:133,(anonymous_15)
FNDA:34,(anonymous_16)
FNDA:0,(anonymous_17)
FNDA:133,(anonymous_18)
FNDA:336,(anonymous_19)
FNDA:10150,(anonymous_20)
FNDA:283,(anonymous_21)
FNDA:133,(anonymous_22)
FNDA:5707,(anonymous_23)
FNDA:18865,(anonymous_24)
FNDA:6981,(anonymous_25)
FNDA:70,(anonymous_26)
FNDA:0,(anonymous_27)
FNDA:0,(anonymous_28)
FNDA:201,(anonymous_29)
FNDA:1206,(anonymous_30)
FNDA:1206,(anonymous_31)
FNDA:1005,(anonymous_32)
FNDA:68,(anonymous_33)
FNDA:133,(anonymous_34)
FNDA:336,(anonymous_35)
DA:1,2
DA:2,4
DA:3,0
DA:4,0
DA:5,0
DA:6,0
DA:8,0
DA:10,4
DA:12,2
DA:13,272
DA:14,0
DA:15,0
DA:16,0
DA:19,272
DA:23,2
DA:25,70
DA:26,0
DA:27,70
DA:28,70
DA:29,37
DA:30,33
DA:31,33
DA:32,68
DA:33,68
DA:34,68
DA:35,68
DA:38,68
DA:39,133
DA:40,34
DA:42,133
DA:43,34
DA:45,336
DA:46,68
DA:48,68
DA:49,68
DA:50,68
DA:51,68
DA:52,10150
DA:53,68
DA:54,68
DA:55,68
DA:56,68
DA:57,68
DA:62,283
DA:63,283
DA:64,283
DA:65,283
DA:67,68
DA:69,133
DA:70,0
DA:71,133
DA:73,18865
DA:74,5707
DA:76,6981
DA:88,5707
DA:90,133
DA:92,68
DA:109,2
DA:110,70
DA:113,0
DA:114,0
DA:115,0
DA:116,0
DA:117,0
DA:121,0
DA:122,0
DA:123,0
DA:124,0
DA:125,0
DA:129,2
DA:130,201
DA:131,201
DA:132,201
DA:133,201
DA:134,1206
DA:135,201
DA:138,1206
DA:141,1206
DA:142,1206
DA:148,1005
DA:149,175
DA:151,830
DA:155,2
DA:156,68
DA:157,68
DA:158,68
DA:159,68
DA:161,336
DA:162,133
DA:163,0
DA:164,133
DA:165,133
DA:166,133
DA:167,133
DA:168,133
DA:169,133
DA:170,133
DA:171,133
LF:98
LH:77
BRDA:1,0,0,2
BRDA:1,0,1,0
BRDA:1,0,2,2
BRDA:2,1,0,4
BRDA:2,1,1,0
BRDA:5,2,0,0
BRDA:5,2,1,0
BRDA:12,3,0,2
BRDA:12,3,1,0
BRDA:12,3,2,2
BRDA:13,4,0,0
BRDA:13,4,1,272
BRDA:13,5,0,272
BRDA:13,5,1,272
BRDA:14,6,0,0
BRDA:14,6,1,0
BRDA:14,7,0,0
BRDA:14,7,1,0
BRDA:15,8,0,0
BRDA:15,8,1,0
BRDA:19,9,0,272
BRDA:19,9,1,272
BRDA:25,10,0,0
BRDA:25,10,1,70
BRDA:25,11,0,70
BRDA:25,11,1,70
BRDA:28,12,0,37
BRDA:28,12,1,33
BRDA:28,13,0,70
BRDA:28,13,1,33
BRDA:30,14,0,0
BRDA:30,14,1,33
BRDA:30,15,0,33
BRDA:30,15,1,33
BRDA:30,16,0,0
BRDA:30,16,1,33
BRDA:30,17,0,33
BRDA:30,17,1,33
BRDA:30,18,0,0
BRDA:30,18,1,33
BRDA:30,19,0,33
BRDA:30,19,1,33
BRDA:30,20,0,0
BRDA:30,20,1,33
BRDA:30,21,0,33
BRDA:30,21,1,33
BRDA:30,22,0,0
BRDA:30,22,1,33
BRDA:30,23,0,33
BRDA:30,23,1,33
BRDA:30,24,0,0
BRDA:30,24,1,33
BRDA:30,25,0,33
BRDA:30,25,1,33
BRDA:39,26,0,68
BRDA:39,26,1,0
BRDA:39,27,0,68
BRDA:39,27,1,68
BRDA:39,28,0,133
BRDA:39,28,1,0
BRDA:39,29,0,133
BRDA:39,29,1,133
BRDA:39,30,0,0
BRDA:39,30,1,133
BRDA:39,31,0,133
BRDA:39,31,1,133
BRDA:39,32,0,68
BRDA:39,32,1,0
BRDA:39,33,0,68
BRDA:39,33,1,68
BRDA:39,34,0,0
BRDA:39,34,1,68
BRDA:39,35,0,68
BRDA:39,35,1,68
BRDA:39,36,0,0
BRDA:39,36,1,68
BRDA:39,37,0,68
BRDA:39,37,1,68
BRDA:40,38,0,34
BRDA:40,38,1,34
BRDA:40,39,0,0
BRDA:40,39,1,34
BRDA:40,40,0,34
BRDA:40,40,1,34
BRDA:40,41,0,0
BRDA:40,41,1,0
BRDA:40,42,0,0
BRDA:40,42,1,0
BRDA:40,43,0,0
BRDA:40,43,1,0
BRDA:42,44,0,68
BRDA:42,44,1,0
BRDA:42,45,0,68
BRDA:42,45,1,68
BRDA:42,46,0,133
BRDA:42,46,1,0
BRDA:42,47,0,133
BRDA:42,47,1,133
BRDA:42,48,0,0
BRDA:42,48,1,133
BRDA:42,49,0,133
BRDA:42,49,1,133
BRDA:42,50,0,68
BRDA:42,50,1,0
BRDA:42,51,0,68
BRDA:42,51,1,68
BRDA:42,52,0,0
BRDA:42,52,1,68
BRDA:42,53,0,68
BRDA:42,53,1,68
BRDA:42,54,0,0
BRDA:42,54,1,68
BRDA:42,55,0,68
BRDA:42,55,1,68
BRDA:43,56,0,34
BRDA:43,56,1,34
BRDA:43,57,0,0
BRDA:43,57,1,34
BRDA:43,58,0,34
BRDA:43,58,1,34
BRDA:43,59,0,0
BRDA:43,59,1,0
BRDA:43,60,0,0
BRDA:43,60,1,0
BRDA:43,61,0,0
BRDA:43,61,1,0
BRDA:45,62,0,68
BRDA:45,62,1,0
BRDA:45,63,0,68
BRDA:45,63,1,68
BRDA:45,64,0,133
BRDA:45,64,1,0
BRDA:45,65,0,133
BRDA:45,65,1,133
BRDA:45,66,0,0
BRDA:45,66,1,133
BRDA:45,67,0,133
BRDA:45,67,1,133
BRDA:50,68,0,68
BRDA:50,68,1,0
BRDA:50,69,0,68
BRDA:50,69,1,32
BRDA:51,70,0,68
BRDA:51,70,1,32
BRDA:57,71,0,0
BRDA:57,71,1,68
BRDA:57,72,0,68
BRDA:57,72,1,68
BRDA:67,73,0,68
BRDA:67,73,1,68
BRDA:69,74,0,0
BRDA:69,74,1,133
BRDA:69,75,0,0
BRDA:69,75,1,133
BRDA:69,76,0,133
BRDA:69,76,1,133
BRDA:73,77,0,1462
BRDA:73,77,1,4245
BRDA:73,78,0,5707
BRDA:73,78,1,5707
BRDA:73,79,0,1462
BRDA:73,79,1,4245
BRDA:73,80,0,5707
BRDA:73,80,1,5707
BRDA:73,81,0,18865
BRDA:73,81,1,5707
BRDA:73,82,0,0
BRDA:73,82,1,18865
BRDA:73,83,0,18865
BRDA:73,83,1,18865
BRDA:74,84,0,4245
BRDA:74,84,1,1462
BRDA:76,85,0,4166
BRDA:76,85,1,2815
BRDA:76,86,0,6981
BRDA:76,86,1,6884
BRDA:76,87,0,4166
BRDA:76,87,1,2718
BRDA:76,88,0,6884
BRDA:76,88,1,6884
BRDA:76,89,0,2718
BRDA:76,89,1,4166
BRDA:76,90,0,6884
BRDA:76,90,1,6884
BRDA:76,91,0,0
BRDA:76,91,1,6884
BRDA:76,92,0,6884
BRDA:76,92,1,6884
BRDA:78,93,0,1462
BRDA:78,93,1,0
BRDA:85,94,0,0
BRDA:85,94,1,0
BRDA:113,95,0,0
BRDA:113,95,1,0
BRDA:113,96,0,0
BRDA:113,96,1,0
BRDA:113,97,0,0
BRDA:113,97,1,0
BRDA:113,98,0,0
BRDA:113,98,1,0
BRDA:113,99,0,0
BRDA:113,99,1,0
BRDA:113,100,0,0
BRDA:113,100,1,0
BRDA:113,101,0,0
BRDA:113,101,1,0
BRDA:116,102,0,0
BRDA:116,102,1,0
BRDA:121,103,0,0
BRDA:121,103,1,0
BRDA:121,104,0,0
BRDA:121,104,1,0
BRDA:121,105,0,0
BRDA:121,105,1,0
BRDA:121,106,0,0
BRDA:121,106,1,0
BRDA:121,107,0,0
BRDA:121,107,1,0
BRDA:121,108,0,0
BRDA:121,108,1,0
BRDA:121,109,0,0
BRDA:121,109,1,0
BRDA:124,110,0,0
BRDA:124,110,1,0
BRDA:132,111,0,201
BRDA:132,111,1,3
BRDA:140,112,0,402
BRDA:140,112,1,804
BRDA:140,113,0,402
BRDA:140,113,1,402
BRDA:140,114,0,402
BRDA:140,114,1,0
BRDA:148,115,0,175
BRDA:148,115,1,830
BRDA:148,116,0,0
BRDA:148,116,1,1005
BRDA:148,117,0,1005
BRDA:148,117,1,1005
BRDA:162,118,0,0
BRDA:162,118,1,133
BRDA:162,119,0,0
BRDA:162,119,1,133
BRDA:162,120,0,133
BRDA:162,120,1,133
BRDA:164,121,0,133
BRDA:164,121,1,0
BRDA:164,122,0,133
BRDA:164,122,1,133
BRDA:164,123,0,0
BRDA:164,123,1,133
BRDA:164,124,0,133
BRDA:164,124,1,133
BRDA:165,125,0,0
BRDA:165,125,1,133
BRDA:165,126,0,133
BRDA:165,126,1,133
BRDA:167,127,0,34
BRDA:167,127,1,99
BRDA:167,128,0,133
BRDA:167,128,1,133
BRDA:167,129,0,34
BRDA:167,129,1,99
BRDA:167,130,0,133
BRDA:167,130,1,133
BRDA:167,131,0,34
BRDA:167,131,1,99
BRDA:167,132,0,133
BRDA:167,132,1,133
BRDA:168,133,0,34
BRDA:168,133,1,99
BRDA:168,134,0,133
BRDA:168,134,1,133
BRDA:168,135,0,34
BRDA:168,135,1,99
BRDA:168,136,0,133
BRDA:168,136,1,133
BRDA:168,137,0,34
BRDA:168,137,1,99
BRDA:168,138,0,133
BRDA:168,138,1,133
BRDA:169,139,0,133
BRDA:169,139,1,0
BRDA:169,140,0,133
BRDA:169,140,1,133
BRDA:169,141,0,0
BRDA:169,141,1,133
BRDA:169,142,0,133
BRDA:169,142,1,133
BRF:288
BRH:190
end_of_record
TN:
SF:lib\ChartState\Calc\CalcXaxis.js
FN:1,(anonymous_0)
FN:2,(anonymous_1)
FN:12,(anonymous_2)
FN:23,(anonymous_3)
FN:37,(anonymous_4)
FN:54,(anonymous_5)
FN:105,(anonymous_6)
FN:109,(anonymous_7)
FN:114,(anonymous_8)
FN:118,(anonymous_9)
FN:123,(anonymous_10)
FN:132,(anonymous_11)
FN:137,(anonymous_12)
FN:140,(anonymous_13)
FN:141,(anonymous_14)
FN:143,(anonymous_15)
FN:150,(anonymous_16)
FN:156,(anonymous_17)
FN:171,(anonymous_18)
FN:191,(anonymous_19)
FN:200,(anonymous_20)
FN:201,(anonymous_21)
FN:205,(anonymous_22)
FNF:23
FNH:21
FNDA:4,(anonymous_0)
FNDA:0,(anonymous_1)
FNDA:33,(anonymous_2)
FNDA:264,(anonymous_3)
FNDA:52,(anonymous_4)
FNDA:33,(anonymous_5)
FNDA:19,(anonymous_6)
FNDA:3,(anonymous_7)
FNDA:33,(anonymous_8)
FNDA:99,(anonymous_9)
FNDA:231,(anonymous_10)
FNDA:792,(anonymous_11)
FNDA:132,(anonymous_12)
FNDA:66,(anonymous_13)
FNDA:66,(anonymous_14)
FNDA:429,(anonymous_15)
FNDA:396,(anonymous_16)
FNDA:33,(anonymous_17)
FNDA:33,(anonymous_18)
FNDA:1415,(anonymous_19)
FNDA:1415,(anonymous_20)
FNDA:3,(anonymous_21)
FNDA:0,(anonymous_22)
DA:1,2
DA:2,4
DA:3,0
DA:4,0
DA:5,0
DA:6,0
DA:8,0
DA:10,4
DA:12,2
DA:13,33
DA:14,132
DA:15,99
DA:16,33
DA:17,33
DA:18,0
DA:19,0
DA:21,33
DA:23,2
DA:24,264
DA:25,462
DA:26,0
DA:27,0
DA:30,264
DA:37,2
DA:39,52
DA:40,52
DA:43,52
DA:44,52
DA:45,52
DA:46,52
DA:47,52
DA:49,52
DA:50,52
DA:51,52
DA:52,52
DA:53,52
DA:54,52
DA:55,52
DA:56,52
DA:59,19
DA:60,33
DA:61,33
DA:62,0
DA:63,0
DA:64,0
DA:65,0
DA:66,0
DA:67,0
DA:68,0
DA:69,0
DA:70,0
DA:71,0
DA:72,0
DA:74,33
DA:75,2
DA:76,2
DA:77,2
DA:78,2
DA:79,2
DA:80,2
DA:81,2
DA:83,31
DA:84,1
DA:85,1
DA:87,30
DA:88,1
DA:89,1
DA:90,1
DA:91,0
DA:92,1
DA:93,1
DA:94,1
DA:95,1
DA:96,1
DA:97,1
DA:98,1
DA:100,29
DA:101,29
DA:103,0
DA:105,2
DA:106,19
DA:109,2
DA:110,3
DA:114,2
DA:115,33
DA:116,0
DA:117,33
DA:118,99
DA:119,33
DA:120,0
DA:121,33
DA:122,33
DA:123,33
DA:124,231
DA:125,231
DA:126,231
DA:127,198
DA:129,33
DA:131,33
DA:132,33
DA:133,792
DA:135,33
DA:138,132
DA:139,132
DA:140,66
DA:141,66
DA:143,132
DA:144,429
DA:145,429
DA:146,429
DA:151,396
DA:153,33
DA:154,33
DA:156,2
DA:158,33
DA:159,33
DA:160,33
DA:161,33
DA:171,33
DA:172,33
DA:178,0
DA:179,33
DA:180,33
DA:181,33
DA:182,33
DA:183,33
DA:184,33
DA:185,33
DA:186,33
DA:187,33
DA:192,1415
DA:193,1415
DA:194,1415
DA:195,66
DA:196,66
DA:198,1349
DA:200,1415
DA:201,33
DA:202,3
DA:203,3
DA:205,33
DA:206,0
DA:207,0
DA:209,33
LF:144
LH:117
BRDA:1,0,0,2
BRDA:1,0,1,0
BRDA:1,0,2,2
BRDA:2,1,0,4
BRDA:2,1,1,0
BRDA:5,2,0,0
BRDA:5,2,1,0
BRDA:12,3,0,2
BRDA:12,3,1,0
BRDA:12,3,2,2
BRDA:14,4,0,99
BRDA:14,4,1,33
BRDA:14,5,0,132
BRDA:14,5,1,132
BRDA:16,6,0,33
BRDA:16,6,1,0
BRDA:16,7,0,33
BRDA:16,7,1,33
BRDA:18,8,0,0
BRDA:18,8,1,0
BRDA:18,9,0,0
BRDA:18,9,1,0
BRDA:23,10,0,2
BRDA:23,10,1,0
BRDA:23,10,2,2
BRDA:24,11,0,264
BRDA:24,11,1,0
BRDA:24,12,0,264
BRDA:24,12,1,0
BRDA:25,13,0,0
BRDA:25,13,1,462
BRDA:25,14,0,462
BRDA:25,14,1,462
BRDA:26,15,0,0
BRDA:26,15,1,0
BRDA:30,16,0,264
BRDA:30,16,1,264
BRDA:40,17,0,33
BRDA:40,17,1,19
BRDA:40,18,0,52
BRDA:40,18,1,33
BRDA:40,19,0,19
BRDA:40,19,1,33
BRDA:40,20,0,52
BRDA:40,20,1,52
BRDA:40,21,0,19
BRDA:40,21,1,33
BRDA:40,22,0,52
BRDA:40,22,1,52
BRDA:40,23,0,19
BRDA:40,23,1,33
BRDA:40,24,0,52
BRDA:40,24,1,52
BRDA:40,25,0,19
BRDA:40,25,1,33
BRDA:40,26,0,52
BRDA:40,26,1,52
BRDA:40,27,0,0
BRDA:40,27,1,52
BRDA:40,28,0,52
BRDA:40,28,1,52
BRDA:40,29,0,0
BRDA:40,29,1,33
BRDA:40,30,0,33
BRDA:40,30,1,33
BRDA:40,31,0,0
BRDA:40,31,1,33
BRDA:40,32,0,33
BRDA:40,32,1,33
BRDA:40,33,0,0
BRDA:40,33,1,33
BRDA:40,34,0,33
BRDA:40,34,1,33
BRDA:40,35,0,0
BRDA:40,35,1,33
BRDA:40,36,0,33
BRDA:40,36,1,33
BRDA:40,37,0,0
BRDA:40,37,1,33
BRDA:40,38,0,33
BRDA:40,38,1,33
BRDA:41,39,0,0
BRDA:41,39,1,33
BRDA:41,40,0,33
BRDA:41,40,1,33
BRDA:41,41,0,0
BRDA:41,41,1,33
BRDA:41,42,0,33
BRDA:41,42,1,33
BRDA:41,43,0,0
BRDA:41,43,1,33
BRDA:41,44,0,33
BRDA:41,44,1,33
BRDA:41,45,0,0
BRDA:41,45,1,33
BRDA:41,46,0,33
BRDA:41,46,1,33
BRDA:41,47,0,0
BRDA:41,47,1,33
BRDA:41,48,0,33
BRDA:41,48,1,33
BRDA:46,49,0,0
BRDA:46,49,1,52
BRDA:46,50,0,52
BRDA:46,50,1,52
BRDA:49,51,0,49
BRDA:49,51,1,3
BRDA:49,52,0,52
BRDA:49,52,1,3
BRDA:49,53,0,0
BRDA:49,53,1,52
BRDA:49,54,0,52
BRDA:49,54,1,52
BRDA:50,55,0,0
BRDA:50,55,1,52
BRDA:50,56,0,52
BRDA:50,56,1,52
BRDA:51,57,0,52
BRDA:51,57,1,0
BRDA:51,58,0,49
BRDA:51,58,1,3
BRDA:51,59,0,52
BRDA:51,59,1,3
BRDA:51,60,0,0
BRDA:51,60,1,52
BRDA:51,61,0,52
BRDA:51,61,1,52
BRDA:51,62,0,49
BRDA:51,62,1,3
BRDA:51,63,0,52
BRDA:51,63,1,3
BRDA:51,64,0,0
BRDA:51,64,1,52
BRDA:51,65,0,52
BRDA:51,65,1,52
BRDA:52,66,0,52
BRDA:52,66,1,2
BRDA:52,67,0,49
BRDA:52,67,1,3
BRDA:52,68,0,52
BRDA:52,68,1,3
BRDA:52,69,0,0
BRDA:52,69,1,52
BRDA:52,70,0,52
BRDA:52,70,1,52
BRDA:53,71,0,52
BRDA:53,71,1,1
BRDA:53,72,0,49
BRDA:53,72,1,3
BRDA:53,73,0,52
BRDA:53,73,1,3
BRDA:53,74,0,0
BRDA:53,74,1,52
BRDA:53,75,0,52
BRDA:53,75,1,52
BRDA:54,76,0,0
BRDA:54,76,1,33
BRDA:54,77,0,33
BRDA:54,77,1,33
BRDA:55,78,0,0
BRDA:55,78,1,52
BRDA:55,79,0,52
BRDA:55,79,1,52
BRDA:56,80,0,19
BRDA:56,80,1,33
BRDA:56,81,0,52
BRDA:56,81,1,33
BRDA:56,81,2,30
BRDA:56,81,3,29
BRDA:56,81,4,0
BRDA:56,81,5,33
BRDA:56,81,6,0
BRDA:57,82,0,30
BRDA:57,82,1,3
BRDA:57,83,0,33
BRDA:57,83,1,3
BRDA:57,84,0,0
BRDA:57,84,1,33
BRDA:57,85,0,33
BRDA:57,85,1,33
BRDA:58,86,0,0
BRDA:58,86,1,0
BRDA:58,87,0,0
BRDA:58,87,1,0
BRDA:58,88,0,0
BRDA:58,88,1,0
BRDA:58,89,0,0
BRDA:58,89,1,0
BRDA:61,90,0,0
BRDA:61,90,1,33
BRDA:64,91,0,0
BRDA:64,91,1,0
BRDA:64,92,0,0
BRDA:64,92,1,0
BRDA:64,92,2,0
BRDA:66,93,0,0
BRDA:66,93,1,0
BRDA:66,94,0,0
BRDA:66,94,1,0
BRDA:66,95,0,0
BRDA:66,95,1,0
BRDA:66,96,0,0
BRDA:66,96,1,0
BRDA:74,97,0,2
BRDA:74,97,1,31
BRDA:77,98,0,2
BRDA:77,98,1,0
BRDA:78,99,0,2
BRDA:78,99,1,0
BRDA:83,100,0,1
BRDA:83,100,1,30
BRDA:87,101,0,1
BRDA:87,101,1,29
BRDA:90,102,0,0
BRDA:90,102,1,1
BRDA:92,103,0,0
BRDA:92,103,1,1
BRDA:92,104,0,1
BRDA:92,104,1,1
BRDA:92,105,0,0
BRDA:92,105,1,1
BRDA:92,106,0,1
BRDA:92,106,1,1
BRDA:100,107,0,29
BRDA:100,107,1,0
BRDA:110,108,0,3
BRDA:110,108,1,0
BRDA:115,109,0,0
BRDA:115,109,1,33
BRDA:115,110,0,33
BRDA:115,110,1,33
BRDA:119,111,0,0
BRDA:119,111,1,33
BRDA:126,112,0,198
BRDA:126,112,1,33
BRDA:139,113,0,33
BRDA:139,113,1,99
BRDA:151,114,0,129
BRDA:151,114,1,267
BRDA:158,115,0,0
BRDA:158,115,1,33
BRDA:171,116,0,0
BRDA:171,116,1,33
BRDA:171,117,0,33
BRDA:171,117,1,33
BRDA:172,118,0,0
BRDA:172,118,1,33
BRDA:172,119,0,33
BRDA:172,119,1,33
BRDA:172,119,2,33
BRDA:172,119,3,33
BRDA:172,119,4,33
BRDA:172,119,5,33
BRDA:177,120,0,0
BRDA:177,120,1,33
BRDA:177,121,0,33
BRDA:177,121,1,33
BRDA:177,122,0,0
BRDA:177,122,1,33
BRDA:177,123,0,33
BRDA:177,123,1,33
BRDA:179,124,0,33
BRDA:179,124,1,0
BRDA:179,125,0,33
BRDA:179,125,1,33
BRDA:186,126,0,0
BRDA:186,126,1,33
BRDA:186,127,0,33
BRDA:186,127,1,33
BRDA:187,128,0,0
BRDA:187,128,1,33
BRDA:187,129,0,33
BRDA:187,129,1,33
BRDA:187,129,2,33
BRDA:194,130,0,66
BRDA:194,130,1,1349
BRDA:202,131,0,0
BRDA:202,131,1,3
BRDA:202,132,0,3
BRDA:202,132,1,3
BRDA:206,133,0,0
BRDA:206,133,1,0
BRDA:206,134,0,0
BRDA:206,134,1,0
BRF:284
BRH:200
end_of_record
TN:
SF:lib\ChartState\Calc\PeriodUtils.js
FN:3,(anonymous_0)
FN:10,(anonymous_1)
FN:11,(anonymous_2)
FN:12,(anonymous_3)
FN:13,(anonymous_4)
FN:19,(anonymous_5)
FN:22,(anonymous_6)
FN:23,(anonymous_7)
FN:56,(anonymous_8)
FN:71,(anonymous_9)
FN:82,(anonymous_10)
FN:92,(anonymous_11)
FN:120,(anonymous_12)
FN:147,(anonymous_13)
FN:170,(anonymous_14)
FNF:15
FNH:9
FNDA:1418,(anonymous_0)
FNDA:1418,(anonymous_1)
FNDA:14062,(anonymous_2)
FNDA:4453,(anonymous_3)
FNDA:4051,(anonymous_4)
FNDA:0,(anonymous_5)
FNDA:0,(anonymous_6)
FNDA:0,(anonymous_7)
FNDA:1418,(anonymous_8)
FNDA:1415,(anonymous_9)
FNDA:104,(anonymous_10)
FNDA:83,(anonymous_11)
FNDA:0,(anonymous_12)
FNDA:0,(anonymous_13)
FNDA:0,(anonymous_14)
DA:3,2
DA:5,1418
DA:6,0
DA:7,1418
DA:8,1418
DA:9,1418
DA:10,1418
DA:11,14062
DA:12,4453
DA:13,4051
DA:14,1418
DA:15,1418
DA:16,0
DA:17,1418
DA:18,1418
DA:19,1418
DA:20,1418
DA:22,0
DA:23,0
DA:25,1418
DA:26,0
DA:28,1418
DA:29,0
DA:30,1418
DA:31,1418
DA:32,1418
DA:33,1418
DA:34,1418
DA:35,1418
DA:36,1418
DA:56,2
DA:60,1418
DA:61,1418
DA:62,1418
DA:63,0
DA:64,1418
DA:65,1418
DA:68,3
DA:69,1415
DA:71,2
DA:72,1415
DA:73,1415
DA:74,1415
DA:75,1415
DA:76,0
DA:77,1415
DA:79,60
DA:80,1355
DA:82,2
DA:83,104
DA:84,104
DA:85,104
DA:86,104
DA:87,0
DA:88,104
DA:90,17
DA:91,17
DA:92,83
DA:93,17
DA:94,17
DA:95,17
DA:96,17
DA:97,17
DA:98,83
DA:99,83
DA:100,49
DA:101,49
DA:103,83
DA:105,17
DA:106,3
DA:107,14
DA:109,0
DA:110,0
DA:111,0
DA:112,0
DA:114,0
DA:115,0
DA:118,87
DA:120,2
DA:122,0
DA:123,0
DA:124,0
DA:125,0
DA:126,0
DA:127,0
DA:128,0
DA:129,0
DA:131,0
DA:132,0
DA:134,0
DA:135,0
DA:136,0
DA:137,0
DA:143,0
DA:145,0
DA:147,2
DA:149,0
DA:150,0
DA:151,0
DA:152,0
DA:153,0
DA:154,0
DA:155,0
DA:156,0
DA:163,0
DA:164,0
DA:165,0
DA:166,0
DA:167,0
DA:168,0
DA:170,2
DA:171,0
DA:172,0
DA:173,0
DA:174,0
DA:175,0
DA:176,0
DA:177,0
DA:178,0
DA:179,0
DA:180,0
DA:181,0
DA:182,0
DA:183,0
DA:184,0
DA:185,0
DA:186,0
LF:127
LH:66
BRDA:5,0,0,0
BRDA:5,0,1,1418
BRDA:5,1,0,1418
BRDA:5,1,1,1418
BRDA:5,1,2,1418
BRDA:11,2,0,0
BRDA:11,2,1,1418
BRDA:11,3,0,1418
BRDA:11,3,1,1418
BRDA:11,4,0,0
BRDA:11,4,1,1418
BRDA:11,5,0,1418
BRDA:11,5,1,1418
BRDA:11,6,0,0
BRDA:11,6,1,1418
BRDA:11,7,0,1418
BRDA:11,7,1,1418
BRDA:12,8,0,0
BRDA:12,8,1,1418
BRDA:12,9,0,1418
BRDA:12,9,1,1418
BRDA:12,10,0,0
BRDA:12,10,1,1418
BRDA:12,11,0,1418
BRDA:12,11,1,1418
BRDA:12,12,0,0
BRDA:12,12,1,1418
BRDA:12,13,0,1418
BRDA:12,13,1,1418
BRDA:12,14,0,0
BRDA:12,14,1,1418
BRDA:12,15,0,1418
BRDA:12,15,1,1418
BRDA:12,16,0,0
BRDA:12,16,1,1418
BRDA:12,17,0,1418
BRDA:12,17,1,1418
BRDA:13,18,0,0
BRDA:13,18,1,1418
BRDA:13,19,0,1418
BRDA:13,19,1,1418
BRDA:13,20,0,0
BRDA:13,20,1,1418
BRDA:13,21,0,1418
BRDA:13,21,1,1418
BRDA:13,22,0,0
BRDA:13,22,1,1418
BRDA:13,23,0,1418
BRDA:13,23,1,1418
BRDA:13,24,0,0
BRDA:13,24,1,1418
BRDA:13,25,0,1418
BRDA:13,25,1,1418
BRDA:13,26,0,0
BRDA:13,26,1,1418
BRDA:13,27,0,1418
BRDA:13,27,1,1418
BRDA:13,28,0,0
BRDA:13,28,1,1418
BRDA:13,29,0,1418
BRDA:13,29,1,1418
BRDA:13,30,0,0
BRDA:13,30,1,1418
BRDA:13,31,0,1418
BRDA:13,31,1,1418
BRDA:14,32,0,0
BRDA:14,32,1,1418
BRDA:14,33,0,1418
BRDA:14,33,1,1418
BRDA:14,34,0,0
BRDA:14,34,1,1418
BRDA:14,35,0,1418
BRDA:14,35,1,1418
BRDA:14,36,0,0
BRDA:14,36,1,1418
BRDA:14,37,0,1418
BRDA:14,37,1,1418
BRDA:14,38,0,0
BRDA:14,38,1,1418
BRDA:14,39,0,1418
BRDA:14,39,1,1418
BRDA:14,40,0,0
BRDA:14,40,1,1418
BRDA:14,41,0,1418
BRDA:14,41,1,1418
BRDA:14,42,0,0
BRDA:14,42,1,1418
BRDA:14,43,0,1418
BRDA:14,43,1,1418
BRDA:14,44,0,0
BRDA:14,44,1,1418
BRDA:14,45,0,1418
BRDA:14,45,1,1418
BRDA:15,46,0,0
BRDA:15,46,1,1418
BRDA:15,47,0,1418
BRDA:15,47,1,1418
BRDA:15,47,2,1418
BRDA:15,47,3,1418
BRDA:15,47,4,1418
BRDA:17,48,0,0
BRDA:17,48,1,1418
BRDA:17,49,0,1418
BRDA:17,49,1,1418
BRDA:17,50,0,0
BRDA:17,50,1,1418
BRDA:17,51,0,1418
BRDA:17,51,1,1418
BRDA:17,52,0,0
BRDA:17,52,1,1418
BRDA:17,53,0,1418
BRDA:17,53,1,1418
BRDA:18,54,0,0
BRDA:18,54,1,1418
BRDA:18,55,0,1418
BRDA:18,55,1,1418
BRDA:18,56,0,0
BRDA:18,56,1,1418
BRDA:18,57,0,1418
BRDA:18,57,1,1418
BRDA:18,58,0,0
BRDA:18,58,1,1418
BRDA:18,59,0,1418
BRDA:18,59,1,1418
BRDA:19,60,0,0
BRDA:19,60,1,1418
BRDA:19,61,0,0
BRDA:19,61,1,0
BRDA:19,62,0,0
BRDA:19,62,1,0
BRDA:20,63,0,0
BRDA:20,63,1,1418
BRDA:20,64,0,1418
BRDA:20,64,1,0
BRDA:20,64,2,0
BRDA:22,65,0,0
BRDA:22,65,1,0
BRDA:22,66,0,0
BRDA:22,66,1,0
BRDA:22,67,0,0
BRDA:22,67,1,0
BRDA:22,68,0,0
BRDA:22,68,1,0
BRDA:22,69,0,0
BRDA:22,69,1,0
BRDA:22,70,0,0
BRDA:22,70,1,0
BRDA:23,71,0,0
BRDA:23,71,1,0
BRDA:23,72,0,0
BRDA:23,72,1,0
BRDA:23,73,0,0
BRDA:23,73,1,0
BRDA:23,74,0,0
BRDA:23,74,1,0
BRDA:23,75,0,0
BRDA:23,75,1,0
BRDA:23,76,0,0
BRDA:23,76,1,0
BRDA:25,77,0,0
BRDA:25,77,1,1418
BRDA:25,78,0,1418
BRDA:25,78,1,0
BRDA:25,78,2,1418
BRDA:25,78,3,0
BRDA:28,79,0,0
BRDA:28,79,1,1418
BRDA:28,80,0,1418
BRDA:28,80,1,0
BRDA:31,81,0,1418
BRDA:31,81,1,1418
BRDA:32,82,0,1308
BRDA:32,82,1,110
BRDA:33,83,0,110
BRDA:33,83,1,1308
BRDA:34,84,0,0
BRDA:34,84,1,1418
BRDA:35,85,0,0
BRDA:35,85,1,1418
BRDA:36,86,0,3
BRDA:36,86,1,1415
BRDA:36,87,0,1418
BRDA:36,87,1,3
BRDA:36,87,2,3
BRDA:38,88,0,60
BRDA:38,88,1,1355
BRDA:38,89,0,1415
BRDA:38,89,1,1415
BRDA:38,89,2,60
BRDA:40,90,0,3
BRDA:40,90,1,1352
BRDA:40,91,0,1355
BRDA:40,91,1,104
BRDA:40,91,2,3
BRDA:44,92,0,0
BRDA:44,92,1,1352
BRDA:44,93,0,1352
BRDA:44,93,1,0
BRDA:44,93,2,0
BRDA:48,94,0,0
BRDA:48,94,1,1352
BRDA:48,95,0,1352
BRDA:48,95,1,0
BRDA:48,95,2,0
BRDA:52,96,0,0
BRDA:52,96,1,1352
BRDA:52,97,0,1352
BRDA:52,97,1,0
BRDA:62,98,0,0
BRDA:62,98,1,1418
BRDA:64,99,0,0
BRDA:64,99,1,1418
BRDA:64,100,0,1418
BRDA:64,100,1,1418
BRDA:64,101,0,0
BRDA:64,101,1,1418
BRDA:64,102,0,1418
BRDA:64,102,1,1418
BRDA:64,103,0,0
BRDA:64,103,1,1418
BRDA:64,104,0,1418
BRDA:64,104,1,1418
BRDA:65,105,0,3
BRDA:65,105,1,1415
BRDA:65,106,0,1418
BRDA:65,106,1,62
BRDA:65,106,2,3
BRDA:72,107,0,0
BRDA:72,107,1,1415
BRDA:75,108,0,0
BRDA:75,108,1,1415
BRDA:75,109,0,1415
BRDA:75,109,1,1415
BRDA:75,109,2,1415
BRDA:75,109,3,1415
BRDA:77,110,0,60
BRDA:77,110,1,1355
BRDA:77,111,0,1415
BRDA:77,111,1,60
BRDA:83,112,0,0
BRDA:83,112,1,104
BRDA:86,113,0,0
BRDA:86,113,1,104
BRDA:88,114,0,17
BRDA:88,114,1,87
BRDA:88,115,0,104
BRDA:88,115,1,17
BRDA:90,116,0,17
BRDA:90,116,1,0
BRDA:99,117,0,49
BRDA:99,117,1,34
BRDA:105,118,0,3
BRDA:105,118,1,14
BRDA:109,119,0,0
BRDA:109,119,1,0
BRDA:110,120,0,0
BRDA:110,120,1,0
BRDA:110,121,0,0
BRDA:110,121,1,0
BRDA:112,122,0,0
BRDA:112,122,1,0
BRDA:112,123,0,0
BRDA:112,123,1,0
BRDA:122,124,0,0
BRDA:122,124,1,0
BRDA:125,125,0,0
BRDA:125,125,1,0
BRDA:127,126,0,0
BRDA:127,126,1,0
BRDA:127,127,0,0
BRDA:127,127,1,0
BRDA:127,128,0,0
BRDA:127,128,1,0
BRDA:127,129,0,0
BRDA:127,129,1,0
BRDA:127,130,0,0
BRDA:127,130,1,0
BRDA:127,131,0,0
BRDA:127,131,1,0
BRDA:127,132,0,0
BRDA:127,132,1,0
BRDA:127,133,0,0
BRDA:127,133,1,0
BRDA:127,134,0,0
BRDA:127,134,1,0
BRDA:127,135,0,0
BRDA:127,135,1,0
BRDA:127,136,0,0
BRDA:127,136,1,0
BRDA:127,137,0,0
BRDA:127,137,1,0
BRDA:127,138,0,0
BRDA:127,138,1,0
BRDA:127,139,0,0
BRDA:127,139,1,0
BRDA:128,140,0,0
BRDA:128,140,1,0
BRDA:128,141,0,0
BRDA:128,141,1,0
BRDA:128,141,2,0
BRDA:128,141,3,0
BRDA:128,141,4,0
BRDA:131,142,0,0
BRDA:131,142,1,0
BRDA:131,143,0,0
BRDA:131,143,1,0
BRDA:134,144,0,0
BRDA:134,144,1,0
BRDA:134,145,0,0
BRDA:134,145,1,0
BRDA:135,146,0,0
BRDA:135,146,1,0
BRDA:137,147,0,0
BRDA:137,147,1,0
BRDA:137,148,0,0
BRDA:137,148,1,0
BRDA:137,148,2,0
BRDA:137,148,3,0
BRDA:137,148,4,0
BRDA:137,148,5,0
BRDA:137,148,6,0
BRDA:137,148,7,0
BRDA:137,148,8,0
BRDA:137,148,9,0
BRDA:137,148,10,0
BRDA:137,148,11,0
BRDA:137,148,12,0
BRDA:137,148,13,0
BRDA:149,149,0,0
BRDA:149,149,1,0
BRDA:152,150,0,0
BRDA:152,150,1,0
BRDA:154,151,0,0
BRDA:154,151,1,0
BRDA:154,152,0,0
BRDA:154,152,1,0
BRDA:154,153,0,0
BRDA:154,153,1,0
BRDA:154,154,0,0
BRDA:154,154,1,0
BRDA:154,155,0,0
BRDA:154,155,1,0
BRDA:154,156,0,0
BRDA:154,156,1,0
BRDA:154,157,0,0
BRDA:154,157,1,0
BRDA:154,158,0,0
BRDA:154,158,1,0
BRDA:154,159,0,0
BRDA:154,159,1,0
BRDA:154,160,0,0
BRDA:154,160,1,0
BRDA:154,161,0,0
BRDA:154,161,1,0
BRDA:154,162,0,0
BRDA:154,162,1,0
BRDA:154,163,0,0
BRDA:154,163,1,0
BRDA:154,164,0,0
BRDA:154,164,1,0
BRDA:155,165,0,0
BRDA:155,165,1,0
BRDA:155,166,0,0
BRDA:155,166,1,0
BRDA:155,167,0,0
BRDA:155,167,1,0
BRDA:155,168,0,0
BRDA:155,168,1,0
BRDA:155,169,0,0
BRDA:155,169,1,0
BRDA:156,170,0,0
BRDA:156,170,1,0
BRDA:156,171,0,0
BRDA:156,171,1,0
BRDA:156,171,2,0
BRDA:156,171,3,0
BRDA:156,171,4,0
BRDA:156,171,5,0
BRDA:156,171,6,0
BRDA:164,172,0,0
BRDA:164,172,1,0
BRDA:166,173,0,0
BRDA:166,173,1,0
BRDA:171,174,0,0
BRDA:171,174,1,0
BRDA:174,175,0,0
BRDA:174,175,1,0
BRDA:177,176,0,0
BRDA:177,176,1,0
BRDA:177,177,0,0
BRDA:177,177,1,0
BRDA:177,177,2,0
BRDA:177,177,3,0
BRDA:179,178,0,0
BRDA:179,178,1,0
BRDA:179,179,0,0
BRDA:179,179,1,0
BRDA:179,179,2,0
BRDA:179,179,3,0
BRDA:182,180,0,0
BRDA:182,180,1,0
BRDA:184,181,0,0
BRDA:184,181,1,0
BRF:403
BRH:167
end_of_record
TN:
SF:lib\ChartState\Factory\ChartDataFactory.js
FN:1,(anonymous_0)
FN:2,(anonymous_1)
FN:12,(anonymous_2)
FN:23,(anonymous_3)
FN:39,(anonymous_4)
FN:56,(anonymous_5)
FN:62,(anonymous_6)
FN:64,(anonymous_7)
FN:71,(anonymous_8)
FN:72,(anonymous_9)
FN:82,(anonymous_10)
FN:83,(anonymous_11)
FN:93,(anonymous_12)
FN:94,(anonymous_13)
FN:97,(anonymous_14)
FN:99,(anonymous_15)
FN:103,(anonymous_16)
FN:111,(anonymous_17)
FN:123,(anonymous_18)
FN:125,(anonymous_19)
FN:126,(anonymous_20)
FN:127,(anonymous_21)
FN:129,(anonymous_22)
FN:131,(anonymous_23)
FN:137,(anonymous_24)
FN:140,(anonymous_25)
FN:149,(anonymous_26)
FN:154,(anonymous_27)
FN:154,(anonymous_28)
FN:160,(anonymous_29)
FN:160,(anonymous_30)
FN:167,(anonymous_31)
FN:167,(anonymous_32)
FN:174,(anonymous_33)
FN:174,(anonymous_34)
FN:181,(anonymous_35)
FN:181,(anonymous_36)
FN:188,(anonymous_37)
FN:195,(anonymous_38)
FN:222,mergeDeep
FNF:40
FNH:35
FNDA:4,(anonymous_0)
FNDA:0,(anonymous_1)
FNDA:58,(anonymous_2)
FNDA:16,(anonymous_3)
FNDA:19,(anonymous_4)
FNDA:1,(anonymous_5)
FNDA:1,(anonymous_6)
FNDA:1,(anonymous_7)
FNDA:3,(anonymous_8)
FNDA:9,(anonymous_9)
FNDA:19,(anonymous_10)
FNDA:57,(anonymous_11)
FNDA:19,(anonymous_12)
FNDA:3830,(anonymous_13)
FNDA:3830,(anonymous_14)
FNDA:55,(anonymous_15)
FNDA:55,(anonymous_16)
FNDA:19,(anonymous_17)
FNDA:20,(anonymous_18)
FNDA:120,(anonymous_19)
FNDA:60,(anonymous_20)
FNDA:80,(anonymous_21)
FNDA:3850,(anonymous_22)
FNDA:15400,(anonymous_23)
FNDA:1104,(anonymous_24)
FNDA:241098,(anonymous_25)
FNDA:1104,(anonymous_26)
FNDA:0,(anonymous_27)
FNDA:0,(anonymous_28)
FNDA:0,(anonymous_29)
FNDA:0,(anonymous_30)
FNDA:3850,(anonymous_31)
FNDA:3850,(anonymous_32)
FNDA:3850,(anonymous_33)
FNDA:874,(anonymous_34)
FNDA:3850,(anonymous_35)
FNDA:190,(anonymous_36)
FNDA:20,(anonymous_37)
FNDA:3850,(anonymous_38)
FNDA:5,mergeDeep
DA:1,2
DA:2,4
DA:3,0
DA:4,0
DA:5,0
DA:6,0
DA:8,0
DA:10,4
DA:12,2
DA:13,58
DA:14,330
DA:15,254
DA:16,58
DA:17,58
DA:18,0
DA:19,0
DA:21,58
DA:23,2
DA:24,16
DA:25,23
DA:26,0
DA:27,0
DA:30,16
DA:39,2
DA:40,19
DA:41,19
DA:42,0
DA:43,19
DA:44,19
DA:45,0
DA:46,19
DA:56,2
DA:57,1
DA:58,1
DA:59,0
DA:60,1
DA:62,2
DA:63,1
DA:64,1
DA:65,1
DA:66,1
DA:67,0
DA:68,1
DA:69,1
DA:70,1
DA:71,1
DA:72,9
DA:73,3
DA:74,3
DA:75,0
DA:76,3
DA:77,3
DA:78,3
DA:80,1
DA:82,2
DA:83,19
DA:84,57
DA:86,19
DA:87,0
DA:88,19
DA:89,19
DA:90,19
DA:91,19
DA:93,2
DA:94,19
DA:95,3830
DA:97,3830
DA:98,19
DA:99,19
DA:100,55
DA:101,55
DA:103,55
DA:104,19
DA:105,19
DA:106,19
DA:107,19
DA:108,19
DA:109,19
DA:111,2
DA:112,19
DA:113,19
DA:114,19
DA:123,2
DA:125,120
DA:126,60
DA:127,80
DA:129,20
DA:130,3850
DA:131,3850
DA:132,15400
DA:134,3850
DA:137,20
DA:138,1104
DA:141,241098
DA:149,20
DA:150,1104
DA:151,1104
DA:152,1104
DA:154,0
DA:160,0
DA:167,3850
DA:174,3850
DA:181,3850
DA:188,20
DA:195,3850
DA:220,20
DA:221,20
DA:224,5
DA:225,5
DA:226,5
DA:227,1
DA:228,4
DA:241,4
DA:252,4
DA:253,4
DA:254,4
DA:257,20
LF:117
LH:100
BRDA:1,0,0,2
BRDA:1,0,1,0
BRDA:1,0,2,2
BRDA:2,1,0,4
BRDA:2,1,1,0
BRDA:5,2,0,0
BRDA:5,2,1,0
BRDA:12,3,0,2
BRDA:12,3,1,0
BRDA:12,3,2,2
BRDA:14,4,0,254
BRDA:14,4,1,76
BRDA:14,5,0,330
BRDA:14,5,1,330
BRDA:16,6,0,58
BRDA:16,6,1,0
BRDA:16,7,0,58
BRDA:16,7,1,58
BRDA:18,8,0,0
BRDA:18,8,1,0
BRDA:18,9,0,0
BRDA:18,9,1,0
BRDA:23,10,0,2
BRDA:23,10,1,0
BRDA:23,10,2,2
BRDA:24,11,0,13
BRDA:24,11,1,3
BRDA:24,12,0,16
BRDA:24,12,1,3
BRDA:25,13,0,0
BRDA:25,13,1,23
BRDA:25,14,0,23
BRDA:25,14,1,23
BRDA:26,15,0,0
BRDA:26,15,1,0
BRDA:30,16,0,16
BRDA:30,16,1,16
BRDA:41,17,0,0
BRDA:41,17,1,19
BRDA:43,18,0,0
BRDA:43,18,1,19
BRDA:43,19,0,0
BRDA:43,19,1,19
BRDA:43,20,0,19
BRDA:43,20,1,19
BRDA:43,21,0,0
BRDA:43,21,1,19
BRDA:43,22,0,19
BRDA:43,22,1,19
BRDA:44,23,0,0
BRDA:44,23,1,19
BRDA:58,24,0,0
BRDA:58,24,1,1
BRDA:65,25,0,0
BRDA:65,25,1,1
BRDA:65,26,0,1
BRDA:65,26,1,1
BRDA:66,27,0,0
BRDA:66,27,1,1
BRDA:66,28,0,1
BRDA:66,28,1,1
BRDA:66,28,2,1
BRDA:66,29,0,0
BRDA:66,29,1,1
BRDA:66,30,0,1
BRDA:66,30,1,1
BRDA:73,31,0,0
BRDA:73,31,1,3
BRDA:73,32,0,3
BRDA:73,32,1,3
BRDA:74,33,0,0
BRDA:74,33,1,3
BRDA:74,34,0,0
BRDA:74,34,1,3
BRDA:74,35,0,3
BRDA:74,35,1,3
BRDA:77,36,0,3
BRDA:77,36,1,0
BRDA:84,37,0,57
BRDA:84,37,1,38
BRDA:84,37,2,38
BRDA:86,38,0,0
BRDA:86,38,1,19
BRDA:95,39,0,0
BRDA:95,39,1,3830
BRDA:95,40,0,3830
BRDA:95,40,1,3830
BRDA:95,41,0,0
BRDA:95,41,1,3830
BRDA:95,42,0,3830
BRDA:95,42,1,3830
BRDA:95,43,0,0
BRDA:95,43,1,3830
BRDA:95,44,0,3830
BRDA:95,44,1,3830
BRDA:138,45,0,20
BRDA:138,45,1,1084
BRDA:138,46,0,1104
BRDA:138,46,1,1084
BRDA:141,47,0,241098
BRDA:141,47,1,241098
BRDA:141,47,2,218977
BRDA:141,47,3,25640
BRDA:141,47,4,21024
BRDA:141,47,5,11550
BRDA:141,47,6,10347
BRDA:141,47,7,11550
BRDA:141,47,8,0
BRDA:141,48,0,0
BRDA:141,48,1,241098
BRDA:141,49,0,241098
BRDA:141,49,1,241098
BRDA:142,50,0,0
BRDA:142,50,1,241098
BRDA:142,51,0,241098
BRDA:142,51,1,241098
BRDA:143,52,0,0
BRDA:143,52,1,25640
BRDA:143,53,0,25640
BRDA:143,53,1,25640
BRDA:144,54,0,0
BRDA:144,54,1,11550
BRDA:144,55,0,11550
BRDA:144,55,1,11550
BRDA:145,56,0,0
BRDA:145,56,1,11550
BRDA:145,57,0,11550
BRDA:145,57,1,11550
BRDA:150,58,0,1084
BRDA:150,58,1,20
BRDA:152,59,0,0
BRDA:152,59,1,1104
BRDA:158,60,0,0
BRDA:158,60,1,1104
BRDA:162,61,0,0
BRDA:162,61,1,0
BRDA:165,62,0,874
BRDA:165,62,1,230
BRDA:169,63,0,0
BRDA:169,63,1,3850
BRDA:172,64,0,190
BRDA:172,64,1,40
BRDA:176,65,0,874
BRDA:176,65,1,0
BRDA:179,66,0,20
BRDA:179,66,1,20
BRDA:183,67,0,190
BRDA:183,67,1,0
BRDA:186,68,0,20
BRDA:186,68,1,0
BRDA:190,69,0,20
BRDA:190,69,1,0
BRDA:196,70,0,19
BRDA:196,70,1,3831
BRDA:196,71,0,0
BRDA:196,71,1,3831
BRDA:197,72,0,19
BRDA:197,72,1,3831
BRDA:197,73,0,19
BRDA:197,73,1,0
BRDA:197,74,0,170
BRDA:197,74,1,3661
BRDA:198,75,0,19
BRDA:198,75,1,3831
BRDA:198,76,0,19
BRDA:198,76,1,0
BRDA:198,77,0,786
BRDA:198,77,1,3045
BRDA:199,78,0,19
BRDA:199,78,1,3831
BRDA:199,79,0,19
BRDA:199,79,1,0
BRDA:199,80,0,3831
BRDA:199,80,1,0
BRDA:200,81,0,19
BRDA:200,81,1,3831
BRDA:200,82,0,0
BRDA:200,82,1,19
BRDA:200,83,0,0
BRDA:200,83,1,3831
BRDA:201,84,0,19
BRDA:201,84,1,3831
BRDA:202,85,0,0
BRDA:202,85,1,19
BRDA:205,86,0,0
BRDA:205,86,1,3831
BRDA:209,87,0,1
BRDA:209,87,1,19
BRDA:221,88,0,0
BRDA:221,88,1,20
BRDA:221,89,0,20
BRDA:221,89,1,20
BRDA:224,90,0,4
BRDA:224,90,1,1
BRDA:224,91,0,5
BRDA:224,91,1,5
BRDA:224,92,0,0
BRDA:224,92,1,5
BRDA:224,93,0,5
BRDA:224,93,1,5
BRDA:225,94,0,4
BRDA:225,94,1,1
BRDA:225,95,0,5
BRDA:225,95,1,5
BRDA:225,96,0,0
BRDA:225,96,1,5
BRDA:225,97,0,5
BRDA:225,97,1,5
BRDA:226,98,0,1
BRDA:226,98,1,4
BRDA:226,99,0,5
BRDA:226,99,1,4
BRDA:228,100,0,1
BRDA:228,100,1,3
BRDA:230,101,0,1
BRDA:230,101,1,2
BRDA:232,102,0,1
BRDA:232,102,1,1
BRDA:234,103,0,1
BRDA:234,103,1,0
BRDA:236,104,0,0
BRDA:236,104,1,0
BRDA:238,105,0,0
BRDA:238,105,1,0
BRDA:241,106,0,1
BRDA:241,106,1,3
BRDA:241,107,0,4
BRDA:241,107,1,1
BRDA:241,107,2,1
BRDA:243,108,0,1
BRDA:243,108,1,2
BRDA:243,109,0,3
BRDA:243,109,1,1
BRDA:243,109,2,1
BRDA:245,110,0,1
BRDA:245,110,1,1
BRDA:245,111,0,2
BRDA:245,111,1,1
BRDA:245,111,2,1
BRDA:247,112,0,1
BRDA:247,112,1,0
BRDA:247,113,0,1
BRDA:247,113,1,1
BRDA:247,113,2,1
BRDA:249,114,0,0
BRDA:249,114,1,0
BRDA:249,115,0,0
BRDA:249,115,1,0
BRDA:249,115,2,0
BRDA:252,116,0,4
BRDA:252,116,1,0
BRDA:252,117,0,4
BRDA:252,117,1,4
BRDA:253,118,0,4
BRDA:253,118,1,0
BRDA:253,119,0,4
BRDA:253,119,1,4
BRDA:254,120,0,3
BRDA:254,120,1,1
BRDA:254,121,0,4
BRDA:254,121,1,3
BRDA:254,121,2,3
BRDA:254,121,3,3
BRDA:254,121,4,3
BRDA:258,122,0,1
BRDA:258,122,1,19
BRF:266
BRH:195
end_of_record
TN:
SF:lib\ChartState\Factory\Factory.js
FN:1,(anonymous_0)
FN:2,(anonymous_1)
FN:12,(anonymous_2)
FN:33,(anonymous_3)
FN:40,(anonymous_4)
FN:58,(anonymous_5)
FN:73,(anonymous_6)
FN:75,(anonymous_7)
FN:75,(anonymous_8)
FN:82,(anonymous_9)
FN:84,(anonymous_10)
FN:87,(anonymous_11)
FN:105,(anonymous_12)
FN:111,(anonymous_13)
FN:119,(anonymous_14)
FN:122,(anonymous_15)
FN:126,(anonymous_16)
FN:133,(anonymous_17)
FN:139,(anonymous_18)
FN:140,(anonymous_19)
FN:144,(anonymous_20)
FN:145,(anonymous_21)
FN:149,(anonymous_22)
FN:153,(anonymous_23)
FN:159,(anonymous_24)
FN:164,(anonymous_25)
FN:167,(anonymous_26)
FN:169,(anonymous_27)
FN:174,(anonymous_28)
FN:176,(anonymous_29)
FNF:30
FNH:21
FNDA:4,(anonymous_0)
FNDA:0,(anonymous_1)
FNDA:25,(anonymous_2)
FNDA:2,(anonymous_3)
FNDA:1,(anonymous_4)
FNDA:0,(anonymous_5)
FNDA:1,(anonymous_6)
FNDA:1,(anonymous_7)
FNDA:2,(anonymous_8)
FNDA:4,(anonymous_9)
FNDA:1,(anonymous_10)
FNDA:0,(anonymous_11)
FNDA:0,(anonymous_12)
FNDA:1,(anonymous_13)
FNDA:4,(anonymous_14)
FNDA:19,(anonymous_15)
FNDA:77,(anonymous_16)
FNDA:77,(anonymous_17)
FNDA:96,(anonymous_18)
FNDA:77,(anonymous_19)
FNDA:58,(anonymous_20)
FNDA:176,(anonymous_21)
FNDA:96,(anonymous_22)
FNDA:77,(anonymous_23)
FNDA:19,(anonymous_24)
FNDA:0,(anonymous_25)
FNDA:0,(anonymous_26)
FNDA:0,(anonymous_27)
FNDA:0,(anonymous_28)
FNDA:0,(anonymous_29)
DA:1,2
DA:2,4
DA:3,0
DA:4,0
DA:5,0
DA:6,0
DA:8,0
DA:10,4
DA:12,2
DA:13,25
DA:14,87
DA:15,0
DA:16,0
DA:19,25
DA:33,2
DA:34,2
DA:40,2
DA:42,1
DA:44,1
DA:45,1
DA:46,1
DA:47,0
DA:48,1
DA:49,1
DA:50,1
DA:51,1
DA:52,0
DA:53,0
DA:54,0
DA:55,0
DA:56,0
DA:57,0
DA:58,0
DA:59,0
DA:60,0
DA:61,0
DA:64,1
DA:65,1
DA:70,1
DA:73,2
DA:74,1
DA:75,2
DA:76,1
DA:77,1
DA:82,4
DA:84,2
DA:85,1
DA:86,1
DA:87,1
DA:88,0
DA:90,1
DA:91,0
DA:92,1
DA:93,1
DA:94,0
DA:95,1
DA:96,1
DA:97,1
DA:98,1
DA:104,1
DA:105,0
DA:106,0
DA:108,1
DA:109,1
DA:111,2
DA:112,1
DA:113,1
DA:114,1
DA:115,1
DA:116,0
DA:119,4
DA:122,2
DA:124,19
DA:125,19
DA:126,19
DA:128,77
DA:132,19
DA:134,77
DA:139,96
DA:140,19
DA:141,77
DA:143,19
DA:144,19
DA:145,176
DA:146,58
DA:147,58
DA:148,58
DA:149,96
DA:150,58
DA:151,58
DA:153,77
DA:154,19
DA:155,0
DA:156,19
DA:157,19
DA:158,19
DA:159,19
DA:160,19
DA:161,19
DA:162,19
DA:164,2
DA:165,0
DA:166,0
DA:168,0
DA:171,0
DA:174,0
DA:175,0
DA:176,0
LF:108
LH:76
BRDA:1,0,0,2
BRDA:1,0,1,0
BRDA:1,0,2,2
BRDA:2,1,0,4
BRDA:2,1,1,0
BRDA:5,2,0,0
BRDA:5,2,1,0
BRDA:12,3,0,2
BRDA:12,3,1,0
BRDA:12,3,2,2
BRDA:13,4,0,22
BRDA:13,4,1,3
BRDA:13,5,0,25
BRDA:13,5,1,3
BRDA:14,6,0,0
BRDA:14,6,1,87
BRDA:14,7,0,87
BRDA:14,7,1,87
BRDA:15,8,0,0
BRDA:15,8,1,0
BRDA:19,9,0,25
BRDA:19,9,1,25
BRDA:34,10,0,2
BRDA:34,10,1,0
BRDA:34,11,0,2
BRDA:34,11,1,2
BRDA:36,12,0,0
BRDA:36,12,1,0
BRDA:46,13,0,0
BRDA:46,13,1,1
BRDA:48,14,0,1
BRDA:48,14,1,0
BRDA:51,15,0,0
BRDA:51,15,1,1
BRDA:51,16,0,1
BRDA:51,16,1,1
BRDA:55,17,0,0
BRDA:55,17,1,0
BRDA:58,18,0,0
BRDA:58,18,1,0
BRDA:58,19,0,0
BRDA:58,19,1,0
BRDA:58,20,0,0
BRDA:58,20,1,0
BRDA:58,21,0,0
BRDA:58,21,1,0
BRDA:58,22,0,0
BRDA:58,22,1,0
BRDA:58,23,0,0
BRDA:58,23,1,0
BRDA:58,24,0,0
BRDA:58,24,1,0
BRDA:60,25,0,0
BRDA:60,25,1,0
BRDA:60,25,2,0
BRDA:88,26,0,0
BRDA:88,26,1,0
BRDA:90,27,0,0
BRDA:90,27,1,1
BRDA:90,28,0,1
BRDA:90,28,1,0
BRDA:90,28,2,1
BRDA:90,28,3,1
BRDA:93,29,0,0
BRDA:93,29,1,1
BRDA:96,30,0,1
BRDA:96,30,1,0
BRDA:98,31,0,1
BRDA:98,31,1,0
BRDA:98,32,0,1
BRDA:98,32,1,1
BRDA:98,32,2,1
BRDA:104,33,0,0
BRDA:104,33,1,1
BRDA:104,34,0,1
BRDA:104,34,1,1
BRDA:115,35,0,0
BRDA:115,35,1,1
BRDA:115,36,0,1
BRDA:115,36,1,0
BRDA:125,37,0,0
BRDA:125,37,1,19
BRDA:125,38,0,19
BRDA:125,38,1,19
BRDA:125,39,0,0
BRDA:125,39,1,19
BRDA:125,40,0,19
BRDA:125,40,1,19
BRDA:128,41,0,19
BRDA:128,41,1,58
BRDA:130,42,0,19
BRDA:130,42,1,39
BRDA:130,43,0,58
BRDA:130,43,1,58
BRDA:130,44,0,58
BRDA:130,44,1,0
BRDA:130,45,0,58
BRDA:130,45,1,58
BRDA:134,46,0,58
BRDA:134,46,1,19
BRDA:134,47,0,77
BRDA:134,47,1,58
BRDA:134,48,0,0
BRDA:134,48,1,58
BRDA:134,49,0,58
BRDA:134,49,1,58
BRDA:141,50,0,19
BRDA:141,50,1,58
BRDA:145,51,0,0
BRDA:145,51,1,58
BRDA:145,52,0,58
BRDA:145,52,1,58
BRDA:146,53,0,0
BRDA:146,53,1,58
BRDA:146,54,0,58
BRDA:146,54,1,58
BRDA:147,55,0,58
BRDA:147,55,1,0
BRDA:147,56,0,0
BRDA:147,56,1,58
BRDA:147,57,0,58
BRDA:147,57,1,58
BRDA:148,58,0,0
BRDA:148,58,1,58
BRDA:148,59,0,58
BRDA:148,59,1,58
BRDA:149,60,0,58
BRDA:149,60,1,0
BRDA:149,61,0,0
BRDA:149,61,1,58
BRDA:149,62,0,58
BRDA:149,62,1,58
BRDA:149,63,0,0
BRDA:149,63,1,96
BRDA:149,64,0,96
BRDA:149,64,1,96
BRDA:150,65,0,58
BRDA:150,65,1,0
BRDA:150,66,0,58
BRDA:150,66,1,58
BRDA:150,66,2,58
BRDA:150,67,0,0
BRDA:150,67,1,58
BRDA:150,68,0,58
BRDA:150,68,1,58
BRDA:151,69,0,0
BRDA:151,69,1,58
BRDA:151,70,0,58
BRDA:151,70,1,58
BRDA:151,71,0,0
BRDA:151,71,1,58
BRDA:151,72,0,58
BRDA:151,72,1,58
BRDA:154,73,0,0
BRDA:154,73,1,19
BRDA:156,74,0,19
BRDA:156,74,1,0
BRDA:159,75,0,0
BRDA:159,75,1,19
BRDA:159,76,0,19
BRDA:159,76,1,19
BRDA:159,77,0,0
BRDA:159,77,1,19
BRDA:159,78,0,19
BRDA:159,78,1,19
BRDA:159,79,0,0
BRDA:159,79,1,19
BRDA:159,80,0,19
BRDA:159,80,1,19
BRDA:159,81,0,19
[...]
BRDA:91,33,1,0
BRDA:91,34,0,0
BRDA:91,34,1,0
BRDA:91,35,0,0
BRDA:91,35,1,0
BRDA:91,36,0,0
BRDA:91,36,1,0
BRDA:91,37,0,0
BRDA:91,37,1,0
BRDA:91,38,0,0
BRDA:91,38,1,0
BRDA:91,39,0,0
BRDA:91,39,1,0
BRDA:92,40,0,0
BRDA:92,40,1,0
BRDA:92,41,0,0
BRDA:92,41,1,0
BRDA:93,42,0,0
BRDA:93,42,1,0
BRDA:93,43,0,0
BRDA:93,43,1,0
BRDA:93,44,0,0
BRDA:93,44,1,0
BRDA:93,45,0,0
BRDA:93,45,1,0
BRDA:93,46,0,0
BRDA:93,46,1,0
BRDA:93,47,0,0
BRDA:93,47,1,0
BRDA:93,48,0,0
BRDA:93,48,1,0
BRDA:93,49,0,0
BRDA:93,49,1,0
BRDA:93,50,0,0
BRDA:93,50,1,0
BRDA:93,51,0,0
BRDA:93,51,1,0
BRDA:93,52,0,0
BRDA:93,52,1,0
BRDA:93,53,0,0
BRDA:93,53,1,0
BRDA:93,54,0,0
BRDA:93,54,1,0
BRDA:93,55,0,0
BRDA:93,55,1,0
BRDA:93,56,0,0
BRDA:93,56,1,0
BRDA:93,56,2,0
BRDA:93,57,0,0
BRDA:93,57,1,0
BRDA:93,58,0,0
BRDA:93,58,1,0
BRDA:93,59,0,0
BRDA:93,59,1,0
BRDA:93,60,0,0
BRDA:93,60,1,0
BRDA:93,61,0,0
BRDA:93,61,1,0
BRDA:93,62,0,0
BRDA:93,62,1,0
BRDA:95,63,0,0
BRDA:95,63,1,0
BRDA:95,64,0,0
BRDA:95,64,1,0
BRDA:95,65,0,0
BRDA:95,65,1,0
BRDA:95,66,0,0
BRDA:95,66,1,0
BRDA:95,67,0,0
BRDA:95,67,1,0
BRDA:95,68,0,0
BRDA:95,68,1,0
BRDA:95,69,0,0
BRDA:95,69,1,0
BRDA:95,70,0,0
BRDA:95,70,1,0
BRDA:95,71,0,0
BRDA:95,71,1,0
BRDA:95,72,0,0
BRDA:95,72,1,0
BRDA:96,73,0,0
BRDA:96,73,1,0
BRDA:96,74,0,0
BRDA:96,74,1,0
BRDA:96,75,0,0
BRDA:96,75,1,0
BRDA:96,76,0,0
BRDA:96,76,1,0
BRDA:96,77,0,0
BRDA:96,77,1,0
BRDA:96,78,0,0
BRDA:96,78,1,0
BRDA:97,79,0,0
BRDA:97,79,1,0
BRDA:97,80,0,0
BRDA:97,80,1,0
BRDA:97,81,0,0
BRDA:97,81,1,0
BRDA:97,82,0,0
BRDA:97,82,1,0
BRDA:97,83,0,0
BRDA:97,83,1,0
BRDA:97,84,0,0
BRDA:97,84,1,0
BRDA:99,85,0,0
BRDA:99,85,1,0
BRDA:99,86,0,0
BRDA:99,86,1,0
BRDA:99,87,0,0
BRDA:99,87,1,0
BRDA:100,88,0,0
BRDA:100,88,1,0
BRDA:100,89,0,0
BRDA:100,89,1,0
BRF:183
BRH:4
end_of_record
TN:
SF:lib\Menu\Subelements\SubchartTreeItem.js
FN:1,(anonymous_0)
FN:2,(anonymous_1)
FN:12,(anonymous_2)
FN:36,(anonymous_3)
FN:40,(anonymous_4)
FN:43,(anonymous_5)
FN:51,(anonymous_6)
FN:62,(anonymous_7)
FN:65,(anonymous_8)
FNF:9
FNH:0
FNDA:0,(anonymous_0)
FNDA:0,(anonymous_1)
FNDA:0,(anonymous_2)
FNDA:0,(anonymous_3)
FNDA:0,(anonymous_4)
FNDA:0,(anonymous_5)
FNDA:0,(anonymous_6)
FNDA:0,(anonymous_7)
FNDA:0,(anonymous_8)
DA:1,2
DA:2,0
DA:3,0
DA:4,0
DA:5,0
DA:6,0
DA:8,0
DA:10,0
DA:12,2
DA:13,0
DA:14,0
DA:15,0
DA:16,0
DA:17,0
DA:18,0
DA:19,0
DA:21,0
DA:36,2
DA:37,0
DA:38,0
DA:39,0
DA:40,0
DA:41,0
DA:42,0
DA:44,0
DA:45,0
DA:49,0
DA:53,0
DA:63,0
DA:64,0
DA:65,0
DA:67,2
LF:32
LH:4
BRDA:1,0,0,2
BRDA:1,0,1,0
BRDA:1,0,2,2
BRDA:2,1,0,0
BRDA:2,1,1,0
BRDA:5,2,0,0
BRDA:5,2,1,0
BRDA:12,3,0,2
BRDA:12,3,1,0
BRDA:12,3,2,2
BRDA:14,4,0,0
BRDA:14,4,1,0
BRDA:14,5,0,0
BRDA:14,5,1,0
BRDA:16,6,0,0
BRDA:16,6,1,0
BRDA:16,7,0,0
BRDA:16,7,1,0
BRDA:18,8,0,0
BRDA:18,8,1,0
BRDA:18,9,0,0
BRDA:18,9,1,0
BRDA:40,10,0,0
BRDA:40,10,1,0
BRDA:42,11,0,0
BRDA:42,11,1,0
BRDA:42,12,0,0
BRDA:42,12,1,0
BRDA:43,13,0,0
BRDA:43,13,1,0
BRDA:50,14,0,0
BRDA:50,14,1,0
BRDA:53,15,0,0
BRDA:53,15,1,0
BRDA:53,16,0,0
BRDA:53,16,1,0
BRDA:53,17,0,0
BRDA:53,17,1,0
BRDA:53,18,0,0
BRDA:53,18,1,0
BRDA:53,19,0,0
BRDA:53,19,1,0
BRDA:53,20,0,0
BRDA:53,20,1,0
BRDA:53,21,0,0
BRDA:53,21,1,0
BRDA:53,22,0,0
BRDA:53,22,1,0
BRDA:53,23,0,0
BRDA:53,23,1,0
BRDA:53,24,0,0
BRDA:53,24,1,0
BRDA:55,25,0,0
BRDA:55,25,1,0
BRDA:64,26,0,0
BRDA:64,26,1,0
BRDA:64,27,0,0
BRDA:64,27,1,0
BRF:58
BRH:4
end_of_record
TN:
SF:lib\Menu\Subelements\ToolTreeItem.js
FN:1,(anonymous_0)
FN:2,(anonymous_1)
FN:24,(anonymous_2)
FN:32,(anonymous_3)
FN:37,(anonymous_4)
FN:48,(anonymous_5)
FN:65,(anonymous_6)
FN:68,(anonymous_7)
FN:75,(anonymous_8)
FN:81,(anonymous_9)
FN:83,(anonymous_10)
FN:85,(anonymous_11)
FN:90,(anonymous_12)
FN:96,(anonymous_13)
FNF:14
FNH:0
FNDA:0,(anonymous_0)
FNDA:0,(anonymous_1)
FNDA:0,(anonymous_2)
FNDA:0,(anonymous_3)
FNDA:0,(anonymous_4)
FNDA:0,(anonymous_5)
FNDA:0,(anonymous_6)
FNDA:0,(anonymous_7)
FNDA:0,(anonymous_8)
FNDA:0,(anonymous_9)
FNDA:0,(anonymous_10)
FNDA:0,(anonymous_11)
FNDA:0,(anonymous_12)
FNDA:0,(anonymous_13)
DA:1,2
DA:2,0
DA:3,0
DA:4,0
DA:5,0
DA:6,0
DA:8,0
DA:10,0
DA:24,2
DA:26,0
DA:27,0
DA:28,0
DA:29,0
DA:30,0
DA:31,0
DA:32,0
DA:38,0
DA:49,0
DA:56,0
DA:66,0
DA:67,0
DA:69,0
DA:70,0
DA:74,0
DA:76,0
DA:83,0
DA:84,0
DA:85,0
DA:86,0
DA:91,0
DA:96,0
LF:31
LH:2
BRDA:1,0,0,2
BRDA:1,0,1,0
BRDA:1,0,2,2
BRDA:2,1,0,0
BRDA:2,1,1,0
BRDA:5,2,0,0
BRDA:5,2,1,0
BRDA:27,3,0,0
BRDA:27,3,1,0
BRDA:27,4,0,0
BRDA:27,4,1,0
BRDA:27,5,0,0
BRDA:27,5,1,0
BRDA:27,6,0,0
BRDA:27,6,1,0
BRDA:27,7,0,0
BRDA:27,7,1,0
BRDA:27,8,0,0
BRDA:27,8,1,0
BRDA:27,9,0,0
BRDA:27,9,1,0
BRDA:27,10,0,0
BRDA:27,10,1,0
BRDA:27,11,0,0
BRDA:27,11,1,0
BRDA:27,12,0,0
BRDA:27,12,1,0
BRDA:28,13,0,0
BRDA:28,13,1,0
BRDA:30,14,0,0
BRDA:30,14,1,0
BRDA:56,15,0,0
BRDA:56,15,1,0
BRDA:58,16,0,0
BRDA:58,16,1,0
BRDA:60,17,0,0
BRDA:60,17,1,0
BRDA:63,18,0,0
BRDA:63,18,1,0
BRDA:65,19,0,0
BRDA:65,19,1,0
BRDA:65,20,0,0
BRDA:65,20,1,0
BRDA:65,20,2,0
BRDA:65,21,0,0
BRDA:65,21,1,0
BRDA:65,22,0,0
BRDA:65,22,1,0
BRDA:65,23,0,0
BRDA:65,23,1,0
BRDA:67,24,0,0
BRDA:67,24,1,0
BRDA:67,25,0,0
BRDA:67,25,1,0
BRDA:75,26,0,0
BRDA:75,26,1,0
BRDA:75,27,0,0
BRDA:75,27,1,0
BRDA:75,28,0,0
BRDA:75,28,1,0
BRDA:80,29,0,0
BRDA:80,29,1,0
BRDA:83,30,0,0
BRDA:83,30,1,0
BRDA:83,31,0,0
BRDA:83,31,1,0
BRDA:83,32,0,0
BRDA:83,32,1,0
BRDA:83,33,0,0
BRDA:83,33,1,0
BRDA:84,34,0,0
BRDA:84,34,1,0
BRDA:85,35,0,0
BRDA:85,35,1,0
BRDA:85,36,0,0
BRDA:85,36,1,0
BRDA:90,37,0,0
BRDA:90,37,1,0
BRDA:90,38,0,0
BRDA:90,38,1,0
BRF:80
BRH:2
end_of_record
TN:
SF:lib\Tools\DefaultTools.js
FNF:0
FNH:0
DA:5,2
LF:1
LH:1
BRF:0
BRH:0
end_of_record
TN:
SF:lib\Tools\DrawTool.js
FN:1,(anonymous_0)
FN:2,(anonymous_1)
FN:12,(anonymous_2)
FN:25,(anonymous_3)
FN:31,(anonymous_4)
FN:34,(anonymous_5)
FN:40,(anonymous_6)
FN:42,(anonymous_7)
FNF:8
FNH:4
FNDA:0,(anonymous_0)
FNDA:0,(anonymous_1)
FNDA:6,(anonymous_2)
FNDA:70,(anonymous_3)
FNDA:210,(anonymous_4)
FNDA:0,(anonymous_5)
FNDA:52,(anonymous_6)
FNDA:0,(anonymous_7)
DA:1,2
DA:2,0
DA:3,0
DA:4,0
DA:5,0
DA:6,0
DA:8,0
DA:10,0
DA:12,2
DA:13,6
DA:14,0
DA:15,0
DA:16,0
DA:19,6
DA:25,2
DA:27,70
DA:28,70
DA:29,70
DA:30,70
DA:31,210
DA:32,70
DA:33,70
DA:34,70
DA:35,0
DA:38,70
DA:39,70
DA:40,70
DA:41,52
DA:43,0
DA:51,70
LF:30
LH:18
BRDA:1,0,0,2
BRDA:1,0,1,0
BRDA:1,0,2,2
BRDA:2,1,0,0
BRDA:2,1,1,0
BRDA:5,2,0,0
BRDA:5,2,1,0
BRDA:12,3,0,2
BRDA:12,3,1,0
BRDA:12,3,2,2
BRDA:13,4,0,3
BRDA:13,4,1,3
BRDA:13,5,0,6
BRDA:13,5,1,3
BRDA:14,6,0,0
BRDA:14,6,1,0
BRDA:14,7,0,0
BRDA:14,7,1,0
BRDA:15,8,0,0
BRDA:15,8,1,0
BRDA:19,9,0,6
BRDA:19,9,1,6
BRDA:30,10,0,70
BRDA:30,10,1,0
BRDA:30,10,2,70
BRDA:32,11,0,70
BRDA:32,11,1,0
BRDA:32,12,0,70
BRDA:32,12,1,70
BRDA:34,13,0,70
BRDA:34,13,1,0
BRDA:34,14,0,70
BRDA:34,14,1,70
BRDA:34,15,0,70
BRDA:34,15,1,0
BRDA:34,16,0,70
BRDA:34,16,1,70
BRDA:38,17,0,64
BRDA:38,17,1,6
BRDA:38,18,0,70
BRDA:38,18,1,70
BRDA:38,19,0,0
BRDA:38,19,1,70
BRDA:38,20,0,70
BRDA:38,20,1,70
BRDA:38,21,0,0
BRDA:38,21,1,70
BRDA:38,22,0,70
BRDA:38,22,1,70
BRDA:41,23,0,3
BRDA:41,23,1,49
BRDA:43,24,0,0
BRDA:43,24,1,0
BRDA:43,25,0,0
BRDA:43,25,1,0
BRDA:46,26,0,3
BRDA:46,26,1,0
BRDA:46,27,0,3
BRDA:46,27,1,3
BRDA:46,28,0,0
BRDA:46,28,1,3
BRDA:46,29,0,3
BRDA:46,29,1,3
BRDA:47,30,0,0
BRDA:47,30,1,3
BRDA:51,31,0,70
BRDA:51,31,1,0
BRDA:51,31,2,0
BRDA:51,31,3,0
BRDA:51,31,4,70
BRF:70
BRH:42
end_of_record
TN:
SF:lib\Tools\HLine.js
FN:5,(anonymous_0)
FNF:1
FNH:0
FNDA:0,(anonymous_0)
DA:5,2
DA:6,0
DA:7,0
DA:8,0
DA:9,0
DA:10,0
DA:11,0
DA:12,0
DA:13,0
DA:18,0
DA:19,0
DA:20,0
DA:21,0
DA:22,0
DA:23,0
DA:24,0
DA:27,0
DA:31,0
DA:33,2
DA:34,2
LF:20
LH:3
BRDA:10,0,0,0
BRDA:10,0,1,0
BRDA:10,1,0,0
BRDA:10,1,1,0
BRDA:11,2,0,0
BRDA:11,2,1,0
BRDA:11,3,0,0
BRDA:11,3,1,0
BRDA:11,3,2,0
BRDA:11,3,3,0
BRDA:13,4,0,0
BRDA:13,4,1,0
BRDA:15,5,0,0
BRDA:15,5,1,0
BRDA:15,6,0,0
BRDA:15,6,1,0
BRDA:15,7,0,0
BRDA:15,7,1,0
BRDA:18,8,0,0
BRDA:18,8,1,0
BRDA:20,9,0,0
BRDA:20,9,1,0
BRDA:20,10,0,0
BRDA:20,10,1,0
BRDA:20,11,0,0
BRDA:20,11,1,0
BRDA:20,12,0,0
BRDA:20,12,1,0
BRDA:20,13,0,0
BRDA:20,13,1,0
BRDA:20,14,0,0
BRDA:20,14,1,0
BRDA:22,15,0,0
BRDA:22,15,1,0
BRDA:22,16,0,0
BRDA:22,16,1,0
BRDA:22,17,0,0
BRDA:22,17,1,0
BRDA:23,18,0,0
BRDA:23,18,1,0
BRDA:23,19,0,0
BRDA:23,19,1,0
BRDA:23,20,0,0
BRDA:23,20,1,0
BRDA:24,21,0,0
BRDA:24,21,1,0
BRDA:24,22,0,0
BRDA:24,22,1,0
BRDA:24,23,0,0
BRDA:24,23,1,0
BRDA:28,24,0,0
BRDA:28,24,1,0
BRDA:29,25,0,0
BRDA:29,25,1,0
BRF:54
BRH:0
end_of_record
TN:
SF:lib\Tools\Trendline.js
FN:1,(anonymous_0)
FN:15,(anonymous_1)
FN:22,(anonymous_2)
FN:24,(anonymous_3)
FNF:4
FNH:0
FNDA:0,(anonymous_0)
FNDA:0,(anonymous_1)
FNDA:0,(anonymous_2)
FNDA:0,(anonymous_3)
DA:1,2
DA:2,0
DA:3,0
DA:4,0
DA:5,0
DA:8,0
DA:15,2
DA:16,0
DA:18,0
DA:19,0
DA:20,0
DA:21,0
DA:22,0
DA:23,0
DA:24,0
DA:28,0
DA:29,0
DA:30,0
DA:31,0
DA:32,0
DA:33,0
DA:34,0
DA:35,0
DA:36,0
DA:37,0
DA:38,0
DA:39,0
DA:40,0
DA:41,0
DA:42,0
DA:43,0
DA:44,0
DA:45,0
DA:46,0
DA:47,0
DA:48,0
DA:51,0
DA:53,2
DA:54,2
LF:39
LH:4
BRDA:1,0,0,2
BRDA:1,0,1,0
BRDA:1,0,2,2
BRDA:2,1,0,0
BRDA:2,1,1,0
BRDA:2,2,0,0
BRDA:2,2,1,0
BRDA:3,3,0,0
BRDA:3,3,1,0
BRDA:3,4,0,0
BRDA:3,4,1,0
BRDA:4,5,0,0
BRDA:4,5,1,0
BRDA:8,6,0,0
BRDA:8,6,1,0
BRDA:19,7,0,0
BRDA:19,7,1,0
BRDA:19,8,0,0
BRDA:19,8,1,0
BRDA:19,8,2,0
BRDA:19,8,3,0
BRDA:19,9,0,0
BRDA:19,9,1,0
BRDA:19,10,0,0
BRDA:19,10,1,0
BRDA:23,11,0,0
BRDA:23,11,1,0
BRDA:25,12,0,0
BRDA:25,12,1,0
BRDA:25,13,0,0
BRDA:25,13,1,0
BRDA:25,14,0,0
BRDA:25,14,1,0
BRDA:28,15,0,0
BRDA:28,15,1,0
BRDA:28,16,0,0
BRDA:28,16,1,0
BRDA:30,17,0,0
BRDA:30,17,1,0
BRDA:30,18,0,0
BRDA:30,18,1,0
BRDA:30,19,0,0
BRDA:30,19,1,0
BRDA:31,20,0,0
BRDA:31,20,1,0
BRDA:31,21,0,0
BRDA:31,21,1,0
BRDA:31,22,0,0
BRDA:31,22,1,0
BRDA:32,23,0,0
BRDA:32,23,1,0
BRDA:32,24,0,0
BRDA:32,24,1,0
BRDA:32,25,0,0
BRDA:32,25,1,0
BRDA:33,26,0,0
BRDA:33,26,1,0
BRDA:35,27,0,0
BRDA:35,27,1,0
BRDA:35,28,0,0
BRDA:35,28,1,0
BRDA:35,28,2,0
BRDA:39,29,0,0
BRDA:39,29,1,0
BRDA:44,30,0,0
BRDA:44,30,1,0
BRDA:45,31,0,0
BRDA:45,31,1,0
BRF:68
BRH:2
end_of_record
TN:
SF:lib\Tools\VLine.js
FN:5,(anonymous_0)
FNF:1
FNH:0
FNDA:0,(anonymous_0)
DA:5,2
DA:7,0
DA:8,0
DA:9,0
DA:10,0
DA:11,0
DA:12,0
DA:17,0
DA:18,0
DA:19,0
DA:20,0
DA:21,0
DA:24,0
DA:26,0
DA:30,0
DA:32,2
DA:33,2
LF:17
LH:3
BRDA:9,0,0,0
BRDA:9,0,1,0
BRDA:9,1,0,0
BRDA:9,1,1,0
BRDA:10,2,0,0
BRDA:10,2,1,0
BRDA:10,3,0,0
BRDA:10,3,1,0
BRDA:10,3,2,0
BRDA:10,3,3,0
BRDA:12,4,0,0
BRDA:12,4,1,0
BRDA:14,5,0,0
BRDA:14,5,1,0
BRDA:14,6,0,0
BRDA:14,6,1,0
BRDA:14,7,0,0
BRDA:14,7,1,0
BRDA:17,8,0,0
BRDA:17,8,1,0
BRDA:19,9,0,0
BRDA:19,9,1,0
BRDA:19,10,0,0
BRDA:19,10,1,0
BRDA:19,11,0,0
BRDA:19,11,1,0
BRDA:20,12,0,0
BRDA:20,12,1,0
BRDA:20,13,0,0
BRDA:20,13,1,0
BRDA:20,14,0,0
BRDA:20,14,1,0
BRDA:21,15,0,0
BRDA:21,15,1,0
BRDA:21,16,0,0
BRDA:21,16,1,0
BRDA:21,17,0,0
BRDA:21,17,1,0
BRDA:24,18,0,0
BRDA:24,18,1,0
BRDA:24,19,0,0
BRDA:24,19,1,0
BRDA:24,20,0,0
BRDA:24,20,1,0
BRDA:24,21,0,0
BRDA:24,21,1,0
BRDA:27,22,0,0
BRDA:27,22,1,0
BRDA:28,23,0,0
BRDA:28,23,1,0
BRF:50
BRH:0
end_of_record
TN:
SF:lib\Types\Reducer.js
FN:1,(anonymous_0)
FN:4,(anonymous_1)
FN:7,(anonymous_2)
FN:10,(anonymous_3)
FN:13,(anonymous_4)
FN:16,(anonymous_5)
FN:19,(anonymous_6)
FN:22,(anonymous_7)
FN:25,(anonymous_8)
FN:28,(anonymous_9)
FN:31,(anonymous_10)
FN:34,(anonymous_11)
FN:37,(anonymous_12)
FN:40,(anonymous_13)
FN:43,(anonymous_14)
FN:46,(anonymous_15)
FN:49,(anonymous_16)
FN:52,(anonymous_17)
FN:55,(anonymous_18)
FNF:19
FNH:16
FNDA:127,(anonymous_0)
FNDA:83,(anonymous_1)
FNDA:83,(anonymous_2)
FNDA:87,(anonymous_3)
FNDA:85,(anonymous_4)
FNDA:75,(anonymous_5)
FNDA:86,(anonymous_6)
FNDA:84,(anonymous_7)
FNDA:75,(anonymous_8)
FNDA:75,(anonymous_9)
FNDA:108,(anonymous_10)
FNDA:76,(anonymous_11)
FNDA:106,(anonymous_12)
FNDA:107,(anonymous_13)
FNDA:107,(anonymous_14)
FNDA:108,(anonymous_15)
FNDA:0,(anonymous_16)
FNDA:0,(anonymous_17)
FNDA:0,(anonymous_18)
DA:1,2
DA:2,127
DA:4,2
DA:5,83
DA:7,2
DA:8,83
DA:10,2
DA:11,87
DA:13,2
DA:14,85
DA:16,2
DA:17,75
DA:19,2
DA:20,86
DA:22,2
DA:23,84
DA:25,2
DA:26,75
DA:28,2
DA:29,75
DA:31,2
DA:32,108
DA:34,2
DA:35,76
DA:37,2
DA:38,106
DA:40,2
DA:41,107
DA:43,2
DA:44,107
DA:46,2
DA:47,108
DA:49,2
DA:50,0
DA:52,2
DA:53,0
DA:55,2
DA:56,0
LF:38
LH:35
BRF:0
BRH:0
end_of_record
TN:
SF:lib\Types\index.js
FNF:0
FNH:0
LF:0
LH:0
BRF:0
BRH:0
end_of_record
TN:
SF:lib\Types\chartstate\subcharts.js
FN:1,(anonymous_0)
FN:6,(anonymous_1)
FNF:2
FNH:2
FNDA:870,(anonymous_0)
FNDA:149,(anonymous_1)
DA:1,2
DA:2,870
DA:3,636
DA:4,234
DA:6,2
DA:7,149
DA:8,149
DA:9,0
LF:8
LH:7
BRDA:2,0,0,636
BRDA:2,0,1,234
BRDA:7,1,0,149
BRDA:7,1,1,0
BRF:4
BRH:3
end_of_record
TN:
SF:lib\Types\utils\dataseries.js
FN:2,(anonymous_0)
FN:7,(anonymous_1)
FN:12,(anonymous_2)
FN:17,(anonymous_3)
FN:27,(anonymous_4)
FN:30,(anonymous_5)
FN:33,(anonymous_6)
FN:38,(anonymous_7)
FN:42,(anonymous_8)
FNF:9
FNH:6
FNDA:169059,(anonymous_0)
FNDA:0,(anonymous_1)
FNDA:18919,(anonymous_2)
FNDA:3300,(anonymous_3)
FNDA:188,(anonymous_4)
FNDA:8532,(anonymous_5)
FNDA:25899,(anonymous_6)
FNDA:0,(anonymous_7)
FNDA:0,(anonymous_8)
DA:2,2
DA:3,169059
DA:4,165209
DA:5,3850
DA:7,2
DA:8,0
DA:9,0
DA:10,0
DA:12,2
DA:13,18919
DA:14,14356
DA:15,4563
DA:17,2
DA:18,3300
DA:27,2
DA:28,188
DA:30,2
DA:31,8532
DA:33,2
DA:34,25899
DA:35,25899
DA:36,0
DA:38,2
DA:39,0
DA:40,0
DA:42,2
DA:43,0
DA:44,0
DA:45,0
DA:46,0
LF:30
LH:20
BRDA:3,0,0,165209
BRDA:3,0,1,3850
BRDA:8,1,0,0
BRDA:8,1,1,0
BRDA:13,2,0,14356
BRDA:13,2,1,4563
BRDA:18,3,0,0
BRDA:18,3,1,3300
BRDA:18,4,0,0
BRDA:18,4,1,3300
BRDA:18,5,0,3300
BRDA:18,5,1,3300
BRDA:20,6,0,3300
BRDA:20,6,1,0
BRDA:20,7,0,3300
BRDA:20,7,1,3300
BRDA:20,7,2,3300
BRDA:20,7,3,3300
BRDA:28,8,0,0
BRDA:28,8,1,188
BRDA:28,9,0,0
BRDA:28,9,1,188
BRDA:28,10,0,188
BRDA:28,10,1,188
BRDA:28,11,0,188
BRDA:28,11,1,0
BRDA:31,12,0,0
BRDA:31,12,1,8532
BRDA:31,13,0,0
BRDA:31,13,1,8532
BRDA:31,14,0,8532
BRDA:31,14,1,8532
BRDA:31,15,0,8344
BRDA:31,15,1,188
BRDA:34,16,0,25899
BRDA:34,16,1,0
BRDA:34,17,0,25899
BRDA:34,17,1,25899
BRDA:34,17,2,25899
BRDA:34,17,3,25899
BRDA:40,18,0,0
BRDA:40,18,1,0
BRDA:43,19,0,0
BRDA:43,19,1,0
BRDA:46,20,0,0
BRDA:46,20,1,0
BRF:46
BRH:29
end_of_record
TN:
SF:lib\utils\Basics.js
FN:4,(anonymous_0)
FN:13,(anonymous_1)
FN:20,(anonymous_2)
FN:26,(anonymous_3)
FNF:4
FNH:2
FNDA:176433,(anonymous_0)
FNDA:15411,(anonymous_1)
FNDA:0,(anonymous_2)
FNDA:0,(anonymous_3)
DA:4,2
DA:5,176433
DA:6,3619
DA:7,172814
DA:8,171521
DA:9,0
DA:10,172814
DA:13,2
DA:14,15411
DA:15,483
DA:16,14928
DA:20,2
DA:21,0
DA:22,0
DA:23,0
DA:25,0
DA:26,0
DA:27,0
DA:28,0
DA:30,0
LF:20
LH:11
BRDA:5,0,0,3619
BRDA:5,0,1,172814
BRDA:5,1,0,176433
BRDA:5,1,1,176184
BRDA:7,2,0,171521
BRDA:7,2,1,1293
BRDA:8,3,0,0
BRDA:8,3,1,171521
BRDA:14,4,0,483
BRDA:14,4,1,14928
BRDA:16,5,0,14928
BRDA:16,5,1,0
BRDA:27,6,0,0
BRDA:27,6,1,0
BRF:14
BRH:10
end_of_record
TN:
SF:lib\utils\Color.js
FN:145,(anonymous_0)
FN:150,(anonymous_1)
FN:155,(anonymous_2)
FN:160,(anonymous_3)
FNF:4
FNH:0
FNDA:0,(anonymous_0)
FNDA:0,(anonymous_1)
FNDA:0,(anonymous_2)
FNDA:0,(anonymous_3)
DA:1,2
DA:145,2
DA:146,0
DA:147,0
DA:148,0
DA:150,2
DA:151,0
DA:152,0
DA:153,0
DA:155,2
DA:156,0
DA:157,0
DA:159,0
DA:160,0
DA:161,0
DA:163,0
DA:164,0
LF:17
LH:4
BRDA:146,0,0,0
BRDA:146,0,1,0
BRDA:151,1,0,0
BRDA:151,1,1,0
BRDA:156,2,0,0
BRDA:156,2,1,0
BRDA:164,3,0,0
BRDA:164,3,1,0
BRF:8
BRH:0
end_of_record
TN:
SF:lib\utils\React.js
FN:1,(anonymous_0)
FN:2,(anonymous_1)
FN:12,(anonymous_2)
FN:23,(anonymous_3)
FN:36,(anonymous_4)
FN:44,(anonymous_5)
FN:98,(anonymous_6)
FN:102,(anonymous_7)
FN:106,(anonymous_8)
FN:108,(anonymous_9)
FN:113,(anonymous_10)
FN:126,mergeRefs
FN:127,(anonymous_12)
FN:128,(anonymous_13)
FN:139,(anonymous_14)
FN:144,(anonymous_15)
FN:147,(anonymous_16)
FN:164,(anonymous_17)
FN:183,(anonymous_18)
FN:196,(anonymous_19)
FNF:20
FNH:9
FNDA:2,(anonymous_0)
FNDA:0,(anonymous_1)
FNDA:0,(anonymous_2)
FNDA:28,(anonymous_3)
FNDA:50,(anonymous_4)
FNDA:155,(anonymous_5)
FNDA:49,(anonymous_6)
FNDA:0,(anonymous_7)
FNDA:1,(anonymous_8)
FNDA:5,(anonymous_9)
FNDA:11,(anonymous_10)
FNDA:19,mergeRefs
FNDA:0,(anonymous_12)
FNDA:0,(anonymous_13)
FNDA:0,(anonymous_14)
FNDA:0,(anonymous_15)
FNDA:0,(anonymous_16)
FNDA:0,(anonymous_17)
FNDA:0,(anonymous_18)
FNDA:0,(anonymous_19)
DA:1,2
DA:2,2
DA:3,0
DA:4,0
DA:5,0
DA:6,0
DA:8,0
DA:10,2
DA:12,2
DA:13,0
DA:14,0
DA:15,0
DA:16,0
DA:17,0
DA:18,0
DA:19,0
DA:21,0
DA:23,2
DA:24,28
DA:25,47
DA:26,0
DA:27,0
DA:30,28
DA:36,2
DA:37,50
DA:38,0
DA:40,50
DA:41,50
DA:42,50
DA:43,50
DA:44,50
DA:45,155
DA:46,0
DA:47,0
DA:49,155
DA:50,105
DA:52,0
DA:53,0
DA:55,105
DA:56,23
DA:60,82
DA:62,105
DA:63,1
DA:64,1
DA:65,1
DA:67,0
DA:68,0
DA:69,0
DA:73,104
DA:74,105
DA:77,50
DA:78,49
DA:79,0
DA:80,0
DA:82,49
DA:83,0
DA:85,49
DA:92,0
DA:93,0
DA:95,50
DA:98,2
DA:99,49
DA:102,2
DA:103,0
DA:106,2
DA:108,2
DA:109,5
DA:110,0
DA:111,5
DA:112,5
DA:113,5
DA:114,11
DA:115,0
DA:117,11
DA:119,5
DA:122,0
DA:127,19
DA:128,0
DA:129,0
DA:130,0
DA:132,0
DA:133,0
DA:139,2
DA:140,0
DA:141,0
DA:144,0
DA:146,0
DA:148,0
DA:165,0
DA:166,0
DA:181,0
DA:183,0
DA:184,0
DA:185,0
DA:186,0
DA:187,0
DA:188,0
DA:196,0
DA:197,0
DA:199,0
LF:100
LH:46
BRDA:1,0,0,2
BRDA:1,0,1,0
BRDA:1,0,2,2
BRDA:2,1,0,2
BRDA:2,1,1,0
BRDA:5,2,0,0
BRDA:5,2,1,0
BRDA:12,3,0,2
BRDA:12,3,1,0
BRDA:12,3,2,2
BRDA:14,4,0,0
BRDA:14,4,1,0
BRDA:14,5,0,0
BRDA:14,5,1,0
BRDA:16,6,0,0
BRDA:16,6,1,0
BRDA:16,7,0,0
BRDA:16,7,1,0
BRDA:18,8,0,0
BRDA:18,8,1,0
BRDA:18,9,0,0
BRDA:18,9,1,0
BRDA:23,10,0,2
BRDA:23,10,1,0
BRDA:23,10,2,2
BRDA:24,11,0,28
BRDA:24,11,1,0
BRDA:24,12,0,28
BRDA:24,12,1,0
BRDA:25,13,0,0
BRDA:25,13,1,47
BRDA:25,14,0,47
BRDA:25,14,1,47
BRDA:26,15,0,0
BRDA:26,15,1,0
BRDA:30,16,0,28
BRDA:30,16,1,28
BRDA:37,17,0,0
BRDA:37,17,1,50
BRDA:40,18,0,1
BRDA:40,18,1,49
BRDA:45,19,0,0
BRDA:45,19,1,155
BRDA:45,20,0,155
BRDA:45,20,1,155
BRDA:45,20,2,129
BRDA:49,21,0,105
BRDA:49,21,1,50
BRDA:50,22,0,0
BRDA:50,22,1,105
BRDA:50,23,0,105
BRDA:50,23,1,23
BRDA:50,23,2,105
BRDA:50,23,3,82
BRDA:55,24,0,23
BRDA:55,24,1,82
BRDA:55,25,0,105
BRDA:55,25,1,23
BRDA:56,26,0,0
BRDA:56,26,1,23
BRDA:60,27,0,25
BRDA:60,27,1,57
BRDA:62,28,0,1
BRDA:62,28,1,104
BRDA:62,29,0,105
BRDA:62,29,1,5
BRDA:64,30,0,1
BRDA:64,30,1,0
BRDA:64,31,0,1
BRDA:64,31,1,1
BRDA:67,32,0,0
BRDA:67,32,1,0
BRDA:67,33,0,0
BRDA:67,33,1,0
BRDA:68,34,0,0
BRDA:68,34,1,0
BRDA:77,35,0,49
BRDA:77,35,1,1
BRDA:78,36,0,0
BRDA:78,36,1,49
BRDA:78,37,0,49
BRDA:78,37,1,0
BRDA:82,38,0,0
BRDA:82,38,1,49
BRDA:82,39,0,49
BRDA:82,39,1,0
BRDA:109,40,0,0
BRDA:109,40,1,5
BRDA:114,41,0,0
BRDA:114,41,1,11
BRDA:114,42,0,11
BRDA:114,42,1,11
BRDA:114,42,2,11
BRDA:129,43,0,0
BRDA:129,43,1,0
BRDA:132,44,0,0
BRDA:132,44,1,0
BRDA:146,45,0,0
BRDA:146,45,1,0
BRDA:146,46,0,0
BRDA:146,46,1,0
BRDA:146,46,2,0
BRDA:146,46,3,0
BRDA:152,47,0,0
BRDA:152,47,1,0
BRDA:155,48,0,0
BRDA:155,48,1,0
BRDA:155,49,0,0
BRDA:155,49,1,0
BRDA:155,49,2,0
BRDA:155,49,3,0
BRDA:163,50,0,0
BRDA:163,50,1,0
BRDA:163,51,0,0
BRDA:163,51,1,0
BRDA:163,51,2,0
BRDA:163,51,3,0
BRDA:169,52,0,0
BRDA:169,52,1,0
BRDA:169,53,0,0
BRDA:169,53,1,0
BRDA:170,54,0,0
BRDA:170,54,1,0
BRDA:173,55,0,0
BRDA:173,55,1,0
BRDA:173,56,0,0
BRDA:173,56,1,0
BRDA:173,56,2,0
BRDA:173,56,3,0
BRF:129
BRH:53
end_of_record
TN:
SF:lib\utils\index.js
FNF:0
FNH:0
LF:0
LH:0
BRF:0
BRH:0
end_of_record
TN:
SF:test\utils\mocks.js
FN:3,(anonymous_0)
FN:5,(anonymous_1)
FN:16,(anonymous_2)
FNF:3
FNH:3
FNDA:5,(anonymous_0)
FNDA:30,(anonymous_1)
FNDA:20,(anonymous_2)
DA:1,2
DA:4,5
DA:5,5
DA:6,30
DA:7,0
DA:8,0
DA:14,2
DA:16,20
LF:8
LH:6
BRDA:6,0,0,0
BRDA:6,0,1,30
BRF:2
BRH:1
end_of_record
TN:
SF:test\utils\testData.js
FN:1806,(anonymous_0)
FN:1910,(anonymous_1)
FNF:2
FNH:2
FNDA:450,(anonymous_0)
FNDA:24,(anonymous_1)
DA:1,2
DA:1806,450
DA:1809,2
DA:1910,24
DA:1913,2
LF:5
LH:5
BRF:0
BRH:0
end_of_record
TN:
SF:test\utils\wrapper.js
FN:18,(anonymous_0)
FN:24,(anonymous_1)
FN:63,(anonymous_2)
FN:65,(anonymous_3)
FN:69,(anonymous_4)
FNF:5
FNH:3
FNDA:0,(anonymous_0)
FNDA:2,(anonymous_1)
FNDA:127,(anonymous_2)
FNDA:0,(anonymous_3)
FNDA:19,(anonymous_4)
DA:7,2
DA:8,2
DA:9,2
DA:12,2
DA:13,2
DA:14,2
DA:15,2
DA:18,0
DA:20,2
DA:21,2
DA:22,2
DA:24,2
DA:28,2
DA:31,2
DA:33,2
DA:63,2
DA:64,127
DA:66,0
DA:69,127
DA:70,127
DA:71,127
DA:72,127
DA:80,127
DA:82,127
LF:24
LH:22
BRDA:69,0,0,19
BRDA:69,0,1,12
BRDA:73,1,0,127
BRDA:73,1,1,116
BRDA:75,2,0,127
BRDA:75,2,1,36
BRDA:76,3,0,127
BRDA:76,3,1,36
BRF:8
BRH:8
end_of_record
